[2021-10-29 18:26:50,895] {processor.py:163} INFO - Started process (PID=44) to work on /opt/airflow/dags/example_bash.py
[2021-10-29 18:26:50,897] {processor.py:620} INFO - Processing file /opt/airflow/dags/example_bash.py for tasks to queue
[2021-10-29 18:26:50,897] {logging_mixin.py:109} INFO - [2021-10-29 18:26:50,897] {dagbag.py:500} INFO - Filling up the DagBag from /opt/airflow/dags/example_bash.py
[2021-10-29 18:26:50,956] {processor.py:632} INFO - DAG(s) dict_keys(['airflow_slack_example']) retrieved from /opt/airflow/dags/example_bash.py
[2021-10-29 18:26:54,550] {logging_mixin.py:109} INFO - [2021-10-29 18:26:54,550] {providers_manager.py:156} WARNING - Exception when importing 'airflow.providers.google.leveldb.hooks.leveldb.LevelDBHook' from 'apache-airflow-providers-google' package: No module named 'plyvel'
[2021-10-29 18:26:55,586] {logging_mixin.py:109} INFO - [2021-10-29 18:26:55,586] {providers_manager.py:156} WARNING - Exception when importing 'airflow.providers.google.leveldb.hooks.leveldb.LevelDBHook' from 'apache-airflow-providers-google' package: No module named 'plyvel'
[2021-10-29 18:26:55,602] {logging_mixin.py:109} INFO - [2021-10-29 18:26:55,602] {manager.py:496} INFO - Created Permission View: can read on DAG:airflow_slack_example
[2021-10-29 18:26:55,609] {logging_mixin.py:109} INFO - [2021-10-29 18:26:55,609] {manager.py:496} INFO - Created Permission View: can edit on DAG:airflow_slack_example
[2021-10-29 18:26:55,610] {logging_mixin.py:109} INFO - [2021-10-29 18:26:55,609] {dag.py:2389} INFO - Sync 1 DAGs
[2021-10-29 18:26:55,618] {logging_mixin.py:109} INFO - [2021-10-29 18:26:55,617] {dag.py:2408} INFO - Creating ORM DAG for airflow_slack_example
[2021-10-29 18:26:55,625] {logging_mixin.py:109} INFO - [2021-10-29 18:26:55,625] {dag.py:2914} INFO - Setting next_dagrun for airflow_slack_example to 2018-06-04T00:00:00+00:00
[2021-10-29 18:26:55,632] {processor.py:171} INFO - Processing /opt/airflow/dags/example_bash.py took 4.740 seconds
[2021-10-29 18:27:25,713] {processor.py:163} INFO - Started process (PID=79) to work on /opt/airflow/dags/example_bash.py
[2021-10-29 18:27:25,715] {processor.py:620} INFO - Processing file /opt/airflow/dags/example_bash.py for tasks to queue
[2021-10-29 18:27:25,716] {logging_mixin.py:109} INFO - [2021-10-29 18:27:25,716] {dagbag.py:500} INFO - Filling up the DagBag from /opt/airflow/dags/example_bash.py
[2021-10-29 18:27:25,744] {processor.py:632} INFO - DAG(s) dict_keys(['airflow_slack_example']) retrieved from /opt/airflow/dags/example_bash.py
[2021-10-29 18:27:25,757] {logging_mixin.py:109} INFO - [2021-10-29 18:27:25,757] {dag.py:2389} INFO - Sync 1 DAGs
[2021-10-29 18:27:25,784] {logging_mixin.py:109} INFO - [2021-10-29 18:27:25,784] {dag.py:2914} INFO - Setting next_dagrun for airflow_slack_example to 2018-06-04T00:52:00+00:00
[2021-10-29 18:27:25,792] {processor.py:171} INFO - Processing /opt/airflow/dags/example_bash.py took 0.081 seconds
[2021-10-29 18:27:42,795] {processor.py:163} INFO - Started process (PID=100) to work on /opt/airflow/dags/example_bash.py
[2021-10-29 18:27:42,798] {processor.py:620} INFO - Processing file /opt/airflow/dags/example_bash.py for tasks to queue
[2021-10-29 18:27:42,799] {logging_mixin.py:109} INFO - [2021-10-29 18:27:42,799] {dagbag.py:500} INFO - Filling up the DagBag from /opt/airflow/dags/example_bash.py
[2021-10-29 18:27:42,829] {processor.py:632} INFO - DAG(s) dict_keys(['airflow_slack_example']) retrieved from /opt/airflow/dags/example_bash.py
[2021-10-29 18:27:43,014] {logging_mixin.py:109} INFO - [2021-10-29 18:27:43,014] {dag.py:2389} INFO - Sync 1 DAGs
[2021-10-29 18:27:43,026] {logging_mixin.py:109} INFO - [2021-10-29 18:27:43,026] {dag.py:2914} INFO - Setting next_dagrun for airflow_slack_example to 2018-06-04T01:38:00+00:00
[2021-10-29 18:27:43,034] {processor.py:171} INFO - Processing /opt/airflow/dags/example_bash.py took 0.246 seconds
[2021-10-29 18:27:44,845] {processor.py:163} INFO - Started process (PID=101) to work on /opt/airflow/dags/example_bash.py
[2021-10-29 18:27:44,846] {processor.py:620} INFO - Processing file /opt/airflow/dags/example_bash.py for tasks to queue
[2021-10-29 18:27:44,847] {logging_mixin.py:109} INFO - [2021-10-29 18:27:44,847] {dagbag.py:500} INFO - Filling up the DagBag from /opt/airflow/dags/example_bash.py
[2021-10-29 18:27:44,882] {processor.py:632} INFO - DAG(s) dict_keys(['airflow_slack_example']) retrieved from /opt/airflow/dags/example_bash.py
[2021-10-29 18:27:44,886] {logging_mixin.py:109} INFO - [2021-10-29 18:27:44,885] {dag.py:2389} INFO - Sync 1 DAGs
[2021-10-29 18:27:44,902] {logging_mixin.py:109} INFO - [2021-10-29 18:27:44,902] {dag.py:2914} INFO - Setting next_dagrun for airflow_slack_example to 2018-06-04T01:38:00+00:00
[2021-10-29 18:27:44,910] {processor.py:171} INFO - Processing /opt/airflow/dags/example_bash.py took 0.070 seconds
[2021-10-29 18:27:47,861] {processor.py:163} INFO - Started process (PID=102) to work on /opt/airflow/dags/example_bash.py
[2021-10-29 18:27:47,862] {processor.py:620} INFO - Processing file /opt/airflow/dags/example_bash.py for tasks to queue
[2021-10-29 18:27:47,863] {logging_mixin.py:109} INFO - [2021-10-29 18:27:47,863] {dagbag.py:500} INFO - Filling up the DagBag from /opt/airflow/dags/example_bash.py
[2021-10-29 18:27:47,886] {processor.py:632} INFO - DAG(s) dict_keys(['airflow_slack_example']) retrieved from /opt/airflow/dags/example_bash.py
[2021-10-29 18:27:47,890] {logging_mixin.py:109} INFO - [2021-10-29 18:27:47,890] {dag.py:2389} INFO - Sync 1 DAGs
[2021-10-29 18:27:47,907] {logging_mixin.py:109} INFO - [2021-10-29 18:27:47,907] {dag.py:2914} INFO - Setting next_dagrun for airflow_slack_example to 2018-06-04T01:38:00+00:00
[2021-10-29 18:27:47,914] {processor.py:171} INFO - Processing /opt/airflow/dags/example_bash.py took 0.058 seconds
[2021-10-29 18:27:49,935] {processor.py:163} INFO - Started process (PID=103) to work on /opt/airflow/dags/example_bash.py
[2021-10-29 18:27:49,936] {processor.py:620} INFO - Processing file /opt/airflow/dags/example_bash.py for tasks to queue
[2021-10-29 18:27:49,936] {logging_mixin.py:109} INFO - [2021-10-29 18:27:49,936] {dagbag.py:500} INFO - Filling up the DagBag from /opt/airflow/dags/example_bash.py
[2021-10-29 18:27:49,975] {processor.py:632} INFO - DAG(s) dict_keys(['airflow_slack_example']) retrieved from /opt/airflow/dags/example_bash.py
[2021-10-29 18:27:49,982] {logging_mixin.py:109} INFO - [2021-10-29 18:27:49,982] {dag.py:2389} INFO - Sync 1 DAGs
[2021-10-29 18:27:50,011] {logging_mixin.py:109} INFO - [2021-10-29 18:27:50,011] {dag.py:2914} INFO - Setting next_dagrun for airflow_slack_example to 2018-06-04T01:38:00+00:00
[2021-10-29 18:27:50,021] {processor.py:171} INFO - Processing /opt/airflow/dags/example_bash.py took 0.090 seconds
[2021-10-29 18:27:51,948] {processor.py:163} INFO - Started process (PID=111) to work on /opt/airflow/dags/example_bash.py
[2021-10-29 18:27:51,949] {processor.py:620} INFO - Processing file /opt/airflow/dags/example_bash.py for tasks to queue
[2021-10-29 18:27:51,949] {logging_mixin.py:109} INFO - [2021-10-29 18:27:51,949] {dagbag.py:500} INFO - Filling up the DagBag from /opt/airflow/dags/example_bash.py
[2021-10-29 18:27:51,971] {processor.py:632} INFO - DAG(s) dict_keys(['airflow_slack_example']) retrieved from /opt/airflow/dags/example_bash.py
[2021-10-29 18:27:51,974] {logging_mixin.py:109} INFO - [2021-10-29 18:27:51,974] {dag.py:2389} INFO - Sync 1 DAGs
[2021-10-29 18:27:51,990] {logging_mixin.py:109} INFO - [2021-10-29 18:27:51,990] {dag.py:2914} INFO - Setting next_dagrun for airflow_slack_example to 2018-06-04T01:38:00+00:00
[2021-10-29 18:27:51,997] {processor.py:171} INFO - Processing /opt/airflow/dags/example_bash.py took 0.051 seconds
[2021-10-29 18:27:55,976] {processor.py:163} INFO - Started process (PID=115) to work on /opt/airflow/dags/example_bash.py
[2021-10-29 18:27:55,979] {processor.py:620} INFO - Processing file /opt/airflow/dags/example_bash.py for tasks to queue
[2021-10-29 18:27:55,981] {logging_mixin.py:109} INFO - [2021-10-29 18:27:55,981] {dagbag.py:500} INFO - Filling up the DagBag from /opt/airflow/dags/example_bash.py
[2021-10-29 18:27:56,017] {processor.py:632} INFO - DAG(s) dict_keys(['airflow_slack_example']) retrieved from /opt/airflow/dags/example_bash.py
[2021-10-29 18:27:56,019] {logging_mixin.py:109} INFO - [2021-10-29 18:27:56,019] {dag.py:2389} INFO - Sync 1 DAGs
[2021-10-29 18:27:56,033] {logging_mixin.py:109} INFO - [2021-10-29 18:27:56,033] {dag.py:2914} INFO - Setting next_dagrun for airflow_slack_example to 2018-06-04T01:38:00+00:00
[2021-10-29 18:27:56,040] {processor.py:171} INFO - Processing /opt/airflow/dags/example_bash.py took 0.073 seconds
[2021-10-29 18:28:01,024] {processor.py:163} INFO - Started process (PID=116) to work on /opt/airflow/dags/example_bash.py
[2021-10-29 18:28:01,025] {processor.py:620} INFO - Processing file /opt/airflow/dags/example_bash.py for tasks to queue
[2021-10-29 18:28:01,025] {logging_mixin.py:109} INFO - [2021-10-29 18:28:01,025] {dagbag.py:500} INFO - Filling up the DagBag from /opt/airflow/dags/example_bash.py
[2021-10-29 18:28:01,045] {processor.py:632} INFO - DAG(s) dict_keys(['airflow_slack_example']) retrieved from /opt/airflow/dags/example_bash.py
[2021-10-29 18:28:01,048] {logging_mixin.py:109} INFO - [2021-10-29 18:28:01,048] {dag.py:2389} INFO - Sync 1 DAGs
[2021-10-29 18:28:01,062] {logging_mixin.py:109} INFO - [2021-10-29 18:28:01,062] {dag.py:2914} INFO - Setting next_dagrun for airflow_slack_example to 2018-06-04T01:38:00+00:00
[2021-10-29 18:28:01,070] {processor.py:171} INFO - Processing /opt/airflow/dags/example_bash.py took 0.049 seconds
[2021-10-29 18:28:21,807] {processor.py:163} INFO - Started process (PID=44) to work on /opt/airflow/dags/example_bash.py
[2021-10-29 18:28:21,810] {processor.py:620} INFO - Processing file /opt/airflow/dags/example_bash.py for tasks to queue
[2021-10-29 18:28:21,811] {logging_mixin.py:109} INFO - [2021-10-29 18:28:21,811] {dagbag.py:500} INFO - Filling up the DagBag from /opt/airflow/dags/example_bash.py
[2021-10-29 18:28:21,862] {processor.py:632} INFO - DAG(s) dict_keys(['airflow_slack_example']) retrieved from /opt/airflow/dags/example_bash.py
[2021-10-29 18:28:22,350] {logging_mixin.py:109} INFO - [2021-10-29 18:28:22,350] {dag.py:2389} INFO - Sync 1 DAGs
[2021-10-29 18:28:22,378] {logging_mixin.py:109} INFO - [2021-10-29 18:28:22,378] {dag.py:2914} INFO - Setting next_dagrun for airflow_slack_example to 2018-06-04T01:38:00+00:00
[2021-10-29 18:28:22,399] {processor.py:171} INFO - Processing /opt/airflow/dags/example_bash.py took 0.608 seconds
[2021-10-29 18:28:52,473] {processor.py:163} INFO - Started process (PID=65) to work on /opt/airflow/dags/example_bash.py
[2021-10-29 18:28:52,473] {processor.py:620} INFO - Processing file /opt/airflow/dags/example_bash.py for tasks to queue
[2021-10-29 18:28:52,474] {logging_mixin.py:109} INFO - [2021-10-29 18:28:52,474] {dagbag.py:500} INFO - Filling up the DagBag from /opt/airflow/dags/example_bash.py
[2021-10-29 18:28:52,493] {processor.py:632} INFO - DAG(s) dict_keys(['airflow_slack_example']) retrieved from /opt/airflow/dags/example_bash.py
[2021-10-29 18:28:52,501] {logging_mixin.py:109} INFO - [2021-10-29 18:28:52,501] {dag.py:2389} INFO - Sync 1 DAGs
[2021-10-29 18:28:52,515] {logging_mixin.py:109} INFO - [2021-10-29 18:28:52,515] {dag.py:2914} INFO - Setting next_dagrun for airflow_slack_example to 2018-06-04T01:38:00+00:00
[2021-10-29 18:28:52,522] {processor.py:171} INFO - Processing /opt/airflow/dags/example_bash.py took 0.051 seconds
[2021-10-29 18:29:22,593] {processor.py:163} INFO - Started process (PID=86) to work on /opt/airflow/dags/example_bash.py
[2021-10-29 18:29:22,595] {processor.py:620} INFO - Processing file /opt/airflow/dags/example_bash.py for tasks to queue
[2021-10-29 18:29:22,595] {logging_mixin.py:109} INFO - [2021-10-29 18:29:22,595] {dagbag.py:500} INFO - Filling up the DagBag from /opt/airflow/dags/example_bash.py
[2021-10-29 18:29:22,626] {processor.py:632} INFO - DAG(s) dict_keys(['airflow_slack_example']) retrieved from /opt/airflow/dags/example_bash.py
[2021-10-29 18:29:22,634] {logging_mixin.py:109} INFO - [2021-10-29 18:29:22,634] {dag.py:2389} INFO - Sync 1 DAGs
[2021-10-29 18:29:22,647] {logging_mixin.py:109} INFO - [2021-10-29 18:29:22,647] {dag.py:2914} INFO - Setting next_dagrun for airflow_slack_example to 2018-06-04T01:38:00+00:00
[2021-10-29 18:29:22,654] {processor.py:171} INFO - Processing /opt/airflow/dags/example_bash.py took 0.065 seconds
[2021-10-29 18:29:52,695] {processor.py:163} INFO - Started process (PID=117) to work on /opt/airflow/dags/example_bash.py
[2021-10-29 18:29:52,698] {processor.py:620} INFO - Processing file /opt/airflow/dags/example_bash.py for tasks to queue
[2021-10-29 18:29:52,699] {logging_mixin.py:109} INFO - [2021-10-29 18:29:52,699] {dagbag.py:500} INFO - Filling up the DagBag from /opt/airflow/dags/example_bash.py
[2021-10-29 18:29:52,725] {processor.py:632} INFO - DAG(s) dict_keys(['airflow_slack_example']) retrieved from /opt/airflow/dags/example_bash.py
[2021-10-29 18:29:52,734] {logging_mixin.py:109} INFO - [2021-10-29 18:29:52,734] {dag.py:2389} INFO - Sync 1 DAGs
[2021-10-29 18:29:52,751] {logging_mixin.py:109} INFO - [2021-10-29 18:29:52,751] {dag.py:2914} INFO - Setting next_dagrun for airflow_slack_example to 2018-06-04T01:38:00+00:00
[2021-10-29 18:29:52,761] {processor.py:171} INFO - Processing /opt/airflow/dags/example_bash.py took 0.068 seconds
[2021-10-29 18:30:22,877] {processor.py:163} INFO - Started process (PID=139) to work on /opt/airflow/dags/example_bash.py
[2021-10-29 18:30:22,881] {processor.py:620} INFO - Processing file /opt/airflow/dags/example_bash.py for tasks to queue
[2021-10-29 18:30:22,883] {logging_mixin.py:109} INFO - [2021-10-29 18:30:22,883] {dagbag.py:500} INFO - Filling up the DagBag from /opt/airflow/dags/example_bash.py
[2021-10-29 18:30:22,946] {processor.py:632} INFO - DAG(s) dict_keys(['airflow_slack_example']) retrieved from /opt/airflow/dags/example_bash.py
[2021-10-29 18:30:22,957] {logging_mixin.py:109} INFO - [2021-10-29 18:30:22,957] {dag.py:2389} INFO - Sync 1 DAGs
[2021-10-29 18:30:22,973] {logging_mixin.py:109} INFO - [2021-10-29 18:30:22,973] {dag.py:2914} INFO - Setting next_dagrun for airflow_slack_example to 2018-06-04T01:38:00+00:00
[2021-10-29 18:30:22,980] {processor.py:171} INFO - Processing /opt/airflow/dags/example_bash.py took 0.115 seconds
[2021-10-29 18:30:53,030] {processor.py:163} INFO - Started process (PID=171) to work on /opt/airflow/dags/example_bash.py
[2021-10-29 18:30:53,034] {processor.py:620} INFO - Processing file /opt/airflow/dags/example_bash.py for tasks to queue
[2021-10-29 18:30:53,034] {logging_mixin.py:109} INFO - [2021-10-29 18:30:53,034] {dagbag.py:500} INFO - Filling up the DagBag from /opt/airflow/dags/example_bash.py
[2021-10-29 18:30:53,054] {processor.py:632} INFO - DAG(s) dict_keys(['airflow_slack_example']) retrieved from /opt/airflow/dags/example_bash.py
[2021-10-29 18:30:53,061] {logging_mixin.py:109} INFO - [2021-10-29 18:30:53,061] {dag.py:2389} INFO - Sync 1 DAGs
[2021-10-29 18:30:53,074] {logging_mixin.py:109} INFO - [2021-10-29 18:30:53,074] {dag.py:2914} INFO - Setting next_dagrun for airflow_slack_example to 2018-06-04T01:38:00+00:00
[2021-10-29 18:30:53,081] {processor.py:171} INFO - Processing /opt/airflow/dags/example_bash.py took 0.053 seconds
[2021-10-29 18:31:23,120] {processor.py:163} INFO - Started process (PID=193) to work on /opt/airflow/dags/example_bash.py
[2021-10-29 18:31:23,121] {processor.py:620} INFO - Processing file /opt/airflow/dags/example_bash.py for tasks to queue
[2021-10-29 18:31:23,121] {logging_mixin.py:109} INFO - [2021-10-29 18:31:23,121] {dagbag.py:500} INFO - Filling up the DagBag from /opt/airflow/dags/example_bash.py
[2021-10-29 18:31:23,139] {processor.py:632} INFO - DAG(s) dict_keys(['airflow_slack_example']) retrieved from /opt/airflow/dags/example_bash.py
[2021-10-29 18:31:23,146] {logging_mixin.py:109} INFO - [2021-10-29 18:31:23,146] {dag.py:2389} INFO - Sync 1 DAGs
[2021-10-29 18:31:23,160] {logging_mixin.py:109} INFO - [2021-10-29 18:31:23,159] {dag.py:2914} INFO - Setting next_dagrun for airflow_slack_example to 2018-06-04T01:38:00+00:00
[2021-10-29 18:31:23,167] {processor.py:171} INFO - Processing /opt/airflow/dags/example_bash.py took 0.049 seconds
[2021-10-29 18:31:53,264] {processor.py:163} INFO - Started process (PID=224) to work on /opt/airflow/dags/example_bash.py
[2021-10-29 18:31:53,268] {processor.py:620} INFO - Processing file /opt/airflow/dags/example_bash.py for tasks to queue
[2021-10-29 18:31:53,271] {logging_mixin.py:109} INFO - [2021-10-29 18:31:53,271] {dagbag.py:500} INFO - Filling up the DagBag from /opt/airflow/dags/example_bash.py
[2021-10-29 18:31:53,311] {processor.py:632} INFO - DAG(s) dict_keys(['airflow_slack_example']) retrieved from /opt/airflow/dags/example_bash.py
[2021-10-29 18:31:53,319] {logging_mixin.py:109} INFO - [2021-10-29 18:31:53,319] {dag.py:2389} INFO - Sync 1 DAGs
[2021-10-29 18:31:53,335] {logging_mixin.py:109} INFO - [2021-10-29 18:31:53,335] {dag.py:2914} INFO - Setting next_dagrun for airflow_slack_example to 2018-06-04T01:38:00+00:00
[2021-10-29 18:31:53,340] {processor.py:171} INFO - Processing /opt/airflow/dags/example_bash.py took 0.079 seconds
[2021-10-29 18:32:23,375] {processor.py:163} INFO - Started process (PID=246) to work on /opt/airflow/dags/example_bash.py
[2021-10-29 18:32:23,376] {processor.py:620} INFO - Processing file /opt/airflow/dags/example_bash.py for tasks to queue
[2021-10-29 18:32:23,377] {logging_mixin.py:109} INFO - [2021-10-29 18:32:23,376] {dagbag.py:500} INFO - Filling up the DagBag from /opt/airflow/dags/example_bash.py
[2021-10-29 18:32:23,408] {processor.py:632} INFO - DAG(s) dict_keys(['airflow_slack_example']) retrieved from /opt/airflow/dags/example_bash.py
[2021-10-29 18:32:23,418] {logging_mixin.py:109} INFO - [2021-10-29 18:32:23,418] {dag.py:2389} INFO - Sync 1 DAGs
[2021-10-29 18:32:23,440] {logging_mixin.py:109} INFO - [2021-10-29 18:32:23,440] {dag.py:2914} INFO - Setting next_dagrun for airflow_slack_example to 2018-06-04T01:38:00+00:00
[2021-10-29 18:32:23,449] {processor.py:171} INFO - Processing /opt/airflow/dags/example_bash.py took 0.078 seconds
[2021-10-29 18:32:53,487] {processor.py:163} INFO - Started process (PID=277) to work on /opt/airflow/dags/example_bash.py
[2021-10-29 18:32:53,491] {processor.py:620} INFO - Processing file /opt/airflow/dags/example_bash.py for tasks to queue
[2021-10-29 18:32:53,491] {logging_mixin.py:109} INFO - [2021-10-29 18:32:53,491] {dagbag.py:500} INFO - Filling up the DagBag from /opt/airflow/dags/example_bash.py
[2021-10-29 18:32:53,511] {processor.py:632} INFO - DAG(s) dict_keys(['airflow_slack_example']) retrieved from /opt/airflow/dags/example_bash.py
[2021-10-29 18:32:53,519] {logging_mixin.py:109} INFO - [2021-10-29 18:32:53,518] {dag.py:2389} INFO - Sync 1 DAGs
[2021-10-29 18:32:53,533] {logging_mixin.py:109} INFO - [2021-10-29 18:32:53,533] {dag.py:2914} INFO - Setting next_dagrun for airflow_slack_example to 2018-06-04T01:38:00+00:00
[2021-10-29 18:32:53,540] {processor.py:171} INFO - Processing /opt/airflow/dags/example_bash.py took 0.055 seconds
[2021-10-29 18:33:23,708] {processor.py:163} INFO - Started process (PID=298) to work on /opt/airflow/dags/example_bash.py
[2021-10-29 18:33:23,709] {processor.py:620} INFO - Processing file /opt/airflow/dags/example_bash.py for tasks to queue
[2021-10-29 18:33:23,710] {logging_mixin.py:109} INFO - [2021-10-29 18:33:23,710] {dagbag.py:500} INFO - Filling up the DagBag from /opt/airflow/dags/example_bash.py
[2021-10-29 18:33:23,736] {processor.py:632} INFO - DAG(s) dict_keys(['airflow_slack_example']) retrieved from /opt/airflow/dags/example_bash.py
[2021-10-29 18:33:23,744] {logging_mixin.py:109} INFO - [2021-10-29 18:33:23,744] {dag.py:2389} INFO - Sync 1 DAGs
[2021-10-29 18:33:23,759] {logging_mixin.py:109} INFO - [2021-10-29 18:33:23,759] {dag.py:2914} INFO - Setting next_dagrun for airflow_slack_example to 2018-06-04T02:07:00+00:00
[2021-10-29 18:33:23,765] {processor.py:171} INFO - Processing /opt/airflow/dags/example_bash.py took 0.065 seconds
[2021-10-29 18:33:53,815] {processor.py:163} INFO - Started process (PID=329) to work on /opt/airflow/dags/example_bash.py
[2021-10-29 18:33:53,816] {processor.py:620} INFO - Processing file /opt/airflow/dags/example_bash.py for tasks to queue
[2021-10-29 18:33:53,816] {logging_mixin.py:109} INFO - [2021-10-29 18:33:53,816] {dagbag.py:500} INFO - Filling up the DagBag from /opt/airflow/dags/example_bash.py
[2021-10-29 18:33:53,836] {processor.py:632} INFO - DAG(s) dict_keys(['airflow_slack_example']) retrieved from /opt/airflow/dags/example_bash.py
[2021-10-29 18:33:53,844] {logging_mixin.py:109} INFO - [2021-10-29 18:33:53,844] {dag.py:2389} INFO - Sync 1 DAGs
[2021-10-29 18:33:53,859] {logging_mixin.py:109} INFO - [2021-10-29 18:33:53,859] {dag.py:2914} INFO - Setting next_dagrun for airflow_slack_example to 2018-06-04T02:38:00+00:00
[2021-10-29 18:33:53,865] {processor.py:171} INFO - Processing /opt/airflow/dags/example_bash.py took 0.052 seconds
[2021-10-29 18:34:23,932] {processor.py:163} INFO - Started process (PID=351) to work on /opt/airflow/dags/example_bash.py
[2021-10-29 18:34:23,933] {processor.py:620} INFO - Processing file /opt/airflow/dags/example_bash.py for tasks to queue
[2021-10-29 18:34:23,933] {logging_mixin.py:109} INFO - [2021-10-29 18:34:23,933] {dagbag.py:500} INFO - Filling up the DagBag from /opt/airflow/dags/example_bash.py
[2021-10-29 18:34:23,955] {processor.py:632} INFO - DAG(s) dict_keys(['airflow_slack_example']) retrieved from /opt/airflow/dags/example_bash.py
[2021-10-29 18:34:23,964] {logging_mixin.py:109} INFO - [2021-10-29 18:34:23,963] {dag.py:2389} INFO - Sync 1 DAGs
[2021-10-29 18:34:23,981] {logging_mixin.py:109} INFO - [2021-10-29 18:34:23,981] {dag.py:2914} INFO - Setting next_dagrun for airflow_slack_example to 2018-06-04T03:10:00+00:00
[2021-10-29 18:34:23,989] {processor.py:171} INFO - Processing /opt/airflow/dags/example_bash.py took 0.059 seconds
[2021-10-29 18:34:54,056] {processor.py:163} INFO - Started process (PID=383) to work on /opt/airflow/dags/example_bash.py
[2021-10-29 18:34:54,059] {processor.py:620} INFO - Processing file /opt/airflow/dags/example_bash.py for tasks to queue
[2021-10-29 18:34:54,059] {logging_mixin.py:109} INFO - [2021-10-29 18:34:54,059] {dagbag.py:500} INFO - Filling up the DagBag from /opt/airflow/dags/example_bash.py
[2021-10-29 18:34:54,079] {processor.py:632} INFO - DAG(s) dict_keys(['airflow_slack_example']) retrieved from /opt/airflow/dags/example_bash.py
[2021-10-29 18:34:54,086] {logging_mixin.py:109} INFO - [2021-10-29 18:34:54,086] {dag.py:2389} INFO - Sync 1 DAGs
[2021-10-29 18:34:54,099] {logging_mixin.py:109} INFO - [2021-10-29 18:34:54,099] {dag.py:2914} INFO - Setting next_dagrun for airflow_slack_example to 2018-06-04T03:40:00+00:00
[2021-10-29 18:34:54,106] {processor.py:171} INFO - Processing /opt/airflow/dags/example_bash.py took 0.052 seconds
[2021-10-29 18:35:24,146] {processor.py:163} INFO - Started process (PID=404) to work on /opt/airflow/dags/example_bash.py
[2021-10-29 18:35:24,147] {processor.py:620} INFO - Processing file /opt/airflow/dags/example_bash.py for tasks to queue
[2021-10-29 18:35:24,147] {logging_mixin.py:109} INFO - [2021-10-29 18:35:24,147] {dagbag.py:500} INFO - Filling up the DagBag from /opt/airflow/dags/example_bash.py
[2021-10-29 18:35:24,166] {processor.py:632} INFO - DAG(s) dict_keys(['airflow_slack_example']) retrieved from /opt/airflow/dags/example_bash.py
[2021-10-29 18:35:24,174] {logging_mixin.py:109} INFO - [2021-10-29 18:35:24,173] {dag.py:2389} INFO - Sync 1 DAGs
[2021-10-29 18:35:24,187] {logging_mixin.py:109} INFO - [2021-10-29 18:35:24,187] {dag.py:2914} INFO - Setting next_dagrun for airflow_slack_example to 2018-06-04T04:10:00+00:00
[2021-10-29 18:35:24,193] {processor.py:171} INFO - Processing /opt/airflow/dags/example_bash.py took 0.050 seconds
[2021-10-29 18:35:54,289] {processor.py:163} INFO - Started process (PID=435) to work on /opt/airflow/dags/example_bash.py
[2021-10-29 18:35:54,292] {processor.py:620} INFO - Processing file /opt/airflow/dags/example_bash.py for tasks to queue
[2021-10-29 18:35:54,292] {logging_mixin.py:109} INFO - [2021-10-29 18:35:54,292] {dagbag.py:500} INFO - Filling up the DagBag from /opt/airflow/dags/example_bash.py
[2021-10-29 18:35:54,312] {processor.py:632} INFO - DAG(s) dict_keys(['airflow_slack_example']) retrieved from /opt/airflow/dags/example_bash.py
[2021-10-29 18:35:54,320] {logging_mixin.py:109} INFO - [2021-10-29 18:35:54,320] {dag.py:2389} INFO - Sync 1 DAGs
[2021-10-29 18:35:54,333] {logging_mixin.py:109} INFO - [2021-10-29 18:35:54,333] {dag.py:2914} INFO - Setting next_dagrun for airflow_slack_example to 2018-06-04T04:42:00+00:00
[2021-10-29 18:35:54,340] {processor.py:171} INFO - Processing /opt/airflow/dags/example_bash.py took 0.053 seconds
[2021-10-29 18:36:24,397] {processor.py:163} INFO - Started process (PID=456) to work on /opt/airflow/dags/example_bash.py
[2021-10-29 18:36:24,398] {processor.py:620} INFO - Processing file /opt/airflow/dags/example_bash.py for tasks to queue
[2021-10-29 18:36:24,399] {logging_mixin.py:109} INFO - [2021-10-29 18:36:24,399] {dagbag.py:500} INFO - Filling up the DagBag from /opt/airflow/dags/example_bash.py
[2021-10-29 18:36:24,423] {processor.py:632} INFO - DAG(s) dict_keys(['airflow_slack_example']) retrieved from /opt/airflow/dags/example_bash.py
[2021-10-29 18:36:24,431] {logging_mixin.py:109} INFO - [2021-10-29 18:36:24,431] {dag.py:2389} INFO - Sync 1 DAGs
[2021-10-29 18:36:24,446] {logging_mixin.py:109} INFO - [2021-10-29 18:36:24,446] {dag.py:2914} INFO - Setting next_dagrun for airflow_slack_example to 2018-06-04T05:13:00+00:00
[2021-10-29 18:36:24,453] {processor.py:171} INFO - Processing /opt/airflow/dags/example_bash.py took 0.058 seconds
[2021-10-29 18:36:54,487] {processor.py:163} INFO - Started process (PID=487) to work on /opt/airflow/dags/example_bash.py
[2021-10-29 18:36:54,488] {processor.py:620} INFO - Processing file /opt/airflow/dags/example_bash.py for tasks to queue
[2021-10-29 18:36:54,488] {logging_mixin.py:109} INFO - [2021-10-29 18:36:54,488] {dagbag.py:500} INFO - Filling up the DagBag from /opt/airflow/dags/example_bash.py
[2021-10-29 18:36:54,507] {processor.py:632} INFO - DAG(s) dict_keys(['airflow_slack_example']) retrieved from /opt/airflow/dags/example_bash.py
[2021-10-29 18:36:54,515] {logging_mixin.py:109} INFO - [2021-10-29 18:36:54,515] {dag.py:2389} INFO - Sync 1 DAGs
[2021-10-29 18:36:54,528] {logging_mixin.py:109} INFO - [2021-10-29 18:36:54,528] {dag.py:2914} INFO - Setting next_dagrun for airflow_slack_example to 2018-06-04T05:45:00+00:00
[2021-10-29 18:36:54,534] {processor.py:171} INFO - Processing /opt/airflow/dags/example_bash.py took 0.049 seconds
[2021-10-29 18:37:24,622] {processor.py:163} INFO - Started process (PID=508) to work on /opt/airflow/dags/example_bash.py
[2021-10-29 18:37:24,623] {processor.py:620} INFO - Processing file /opt/airflow/dags/example_bash.py for tasks to queue
[2021-10-29 18:37:24,624] {logging_mixin.py:109} INFO - [2021-10-29 18:37:24,624] {dagbag.py:500} INFO - Filling up the DagBag from /opt/airflow/dags/example_bash.py
[2021-10-29 18:37:24,650] {processor.py:632} INFO - DAG(s) dict_keys(['airflow_slack_example']) retrieved from /opt/airflow/dags/example_bash.py
[2021-10-29 18:37:24,659] {logging_mixin.py:109} INFO - [2021-10-29 18:37:24,659] {dag.py:2389} INFO - Sync 1 DAGs
[2021-10-29 18:37:24,675] {logging_mixin.py:109} INFO - [2021-10-29 18:37:24,675] {dag.py:2914} INFO - Setting next_dagrun for airflow_slack_example to 2018-06-04T06:15:00+00:00
[2021-10-29 18:37:24,682] {processor.py:171} INFO - Processing /opt/airflow/dags/example_bash.py took 0.063 seconds
[2021-10-29 18:37:45,850] {processor.py:163} INFO - Started process (PID=34) to work on /opt/airflow/dags/example_bash.py
[2021-10-29 18:37:45,850] {processor.py:620} INFO - Processing file /opt/airflow/dags/example_bash.py for tasks to queue
[2021-10-29 18:37:45,851] {logging_mixin.py:109} INFO - [2021-10-29 18:37:45,851] {dagbag.py:500} INFO - Filling up the DagBag from /opt/airflow/dags/example_bash.py
[2021-10-29 18:37:45,881] {processor.py:632} INFO - DAG(s) dict_keys(['airflow_slack_example']) retrieved from /opt/airflow/dags/example_bash.py
[2021-10-29 18:37:46,218] {logging_mixin.py:109} INFO - [2021-10-29 18:37:46,218] {dag.py:2389} INFO - Sync 1 DAGs
[2021-10-29 18:37:46,229] {logging_mixin.py:109} INFO - [2021-10-29 18:37:46,229] {dag.py:2408} INFO - Creating ORM DAG for airflow_slack_example
[2021-10-29 18:37:46,242] {logging_mixin.py:109} INFO - [2021-10-29 18:37:46,242] {dag.py:2914} INFO - Setting next_dagrun for airflow_slack_example to 2021-10-29T00:00:00+00:00
[2021-10-29 18:37:46,257] {processor.py:171} INFO - Processing /opt/airflow/dags/example_bash.py took 0.412 seconds
[2021-10-29 18:38:16,320] {processor.py:163} INFO - Started process (PID=66) to work on /opt/airflow/dags/example_bash.py
[2021-10-29 18:38:16,321] {processor.py:620} INFO - Processing file /opt/airflow/dags/example_bash.py for tasks to queue
[2021-10-29 18:38:16,322] {logging_mixin.py:109} INFO - [2021-10-29 18:38:16,322] {dagbag.py:500} INFO - Filling up the DagBag from /opt/airflow/dags/example_bash.py
[2021-10-29 18:38:16,344] {processor.py:632} INFO - DAG(s) dict_keys(['airflow_slack_example']) retrieved from /opt/airflow/dags/example_bash.py
[2021-10-29 18:38:16,351] {logging_mixin.py:109} INFO - [2021-10-29 18:38:16,351] {dag.py:2389} INFO - Sync 1 DAGs
[2021-10-29 18:38:16,366] {logging_mixin.py:109} INFO - [2021-10-29 18:38:16,366] {dag.py:2914} INFO - Setting next_dagrun for airflow_slack_example to 2021-10-29T00:00:00+00:00
[2021-10-29 18:38:16,372] {processor.py:171} INFO - Processing /opt/airflow/dags/example_bash.py took 0.054 seconds
[2021-10-29 18:38:46,456] {processor.py:163} INFO - Started process (PID=88) to work on /opt/airflow/dags/example_bash.py
[2021-10-29 18:38:46,460] {processor.py:620} INFO - Processing file /opt/airflow/dags/example_bash.py for tasks to queue
[2021-10-29 18:38:46,462] {logging_mixin.py:109} INFO - [2021-10-29 18:38:46,461] {dagbag.py:500} INFO - Filling up the DagBag from /opt/airflow/dags/example_bash.py
[2021-10-29 18:38:46,488] {processor.py:632} INFO - DAG(s) dict_keys(['airflow_slack_example']) retrieved from /opt/airflow/dags/example_bash.py
[2021-10-29 18:38:46,496] {logging_mixin.py:109} INFO - [2021-10-29 18:38:46,496] {dag.py:2389} INFO - Sync 1 DAGs
[2021-10-29 18:38:46,511] {logging_mixin.py:109} INFO - [2021-10-29 18:38:46,511] {dag.py:2914} INFO - Setting next_dagrun for airflow_slack_example to 2021-10-29T00:00:00+00:00
[2021-10-29 18:38:46,517] {processor.py:171} INFO - Processing /opt/airflow/dags/example_bash.py took 0.071 seconds
[2021-10-29 18:39:16,565] {processor.py:163} INFO - Started process (PID=119) to work on /opt/airflow/dags/example_bash.py
[2021-10-29 18:39:16,569] {processor.py:620} INFO - Processing file /opt/airflow/dags/example_bash.py for tasks to queue
[2021-10-29 18:39:16,570] {logging_mixin.py:109} INFO - [2021-10-29 18:39:16,569] {dagbag.py:500} INFO - Filling up the DagBag from /opt/airflow/dags/example_bash.py
[2021-10-29 18:39:16,590] {processor.py:632} INFO - DAG(s) dict_keys(['airflow_slack_example']) retrieved from /opt/airflow/dags/example_bash.py
[2021-10-29 18:39:16,597] {logging_mixin.py:109} INFO - [2021-10-29 18:39:16,597] {dag.py:2389} INFO - Sync 1 DAGs
[2021-10-29 18:39:16,611] {logging_mixin.py:109} INFO - [2021-10-29 18:39:16,611] {dag.py:2914} INFO - Setting next_dagrun for airflow_slack_example to 2021-10-29T00:00:00+00:00
[2021-10-29 18:39:16,619] {processor.py:171} INFO - Processing /opt/airflow/dags/example_bash.py took 0.057 seconds
[2021-10-29 18:39:46,711] {processor.py:163} INFO - Started process (PID=140) to work on /opt/airflow/dags/example_bash.py
[2021-10-29 18:39:46,715] {processor.py:620} INFO - Processing file /opt/airflow/dags/example_bash.py for tasks to queue
[2021-10-29 18:39:46,717] {logging_mixin.py:109} INFO - [2021-10-29 18:39:46,716] {dagbag.py:500} INFO - Filling up the DagBag from /opt/airflow/dags/example_bash.py
[2021-10-29 18:39:46,757] {processor.py:632} INFO - DAG(s) dict_keys(['airflow_slack_example']) retrieved from /opt/airflow/dags/example_bash.py
[2021-10-29 18:39:46,768] {logging_mixin.py:109} INFO - [2021-10-29 18:39:46,768] {dag.py:2389} INFO - Sync 1 DAGs
[2021-10-29 18:39:46,789] {logging_mixin.py:109} INFO - [2021-10-29 18:39:46,788] {dag.py:2914} INFO - Setting next_dagrun for airflow_slack_example to 2021-10-29T00:00:00+00:00
[2021-10-29 18:39:46,796] {processor.py:171} INFO - Processing /opt/airflow/dags/example_bash.py took 0.089 seconds
[2021-10-29 18:40:16,867] {processor.py:163} INFO - Started process (PID=172) to work on /opt/airflow/dags/example_bash.py
[2021-10-29 18:40:16,872] {processor.py:620} INFO - Processing file /opt/airflow/dags/example_bash.py for tasks to queue
[2021-10-29 18:40:16,874] {logging_mixin.py:109} INFO - [2021-10-29 18:40:16,873] {dagbag.py:500} INFO - Filling up the DagBag from /opt/airflow/dags/example_bash.py
[2021-10-29 18:40:16,911] {processor.py:632} INFO - DAG(s) dict_keys(['airflow_slack_example']) retrieved from /opt/airflow/dags/example_bash.py
[2021-10-29 18:40:16,918] {logging_mixin.py:109} INFO - [2021-10-29 18:40:16,918] {dag.py:2389} INFO - Sync 1 DAGs
[2021-10-29 18:40:16,933] {logging_mixin.py:109} INFO - [2021-10-29 18:40:16,933] {dag.py:2914} INFO - Setting next_dagrun for airflow_slack_example to 2021-10-29T00:00:00+00:00
[2021-10-29 18:40:16,940] {processor.py:171} INFO - Processing /opt/airflow/dags/example_bash.py took 0.082 seconds
[2021-10-29 18:40:46,977] {processor.py:163} INFO - Started process (PID=194) to work on /opt/airflow/dags/example_bash.py
[2021-10-29 18:40:46,979] {processor.py:620} INFO - Processing file /opt/airflow/dags/example_bash.py for tasks to queue
[2021-10-29 18:40:46,981] {logging_mixin.py:109} INFO - [2021-10-29 18:40:46,981] {dagbag.py:500} INFO - Filling up the DagBag from /opt/airflow/dags/example_bash.py
[2021-10-29 18:40:47,015] {processor.py:632} INFO - DAG(s) dict_keys(['airflow_slack_example']) retrieved from /opt/airflow/dags/example_bash.py
[2021-10-29 18:40:47,023] {logging_mixin.py:109} INFO - [2021-10-29 18:40:47,023] {dag.py:2389} INFO - Sync 1 DAGs
[2021-10-29 18:40:47,037] {logging_mixin.py:109} INFO - [2021-10-29 18:40:47,037] {dag.py:2914} INFO - Setting next_dagrun for airflow_slack_example to 2021-10-29T00:00:00+00:00
[2021-10-29 18:40:47,043] {processor.py:171} INFO - Processing /opt/airflow/dags/example_bash.py took 0.074 seconds
[2021-10-29 18:41:17,099] {processor.py:163} INFO - Started process (PID=226) to work on /opt/airflow/dags/example_bash.py
[2021-10-29 18:41:17,103] {processor.py:620} INFO - Processing file /opt/airflow/dags/example_bash.py for tasks to queue
[2021-10-29 18:41:17,105] {logging_mixin.py:109} INFO - [2021-10-29 18:41:17,104] {dagbag.py:500} INFO - Filling up the DagBag from /opt/airflow/dags/example_bash.py
[2021-10-29 18:41:17,152] {processor.py:632} INFO - DAG(s) dict_keys(['airflow_slack_example']) retrieved from /opt/airflow/dags/example_bash.py
[2021-10-29 18:41:17,160] {logging_mixin.py:109} INFO - [2021-10-29 18:41:17,160] {dag.py:2389} INFO - Sync 1 DAGs
[2021-10-29 18:41:17,174] {logging_mixin.py:109} INFO - [2021-10-29 18:41:17,174] {dag.py:2914} INFO - Setting next_dagrun for airflow_slack_example to 2021-10-29T00:00:00+00:00
[2021-10-29 18:41:17,182] {processor.py:171} INFO - Processing /opt/airflow/dags/example_bash.py took 0.085 seconds
[2021-10-29 18:41:47,194] {processor.py:163} INFO - Started process (PID=247) to work on /opt/airflow/dags/example_bash.py
[2021-10-29 18:41:47,195] {processor.py:620} INFO - Processing file /opt/airflow/dags/example_bash.py for tasks to queue
[2021-10-29 18:41:47,195] {logging_mixin.py:109} INFO - [2021-10-29 18:41:47,195] {dagbag.py:500} INFO - Filling up the DagBag from /opt/airflow/dags/example_bash.py
[2021-10-29 18:41:47,214] {processor.py:632} INFO - DAG(s) dict_keys(['airflow_slack_example']) retrieved from /opt/airflow/dags/example_bash.py
[2021-10-29 18:41:47,222] {logging_mixin.py:109} INFO - [2021-10-29 18:41:47,222] {dag.py:2389} INFO - Sync 1 DAGs
[2021-10-29 18:41:47,237] {logging_mixin.py:109} INFO - [2021-10-29 18:41:47,237] {dag.py:2914} INFO - Setting next_dagrun for airflow_slack_example to 2021-10-29T00:00:00+00:00
[2021-10-29 18:41:47,243] {processor.py:171} INFO - Processing /opt/airflow/dags/example_bash.py took 0.051 seconds
[2021-10-29 18:42:17,353] {processor.py:163} INFO - Started process (PID=278) to work on /opt/airflow/dags/example_bash.py
[2021-10-29 18:42:17,358] {processor.py:620} INFO - Processing file /opt/airflow/dags/example_bash.py for tasks to queue
[2021-10-29 18:42:17,360] {logging_mixin.py:109} INFO - [2021-10-29 18:42:17,360] {dagbag.py:500} INFO - Filling up the DagBag from /opt/airflow/dags/example_bash.py
[2021-10-29 18:42:17,392] {processor.py:632} INFO - DAG(s) dict_keys(['airflow_slack_example']) retrieved from /opt/airflow/dags/example_bash.py
[2021-10-29 18:42:17,400] {logging_mixin.py:109} INFO - [2021-10-29 18:42:17,399] {dag.py:2389} INFO - Sync 1 DAGs
[2021-10-29 18:42:17,414] {logging_mixin.py:109} INFO - [2021-10-29 18:42:17,414] {dag.py:2914} INFO - Setting next_dagrun for airflow_slack_example to 2021-10-29T00:00:00+00:00
[2021-10-29 18:42:17,421] {processor.py:171} INFO - Processing /opt/airflow/dags/example_bash.py took 0.072 seconds
[2021-10-29 18:42:47,490] {processor.py:163} INFO - Started process (PID=303) to work on /opt/airflow/dags/example_bash.py
[2021-10-29 18:42:47,492] {processor.py:620} INFO - Processing file /opt/airflow/dags/example_bash.py for tasks to queue
[2021-10-29 18:42:47,493] {logging_mixin.py:109} INFO - [2021-10-29 18:42:47,493] {dagbag.py:500} INFO - Filling up the DagBag from /opt/airflow/dags/example_bash.py
[2021-10-29 18:42:47,533] {processor.py:632} INFO - DAG(s) dict_keys(['airflow_slack_example']) retrieved from /opt/airflow/dags/example_bash.py
[2021-10-29 18:42:47,549] {logging_mixin.py:109} INFO - [2021-10-29 18:42:47,548] {dag.py:2389} INFO - Sync 1 DAGs
[2021-10-29 18:42:47,576] {logging_mixin.py:109} INFO - [2021-10-29 18:42:47,575] {dag.py:2914} INFO - Setting next_dagrun for airflow_slack_example to 2021-10-29T00:52:00+00:00
[2021-10-29 18:42:47,592] {processor.py:171} INFO - Processing /opt/airflow/dags/example_bash.py took 0.104 seconds
[2021-10-29 18:43:17,664] {processor.py:163} INFO - Started process (PID=335) to work on /opt/airflow/dags/example_bash.py
[2021-10-29 18:43:17,665] {processor.py:620} INFO - Processing file /opt/airflow/dags/example_bash.py for tasks to queue
[2021-10-29 18:43:17,667] {logging_mixin.py:109} INFO - [2021-10-29 18:43:17,666] {dagbag.py:500} INFO - Filling up the DagBag from /opt/airflow/dags/example_bash.py
[2021-10-29 18:43:17,721] {processor.py:632} INFO - DAG(s) dict_keys(['airflow_slack_example']) retrieved from /opt/airflow/dags/example_bash.py
[2021-10-29 18:43:17,738] {logging_mixin.py:109} INFO - [2021-10-29 18:43:17,737] {dag.py:2389} INFO - Sync 1 DAGs
[2021-10-29 18:43:17,767] {logging_mixin.py:109} INFO - [2021-10-29 18:43:17,765] {dag.py:2914} INFO - Setting next_dagrun for airflow_slack_example to 2021-10-29T03:10:00+00:00
[2021-10-29 18:43:17,789] {processor.py:171} INFO - Processing /opt/airflow/dags/example_bash.py took 0.138 seconds
[2021-10-29 18:43:47,870] {processor.py:163} INFO - Started process (PID=359) to work on /opt/airflow/dags/example_bash.py
[2021-10-29 18:43:47,872] {processor.py:620} INFO - Processing file /opt/airflow/dags/example_bash.py for tasks to queue
[2021-10-29 18:43:47,873] {logging_mixin.py:109} INFO - [2021-10-29 18:43:47,873] {dagbag.py:500} INFO - Filling up the DagBag from /opt/airflow/dags/example_bash.py
[2021-10-29 18:43:47,917] {processor.py:632} INFO - DAG(s) dict_keys(['airflow_slack_example']) retrieved from /opt/airflow/dags/example_bash.py
[2021-10-29 18:43:47,938] {logging_mixin.py:109} INFO - [2021-10-29 18:43:47,938] {dag.py:2389} INFO - Sync 1 DAGs
[2021-10-29 18:43:47,964] {logging_mixin.py:109} INFO - [2021-10-29 18:43:47,964] {dag.py:2914} INFO - Setting next_dagrun for airflow_slack_example to 2021-10-29T05:39:00+00:00
[2021-10-29 18:43:47,978] {processor.py:171} INFO - Processing /opt/airflow/dags/example_bash.py took 0.111 seconds
[2021-10-29 18:44:18,056] {processor.py:163} INFO - Started process (PID=380) to work on /opt/airflow/dags/example_bash.py
[2021-10-29 18:44:18,058] {processor.py:620} INFO - Processing file /opt/airflow/dags/example_bash.py for tasks to queue
[2021-10-29 18:44:18,059] {logging_mixin.py:109} INFO - [2021-10-29 18:44:18,058] {dagbag.py:500} INFO - Filling up the DagBag from /opt/airflow/dags/example_bash.py
[2021-10-29 18:44:18,092] {processor.py:632} INFO - DAG(s) dict_keys(['airflow_slack_example']) retrieved from /opt/airflow/dags/example_bash.py
[2021-10-29 18:44:18,103] {logging_mixin.py:109} INFO - [2021-10-29 18:44:18,103] {dag.py:2389} INFO - Sync 1 DAGs
[2021-10-29 18:44:18,121] {logging_mixin.py:109} INFO - [2021-10-29 18:44:18,121] {dag.py:2914} INFO - Setting next_dagrun for airflow_slack_example to 2021-10-29T08:20:00+00:00
[2021-10-29 18:44:18,130] {processor.py:171} INFO - Processing /opt/airflow/dags/example_bash.py took 0.076 seconds
[2021-10-29 18:44:48,160] {processor.py:163} INFO - Started process (PID=401) to work on /opt/airflow/dags/example_bash.py
[2021-10-29 18:44:48,161] {processor.py:620} INFO - Processing file /opt/airflow/dags/example_bash.py for tasks to queue
[2021-10-29 18:44:48,162] {logging_mixin.py:109} INFO - [2021-10-29 18:44:48,162] {dagbag.py:500} INFO - Filling up the DagBag from /opt/airflow/dags/example_bash.py
[2021-10-29 18:44:48,192] {processor.py:632} INFO - DAG(s) dict_keys(['airflow_slack_example']) retrieved from /opt/airflow/dags/example_bash.py
[2021-10-29 18:44:48,204] {logging_mixin.py:109} INFO - [2021-10-29 18:44:48,204] {dag.py:2389} INFO - Sync 1 DAGs
[2021-10-29 18:44:48,225] {logging_mixin.py:109} INFO - [2021-10-29 18:44:48,225] {dag.py:2914} INFO - Setting next_dagrun for airflow_slack_example to 2021-10-29T11:02:00+00:00
[2021-10-29 18:44:48,233] {processor.py:171} INFO - Processing /opt/airflow/dags/example_bash.py took 0.076 seconds
[2021-10-29 18:45:18,285] {processor.py:163} INFO - Started process (PID=423) to work on /opt/airflow/dags/example_bash.py
[2021-10-29 18:45:18,286] {processor.py:620} INFO - Processing file /opt/airflow/dags/example_bash.py for tasks to queue
[2021-10-29 18:45:18,287] {logging_mixin.py:109} INFO - [2021-10-29 18:45:18,287] {dagbag.py:500} INFO - Filling up the DagBag from /opt/airflow/dags/example_bash.py
[2021-10-29 18:45:18,318] {processor.py:632} INFO - DAG(s) dict_keys(['airflow_slack_example']) retrieved from /opt/airflow/dags/example_bash.py
[2021-10-29 18:45:18,330] {logging_mixin.py:109} INFO - [2021-10-29 18:45:18,329] {dag.py:2389} INFO - Sync 1 DAGs
[2021-10-29 18:45:18,349] {logging_mixin.py:109} INFO - [2021-10-29 18:45:18,349] {dag.py:2914} INFO - Setting next_dagrun for airflow_slack_example to 2021-10-29T13:47:00+00:00
[2021-10-29 18:45:18,358] {processor.py:171} INFO - Processing /opt/airflow/dags/example_bash.py took 0.076 seconds
[2021-10-29 18:45:48,398] {processor.py:163} INFO - Started process (PID=447) to work on /opt/airflow/dags/example_bash.py
[2021-10-29 18:45:48,403] {processor.py:620} INFO - Processing file /opt/airflow/dags/example_bash.py for tasks to queue
[2021-10-29 18:45:48,404] {logging_mixin.py:109} INFO - [2021-10-29 18:45:48,404] {dagbag.py:500} INFO - Filling up the DagBag from /opt/airflow/dags/example_bash.py
[2021-10-29 18:45:48,442] {processor.py:632} INFO - DAG(s) dict_keys(['airflow_slack_example']) retrieved from /opt/airflow/dags/example_bash.py
[2021-10-29 18:45:48,460] {logging_mixin.py:109} INFO - [2021-10-29 18:45:48,460] {dag.py:2389} INFO - Sync 1 DAGs
[2021-10-29 18:45:48,491] {logging_mixin.py:109} INFO - [2021-10-29 18:45:48,491] {dag.py:2914} INFO - Setting next_dagrun for airflow_slack_example to 2021-10-29T16:32:00+00:00
[2021-10-29 18:45:48,501] {processor.py:171} INFO - Processing /opt/airflow/dags/example_bash.py took 0.107 seconds
[2021-10-29 18:46:18,569] {processor.py:163} INFO - Started process (PID=473) to work on /opt/airflow/dags/example_bash.py
[2021-10-29 18:46:18,571] {processor.py:620} INFO - Processing file /opt/airflow/dags/example_bash.py for tasks to queue
[2021-10-29 18:46:18,572] {logging_mixin.py:109} INFO - [2021-10-29 18:46:18,572] {dagbag.py:500} INFO - Filling up the DagBag from /opt/airflow/dags/example_bash.py
[2021-10-29 18:46:18,607] {processor.py:632} INFO - DAG(s) dict_keys(['airflow_slack_example']) retrieved from /opt/airflow/dags/example_bash.py
[2021-10-29 18:46:18,628] {logging_mixin.py:109} INFO - [2021-10-29 18:46:18,628] {dag.py:2389} INFO - Sync 1 DAGs
[2021-10-29 18:46:18,656] {logging_mixin.py:109} INFO - [2021-10-29 18:46:18,656] {dag.py:2914} INFO - Setting next_dagrun for airflow_slack_example to 2021-10-29T18:34:00+00:00
[2021-10-29 18:46:18,672] {processor.py:171} INFO - Processing /opt/airflow/dags/example_bash.py took 0.107 seconds
[2021-10-29 18:46:48,736] {processor.py:163} INFO - Started process (PID=506) to work on /opt/airflow/dags/example_bash.py
[2021-10-29 18:46:48,737] {processor.py:620} INFO - Processing file /opt/airflow/dags/example_bash.py for tasks to queue
[2021-10-29 18:46:48,738] {logging_mixin.py:109} INFO - [2021-10-29 18:46:48,738] {dagbag.py:500} INFO - Filling up the DagBag from /opt/airflow/dags/example_bash.py
[2021-10-29 18:46:48,758] {processor.py:632} INFO - DAG(s) dict_keys(['airflow_slack_example']) retrieved from /opt/airflow/dags/example_bash.py
[2021-10-29 18:46:48,766] {logging_mixin.py:109} INFO - [2021-10-29 18:46:48,765] {dag.py:2389} INFO - Sync 1 DAGs
[2021-10-29 18:46:48,781] {logging_mixin.py:109} INFO - [2021-10-29 18:46:48,781] {dag.py:2914} INFO - Setting next_dagrun for airflow_slack_example to 2021-10-29T18:46:00+00:00
[2021-10-29 18:46:48,787] {processor.py:171} INFO - Processing /opt/airflow/dags/example_bash.py took 0.053 seconds
[2021-10-29 18:47:18,858] {processor.py:163} INFO - Started process (PID=527) to work on /opt/airflow/dags/example_bash.py
[2021-10-29 18:47:18,859] {processor.py:620} INFO - Processing file /opt/airflow/dags/example_bash.py for tasks to queue
[2021-10-29 18:47:18,859] {logging_mixin.py:109} INFO - [2021-10-29 18:47:18,859] {dagbag.py:500} INFO - Filling up the DagBag from /opt/airflow/dags/example_bash.py
[2021-10-29 18:47:18,877] {processor.py:632} INFO - DAG(s) dict_keys(['airflow_slack_example']) retrieved from /opt/airflow/dags/example_bash.py
[2021-10-29 18:47:18,884] {logging_mixin.py:109} INFO - [2021-10-29 18:47:18,884] {dag.py:2389} INFO - Sync 1 DAGs
[2021-10-29 18:47:18,897] {logging_mixin.py:109} INFO - [2021-10-29 18:47:18,897] {dag.py:2914} INFO - Setting next_dagrun for airflow_slack_example to 2021-10-29T18:47:00+00:00
[2021-10-29 18:47:18,903] {processor.py:171} INFO - Processing /opt/airflow/dags/example_bash.py took 0.047 seconds
[2021-10-29 18:47:22,874] {processor.py:163} INFO - Started process (PID=528) to work on /opt/airflow/dags/example_bash.py
[2021-10-29 18:47:22,875] {processor.py:620} INFO - Processing file /opt/airflow/dags/example_bash.py for tasks to queue
[2021-10-29 18:47:22,876] {logging_mixin.py:109} INFO - [2021-10-29 18:47:22,876] {dagbag.py:500} INFO - Filling up the DagBag from /opt/airflow/dags/example_bash.py
[2021-10-29 18:47:22,896] {processor.py:668} INFO - Deactivated 1 DAGs which are no longer present in /opt/airflow/dags/example_bash.py
[2021-10-29 18:47:22,896] {processor.py:632} INFO - DAG(s) dict_keys(['example_bash']) retrieved from /opt/airflow/dags/example_bash.py
[2021-10-29 18:47:24,035] {logging_mixin.py:109} INFO - [2021-10-29 18:47:24,035] {providers_manager.py:156} WARNING - Exception when importing 'airflow.providers.google.leveldb.hooks.leveldb.LevelDBHook' from 'apache-airflow-providers-google' package: No module named 'plyvel'
[2021-10-29 18:47:24,339] {logging_mixin.py:109} INFO - [2021-10-29 18:47:24,339] {providers_manager.py:156} WARNING - Exception when importing 'airflow.providers.google.leveldb.hooks.leveldb.LevelDBHook' from 'apache-airflow-providers-google' package: No module named 'plyvel'
[2021-10-29 18:47:24,354] {logging_mixin.py:109} INFO - [2021-10-29 18:47:24,354] {manager.py:496} INFO - Created Permission View: can edit on DAG:example_bash
[2021-10-29 18:47:24,361] {logging_mixin.py:109} INFO - [2021-10-29 18:47:24,360] {manager.py:496} INFO - Created Permission View: can read on DAG:example_bash
[2021-10-29 18:47:24,362] {logging_mixin.py:109} INFO - [2021-10-29 18:47:24,361] {dag.py:2389} INFO - Sync 1 DAGs
[2021-10-29 18:47:24,370] {logging_mixin.py:109} INFO - [2021-10-29 18:47:24,369] {dag.py:2408} INFO - Creating ORM DAG for example_bash
[2021-10-29 18:47:24,378] {logging_mixin.py:109} INFO - [2021-10-29 18:47:24,378] {dag.py:2914} INFO - Setting next_dagrun for example_bash to 2021-10-29T00:00:00+00:00
[2021-10-29 18:47:24,386] {processor.py:171} INFO - Processing /opt/airflow/dags/example_bash.py took 1.514 seconds
[2021-10-29 18:47:25,925] {processor.py:163} INFO - Started process (PID=548) to work on /opt/airflow/dags/example_bash.py
[2021-10-29 18:47:25,926] {processor.py:620} INFO - Processing file /opt/airflow/dags/example_bash.py for tasks to queue
[2021-10-29 18:47:25,926] {logging_mixin.py:109} INFO - [2021-10-29 18:47:25,926] {dagbag.py:500} INFO - Filling up the DagBag from /opt/airflow/dags/example_bash.py
[2021-10-29 18:47:25,947] {processor.py:632} INFO - DAG(s) dict_keys(['example_bash']) retrieved from /opt/airflow/dags/example_bash.py
[2021-10-29 18:47:25,950] {logging_mixin.py:109} INFO - [2021-10-29 18:47:25,950] {dag.py:2389} INFO - Sync 1 DAGs
[2021-10-29 18:47:25,965] {logging_mixin.py:109} INFO - [2021-10-29 18:47:25,965] {dag.py:2914} INFO - Setting next_dagrun for example_bash to 2021-10-29T00:00:00+00:00
[2021-10-29 18:47:25,972] {processor.py:171} INFO - Processing /opt/airflow/dags/example_bash.py took 0.049 seconds
[2021-10-29 18:47:30,958] {processor.py:163} INFO - Started process (PID=549) to work on /opt/airflow/dags/example_bash.py
[2021-10-29 18:47:30,960] {processor.py:620} INFO - Processing file /opt/airflow/dags/example_bash.py for tasks to queue
[2021-10-29 18:47:30,962] {logging_mixin.py:109} INFO - [2021-10-29 18:47:30,962] {dagbag.py:500} INFO - Filling up the DagBag from /opt/airflow/dags/example_bash.py
[2021-10-29 18:47:30,997] {processor.py:632} INFO - DAG(s) dict_keys(['example_bash']) retrieved from /opt/airflow/dags/example_bash.py
[2021-10-29 18:47:31,000] {logging_mixin.py:109} INFO - [2021-10-29 18:47:31,000] {dag.py:2389} INFO - Sync 1 DAGs
[2021-10-29 18:47:31,015] {logging_mixin.py:109} INFO - [2021-10-29 18:47:31,015] {dag.py:2914} INFO - Setting next_dagrun for example_bash to 2021-10-29T18:00:00+00:00
[2021-10-29 18:47:31,022] {processor.py:171} INFO - Processing /opt/airflow/dags/example_bash.py took 0.071 seconds
[2021-10-29 18:47:33,056] {processor.py:163} INFO - Started process (PID=550) to work on /opt/airflow/dags/example_bash.py
[2021-10-29 18:47:33,059] {processor.py:620} INFO - Processing file /opt/airflow/dags/example_bash.py for tasks to queue
[2021-10-29 18:47:33,061] {logging_mixin.py:109} INFO - [2021-10-29 18:47:33,060] {dagbag.py:500} INFO - Filling up the DagBag from /opt/airflow/dags/example_bash.py
[2021-10-29 18:47:33,091] {processor.py:632} INFO - DAG(s) dict_keys(['example_bash']) retrieved from /opt/airflow/dags/example_bash.py
[2021-10-29 18:47:33,094] {logging_mixin.py:109} INFO - [2021-10-29 18:47:33,094] {dag.py:2389} INFO - Sync 1 DAGs
[2021-10-29 18:47:33,109] {logging_mixin.py:109} INFO - [2021-10-29 18:47:33,109] {dag.py:2914} INFO - Setting next_dagrun for example_bash to 2021-10-29T18:00:00+00:00
[2021-10-29 18:47:33,116] {processor.py:171} INFO - Processing /opt/airflow/dags/example_bash.py took 0.069 seconds
[2021-10-29 18:47:47,148] {processor.py:163} INFO - Started process (PID=561) to work on /opt/airflow/dags/example_bash.py
[2021-10-29 18:47:47,149] {processor.py:620} INFO - Processing file /opt/airflow/dags/example_bash.py for tasks to queue
[2021-10-29 18:47:47,149] {logging_mixin.py:109} INFO - [2021-10-29 18:47:47,149] {dagbag.py:500} INFO - Filling up the DagBag from /opt/airflow/dags/example_bash.py
[2021-10-29 18:47:47,173] {processor.py:632} INFO - DAG(s) dict_keys(['example_bash']) retrieved from /opt/airflow/dags/example_bash.py
[2021-10-29 18:47:47,177] {logging_mixin.py:109} INFO - [2021-10-29 18:47:47,177] {dag.py:2389} INFO - Sync 1 DAGs
[2021-10-29 18:47:47,195] {logging_mixin.py:109} INFO - [2021-10-29 18:47:47,195] {dag.py:2914} INFO - Setting next_dagrun for example_bash to 2021-10-29T18:00:00+00:00
[2021-10-29 18:47:47,203] {processor.py:171} INFO - Processing /opt/airflow/dags/example_bash.py took 0.058 seconds
[2021-10-29 18:48:03,212] {processor.py:163} INFO - Started process (PID=582) to work on /opt/airflow/dags/example_bash.py
[2021-10-29 18:48:03,215] {processor.py:620} INFO - Processing file /opt/airflow/dags/example_bash.py for tasks to queue
[2021-10-29 18:48:03,217] {logging_mixin.py:109} INFO - [2021-10-29 18:48:03,216] {dagbag.py:500} INFO - Filling up the DagBag from /opt/airflow/dags/example_bash.py
[2021-10-29 18:48:03,252] {processor.py:632} INFO - DAG(s) dict_keys(['example_bash']) retrieved from /opt/airflow/dags/example_bash.py
[2021-10-29 18:48:03,443] {logging_mixin.py:109} INFO - [2021-10-29 18:48:03,443] {dag.py:2389} INFO - Sync 1 DAGs
[2021-10-29 18:48:03,457] {logging_mixin.py:109} INFO - [2021-10-29 18:48:03,457] {dag.py:2914} INFO - Setting next_dagrun for example_bash to 2021-10-29T18:00:00+00:00
[2021-10-29 18:48:03,466] {processor.py:171} INFO - Processing /opt/airflow/dags/example_bash.py took 0.262 seconds
[2021-10-29 18:48:04,243] {processor.py:163} INFO - Started process (PID=583) to work on /opt/airflow/dags/example_bash.py
[2021-10-29 18:48:04,244] {processor.py:620} INFO - Processing file /opt/airflow/dags/example_bash.py for tasks to queue
[2021-10-29 18:48:04,244] {logging_mixin.py:109} INFO - [2021-10-29 18:48:04,244] {dagbag.py:500} INFO - Filling up the DagBag from /opt/airflow/dags/example_bash.py
[2021-10-29 18:48:04,265] {processor.py:632} INFO - DAG(s) dict_keys(['example_bash']) retrieved from /opt/airflow/dags/example_bash.py
[2021-10-29 18:48:04,269] {logging_mixin.py:109} INFO - [2021-10-29 18:48:04,268] {dag.py:2389} INFO - Sync 1 DAGs
[2021-10-29 18:48:04,284] {logging_mixin.py:109} INFO - [2021-10-29 18:48:04,284] {dag.py:2914} INFO - Setting next_dagrun for example_bash to 2021-10-29T18:00:00+00:00
[2021-10-29 18:48:04,292] {processor.py:171} INFO - Processing /opt/airflow/dags/example_bash.py took 0.051 seconds
[2021-10-29 18:48:26,330] {processor.py:163} INFO - Started process (PID=605) to work on /opt/airflow/dags/example_bash.py
[2021-10-29 18:48:26,331] {processor.py:620} INFO - Processing file /opt/airflow/dags/example_bash.py for tasks to queue
[2021-10-29 18:48:26,331] {logging_mixin.py:109} INFO - [2021-10-29 18:48:26,331] {dagbag.py:500} INFO - Filling up the DagBag from /opt/airflow/dags/example_bash.py
[2021-10-29 18:48:26,352] {processor.py:632} INFO - DAG(s) dict_keys(['example_bash']) retrieved from /opt/airflow/dags/example_bash.py
[2021-10-29 18:48:26,355] {logging_mixin.py:109} INFO - [2021-10-29 18:48:26,355] {dag.py:2389} INFO - Sync 1 DAGs
[2021-10-29 18:48:26,370] {logging_mixin.py:109} INFO - [2021-10-29 18:48:26,370] {dag.py:2914} INFO - Setting next_dagrun for example_bash to 2021-10-29T18:00:00+00:00
[2021-10-29 18:48:26,377] {processor.py:171} INFO - Processing /opt/airflow/dags/example_bash.py took 0.050 seconds
[2021-10-29 18:48:28,356] {processor.py:163} INFO - Started process (PID=606) to work on /opt/airflow/dags/example_bash.py
[2021-10-29 18:48:28,359] {processor.py:620} INFO - Processing file /opt/airflow/dags/example_bash.py for tasks to queue
[2021-10-29 18:48:28,360] {logging_mixin.py:109} INFO - [2021-10-29 18:48:28,360] {dagbag.py:500} INFO - Filling up the DagBag from /opt/airflow/dags/example_bash.py
[2021-10-29 18:48:28,396] {processor.py:632} INFO - DAG(s) dict_keys(['example_bash']) retrieved from /opt/airflow/dags/example_bash.py
[2021-10-29 18:48:28,399] {logging_mixin.py:109} INFO - [2021-10-29 18:48:28,399] {dag.py:2389} INFO - Sync 1 DAGs
[2021-10-29 18:48:28,418] {logging_mixin.py:109} INFO - [2021-10-29 18:48:28,418] {dag.py:2914} INFO - Setting next_dagrun for example_bash to 2021-10-29T18:00:00+00:00
[2021-10-29 18:48:28,427] {processor.py:171} INFO - Processing /opt/airflow/dags/example_bash.py took 0.079 seconds
[2021-10-29 18:48:29,405] {processor.py:163} INFO - Started process (PID=607) to work on /opt/airflow/dags/example_bash.py
[2021-10-29 18:48:29,406] {processor.py:620} INFO - Processing file /opt/airflow/dags/example_bash.py for tasks to queue
[2021-10-29 18:48:29,406] {logging_mixin.py:109} INFO - [2021-10-29 18:48:29,406] {dagbag.py:500} INFO - Filling up the DagBag from /opt/airflow/dags/example_bash.py
[2021-10-29 18:48:29,429] {processor.py:632} INFO - DAG(s) dict_keys(['example_bash']) retrieved from /opt/airflow/dags/example_bash.py
[2021-10-29 18:48:29,432] {logging_mixin.py:109} INFO - [2021-10-29 18:48:29,432] {dag.py:2389} INFO - Sync 1 DAGs
[2021-10-29 18:48:29,447] {logging_mixin.py:109} INFO - [2021-10-29 18:48:29,447] {dag.py:2914} INFO - Setting next_dagrun for example_bash to 2021-10-29T18:00:00+00:00
[2021-10-29 18:48:29,456] {processor.py:171} INFO - Processing /opt/airflow/dags/example_bash.py took 0.053 seconds
[2021-10-29 18:48:31,459] {processor.py:163} INFO - Started process (PID=608) to work on /opt/airflow/dags/example_bash.py
[2021-10-29 18:48:31,460] {processor.py:620} INFO - Processing file /opt/airflow/dags/example_bash.py for tasks to queue
[2021-10-29 18:48:31,460] {logging_mixin.py:109} INFO - [2021-10-29 18:48:31,460] {dagbag.py:500} INFO - Filling up the DagBag from /opt/airflow/dags/example_bash.py
[2021-10-29 18:48:31,483] {processor.py:632} INFO - DAG(s) dict_keys(['example_bash']) retrieved from /opt/airflow/dags/example_bash.py
[2021-10-29 18:48:31,486] {logging_mixin.py:109} INFO - [2021-10-29 18:48:31,486] {dag.py:2389} INFO - Sync 1 DAGs
[2021-10-29 18:48:31,501] {logging_mixin.py:109} INFO - [2021-10-29 18:48:31,501] {dag.py:2914} INFO - Setting next_dagrun for example_bash to 2021-10-29T18:00:00+00:00
[2021-10-29 18:48:31,509] {processor.py:171} INFO - Processing /opt/airflow/dags/example_bash.py took 0.052 seconds
[2021-10-29 18:48:40,557] {processor.py:163} INFO - Started process (PID=619) to work on /opt/airflow/dags/example_bash.py
[2021-10-29 18:48:40,560] {processor.py:620} INFO - Processing file /opt/airflow/dags/example_bash.py for tasks to queue
[2021-10-29 18:48:40,562] {logging_mixin.py:109} INFO - [2021-10-29 18:48:40,562] {dagbag.py:500} INFO - Filling up the DagBag from /opt/airflow/dags/example_bash.py
[2021-10-29 18:48:40,593] {processor.py:632} INFO - DAG(s) dict_keys(['example_bash']) retrieved from /opt/airflow/dags/example_bash.py
[2021-10-29 18:48:40,779] {logging_mixin.py:109} INFO - [2021-10-29 18:48:40,779] {dag.py:2389} INFO - Sync 1 DAGs
[2021-10-29 18:48:40,794] {logging_mixin.py:109} INFO - [2021-10-29 18:48:40,794] {dag.py:2914} INFO - Setting next_dagrun for example_bash to 2021-10-29T18:00:00+00:00
[2021-10-29 18:48:40,805] {processor.py:171} INFO - Processing /opt/airflow/dags/example_bash.py took 0.259 seconds
[2021-10-29 18:48:46,576] {processor.py:163} INFO - Started process (PID=620) to work on /opt/airflow/dags/example_bash.py
[2021-10-29 18:48:46,580] {processor.py:620} INFO - Processing file /opt/airflow/dags/example_bash.py for tasks to queue
[2021-10-29 18:48:46,582] {logging_mixin.py:109} INFO - [2021-10-29 18:48:46,581] {dagbag.py:500} INFO - Filling up the DagBag from /opt/airflow/dags/example_bash.py
[2021-10-29 18:48:46,596] {logging_mixin.py:109} INFO - [2021-10-29 18:48:46,594] {dagbag.py:334} ERROR - Failed to import: /opt/airflow/dags/example_bash.py
Traceback (most recent call last):
  File "/home/airflow/.local/lib/python3.6/site-packages/airflow/models/dagbag.py", line 331, in _load_modules_from_file
    loader.exec_module(new_module)
  File "<frozen importlib._bootstrap_external>", line 678, in exec_module
  File "<frozen importlib._bootstrap>", line 219, in _call_with_frames_removed
  File "/opt/airflow/dags/example_bash.py", line 27, in <module>
    dag=dag,
  File "/home/airflow/.local/lib/python3.6/site-packages/airflow/models/baseoperator.py", line 188, in apply_defaults
    result = func(self, *args, **kwargs)
  File "/home/airflow/.local/lib/python3.6/site-packages/airflow/operators/bash.py", line 143, in __init__
    super().__init__(**kwargs)
  File "/home/airflow/.local/lib/python3.6/site-packages/airflow/models/baseoperator.py", line 188, in apply_defaults
    result = func(self, *args, **kwargs)
  File "/home/airflow/.local/lib/python3.6/site-packages/airflow/models/baseoperator.py", line 553, in __init__
    task_group.add(self)
  File "/home/airflow/.local/lib/python3.6/site-packages/airflow/utils/task_group.py", line 175, in add
    raise DuplicateTaskIdFound(f"Task id '{key}' has already been added to the DAG")
airflow.exceptions.DuplicateTaskIdFound: Task id 'task_example_id_1' has already been added to the DAG
[2021-10-29 18:48:46,609] {processor.py:668} INFO - Deactivated 1 DAGs which are no longer present in /opt/airflow/dags/example_bash.py
[2021-10-29 18:48:46,609] {processor.py:634} WARNING - No viable dags retrieved from /opt/airflow/dags/example_bash.py
[2021-10-29 18:48:46,614] {processor.py:171} INFO - Processing /opt/airflow/dags/example_bash.py took 0.047 seconds
[2021-10-29 18:48:47,584] {processor.py:163} INFO - Started process (PID=621) to work on /opt/airflow/dags/example_bash.py
[2021-10-29 18:48:47,586] {processor.py:620} INFO - Processing file /opt/airflow/dags/example_bash.py for tasks to queue
[2021-10-29 18:48:47,588] {logging_mixin.py:109} INFO - [2021-10-29 18:48:47,587] {dagbag.py:500} INFO - Filling up the DagBag from /opt/airflow/dags/example_bash.py
[2021-10-29 18:48:47,601] {logging_mixin.py:109} INFO - [2021-10-29 18:48:47,600] {dagbag.py:334} ERROR - Failed to import: /opt/airflow/dags/example_bash.py
Traceback (most recent call last):
  File "/home/airflow/.local/lib/python3.6/site-packages/airflow/models/dagbag.py", line 331, in _load_modules_from_file
    loader.exec_module(new_module)
  File "<frozen importlib._bootstrap_external>", line 678, in exec_module
  File "<frozen importlib._bootstrap>", line 219, in _call_with_frames_removed
  File "/opt/airflow/dags/example_bash.py", line 27, in <module>
    dag=dag,
  File "/home/airflow/.local/lib/python3.6/site-packages/airflow/models/baseoperator.py", line 188, in apply_defaults
    result = func(self, *args, **kwargs)
  File "/home/airflow/.local/lib/python3.6/site-packages/airflow/operators/bash.py", line 143, in __init__
    super().__init__(**kwargs)
  File "/home/airflow/.local/lib/python3.6/site-packages/airflow/models/baseoperator.py", line 188, in apply_defaults
    result = func(self, *args, **kwargs)
  File "/home/airflow/.local/lib/python3.6/site-packages/airflow/models/baseoperator.py", line 553, in __init__
    task_group.add(self)
  File "/home/airflow/.local/lib/python3.6/site-packages/airflow/utils/task_group.py", line 175, in add
    raise DuplicateTaskIdFound(f"Task id '{key}' has already been added to the DAG")
airflow.exceptions.DuplicateTaskIdFound: Task id 'task_example_id_1' has already been added to the DAG
[2021-10-29 18:48:47,620] {processor.py:634} WARNING - No viable dags retrieved from /opt/airflow/dags/example_bash.py
[2021-10-29 18:48:47,629] {processor.py:171} INFO - Processing /opt/airflow/dags/example_bash.py took 0.050 seconds
[2021-10-29 18:48:48,629] {processor.py:163} INFO - Started process (PID=632) to work on /opt/airflow/dags/example_bash.py
[2021-10-29 18:48:48,629] {processor.py:620} INFO - Processing file /opt/airflow/dags/example_bash.py for tasks to queue
[2021-10-29 18:48:48,630] {logging_mixin.py:109} INFO - [2021-10-29 18:48:48,630] {dagbag.py:500} INFO - Filling up the DagBag from /opt/airflow/dags/example_bash.py
[2021-10-29 18:48:48,636] {logging_mixin.py:109} INFO - [2021-10-29 18:48:48,635] {dagbag.py:334} ERROR - Failed to import: /opt/airflow/dags/example_bash.py
Traceback (most recent call last):
  File "/home/airflow/.local/lib/python3.6/site-packages/airflow/models/dagbag.py", line 331, in _load_modules_from_file
    loader.exec_module(new_module)
  File "<frozen importlib._bootstrap_external>", line 678, in exec_module
  File "<frozen importlib._bootstrap>", line 219, in _call_with_frames_removed
  File "/opt/airflow/dags/example_bash.py", line 27, in <module>
    dag=dag,
  File "/home/airflow/.local/lib/python3.6/site-packages/airflow/models/baseoperator.py", line 188, in apply_defaults
    result = func(self, *args, **kwargs)
  File "/home/airflow/.local/lib/python3.6/site-packages/airflow/operators/bash.py", line 143, in __init__
    super().__init__(**kwargs)
  File "/home/airflow/.local/lib/python3.6/site-packages/airflow/models/baseoperator.py", line 188, in apply_defaults
    result = func(self, *args, **kwargs)
  File "/home/airflow/.local/lib/python3.6/site-packages/airflow/models/baseoperator.py", line 553, in __init__
    task_group.add(self)
  File "/home/airflow/.local/lib/python3.6/site-packages/airflow/utils/task_group.py", line 175, in add
    raise DuplicateTaskIdFound(f"Task id '{key}' has already been added to the DAG")
airflow.exceptions.DuplicateTaskIdFound: Task id 'task_example_id_1' has already been added to the DAG
[2021-10-29 18:48:48,646] {processor.py:634} WARNING - No viable dags retrieved from /opt/airflow/dags/example_bash.py
[2021-10-29 18:48:48,650] {processor.py:171} INFO - Processing /opt/airflow/dags/example_bash.py took 0.024 seconds
[2021-10-29 18:48:50,656] {processor.py:163} INFO - Started process (PID=633) to work on /opt/airflow/dags/example_bash.py
[2021-10-29 18:48:50,657] {processor.py:620} INFO - Processing file /opt/airflow/dags/example_bash.py for tasks to queue
[2021-10-29 18:48:50,657] {logging_mixin.py:109} INFO - [2021-10-29 18:48:50,657] {dagbag.py:500} INFO - Filling up the DagBag from /opt/airflow/dags/example_bash.py
[2021-10-29 18:48:50,678] {processor.py:632} INFO - DAG(s) dict_keys(['example_bash']) retrieved from /opt/airflow/dags/example_bash.py
[2021-10-29 18:48:50,681] {logging_mixin.py:109} INFO - [2021-10-29 18:48:50,681] {dag.py:2389} INFO - Sync 1 DAGs
[2021-10-29 18:48:50,697] {logging_mixin.py:109} INFO - [2021-10-29 18:48:50,697] {dag.py:2914} INFO - Setting next_dagrun for example_bash to 2021-10-29T18:00:00+00:00
[2021-10-29 18:48:50,704] {processor.py:171} INFO - Processing /opt/airflow/dags/example_bash.py took 0.050 seconds
[2021-10-29 18:48:54,693] {processor.py:163} INFO - Started process (PID=634) to work on /opt/airflow/dags/example_bash.py
[2021-10-29 18:48:54,696] {processor.py:620} INFO - Processing file /opt/airflow/dags/example_bash.py for tasks to queue
[2021-10-29 18:48:54,698] {logging_mixin.py:109} INFO - [2021-10-29 18:48:54,697] {dagbag.py:500} INFO - Filling up the DagBag from /opt/airflow/dags/example_bash.py
[2021-10-29 18:48:54,735] {processor.py:632} INFO - DAG(s) dict_keys(['example_bash']) retrieved from /opt/airflow/dags/example_bash.py
[2021-10-29 18:48:54,738] {logging_mixin.py:109} INFO - [2021-10-29 18:48:54,738] {dag.py:2389} INFO - Sync 1 DAGs
[2021-10-29 18:48:54,753] {logging_mixin.py:109} INFO - [2021-10-29 18:48:54,753] {dag.py:2914} INFO - Setting next_dagrun for example_bash to 2021-10-29T18:00:00+00:00
[2021-10-29 18:48:54,761] {processor.py:171} INFO - Processing /opt/airflow/dags/example_bash.py took 0.076 seconds
[2021-10-29 18:49:00,779] {processor.py:163} INFO - Started process (PID=645) to work on /opt/airflow/dags/example_bash.py
[2021-10-29 18:49:00,780] {processor.py:620} INFO - Processing file /opt/airflow/dags/example_bash.py for tasks to queue
[2021-10-29 18:49:00,780] {logging_mixin.py:109} INFO - [2021-10-29 18:49:00,780] {dagbag.py:500} INFO - Filling up the DagBag from /opt/airflow/dags/example_bash.py
[2021-10-29 18:49:00,801] {processor.py:632} INFO - DAG(s) dict_keys(['example_bash']) retrieved from /opt/airflow/dags/example_bash.py
[2021-10-29 18:49:00,804] {logging_mixin.py:109} INFO - [2021-10-29 18:49:00,804] {dag.py:2389} INFO - Sync 1 DAGs
[2021-10-29 18:49:00,820] {logging_mixin.py:109} INFO - [2021-10-29 18:49:00,819] {dag.py:2914} INFO - Setting next_dagrun for example_bash to 2021-10-29T18:00:00+00:00
[2021-10-29 18:49:00,827] {processor.py:171} INFO - Processing /opt/airflow/dags/example_bash.py took 0.050 seconds
[2021-10-29 18:49:01,782] {processor.py:163} INFO - Started process (PID=646) to work on /opt/airflow/dags/example_bash.py
[2021-10-29 18:49:01,783] {processor.py:620} INFO - Processing file /opt/airflow/dags/example_bash.py for tasks to queue
[2021-10-29 18:49:01,783] {logging_mixin.py:109} INFO - [2021-10-29 18:49:01,783] {dagbag.py:500} INFO - Filling up the DagBag from /opt/airflow/dags/example_bash.py
[2021-10-29 18:49:01,805] {processor.py:632} INFO - DAG(s) dict_keys(['example_bash']) retrieved from /opt/airflow/dags/example_bash.py
[2021-10-29 18:49:01,809] {logging_mixin.py:109} INFO - [2021-10-29 18:49:01,809] {dag.py:2389} INFO - Sync 1 DAGs
[2021-10-29 18:49:01,830] {logging_mixin.py:109} INFO - [2021-10-29 18:49:01,829] {dag.py:2914} INFO - Setting next_dagrun for example_bash to 2021-10-29T18:00:00+00:00
[2021-10-29 18:49:01,840] {processor.py:171} INFO - Processing /opt/airflow/dags/example_bash.py took 0.060 seconds
[2021-10-29 18:49:02,853] {processor.py:163} INFO - Started process (PID=647) to work on /opt/airflow/dags/example_bash.py
[2021-10-29 18:49:02,854] {processor.py:620} INFO - Processing file /opt/airflow/dags/example_bash.py for tasks to queue
[2021-10-29 18:49:02,855] {logging_mixin.py:109} INFO - [2021-10-29 18:49:02,855] {dagbag.py:500} INFO - Filling up the DagBag from /opt/airflow/dags/example_bash.py
[2021-10-29 18:49:02,879] {processor.py:632} INFO - DAG(s) dict_keys(['example_bash']) retrieved from /opt/airflow/dags/example_bash.py
[2021-10-29 18:49:02,882] {logging_mixin.py:109} INFO - [2021-10-29 18:49:02,882] {dag.py:2389} INFO - Sync 1 DAGs
[2021-10-29 18:49:02,898] {logging_mixin.py:109} INFO - [2021-10-29 18:49:02,898] {dag.py:2914} INFO - Setting next_dagrun for example_bash to 2021-10-29T18:00:00+00:00
[2021-10-29 18:49:02,905] {processor.py:171} INFO - Processing /opt/airflow/dags/example_bash.py took 0.056 seconds
[2021-10-29 18:49:33,007] {processor.py:163} INFO - Started process (PID=669) to work on /opt/airflow/dags/example_bash.py
[2021-10-29 18:49:33,011] {processor.py:620} INFO - Processing file /opt/airflow/dags/example_bash.py for tasks to queue
[2021-10-29 18:49:33,012] {logging_mixin.py:109} INFO - [2021-10-29 18:49:33,012] {dagbag.py:500} INFO - Filling up the DagBag from /opt/airflow/dags/example_bash.py
[2021-10-29 18:49:33,048] {processor.py:632} INFO - DAG(s) dict_keys(['example_bash']) retrieved from /opt/airflow/dags/example_bash.py
[2021-10-29 18:49:33,266] {logging_mixin.py:109} INFO - [2021-10-29 18:49:33,266] {dag.py:2389} INFO - Sync 1 DAGs
[2021-10-29 18:49:33,286] {logging_mixin.py:109} INFO - [2021-10-29 18:49:33,285] {dag.py:2914} INFO - Setting next_dagrun for example_bash to 2021-10-29T18:00:00+00:00
[2021-10-29 18:49:33,298] {processor.py:171} INFO - Processing /opt/airflow/dags/example_bash.py took 0.300 seconds
[2021-10-29 18:50:03,382] {processor.py:163} INFO - Started process (PID=701) to work on /opt/airflow/dags/example_bash.py
[2021-10-29 18:50:03,384] {processor.py:620} INFO - Processing file /opt/airflow/dags/example_bash.py for tasks to queue
[2021-10-29 18:50:03,386] {logging_mixin.py:109} INFO - [2021-10-29 18:50:03,386] {dagbag.py:500} INFO - Filling up the DagBag from /opt/airflow/dags/example_bash.py
[2021-10-29 18:50:03,422] {processor.py:632} INFO - DAG(s) dict_keys(['example_bash']) retrieved from /opt/airflow/dags/example_bash.py
[2021-10-29 18:50:03,430] {logging_mixin.py:109} INFO - [2021-10-29 18:50:03,430] {dag.py:2389} INFO - Sync 1 DAGs
[2021-10-29 18:50:03,445] {logging_mixin.py:109} INFO - [2021-10-29 18:50:03,444] {dag.py:2914} INFO - Setting next_dagrun for example_bash to 2021-10-29T18:00:00+00:00
[2021-10-29 18:50:03,451] {processor.py:171} INFO - Processing /opt/airflow/dags/example_bash.py took 0.077 seconds
[2021-10-29 18:50:33,483] {processor.py:163} INFO - Started process (PID=722) to work on /opt/airflow/dags/example_bash.py
[2021-10-29 18:50:33,484] {processor.py:620} INFO - Processing file /opt/airflow/dags/example_bash.py for tasks to queue
[2021-10-29 18:50:33,485] {logging_mixin.py:109} INFO - [2021-10-29 18:50:33,484] {dagbag.py:500} INFO - Filling up the DagBag from /opt/airflow/dags/example_bash.py
[2021-10-29 18:50:33,512] {processor.py:632} INFO - DAG(s) dict_keys(['example_bash']) retrieved from /opt/airflow/dags/example_bash.py
[2021-10-29 18:50:33,522] {logging_mixin.py:109} INFO - [2021-10-29 18:50:33,521] {dag.py:2389} INFO - Sync 1 DAGs
[2021-10-29 18:50:33,541] {logging_mixin.py:109} INFO - [2021-10-29 18:50:33,541] {dag.py:2914} INFO - Setting next_dagrun for example_bash to 2021-10-29T18:00:00+00:00
[2021-10-29 18:50:33,548] {processor.py:171} INFO - Processing /opt/airflow/dags/example_bash.py took 0.068 seconds
[2021-10-29 18:51:03,636] {processor.py:163} INFO - Started process (PID=793) to work on /opt/airflow/dags/example_bash.py
[2021-10-29 18:51:03,638] {processor.py:620} INFO - Processing file /opt/airflow/dags/example_bash.py for tasks to queue
[2021-10-29 18:51:03,639] {logging_mixin.py:109} INFO - [2021-10-29 18:51:03,638] {dagbag.py:500} INFO - Filling up the DagBag from /opt/airflow/dags/example_bash.py
[2021-10-29 18:51:03,695] {processor.py:632} INFO - DAG(s) dict_keys(['example_bash']) retrieved from /opt/airflow/dags/example_bash.py
[2021-10-29 18:51:03,712] {logging_mixin.py:109} INFO - [2021-10-29 18:51:03,712] {dag.py:2389} INFO - Sync 1 DAGs
[2021-10-29 18:51:03,745] {logging_mixin.py:109} INFO - [2021-10-29 18:51:03,745] {dag.py:2914} INFO - Setting next_dagrun for example_bash to 2021-10-29T18:15:00+00:00
[2021-10-29 18:51:03,769] {processor.py:171} INFO - Processing /opt/airflow/dags/example_bash.py took 0.143 seconds
[2021-10-29 18:51:33,863] {processor.py:163} INFO - Started process (PID=951) to work on /opt/airflow/dags/example_bash.py
[2021-10-29 18:51:33,868] {processor.py:620} INFO - Processing file /opt/airflow/dags/example_bash.py for tasks to queue
[2021-10-29 18:51:33,870] {logging_mixin.py:109} INFO - [2021-10-29 18:51:33,870] {dagbag.py:500} INFO - Filling up the DagBag from /opt/airflow/dags/example_bash.py
[2021-10-29 18:51:33,909] {processor.py:632} INFO - DAG(s) dict_keys(['example_bash']) retrieved from /opt/airflow/dags/example_bash.py
[2021-10-29 18:51:33,916] {logging_mixin.py:109} INFO - [2021-10-29 18:51:33,916] {dag.py:2389} INFO - Sync 1 DAGs
[2021-10-29 18:51:33,930] {logging_mixin.py:109} INFO - [2021-10-29 18:51:33,930] {dag.py:2914} INFO - Setting next_dagrun for example_bash to 2021-10-29T18:51:00+00:00
[2021-10-29 18:51:33,937] {processor.py:171} INFO - Processing /opt/airflow/dags/example_bash.py took 0.083 seconds
[2021-10-29 18:52:03,973] {processor.py:163} INFO - Started process (PID=973) to work on /opt/airflow/dags/example_bash.py
[2021-10-29 18:52:03,973] {processor.py:620} INFO - Processing file /opt/airflow/dags/example_bash.py for tasks to queue
[2021-10-29 18:52:03,974] {logging_mixin.py:109} INFO - [2021-10-29 18:52:03,974] {dagbag.py:500} INFO - Filling up the DagBag from /opt/airflow/dags/example_bash.py
[2021-10-29 18:52:03,994] {processor.py:632} INFO - DAG(s) dict_keys(['example_bash']) retrieved from /opt/airflow/dags/example_bash.py
[2021-10-29 18:52:04,002] {logging_mixin.py:109} INFO - [2021-10-29 18:52:04,002] {dag.py:2389} INFO - Sync 1 DAGs
[2021-10-29 18:52:04,015] {logging_mixin.py:109} INFO - [2021-10-29 18:52:04,015] {dag.py:2914} INFO - Setting next_dagrun for example_bash to 2021-10-29T18:52:00+00:00
[2021-10-29 18:52:04,021] {processor.py:171} INFO - Processing /opt/airflow/dags/example_bash.py took 0.051 seconds
[2021-10-29 18:52:34,100] {processor.py:163} INFO - Started process (PID=1004) to work on /opt/airflow/dags/example_bash.py
[2021-10-29 18:52:34,103] {processor.py:620} INFO - Processing file /opt/airflow/dags/example_bash.py for tasks to queue
[2021-10-29 18:52:34,104] {logging_mixin.py:109} INFO - [2021-10-29 18:52:34,104] {dagbag.py:500} INFO - Filling up the DagBag from /opt/airflow/dags/example_bash.py
[2021-10-29 18:52:34,123] {processor.py:632} INFO - DAG(s) dict_keys(['example_bash']) retrieved from /opt/airflow/dags/example_bash.py
[2021-10-29 18:52:34,131] {logging_mixin.py:109} INFO - [2021-10-29 18:52:34,131] {dag.py:2389} INFO - Sync 1 DAGs
[2021-10-29 18:52:34,145] {logging_mixin.py:109} INFO - [2021-10-29 18:52:34,145] {dag.py:2914} INFO - Setting next_dagrun for example_bash to 2021-10-29T18:52:00+00:00
[2021-10-29 18:52:34,153] {processor.py:171} INFO - Processing /opt/airflow/dags/example_bash.py took 0.054 seconds
[2021-10-29 18:52:51,207] {processor.py:163} INFO - Started process (PID=1015) to work on /opt/airflow/dags/example_bash.py
[2021-10-29 18:52:51,208] {processor.py:620} INFO - Processing file /opt/airflow/dags/example_bash.py for tasks to queue
[2021-10-29 18:52:51,209] {logging_mixin.py:109} INFO - [2021-10-29 18:52:51,209] {dagbag.py:500} INFO - Filling up the DagBag from /opt/airflow/dags/example_bash.py
[2021-10-29 18:52:51,235] {processor.py:632} INFO - DAG(s) dict_keys(['example_bash']) retrieved from /opt/airflow/dags/example_bash.py
[2021-10-29 18:52:51,430] {logging_mixin.py:109} INFO - [2021-10-29 18:52:51,430] {dag.py:2389} INFO - Sync 1 DAGs
[2021-10-29 18:52:51,443] {logging_mixin.py:109} INFO - [2021-10-29 18:52:51,443] {dag.py:2914} INFO - Setting next_dagrun for example_bash to 2021-10-29T18:52:00+00:00
[2021-10-29 18:52:51,452] {processor.py:171} INFO - Processing /opt/airflow/dags/example_bash.py took 0.247 seconds
[2021-10-29 18:52:54,215] {processor.py:163} INFO - Started process (PID=1026) to work on /opt/airflow/dags/example_bash.py
[2021-10-29 18:52:54,216] {processor.py:620} INFO - Processing file /opt/airflow/dags/example_bash.py for tasks to queue
[2021-10-29 18:52:54,216] {logging_mixin.py:109} INFO - [2021-10-29 18:52:54,216] {dagbag.py:500} INFO - Filling up the DagBag from /opt/airflow/dags/example_bash.py
[2021-10-29 18:52:54,236] {processor.py:632} INFO - DAG(s) dict_keys(['example_bash']) retrieved from /opt/airflow/dags/example_bash.py
[2021-10-29 18:52:54,238] {logging_mixin.py:109} INFO - [2021-10-29 18:52:54,238] {dag.py:2389} INFO - Sync 1 DAGs
[2021-10-29 18:52:54,252] {logging_mixin.py:109} INFO - [2021-10-29 18:52:54,252] {dag.py:2914} INFO - Setting next_dagrun for example_bash to 2021-10-29T18:52:00+00:00
[2021-10-29 18:52:54,259] {processor.py:171} INFO - Processing /opt/airflow/dags/example_bash.py took 0.045 seconds
[2021-10-29 18:53:24,329] {processor.py:163} INFO - Started process (PID=1047) to work on /opt/airflow/dags/example_bash.py
[2021-10-29 18:53:24,330] {processor.py:620} INFO - Processing file /opt/airflow/dags/example_bash.py for tasks to queue
[2021-10-29 18:53:24,330] {logging_mixin.py:109} INFO - [2021-10-29 18:53:24,330] {dagbag.py:500} INFO - Filling up the DagBag from /opt/airflow/dags/example_bash.py
[2021-10-29 18:53:24,353] {processor.py:632} INFO - DAG(s) dict_keys(['example_bash']) retrieved from /opt/airflow/dags/example_bash.py
[2021-10-29 18:53:24,576] {logging_mixin.py:109} INFO - [2021-10-29 18:53:24,576] {dag.py:2389} INFO - Sync 1 DAGs
[2021-10-29 18:53:24,595] {logging_mixin.py:109} INFO - [2021-10-29 18:53:24,595] {dag.py:2914} INFO - Setting next_dagrun for example_bash to 2021-10-29T18:53:00+00:00
[2021-10-29 18:53:24,605] {processor.py:171} INFO - Processing /opt/airflow/dags/example_bash.py took 0.278 seconds
