[2021-10-29 18:19:02,684] {processor.py:163} INFO - Started process (PID=138) to work on /home/airflow/.local/lib/python3.6/site-packages/airflow/example_dags/example_bash_operator.py
[2021-10-29 18:19:02,685] {processor.py:620} INFO - Processing file /home/airflow/.local/lib/python3.6/site-packages/airflow/example_dags/example_bash_operator.py for tasks to queue
[2021-10-29 18:19:02,686] {logging_mixin.py:109} INFO - [2021-10-29 18:19:02,686] {dagbag.py:500} INFO - Filling up the DagBag from /home/airflow/.local/lib/python3.6/site-packages/airflow/example_dags/example_bash_operator.py
[2021-10-29 18:19:02,716] {processor.py:632} INFO - DAG(s) dict_keys(['example_bash_operator']) retrieved from /home/airflow/.local/lib/python3.6/site-packages/airflow/example_dags/example_bash_operator.py
[2021-10-29 18:19:04,083] {logging_mixin.py:109} INFO - [2021-10-29 18:19:04,083] {providers_manager.py:156} WARNING - Exception when importing 'airflow.providers.google.leveldb.hooks.leveldb.LevelDBHook' from 'apache-airflow-providers-google' package: No module named 'plyvel'
[2021-10-29 18:19:04,510] {logging_mixin.py:109} INFO - [2021-10-29 18:19:04,510] {providers_manager.py:156} WARNING - Exception when importing 'airflow.providers.google.leveldb.hooks.leveldb.LevelDBHook' from 'apache-airflow-providers-google' package: No module named 'plyvel'
[2021-10-29 18:19:04,531] {logging_mixin.py:109} INFO - [2021-10-29 18:19:04,531] {manager.py:496} INFO - Created Permission View: can read on DAG:example_bash_operator
[2021-10-29 18:19:04,538] {logging_mixin.py:109} INFO - [2021-10-29 18:19:04,538] {manager.py:496} INFO - Created Permission View: can edit on DAG:example_bash_operator
[2021-10-29 18:19:04,540] {logging_mixin.py:109} INFO - [2021-10-29 18:19:04,538] {dag.py:2389} INFO - Sync 1 DAGs
[2021-10-29 18:19:04,550] {logging_mixin.py:109} INFO - [2021-10-29 18:19:04,549] {dag.py:2408} INFO - Creating ORM DAG for example_bash_operator
[2021-10-29 18:19:04,557] {logging_mixin.py:109} INFO - [2021-10-29 18:19:04,557] {dag.py:2914} INFO - Setting next_dagrun for example_bash_operator to 2021-10-28 00:00:00+00:00
[2021-10-29 18:19:04,570] {processor.py:171} INFO - Processing /home/airflow/.local/lib/python3.6/site-packages/airflow/example_dags/example_bash_operator.py took 1.888 seconds
[2021-10-29 18:19:34,764] {processor.py:163} INFO - Started process (PID=368) to work on /home/airflow/.local/lib/python3.6/site-packages/airflow/example_dags/example_bash_operator.py
[2021-10-29 18:19:34,767] {processor.py:620} INFO - Processing file /home/airflow/.local/lib/python3.6/site-packages/airflow/example_dags/example_bash_operator.py for tasks to queue
[2021-10-29 18:19:34,768] {logging_mixin.py:109} INFO - [2021-10-29 18:19:34,768] {dagbag.py:500} INFO - Filling up the DagBag from /home/airflow/.local/lib/python3.6/site-packages/airflow/example_dags/example_bash_operator.py
[2021-10-29 18:19:34,803] {processor.py:632} INFO - DAG(s) dict_keys(['example_bash_operator']) retrieved from /home/airflow/.local/lib/python3.6/site-packages/airflow/example_dags/example_bash_operator.py
[2021-10-29 18:19:34,812] {logging_mixin.py:109} INFO - [2021-10-29 18:19:34,811] {dag.py:2389} INFO - Sync 1 DAGs
[2021-10-29 18:19:34,824] {logging_mixin.py:109} INFO - [2021-10-29 18:19:34,824] {dag.py:2914} INFO - Setting next_dagrun for example_bash_operator to 2021-10-28 00:00:00+00:00
[2021-10-29 18:19:34,830] {processor.py:171} INFO - Processing /home/airflow/.local/lib/python3.6/site-packages/airflow/example_dags/example_bash_operator.py took 0.074 seconds
[2021-10-29 18:20:04,968] {processor.py:163} INFO - Started process (PID=431) to work on /home/airflow/.local/lib/python3.6/site-packages/airflow/example_dags/example_bash_operator.py
[2021-10-29 18:20:04,969] {processor.py:620} INFO - Processing file /home/airflow/.local/lib/python3.6/site-packages/airflow/example_dags/example_bash_operator.py for tasks to queue
[2021-10-29 18:20:04,970] {logging_mixin.py:109} INFO - [2021-10-29 18:20:04,970] {dagbag.py:500} INFO - Filling up the DagBag from /home/airflow/.local/lib/python3.6/site-packages/airflow/example_dags/example_bash_operator.py
[2021-10-29 18:20:05,002] {processor.py:632} INFO - DAG(s) dict_keys(['example_bash_operator']) retrieved from /home/airflow/.local/lib/python3.6/site-packages/airflow/example_dags/example_bash_operator.py
[2021-10-29 18:20:05,012] {logging_mixin.py:109} INFO - [2021-10-29 18:20:05,011] {dag.py:2389} INFO - Sync 1 DAGs
[2021-10-29 18:20:05,025] {logging_mixin.py:109} INFO - [2021-10-29 18:20:05,025] {dag.py:2914} INFO - Setting next_dagrun for example_bash_operator to 2021-10-28 00:00:00+00:00
[2021-10-29 18:20:05,034] {processor.py:171} INFO - Processing /home/airflow/.local/lib/python3.6/site-packages/airflow/example_dags/example_bash_operator.py took 0.069 seconds
[2021-10-29 18:20:35,287] {processor.py:163} INFO - Started process (PID=485) to work on /home/airflow/.local/lib/python3.6/site-packages/airflow/example_dags/example_bash_operator.py
[2021-10-29 18:20:35,291] {processor.py:620} INFO - Processing file /home/airflow/.local/lib/python3.6/site-packages/airflow/example_dags/example_bash_operator.py for tasks to queue
[2021-10-29 18:20:35,293] {logging_mixin.py:109} INFO - [2021-10-29 18:20:35,292] {dagbag.py:500} INFO - Filling up the DagBag from /home/airflow/.local/lib/python3.6/site-packages/airflow/example_dags/example_bash_operator.py
[2021-10-29 18:20:35,327] {processor.py:632} INFO - DAG(s) dict_keys(['example_bash_operator']) retrieved from /home/airflow/.local/lib/python3.6/site-packages/airflow/example_dags/example_bash_operator.py
[2021-10-29 18:20:35,336] {logging_mixin.py:109} INFO - [2021-10-29 18:20:35,336] {dag.py:2389} INFO - Sync 1 DAGs
[2021-10-29 18:20:35,350] {logging_mixin.py:109} INFO - [2021-10-29 18:20:35,350] {dag.py:2914} INFO - Setting next_dagrun for example_bash_operator to 2021-10-28 00:00:00+00:00
[2021-10-29 18:20:35,359] {processor.py:171} INFO - Processing /home/airflow/.local/lib/python3.6/site-packages/airflow/example_dags/example_bash_operator.py took 0.082 seconds
[2021-10-29 18:21:05,471] {processor.py:163} INFO - Started process (PID=548) to work on /home/airflow/.local/lib/python3.6/site-packages/airflow/example_dags/example_bash_operator.py
[2021-10-29 18:21:05,475] {processor.py:620} INFO - Processing file /home/airflow/.local/lib/python3.6/site-packages/airflow/example_dags/example_bash_operator.py for tasks to queue
[2021-10-29 18:21:05,476] {logging_mixin.py:109} INFO - [2021-10-29 18:21:05,476] {dagbag.py:500} INFO - Filling up the DagBag from /home/airflow/.local/lib/python3.6/site-packages/airflow/example_dags/example_bash_operator.py
[2021-10-29 18:21:05,513] {processor.py:632} INFO - DAG(s) dict_keys(['example_bash_operator']) retrieved from /home/airflow/.local/lib/python3.6/site-packages/airflow/example_dags/example_bash_operator.py
[2021-10-29 18:21:05,521] {logging_mixin.py:109} INFO - [2021-10-29 18:21:05,521] {dag.py:2389} INFO - Sync 1 DAGs
[2021-10-29 18:21:05,534] {logging_mixin.py:109} INFO - [2021-10-29 18:21:05,534] {dag.py:2914} INFO - Setting next_dagrun for example_bash_operator to 2021-10-28 00:00:00+00:00
[2021-10-29 18:21:05,542] {processor.py:171} INFO - Processing /home/airflow/.local/lib/python3.6/site-packages/airflow/example_dags/example_bash_operator.py took 0.080 seconds
[2021-10-29 18:21:35,680] {processor.py:163} INFO - Started process (PID=602) to work on /home/airflow/.local/lib/python3.6/site-packages/airflow/example_dags/example_bash_operator.py
[2021-10-29 18:21:35,681] {processor.py:620} INFO - Processing file /home/airflow/.local/lib/python3.6/site-packages/airflow/example_dags/example_bash_operator.py for tasks to queue
[2021-10-29 18:21:35,682] {logging_mixin.py:109} INFO - [2021-10-29 18:21:35,681] {dagbag.py:500} INFO - Filling up the DagBag from /home/airflow/.local/lib/python3.6/site-packages/airflow/example_dags/example_bash_operator.py
[2021-10-29 18:21:35,716] {processor.py:632} INFO - DAG(s) dict_keys(['example_bash_operator']) retrieved from /home/airflow/.local/lib/python3.6/site-packages/airflow/example_dags/example_bash_operator.py
[2021-10-29 18:21:35,732] {logging_mixin.py:109} INFO - [2021-10-29 18:21:35,732] {dag.py:2389} INFO - Sync 1 DAGs
[2021-10-29 18:21:35,752] {logging_mixin.py:109} INFO - [2021-10-29 18:21:35,752] {dag.py:2914} INFO - Setting next_dagrun for example_bash_operator to 2021-10-28 00:00:00+00:00
[2021-10-29 18:21:35,764] {processor.py:171} INFO - Processing /home/airflow/.local/lib/python3.6/site-packages/airflow/example_dags/example_bash_operator.py took 0.088 seconds
[2021-10-29 18:22:06,291] {processor.py:163} INFO - Started process (PID=665) to work on /home/airflow/.local/lib/python3.6/site-packages/airflow/example_dags/example_bash_operator.py
[2021-10-29 18:22:06,294] {processor.py:620} INFO - Processing file /home/airflow/.local/lib/python3.6/site-packages/airflow/example_dags/example_bash_operator.py for tasks to queue
[2021-10-29 18:22:06,296] {logging_mixin.py:109} INFO - [2021-10-29 18:22:06,295] {dagbag.py:500} INFO - Filling up the DagBag from /home/airflow/.local/lib/python3.6/site-packages/airflow/example_dags/example_bash_operator.py
[2021-10-29 18:22:06,331] {processor.py:632} INFO - DAG(s) dict_keys(['example_bash_operator']) retrieved from /home/airflow/.local/lib/python3.6/site-packages/airflow/example_dags/example_bash_operator.py
[2021-10-29 18:22:06,341] {logging_mixin.py:109} INFO - [2021-10-29 18:22:06,341] {dag.py:2389} INFO - Sync 1 DAGs
[2021-10-29 18:22:06,355] {logging_mixin.py:109} INFO - [2021-10-29 18:22:06,355] {dag.py:2914} INFO - Setting next_dagrun for example_bash_operator to 2021-10-28 00:00:00+00:00
[2021-10-29 18:22:06,363] {processor.py:171} INFO - Processing /home/airflow/.local/lib/python3.6/site-packages/airflow/example_dags/example_bash_operator.py took 0.083 seconds
