[2021-10-29 18:19:12,655] {processor.py:163} INFO - Started process (PID=248) to work on /home/airflow/.local/lib/python3.6/site-packages/airflow/example_dags/example_branch_operator.py
[2021-10-29 18:19:12,656] {processor.py:620} INFO - Processing file /home/airflow/.local/lib/python3.6/site-packages/airflow/example_dags/example_branch_operator.py for tasks to queue
[2021-10-29 18:19:12,656] {logging_mixin.py:109} INFO - [2021-10-29 18:19:12,656] {dagbag.py:500} INFO - Filling up the DagBag from /home/airflow/.local/lib/python3.6/site-packages/airflow/example_dags/example_branch_operator.py
[2021-10-29 18:19:12,683] {processor.py:632} INFO - DAG(s) dict_keys(['example_branch_operator']) retrieved from /home/airflow/.local/lib/python3.6/site-packages/airflow/example_dags/example_branch_operator.py
[2021-10-29 18:19:14,061] {logging_mixin.py:109} INFO - [2021-10-29 18:19:14,061] {providers_manager.py:156} WARNING - Exception when importing 'airflow.providers.google.leveldb.hooks.leveldb.LevelDBHook' from 'apache-airflow-providers-google' package: No module named 'plyvel'
[2021-10-29 18:19:14,447] {logging_mixin.py:109} INFO - [2021-10-29 18:19:14,447] {providers_manager.py:156} WARNING - Exception when importing 'airflow.providers.google.leveldb.hooks.leveldb.LevelDBHook' from 'apache-airflow-providers-google' package: No module named 'plyvel'
[2021-10-29 18:19:14,467] {logging_mixin.py:109} INFO - [2021-10-29 18:19:14,466] {manager.py:496} INFO - Created Permission View: can read on DAG:example_branch_operator
[2021-10-29 18:19:14,474] {logging_mixin.py:109} INFO - [2021-10-29 18:19:14,474] {manager.py:496} INFO - Created Permission View: can edit on DAG:example_branch_operator
[2021-10-29 18:19:14,475] {logging_mixin.py:109} INFO - [2021-10-29 18:19:14,474] {dag.py:2389} INFO - Sync 1 DAGs
[2021-10-29 18:19:14,488] {logging_mixin.py:109} INFO - [2021-10-29 18:19:14,487] {dag.py:2408} INFO - Creating ORM DAG for example_branch_operator
[2021-10-29 18:19:14,497] {logging_mixin.py:109} INFO - [2021-10-29 18:19:14,496] {dag.py:2914} INFO - Setting next_dagrun for example_branch_operator to 2021-10-28 00:00:00+00:00
[2021-10-29 18:19:14,508] {processor.py:171} INFO - Processing /home/airflow/.local/lib/python3.6/site-packages/airflow/example_dags/example_branch_operator.py took 1.855 seconds
[2021-10-29 18:19:45,174] {processor.py:163} INFO - Started process (PID=389) to work on /home/airflow/.local/lib/python3.6/site-packages/airflow/example_dags/example_branch_operator.py
[2021-10-29 18:19:45,177] {processor.py:620} INFO - Processing file /home/airflow/.local/lib/python3.6/site-packages/airflow/example_dags/example_branch_operator.py for tasks to queue
[2021-10-29 18:19:45,178] {logging_mixin.py:109} INFO - [2021-10-29 18:19:45,178] {dagbag.py:500} INFO - Filling up the DagBag from /home/airflow/.local/lib/python3.6/site-packages/airflow/example_dags/example_branch_operator.py
[2021-10-29 18:19:45,211] {processor.py:632} INFO - DAG(s) dict_keys(['example_branch_operator']) retrieved from /home/airflow/.local/lib/python3.6/site-packages/airflow/example_dags/example_branch_operator.py
[2021-10-29 18:19:45,222] {logging_mixin.py:109} INFO - [2021-10-29 18:19:45,222] {dag.py:2389} INFO - Sync 1 DAGs
[2021-10-29 18:19:45,236] {logging_mixin.py:109} INFO - [2021-10-29 18:19:45,236] {dag.py:2914} INFO - Setting next_dagrun for example_branch_operator to 2021-10-28 00:00:00+00:00
[2021-10-29 18:19:45,243] {processor.py:171} INFO - Processing /home/airflow/.local/lib/python3.6/site-packages/airflow/example_dags/example_branch_operator.py took 0.077 seconds
[2021-10-29 18:20:15,496] {processor.py:163} INFO - Started process (PID=453) to work on /home/airflow/.local/lib/python3.6/site-packages/airflow/example_dags/example_branch_operator.py
[2021-10-29 18:20:15,498] {processor.py:620} INFO - Processing file /home/airflow/.local/lib/python3.6/site-packages/airflow/example_dags/example_branch_operator.py for tasks to queue
[2021-10-29 18:20:15,500] {logging_mixin.py:109} INFO - [2021-10-29 18:20:15,500] {dagbag.py:500} INFO - Filling up the DagBag from /home/airflow/.local/lib/python3.6/site-packages/airflow/example_dags/example_branch_operator.py
[2021-10-29 18:20:15,540] {processor.py:632} INFO - DAG(s) dict_keys(['example_branch_operator']) retrieved from /home/airflow/.local/lib/python3.6/site-packages/airflow/example_dags/example_branch_operator.py
[2021-10-29 18:20:15,550] {logging_mixin.py:109} INFO - [2021-10-29 18:20:15,550] {dag.py:2389} INFO - Sync 1 DAGs
[2021-10-29 18:20:15,563] {logging_mixin.py:109} INFO - [2021-10-29 18:20:15,563] {dag.py:2914} INFO - Setting next_dagrun for example_branch_operator to 2021-10-28 00:00:00+00:00
[2021-10-29 18:20:15,570] {processor.py:171} INFO - Processing /home/airflow/.local/lib/python3.6/site-packages/airflow/example_dags/example_branch_operator.py took 0.081 seconds
[2021-10-29 18:20:45,744] {processor.py:163} INFO - Started process (PID=506) to work on /home/airflow/.local/lib/python3.6/site-packages/airflow/example_dags/example_branch_operator.py
[2021-10-29 18:20:45,747] {processor.py:620} INFO - Processing file /home/airflow/.local/lib/python3.6/site-packages/airflow/example_dags/example_branch_operator.py for tasks to queue
[2021-10-29 18:20:45,748] {logging_mixin.py:109} INFO - [2021-10-29 18:20:45,748] {dagbag.py:500} INFO - Filling up the DagBag from /home/airflow/.local/lib/python3.6/site-packages/airflow/example_dags/example_branch_operator.py
[2021-10-29 18:20:45,772] {processor.py:632} INFO - DAG(s) dict_keys(['example_branch_operator']) retrieved from /home/airflow/.local/lib/python3.6/site-packages/airflow/example_dags/example_branch_operator.py
[2021-10-29 18:20:45,781] {logging_mixin.py:109} INFO - [2021-10-29 18:20:45,781] {dag.py:2389} INFO - Sync 1 DAGs
[2021-10-29 18:20:45,795] {logging_mixin.py:109} INFO - [2021-10-29 18:20:45,795] {dag.py:2914} INFO - Setting next_dagrun for example_branch_operator to 2021-10-28 00:00:00+00:00
[2021-10-29 18:20:45,802] {processor.py:171} INFO - Processing /home/airflow/.local/lib/python3.6/site-packages/airflow/example_dags/example_branch_operator.py took 0.060 seconds
[2021-10-29 18:21:16,085] {processor.py:163} INFO - Started process (PID=570) to work on /home/airflow/.local/lib/python3.6/site-packages/airflow/example_dags/example_branch_operator.py
[2021-10-29 18:21:16,090] {processor.py:620} INFO - Processing file /home/airflow/.local/lib/python3.6/site-packages/airflow/example_dags/example_branch_operator.py for tasks to queue
[2021-10-29 18:21:16,091] {logging_mixin.py:109} INFO - [2021-10-29 18:21:16,091] {dagbag.py:500} INFO - Filling up the DagBag from /home/airflow/.local/lib/python3.6/site-packages/airflow/example_dags/example_branch_operator.py
[2021-10-29 18:21:16,131] {processor.py:632} INFO - DAG(s) dict_keys(['example_branch_operator']) retrieved from /home/airflow/.local/lib/python3.6/site-packages/airflow/example_dags/example_branch_operator.py
[2021-10-29 18:21:16,140] {logging_mixin.py:109} INFO - [2021-10-29 18:21:16,140] {dag.py:2389} INFO - Sync 1 DAGs
[2021-10-29 18:21:16,153] {logging_mixin.py:109} INFO - [2021-10-29 18:21:16,153] {dag.py:2914} INFO - Setting next_dagrun for example_branch_operator to 2021-10-28 00:00:00+00:00
[2021-10-29 18:21:16,161] {processor.py:171} INFO - Processing /home/airflow/.local/lib/python3.6/site-packages/airflow/example_dags/example_branch_operator.py took 0.083 seconds
[2021-10-29 18:21:46,489] {processor.py:163} INFO - Started process (PID=623) to work on /home/airflow/.local/lib/python3.6/site-packages/airflow/example_dags/example_branch_operator.py
[2021-10-29 18:21:46,492] {processor.py:620} INFO - Processing file /home/airflow/.local/lib/python3.6/site-packages/airflow/example_dags/example_branch_operator.py for tasks to queue
[2021-10-29 18:21:46,492] {logging_mixin.py:109} INFO - [2021-10-29 18:21:46,492] {dagbag.py:500} INFO - Filling up the DagBag from /home/airflow/.local/lib/python3.6/site-packages/airflow/example_dags/example_branch_operator.py
[2021-10-29 18:21:46,514] {processor.py:632} INFO - DAG(s) dict_keys(['example_branch_operator']) retrieved from /home/airflow/.local/lib/python3.6/site-packages/airflow/example_dags/example_branch_operator.py
[2021-10-29 18:21:46,527] {logging_mixin.py:109} INFO - [2021-10-29 18:21:46,526] {dag.py:2389} INFO - Sync 1 DAGs
[2021-10-29 18:21:46,546] {logging_mixin.py:109} INFO - [2021-10-29 18:21:46,546] {dag.py:2914} INFO - Setting next_dagrun for example_branch_operator to 2021-10-28 00:00:00+00:00
[2021-10-29 18:21:46,554] {processor.py:171} INFO - Processing /home/airflow/.local/lib/python3.6/site-packages/airflow/example_dags/example_branch_operator.py took 0.068 seconds
[2021-10-29 18:22:16,926] {processor.py:163} INFO - Started process (PID=686) to work on /home/airflow/.local/lib/python3.6/site-packages/airflow/example_dags/example_branch_operator.py
[2021-10-29 18:22:16,928] {processor.py:620} INFO - Processing file /home/airflow/.local/lib/python3.6/site-packages/airflow/example_dags/example_branch_operator.py for tasks to queue
[2021-10-29 18:22:16,929] {logging_mixin.py:109} INFO - [2021-10-29 18:22:16,929] {dagbag.py:500} INFO - Filling up the DagBag from /home/airflow/.local/lib/python3.6/site-packages/airflow/example_dags/example_branch_operator.py
[2021-10-29 18:22:16,967] {processor.py:632} INFO - DAG(s) dict_keys(['example_branch_operator']) retrieved from /home/airflow/.local/lib/python3.6/site-packages/airflow/example_dags/example_branch_operator.py
[2021-10-29 18:22:16,979] {logging_mixin.py:109} INFO - [2021-10-29 18:22:16,979] {dag.py:2389} INFO - Sync 1 DAGs
[2021-10-29 18:22:16,994] {logging_mixin.py:109} INFO - [2021-10-29 18:22:16,994] {dag.py:2914} INFO - Setting next_dagrun for example_branch_operator to 2021-10-28 00:00:00+00:00
[2021-10-29 18:22:17,002] {processor.py:171} INFO - Processing /home/airflow/.local/lib/python3.6/site-packages/airflow/example_dags/example_branch_operator.py took 0.081 seconds
