[2021-10-29 18:19:09,716] {processor.py:163} INFO - Started process (PID=210) to work on /home/airflow/.local/lib/python3.6/site-packages/airflow/example_dags/example_xcomargs.py
[2021-10-29 18:19:09,717] {processor.py:620} INFO - Processing file /home/airflow/.local/lib/python3.6/site-packages/airflow/example_dags/example_xcomargs.py for tasks to queue
[2021-10-29 18:19:09,717] {logging_mixin.py:109} INFO - [2021-10-29 18:19:09,717] {dagbag.py:500} INFO - Filling up the DagBag from /home/airflow/.local/lib/python3.6/site-packages/airflow/example_dags/example_xcomargs.py
[2021-10-29 18:19:09,752] {processor.py:632} INFO - DAG(s) dict_keys(['example_xcom_args', 'example_xcom_args_with_operators']) retrieved from /home/airflow/.local/lib/python3.6/site-packages/airflow/example_dags/example_xcomargs.py
[2021-10-29 18:19:10,999] {logging_mixin.py:109} INFO - [2021-10-29 18:19:10,999] {providers_manager.py:156} WARNING - Exception when importing 'airflow.providers.google.leveldb.hooks.leveldb.LevelDBHook' from 'apache-airflow-providers-google' package: No module named 'plyvel'
[2021-10-29 18:19:11,359] {logging_mixin.py:109} INFO - [2021-10-29 18:19:11,359] {providers_manager.py:156} WARNING - Exception when importing 'airflow.providers.google.leveldb.hooks.leveldb.LevelDBHook' from 'apache-airflow-providers-google' package: No module named 'plyvel'
[2021-10-29 18:19:11,380] {logging_mixin.py:109} INFO - [2021-10-29 18:19:11,380] {manager.py:496} INFO - Created Permission View: can read on DAG:example_xcom_args
[2021-10-29 18:19:11,386] {logging_mixin.py:109} INFO - [2021-10-29 18:19:11,386] {manager.py:496} INFO - Created Permission View: can edit on DAG:example_xcom_args
[2021-10-29 18:19:11,400] {logging_mixin.py:109} INFO - [2021-10-29 18:19:11,400] {manager.py:496} INFO - Created Permission View: can read on DAG:example_xcom_args_with_operators
[2021-10-29 18:19:11,406] {logging_mixin.py:109} INFO - [2021-10-29 18:19:11,406] {manager.py:496} INFO - Created Permission View: can edit on DAG:example_xcom_args_with_operators
[2021-10-29 18:19:11,407] {logging_mixin.py:109} INFO - [2021-10-29 18:19:11,406] {dag.py:2389} INFO - Sync 2 DAGs
[2021-10-29 18:19:11,418] {logging_mixin.py:109} INFO - [2021-10-29 18:19:11,417] {dag.py:2408} INFO - Creating ORM DAG for example_xcom_args
[2021-10-29 18:19:11,418] {logging_mixin.py:109} INFO - [2021-10-29 18:19:11,418] {dag.py:2408} INFO - Creating ORM DAG for example_xcom_args_with_operators
[2021-10-29 18:19:11,423] {logging_mixin.py:109} INFO - [2021-10-29 18:19:11,423] {dag.py:2914} INFO - Setting next_dagrun for example_xcom_args to None
[2021-10-29 18:19:11,423] {logging_mixin.py:109} INFO - [2021-10-29 18:19:11,423] {dag.py:2914} INFO - Setting next_dagrun for example_xcom_args_with_operators to None
[2021-10-29 18:19:11,434] {processor.py:171} INFO - Processing /home/airflow/.local/lib/python3.6/site-packages/airflow/example_dags/example_xcomargs.py took 1.721 seconds
[2021-10-29 18:19:42,024] {processor.py:163} INFO - Started process (PID=386) to work on /home/airflow/.local/lib/python3.6/site-packages/airflow/example_dags/example_xcomargs.py
[2021-10-29 18:19:42,028] {processor.py:620} INFO - Processing file /home/airflow/.local/lib/python3.6/site-packages/airflow/example_dags/example_xcomargs.py for tasks to queue
[2021-10-29 18:19:42,028] {logging_mixin.py:109} INFO - [2021-10-29 18:19:42,028] {dagbag.py:500} INFO - Filling up the DagBag from /home/airflow/.local/lib/python3.6/site-packages/airflow/example_dags/example_xcomargs.py
[2021-10-29 18:19:42,055] {processor.py:632} INFO - DAG(s) dict_keys(['example_xcom_args', 'example_xcom_args_with_operators']) retrieved from /home/airflow/.local/lib/python3.6/site-packages/airflow/example_dags/example_xcomargs.py
[2021-10-29 18:19:42,221] {logging_mixin.py:109} INFO - [2021-10-29 18:19:42,221] {dag.py:2389} INFO - Sync 2 DAGs
[2021-10-29 18:19:42,232] {logging_mixin.py:109} INFO - [2021-10-29 18:19:42,232] {dag.py:2914} INFO - Setting next_dagrun for example_xcom_args to None
[2021-10-29 18:19:42,233] {logging_mixin.py:109} INFO - [2021-10-29 18:19:42,233] {dag.py:2914} INFO - Setting next_dagrun for example_xcom_args_with_operators to None
[2021-10-29 18:19:42,240] {processor.py:171} INFO - Processing /home/airflow/.local/lib/python3.6/site-packages/airflow/example_dags/example_xcomargs.py took 0.218 seconds
[2021-10-29 18:20:12,344] {processor.py:163} INFO - Started process (PID=439) to work on /home/airflow/.local/lib/python3.6/site-packages/airflow/example_dags/example_xcomargs.py
[2021-10-29 18:20:12,350] {processor.py:620} INFO - Processing file /home/airflow/.local/lib/python3.6/site-packages/airflow/example_dags/example_xcomargs.py for tasks to queue
[2021-10-29 18:20:12,352] {logging_mixin.py:109} INFO - [2021-10-29 18:20:12,352] {dagbag.py:500} INFO - Filling up the DagBag from /home/airflow/.local/lib/python3.6/site-packages/airflow/example_dags/example_xcomargs.py
[2021-10-29 18:20:12,397] {processor.py:632} INFO - DAG(s) dict_keys(['example_xcom_args', 'example_xcom_args_with_operators']) retrieved from /home/airflow/.local/lib/python3.6/site-packages/airflow/example_dags/example_xcomargs.py
[2021-10-29 18:20:12,583] {logging_mixin.py:109} INFO - [2021-10-29 18:20:12,583] {dag.py:2389} INFO - Sync 2 DAGs
[2021-10-29 18:20:12,594] {logging_mixin.py:109} INFO - [2021-10-29 18:20:12,594] {dag.py:2914} INFO - Setting next_dagrun for example_xcom_args to None
[2021-10-29 18:20:12,594] {logging_mixin.py:109} INFO - [2021-10-29 18:20:12,594] {dag.py:2914} INFO - Setting next_dagrun for example_xcom_args_with_operators to None
[2021-10-29 18:20:12,603] {processor.py:171} INFO - Processing /home/airflow/.local/lib/python3.6/site-packages/airflow/example_dags/example_xcomargs.py took 0.267 seconds
[2021-10-29 18:20:42,664] {processor.py:163} INFO - Started process (PID=503) to work on /home/airflow/.local/lib/python3.6/site-packages/airflow/example_dags/example_xcomargs.py
[2021-10-29 18:20:42,667] {processor.py:620} INFO - Processing file /home/airflow/.local/lib/python3.6/site-packages/airflow/example_dags/example_xcomargs.py for tasks to queue
[2021-10-29 18:20:42,668] {logging_mixin.py:109} INFO - [2021-10-29 18:20:42,668] {dagbag.py:500} INFO - Filling up the DagBag from /home/airflow/.local/lib/python3.6/site-packages/airflow/example_dags/example_xcomargs.py
[2021-10-29 18:20:42,693] {processor.py:632} INFO - DAG(s) dict_keys(['example_xcom_args', 'example_xcom_args_with_operators']) retrieved from /home/airflow/.local/lib/python3.6/site-packages/airflow/example_dags/example_xcomargs.py
[2021-10-29 18:20:42,870] {logging_mixin.py:109} INFO - [2021-10-29 18:20:42,870] {dag.py:2389} INFO - Sync 2 DAGs
[2021-10-29 18:20:42,881] {logging_mixin.py:109} INFO - [2021-10-29 18:20:42,881] {dag.py:2914} INFO - Setting next_dagrun for example_xcom_args to None
[2021-10-29 18:20:42,881] {logging_mixin.py:109} INFO - [2021-10-29 18:20:42,881] {dag.py:2914} INFO - Setting next_dagrun for example_xcom_args_with_operators to None
[2021-10-29 18:20:42,889] {processor.py:171} INFO - Processing /home/airflow/.local/lib/python3.6/site-packages/airflow/example_dags/example_xcomargs.py took 0.228 seconds
[2021-10-29 18:21:13,798] {processor.py:163} INFO - Started process (PID=567) to work on /home/airflow/.local/lib/python3.6/site-packages/airflow/example_dags/example_xcomargs.py
[2021-10-29 18:21:13,799] {processor.py:620} INFO - Processing file /home/airflow/.local/lib/python3.6/site-packages/airflow/example_dags/example_xcomargs.py for tasks to queue
[2021-10-29 18:21:13,800] {logging_mixin.py:109} INFO - [2021-10-29 18:21:13,800] {dagbag.py:500} INFO - Filling up the DagBag from /home/airflow/.local/lib/python3.6/site-packages/airflow/example_dags/example_xcomargs.py
[2021-10-29 18:21:13,826] {processor.py:632} INFO - DAG(s) dict_keys(['example_xcom_args', 'example_xcom_args_with_operators']) retrieved from /home/airflow/.local/lib/python3.6/site-packages/airflow/example_dags/example_xcomargs.py
[2021-10-29 18:21:14,026] {logging_mixin.py:109} INFO - [2021-10-29 18:21:14,026] {dag.py:2389} INFO - Sync 2 DAGs
[2021-10-29 18:21:14,041] {logging_mixin.py:109} INFO - [2021-10-29 18:21:14,041] {dag.py:2914} INFO - Setting next_dagrun for example_xcom_args to None
[2021-10-29 18:21:14,041] {logging_mixin.py:109} INFO - [2021-10-29 18:21:14,041] {dag.py:2914} INFO - Setting next_dagrun for example_xcom_args_with_operators to None
[2021-10-29 18:21:14,051] {processor.py:171} INFO - Processing /home/airflow/.local/lib/python3.6/site-packages/airflow/example_dags/example_xcomargs.py took 0.255 seconds
[2021-10-29 18:21:44,229] {processor.py:163} INFO - Started process (PID=620) to work on /home/airflow/.local/lib/python3.6/site-packages/airflow/example_dags/example_xcomargs.py
[2021-10-29 18:21:44,232] {processor.py:620} INFO - Processing file /home/airflow/.local/lib/python3.6/site-packages/airflow/example_dags/example_xcomargs.py for tasks to queue
[2021-10-29 18:21:44,233] {logging_mixin.py:109} INFO - [2021-10-29 18:21:44,233] {dagbag.py:500} INFO - Filling up the DagBag from /home/airflow/.local/lib/python3.6/site-packages/airflow/example_dags/example_xcomargs.py
[2021-10-29 18:21:44,273] {processor.py:632} INFO - DAG(s) dict_keys(['example_xcom_args', 'example_xcom_args_with_operators']) retrieved from /home/airflow/.local/lib/python3.6/site-packages/airflow/example_dags/example_xcomargs.py
[2021-10-29 18:21:44,454] {logging_mixin.py:109} INFO - [2021-10-29 18:21:44,454] {dag.py:2389} INFO - Sync 2 DAGs
[2021-10-29 18:21:44,465] {logging_mixin.py:109} INFO - [2021-10-29 18:21:44,464] {dag.py:2914} INFO - Setting next_dagrun for example_xcom_args to None
[2021-10-29 18:21:44,465] {logging_mixin.py:109} INFO - [2021-10-29 18:21:44,465] {dag.py:2914} INFO - Setting next_dagrun for example_xcom_args_with_operators to None
[2021-10-29 18:21:44,472] {processor.py:171} INFO - Processing /home/airflow/.local/lib/python3.6/site-packages/airflow/example_dags/example_xcomargs.py took 0.252 seconds
[2021-10-29 18:22:14,641] {processor.py:163} INFO - Started process (PID=683) to work on /home/airflow/.local/lib/python3.6/site-packages/airflow/example_dags/example_xcomargs.py
[2021-10-29 18:22:14,646] {processor.py:620} INFO - Processing file /home/airflow/.local/lib/python3.6/site-packages/airflow/example_dags/example_xcomargs.py for tasks to queue
[2021-10-29 18:22:14,646] {logging_mixin.py:109} INFO - [2021-10-29 18:22:14,646] {dagbag.py:500} INFO - Filling up the DagBag from /home/airflow/.local/lib/python3.6/site-packages/airflow/example_dags/example_xcomargs.py
[2021-10-29 18:22:14,681] {processor.py:632} INFO - DAG(s) dict_keys(['example_xcom_args', 'example_xcom_args_with_operators']) retrieved from /home/airflow/.local/lib/python3.6/site-packages/airflow/example_dags/example_xcomargs.py
[2021-10-29 18:22:14,875] {logging_mixin.py:109} INFO - [2021-10-29 18:22:14,875] {dag.py:2389} INFO - Sync 2 DAGs
[2021-10-29 18:22:14,885] {logging_mixin.py:109} INFO - [2021-10-29 18:22:14,885] {dag.py:2914} INFO - Setting next_dagrun for example_xcom_args to None
[2021-10-29 18:22:14,885] {logging_mixin.py:109} INFO - [2021-10-29 18:22:14,885] {dag.py:2914} INFO - Setting next_dagrun for example_xcom_args_with_operators to None
[2021-10-29 18:22:14,893] {processor.py:171} INFO - Processing /home/airflow/.local/lib/python3.6/site-packages/airflow/example_dags/example_xcomargs.py took 0.254 seconds
