[2021-10-29 18:19:01,670] {processor.py:163} INFO - Started process (PID=129) to work on /home/airflow/.local/lib/python3.6/site-packages/airflow/example_dags/example_branch_day_of_week_operator.py
[2021-10-29 18:19:01,672] {processor.py:620} INFO - Processing file /home/airflow/.local/lib/python3.6/site-packages/airflow/example_dags/example_branch_day_of_week_operator.py for tasks to queue
[2021-10-29 18:19:01,673] {logging_mixin.py:109} INFO - [2021-10-29 18:19:01,673] {dagbag.py:500} INFO - Filling up the DagBag from /home/airflow/.local/lib/python3.6/site-packages/airflow/example_dags/example_branch_day_of_week_operator.py
[2021-10-29 18:19:01,714] {processor.py:632} INFO - DAG(s) dict_keys(['example_weekday_branch_operator']) retrieved from /home/airflow/.local/lib/python3.6/site-packages/airflow/example_dags/example_branch_day_of_week_operator.py
[2021-10-29 18:19:03,467] {logging_mixin.py:109} INFO - [2021-10-29 18:19:03,467] {providers_manager.py:156} WARNING - Exception when importing 'airflow.providers.google.leveldb.hooks.leveldb.LevelDBHook' from 'apache-airflow-providers-google' package: No module named 'plyvel'
[2021-10-29 18:19:03,849] {logging_mixin.py:109} INFO - [2021-10-29 18:19:03,849] {providers_manager.py:156} WARNING - Exception when importing 'airflow.providers.google.leveldb.hooks.leveldb.LevelDBHook' from 'apache-airflow-providers-google' package: No module named 'plyvel'
[2021-10-29 18:19:03,867] {logging_mixin.py:109} INFO - [2021-10-29 18:19:03,867] {manager.py:496} INFO - Created Permission View: can read on DAG:example_weekday_branch_operator
[2021-10-29 18:19:03,873] {logging_mixin.py:109} INFO - [2021-10-29 18:19:03,873] {manager.py:496} INFO - Created Permission View: can edit on DAG:example_weekday_branch_operator
[2021-10-29 18:19:03,875] {logging_mixin.py:109} INFO - [2021-10-29 18:19:03,874] {dag.py:2389} INFO - Sync 1 DAGs
[2021-10-29 18:19:03,884] {logging_mixin.py:109} INFO - [2021-10-29 18:19:03,883] {dag.py:2408} INFO - Creating ORM DAG for example_weekday_branch_operator
[2021-10-29 18:19:03,891] {logging_mixin.py:109} INFO - [2021-10-29 18:19:03,891] {dag.py:2914} INFO - Setting next_dagrun for example_weekday_branch_operator to 2021-10-28 00:00:00+00:00
[2021-10-29 18:19:03,902] {processor.py:171} INFO - Processing /home/airflow/.local/lib/python3.6/site-packages/airflow/example_dags/example_branch_day_of_week_operator.py took 2.236 seconds
[2021-10-29 18:19:34,756] {processor.py:163} INFO - Started process (PID=367) to work on /home/airflow/.local/lib/python3.6/site-packages/airflow/example_dags/example_branch_day_of_week_operator.py
[2021-10-29 18:19:34,760] {processor.py:620} INFO - Processing file /home/airflow/.local/lib/python3.6/site-packages/airflow/example_dags/example_branch_day_of_week_operator.py for tasks to queue
[2021-10-29 18:19:34,762] {logging_mixin.py:109} INFO - [2021-10-29 18:19:34,761] {dagbag.py:500} INFO - Filling up the DagBag from /home/airflow/.local/lib/python3.6/site-packages/airflow/example_dags/example_branch_day_of_week_operator.py
[2021-10-29 18:19:34,799] {processor.py:632} INFO - DAG(s) dict_keys(['example_weekday_branch_operator']) retrieved from /home/airflow/.local/lib/python3.6/site-packages/airflow/example_dags/example_branch_day_of_week_operator.py
[2021-10-29 18:19:34,807] {logging_mixin.py:109} INFO - [2021-10-29 18:19:34,807] {dag.py:2389} INFO - Sync 1 DAGs
[2021-10-29 18:19:34,822] {logging_mixin.py:109} INFO - [2021-10-29 18:19:34,822] {dag.py:2914} INFO - Setting next_dagrun for example_weekday_branch_operator to 2021-10-28 00:00:00+00:00
[2021-10-29 18:19:34,830] {processor.py:171} INFO - Processing /home/airflow/.local/lib/python3.6/site-packages/airflow/example_dags/example_branch_day_of_week_operator.py took 0.081 seconds
[2021-10-29 18:20:04,965] {processor.py:163} INFO - Started process (PID=430) to work on /home/airflow/.local/lib/python3.6/site-packages/airflow/example_dags/example_branch_day_of_week_operator.py
[2021-10-29 18:20:04,968] {processor.py:620} INFO - Processing file /home/airflow/.local/lib/python3.6/site-packages/airflow/example_dags/example_branch_day_of_week_operator.py for tasks to queue
[2021-10-29 18:20:04,969] {logging_mixin.py:109} INFO - [2021-10-29 18:20:04,969] {dagbag.py:500} INFO - Filling up the DagBag from /home/airflow/.local/lib/python3.6/site-packages/airflow/example_dags/example_branch_day_of_week_operator.py
[2021-10-29 18:20:04,999] {processor.py:632} INFO - DAG(s) dict_keys(['example_weekday_branch_operator']) retrieved from /home/airflow/.local/lib/python3.6/site-packages/airflow/example_dags/example_branch_day_of_week_operator.py
[2021-10-29 18:20:05,007] {logging_mixin.py:109} INFO - [2021-10-29 18:20:05,006] {dag.py:2389} INFO - Sync 1 DAGs
[2021-10-29 18:20:05,020] {logging_mixin.py:109} INFO - [2021-10-29 18:20:05,020] {dag.py:2914} INFO - Setting next_dagrun for example_weekday_branch_operator to 2021-10-28 00:00:00+00:00
[2021-10-29 18:20:05,028] {processor.py:171} INFO - Processing /home/airflow/.local/lib/python3.6/site-packages/airflow/example_dags/example_branch_day_of_week_operator.py took 0.065 seconds
[2021-10-29 18:20:35,276] {processor.py:163} INFO - Started process (PID=484) to work on /home/airflow/.local/lib/python3.6/site-packages/airflow/example_dags/example_branch_day_of_week_operator.py
[2021-10-29 18:20:35,282] {processor.py:620} INFO - Processing file /home/airflow/.local/lib/python3.6/site-packages/airflow/example_dags/example_branch_day_of_week_operator.py for tasks to queue
[2021-10-29 18:20:35,283] {logging_mixin.py:109} INFO - [2021-10-29 18:20:35,283] {dagbag.py:500} INFO - Filling up the DagBag from /home/airflow/.local/lib/python3.6/site-packages/airflow/example_dags/example_branch_day_of_week_operator.py
[2021-10-29 18:20:35,319] {processor.py:632} INFO - DAG(s) dict_keys(['example_weekday_branch_operator']) retrieved from /home/airflow/.local/lib/python3.6/site-packages/airflow/example_dags/example_branch_day_of_week_operator.py
[2021-10-29 18:20:35,327] {logging_mixin.py:109} INFO - [2021-10-29 18:20:35,327] {dag.py:2389} INFO - Sync 1 DAGs
[2021-10-29 18:20:35,341] {logging_mixin.py:109} INFO - [2021-10-29 18:20:35,341] {dag.py:2914} INFO - Setting next_dagrun for example_weekday_branch_operator to 2021-10-28 00:00:00+00:00
[2021-10-29 18:20:35,349] {processor.py:171} INFO - Processing /home/airflow/.local/lib/python3.6/site-packages/airflow/example_dags/example_branch_day_of_week_operator.py took 0.081 seconds
[2021-10-29 18:21:05,462] {processor.py:163} INFO - Started process (PID=547) to work on /home/airflow/.local/lib/python3.6/site-packages/airflow/example_dags/example_branch_day_of_week_operator.py
[2021-10-29 18:21:05,467] {processor.py:620} INFO - Processing file /home/airflow/.local/lib/python3.6/site-packages/airflow/example_dags/example_branch_day_of_week_operator.py for tasks to queue
[2021-10-29 18:21:05,469] {logging_mixin.py:109} INFO - [2021-10-29 18:21:05,469] {dagbag.py:500} INFO - Filling up the DagBag from /home/airflow/.local/lib/python3.6/site-packages/airflow/example_dags/example_branch_day_of_week_operator.py
[2021-10-29 18:21:05,508] {processor.py:632} INFO - DAG(s) dict_keys(['example_weekday_branch_operator']) retrieved from /home/airflow/.local/lib/python3.6/site-packages/airflow/example_dags/example_branch_day_of_week_operator.py
[2021-10-29 18:21:05,516] {logging_mixin.py:109} INFO - [2021-10-29 18:21:05,516] {dag.py:2389} INFO - Sync 1 DAGs
[2021-10-29 18:21:05,530] {logging_mixin.py:109} INFO - [2021-10-29 18:21:05,530] {dag.py:2914} INFO - Setting next_dagrun for example_weekday_branch_operator to 2021-10-28 00:00:00+00:00
[2021-10-29 18:21:05,538] {processor.py:171} INFO - Processing /home/airflow/.local/lib/python3.6/site-packages/airflow/example_dags/example_branch_day_of_week_operator.py took 0.085 seconds
[2021-10-29 18:21:35,675] {processor.py:163} INFO - Started process (PID=601) to work on /home/airflow/.local/lib/python3.6/site-packages/airflow/example_dags/example_branch_day_of_week_operator.py
[2021-10-29 18:21:35,677] {processor.py:620} INFO - Processing file /home/airflow/.local/lib/python3.6/site-packages/airflow/example_dags/example_branch_day_of_week_operator.py for tasks to queue
[2021-10-29 18:21:35,678] {logging_mixin.py:109} INFO - [2021-10-29 18:21:35,677] {dagbag.py:500} INFO - Filling up the DagBag from /home/airflow/.local/lib/python3.6/site-packages/airflow/example_dags/example_branch_day_of_week_operator.py
[2021-10-29 18:21:35,710] {processor.py:632} INFO - DAG(s) dict_keys(['example_weekday_branch_operator']) retrieved from /home/airflow/.local/lib/python3.6/site-packages/airflow/example_dags/example_branch_day_of_week_operator.py
[2021-10-29 18:21:35,723] {logging_mixin.py:109} INFO - [2021-10-29 18:21:35,723] {dag.py:2389} INFO - Sync 1 DAGs
[2021-10-29 18:21:35,747] {logging_mixin.py:109} INFO - [2021-10-29 18:21:35,747] {dag.py:2914} INFO - Setting next_dagrun for example_weekday_branch_operator to 2021-10-28 00:00:00+00:00
[2021-10-29 18:21:35,756] {processor.py:171} INFO - Processing /home/airflow/.local/lib/python3.6/site-packages/airflow/example_dags/example_branch_day_of_week_operator.py took 0.085 seconds
[2021-10-29 18:22:06,281] {processor.py:163} INFO - Started process (PID=664) to work on /home/airflow/.local/lib/python3.6/site-packages/airflow/example_dags/example_branch_day_of_week_operator.py
[2021-10-29 18:22:06,287] {processor.py:620} INFO - Processing file /home/airflow/.local/lib/python3.6/site-packages/airflow/example_dags/example_branch_day_of_week_operator.py for tasks to queue
[2021-10-29 18:22:06,290] {logging_mixin.py:109} INFO - [2021-10-29 18:22:06,289] {dagbag.py:500} INFO - Filling up the DagBag from /home/airflow/.local/lib/python3.6/site-packages/airflow/example_dags/example_branch_day_of_week_operator.py
[2021-10-29 18:22:06,325] {processor.py:632} INFO - DAG(s) dict_keys(['example_weekday_branch_operator']) retrieved from /home/airflow/.local/lib/python3.6/site-packages/airflow/example_dags/example_branch_day_of_week_operator.py
[2021-10-29 18:22:06,334] {logging_mixin.py:109} INFO - [2021-10-29 18:22:06,334] {dag.py:2389} INFO - Sync 1 DAGs
[2021-10-29 18:22:06,348] {logging_mixin.py:109} INFO - [2021-10-29 18:22:06,348] {dag.py:2914} INFO - Setting next_dagrun for example_weekday_branch_operator to 2021-10-28 00:00:00+00:00
[2021-10-29 18:22:06,356] {processor.py:171} INFO - Processing /home/airflow/.local/lib/python3.6/site-packages/airflow/example_dags/example_branch_day_of_week_operator.py took 0.086 seconds
