[2021-10-29 18:19:13,249] {processor.py:163} INFO - Started process (PID=256) to work on /home/airflow/.local/lib/python3.6/site-packages/airflow/example_dags/example_short_circuit_operator.py
[2021-10-29 18:19:13,249] {processor.py:620} INFO - Processing file /home/airflow/.local/lib/python3.6/site-packages/airflow/example_dags/example_short_circuit_operator.py for tasks to queue
[2021-10-29 18:19:13,250] {logging_mixin.py:109} INFO - [2021-10-29 18:19:13,250] {dagbag.py:500} INFO - Filling up the DagBag from /home/airflow/.local/lib/python3.6/site-packages/airflow/example_dags/example_short_circuit_operator.py
[2021-10-29 18:19:13,274] {processor.py:632} INFO - DAG(s) dict_keys(['example_short_circuit_operator']) retrieved from /home/airflow/.local/lib/python3.6/site-packages/airflow/example_dags/example_short_circuit_operator.py
[2021-10-29 18:19:14,628] {logging_mixin.py:109} INFO - [2021-10-29 18:19:14,628] {providers_manager.py:156} WARNING - Exception when importing 'airflow.providers.google.leveldb.hooks.leveldb.LevelDBHook' from 'apache-airflow-providers-google' package: No module named 'plyvel'
[2021-10-29 18:19:15,036] {logging_mixin.py:109} INFO - [2021-10-29 18:19:15,036] {providers_manager.py:156} WARNING - Exception when importing 'airflow.providers.google.leveldb.hooks.leveldb.LevelDBHook' from 'apache-airflow-providers-google' package: No module named 'plyvel'
[2021-10-29 18:19:15,057] {logging_mixin.py:109} INFO - [2021-10-29 18:19:15,057] {manager.py:496} INFO - Created Permission View: can read on DAG:example_short_circuit_operator
[2021-10-29 18:19:15,077] {logging_mixin.py:109} INFO - [2021-10-29 18:19:15,077] {manager.py:496} INFO - Created Permission View: can edit on DAG:example_short_circuit_operator
[2021-10-29 18:19:15,079] {logging_mixin.py:109} INFO - [2021-10-29 18:19:15,077] {dag.py:2389} INFO - Sync 1 DAGs
[2021-10-29 18:19:15,092] {logging_mixin.py:109} INFO - [2021-10-29 18:19:15,090] {dag.py:2408} INFO - Creating ORM DAG for example_short_circuit_operator
[2021-10-29 18:19:15,099] {logging_mixin.py:109} INFO - [2021-10-29 18:19:15,099] {dag.py:2914} INFO - Setting next_dagrun for example_short_circuit_operator to 2021-10-28T18:19:15.099379+00:00
[2021-10-29 18:19:15,114] {processor.py:171} INFO - Processing /home/airflow/.local/lib/python3.6/site-packages/airflow/example_dags/example_short_circuit_operator.py took 1.868 seconds
[2021-10-29 18:19:45,182] {processor.py:163} INFO - Started process (PID=390) to work on /home/airflow/.local/lib/python3.6/site-packages/airflow/example_dags/example_short_circuit_operator.py
[2021-10-29 18:19:45,184] {processor.py:620} INFO - Processing file /home/airflow/.local/lib/python3.6/site-packages/airflow/example_dags/example_short_circuit_operator.py for tasks to queue
[2021-10-29 18:19:45,185] {logging_mixin.py:109} INFO - [2021-10-29 18:19:45,185] {dagbag.py:500} INFO - Filling up the DagBag from /home/airflow/.local/lib/python3.6/site-packages/airflow/example_dags/example_short_circuit_operator.py
[2021-10-29 18:19:45,215] {processor.py:632} INFO - DAG(s) dict_keys(['example_short_circuit_operator']) retrieved from /home/airflow/.local/lib/python3.6/site-packages/airflow/example_dags/example_short_circuit_operator.py
[2021-10-29 18:19:45,224] {logging_mixin.py:109} INFO - [2021-10-29 18:19:45,223] {dag.py:2389} INFO - Sync 1 DAGs
[2021-10-29 18:19:45,236] {logging_mixin.py:109} INFO - [2021-10-29 18:19:45,236] {dag.py:2914} INFO - Setting next_dagrun for example_short_circuit_operator to 2021-10-28T18:19:45.235951+00:00
[2021-10-29 18:19:45,244] {processor.py:171} INFO - Processing /home/airflow/.local/lib/python3.6/site-packages/airflow/example_dags/example_short_circuit_operator.py took 0.069 seconds
[2021-10-29 18:20:15,506] {processor.py:163} INFO - Started process (PID=454) to work on /home/airflow/.local/lib/python3.6/site-packages/airflow/example_dags/example_short_circuit_operator.py
[2021-10-29 18:20:15,509] {processor.py:620} INFO - Processing file /home/airflow/.local/lib/python3.6/site-packages/airflow/example_dags/example_short_circuit_operator.py for tasks to queue
[2021-10-29 18:20:15,511] {logging_mixin.py:109} INFO - [2021-10-29 18:20:15,511] {dagbag.py:500} INFO - Filling up the DagBag from /home/airflow/.local/lib/python3.6/site-packages/airflow/example_dags/example_short_circuit_operator.py
[2021-10-29 18:20:15,541] {processor.py:632} INFO - DAG(s) dict_keys(['example_short_circuit_operator']) retrieved from /home/airflow/.local/lib/python3.6/site-packages/airflow/example_dags/example_short_circuit_operator.py
[2021-10-29 18:20:15,550] {logging_mixin.py:109} INFO - [2021-10-29 18:20:15,550] {dag.py:2389} INFO - Sync 1 DAGs
[2021-10-29 18:20:15,562] {logging_mixin.py:109} INFO - [2021-10-29 18:20:15,562] {dag.py:2914} INFO - Setting next_dagrun for example_short_circuit_operator to 2021-10-28T18:20:15.562136+00:00
[2021-10-29 18:20:15,568] {processor.py:171} INFO - Processing /home/airflow/.local/lib/python3.6/site-packages/airflow/example_dags/example_short_circuit_operator.py took 0.072 seconds
[2021-10-29 18:20:45,747] {processor.py:163} INFO - Started process (PID=507) to work on /home/airflow/.local/lib/python3.6/site-packages/airflow/example_dags/example_short_circuit_operator.py
[2021-10-29 18:20:45,748] {processor.py:620} INFO - Processing file /home/airflow/.local/lib/python3.6/site-packages/airflow/example_dags/example_short_circuit_operator.py for tasks to queue
[2021-10-29 18:20:45,748] {logging_mixin.py:109} INFO - [2021-10-29 18:20:45,748] {dagbag.py:500} INFO - Filling up the DagBag from /home/airflow/.local/lib/python3.6/site-packages/airflow/example_dags/example_short_circuit_operator.py
[2021-10-29 18:20:45,769] {processor.py:632} INFO - DAG(s) dict_keys(['example_short_circuit_operator']) retrieved from /home/airflow/.local/lib/python3.6/site-packages/airflow/example_dags/example_short_circuit_operator.py
[2021-10-29 18:20:45,779] {logging_mixin.py:109} INFO - [2021-10-29 18:20:45,779] {dag.py:2389} INFO - Sync 1 DAGs
[2021-10-29 18:20:45,792] {logging_mixin.py:109} INFO - [2021-10-29 18:20:45,792] {dag.py:2914} INFO - Setting next_dagrun for example_short_circuit_operator to 2021-10-28T18:20:45.792323+00:00
[2021-10-29 18:20:45,800] {processor.py:171} INFO - Processing /home/airflow/.local/lib/python3.6/site-packages/airflow/example_dags/example_short_circuit_operator.py took 0.056 seconds
[2021-10-29 18:21:16,092] {processor.py:163} INFO - Started process (PID=571) to work on /home/airflow/.local/lib/python3.6/site-packages/airflow/example_dags/example_short_circuit_operator.py
[2021-10-29 18:21:16,095] {processor.py:620} INFO - Processing file /home/airflow/.local/lib/python3.6/site-packages/airflow/example_dags/example_short_circuit_operator.py for tasks to queue
[2021-10-29 18:21:16,096] {logging_mixin.py:109} INFO - [2021-10-29 18:21:16,096] {dagbag.py:500} INFO - Filling up the DagBag from /home/airflow/.local/lib/python3.6/site-packages/airflow/example_dags/example_short_circuit_operator.py
[2021-10-29 18:21:16,131] {processor.py:632} INFO - DAG(s) dict_keys(['example_short_circuit_operator']) retrieved from /home/airflow/.local/lib/python3.6/site-packages/airflow/example_dags/example_short_circuit_operator.py
[2021-10-29 18:21:16,140] {logging_mixin.py:109} INFO - [2021-10-29 18:21:16,140] {dag.py:2389} INFO - Sync 1 DAGs
[2021-10-29 18:21:16,152] {logging_mixin.py:109} INFO - [2021-10-29 18:21:16,152] {dag.py:2914} INFO - Setting next_dagrun for example_short_circuit_operator to 2021-10-28T18:21:16.151921+00:00
[2021-10-29 18:21:16,160] {processor.py:171} INFO - Processing /home/airflow/.local/lib/python3.6/site-packages/airflow/example_dags/example_short_circuit_operator.py took 0.075 seconds
[2021-10-29 18:21:46,491] {processor.py:163} INFO - Started process (PID=624) to work on /home/airflow/.local/lib/python3.6/site-packages/airflow/example_dags/example_short_circuit_operator.py
[2021-10-29 18:21:46,492] {processor.py:620} INFO - Processing file /home/airflow/.local/lib/python3.6/site-packages/airflow/example_dags/example_short_circuit_operator.py for tasks to queue
[2021-10-29 18:21:46,493] {logging_mixin.py:109} INFO - [2021-10-29 18:21:46,493] {dagbag.py:500} INFO - Filling up the DagBag from /home/airflow/.local/lib/python3.6/site-packages/airflow/example_dags/example_short_circuit_operator.py
[2021-10-29 18:21:46,515] {processor.py:632} INFO - DAG(s) dict_keys(['example_short_circuit_operator']) retrieved from /home/airflow/.local/lib/python3.6/site-packages/airflow/example_dags/example_short_circuit_operator.py
[2021-10-29 18:21:46,524] {logging_mixin.py:109} INFO - [2021-10-29 18:21:46,523] {dag.py:2389} INFO - Sync 1 DAGs
[2021-10-29 18:21:46,536] {logging_mixin.py:109} INFO - [2021-10-29 18:21:46,536] {dag.py:2914} INFO - Setting next_dagrun for example_short_circuit_operator to 2021-10-28T18:21:46.536318+00:00
[2021-10-29 18:21:46,544] {processor.py:171} INFO - Processing /home/airflow/.local/lib/python3.6/site-packages/airflow/example_dags/example_short_circuit_operator.py took 0.055 seconds
[2021-10-29 18:22:16,933] {processor.py:163} INFO - Started process (PID=687) to work on /home/airflow/.local/lib/python3.6/site-packages/airflow/example_dags/example_short_circuit_operator.py
[2021-10-29 18:22:16,934] {processor.py:620} INFO - Processing file /home/airflow/.local/lib/python3.6/site-packages/airflow/example_dags/example_short_circuit_operator.py for tasks to queue
[2021-10-29 18:22:16,935] {logging_mixin.py:109} INFO - [2021-10-29 18:22:16,935] {dagbag.py:500} INFO - Filling up the DagBag from /home/airflow/.local/lib/python3.6/site-packages/airflow/example_dags/example_short_circuit_operator.py
[2021-10-29 18:22:16,968] {processor.py:632} INFO - DAG(s) dict_keys(['example_short_circuit_operator']) retrieved from /home/airflow/.local/lib/python3.6/site-packages/airflow/example_dags/example_short_circuit_operator.py
[2021-10-29 18:22:16,982] {logging_mixin.py:109} INFO - [2021-10-29 18:22:16,982] {dag.py:2389} INFO - Sync 1 DAGs
[2021-10-29 18:22:17,000] {logging_mixin.py:109} INFO - [2021-10-29 18:22:17,000] {dag.py:2914} INFO - Setting next_dagrun for example_short_circuit_operator to 2021-10-28T18:22:16.999794+00:00
[2021-10-29 18:22:17,009] {processor.py:171} INFO - Processing /home/airflow/.local/lib/python3.6/site-packages/airflow/example_dags/example_short_circuit_operator.py took 0.083 seconds
