[2021-10-29 18:18:46,441] {processor.py:163} INFO - Started process (PID=49) to work on /home/airflow/.local/lib/python3.6/site-packages/airflow/example_dags/example_trigger_target_dag.py
[2021-10-29 18:18:46,450] {processor.py:620} INFO - Processing file /home/airflow/.local/lib/python3.6/site-packages/airflow/example_dags/example_trigger_target_dag.py for tasks to queue
[2021-10-29 18:18:46,452] {logging_mixin.py:109} INFO - [2021-10-29 18:18:46,452] {dagbag.py:500} INFO - Filling up the DagBag from /home/airflow/.local/lib/python3.6/site-packages/airflow/example_dags/example_trigger_target_dag.py
[2021-10-29 18:18:46,514] {processor.py:632} INFO - DAG(s) dict_keys(['example_trigger_target_dag']) retrieved from /home/airflow/.local/lib/python3.6/site-packages/airflow/example_dags/example_trigger_target_dag.py
[2021-10-29 18:18:51,207] {logging_mixin.py:109} INFO - [2021-10-29 18:18:51,207] {providers_manager.py:156} WARNING - Exception when importing 'airflow.providers.google.leveldb.hooks.leveldb.LevelDBHook' from 'apache-airflow-providers-google' package: No module named 'plyvel'
[2021-10-29 18:18:52,486] {logging_mixin.py:109} INFO - [2021-10-29 18:18:52,486] {providers_manager.py:156} WARNING - Exception when importing 'airflow.providers.google.leveldb.hooks.leveldb.LevelDBHook' from 'apache-airflow-providers-google' package: No module named 'plyvel'
[2021-10-29 18:18:52,505] {logging_mixin.py:109} INFO - [2021-10-29 18:18:52,505] {manager.py:496} INFO - Created Permission View: can read on DAG:example_trigger_target_dag
[2021-10-29 18:18:52,512] {logging_mixin.py:109} INFO - [2021-10-29 18:18:52,512] {manager.py:496} INFO - Created Permission View: can edit on DAG:example_trigger_target_dag
[2021-10-29 18:18:52,514] {logging_mixin.py:109} INFO - [2021-10-29 18:18:52,513] {dag.py:2389} INFO - Sync 1 DAGs
[2021-10-29 18:18:52,523] {logging_mixin.py:109} INFO - [2021-10-29 18:18:52,522] {dag.py:2408} INFO - Creating ORM DAG for example_trigger_target_dag
[2021-10-29 18:18:52,529] {logging_mixin.py:109} INFO - [2021-10-29 18:18:52,529] {dag.py:2914} INFO - Setting next_dagrun for example_trigger_target_dag to None
[2021-10-29 18:18:52,539] {processor.py:171} INFO - Processing /home/airflow/.local/lib/python3.6/site-packages/airflow/example_dags/example_trigger_target_dag.py took 6.101 seconds
[2021-10-29 18:19:23,349] {processor.py:163} INFO - Started process (PID=350) to work on /home/airflow/.local/lib/python3.6/site-packages/airflow/example_dags/example_trigger_target_dag.py
[2021-10-29 18:19:23,349] {processor.py:620} INFO - Processing file /home/airflow/.local/lib/python3.6/site-packages/airflow/example_dags/example_trigger_target_dag.py for tasks to queue
[2021-10-29 18:19:23,350] {logging_mixin.py:109} INFO - [2021-10-29 18:19:23,350] {dagbag.py:500} INFO - Filling up the DagBag from /home/airflow/.local/lib/python3.6/site-packages/airflow/example_dags/example_trigger_target_dag.py
[2021-10-29 18:19:23,370] {processor.py:632} INFO - DAG(s) dict_keys(['example_trigger_target_dag']) retrieved from /home/airflow/.local/lib/python3.6/site-packages/airflow/example_dags/example_trigger_target_dag.py
[2021-10-29 18:19:23,378] {logging_mixin.py:109} INFO - [2021-10-29 18:19:23,378] {dag.py:2389} INFO - Sync 1 DAGs
[2021-10-29 18:19:23,391] {logging_mixin.py:109} INFO - [2021-10-29 18:19:23,390] {dag.py:2914} INFO - Setting next_dagrun for example_trigger_target_dag to None
[2021-10-29 18:19:23,398] {processor.py:171} INFO - Processing /home/airflow/.local/lib/python3.6/site-packages/airflow/example_dags/example_trigger_target_dag.py took 0.051 seconds
[2021-10-29 18:19:53,568] {processor.py:163} INFO - Started process (PID=412) to work on /home/airflow/.local/lib/python3.6/site-packages/airflow/example_dags/example_trigger_target_dag.py
[2021-10-29 18:19:53,569] {processor.py:620} INFO - Processing file /home/airflow/.local/lib/python3.6/site-packages/airflow/example_dags/example_trigger_target_dag.py for tasks to queue
[2021-10-29 18:19:53,569] {logging_mixin.py:109} INFO - [2021-10-29 18:19:53,569] {dagbag.py:500} INFO - Filling up the DagBag from /home/airflow/.local/lib/python3.6/site-packages/airflow/example_dags/example_trigger_target_dag.py
[2021-10-29 18:19:53,589] {processor.py:632} INFO - DAG(s) dict_keys(['example_trigger_target_dag']) retrieved from /home/airflow/.local/lib/python3.6/site-packages/airflow/example_dags/example_trigger_target_dag.py
[2021-10-29 18:19:53,599] {logging_mixin.py:109} INFO - [2021-10-29 18:19:53,599] {dag.py:2389} INFO - Sync 1 DAGs
[2021-10-29 18:19:53,615] {logging_mixin.py:109} INFO - [2021-10-29 18:19:53,615] {dag.py:2914} INFO - Setting next_dagrun for example_trigger_target_dag to None
[2021-10-29 18:19:53,625] {processor.py:171} INFO - Processing /home/airflow/.local/lib/python3.6/site-packages/airflow/example_dags/example_trigger_target_dag.py took 0.059 seconds
[2021-10-29 18:20:23,903] {processor.py:163} INFO - Started process (PID=466) to work on /home/airflow/.local/lib/python3.6/site-packages/airflow/example_dags/example_trigger_target_dag.py
[2021-10-29 18:20:23,905] {processor.py:620} INFO - Processing file /home/airflow/.local/lib/python3.6/site-packages/airflow/example_dags/example_trigger_target_dag.py for tasks to queue
[2021-10-29 18:20:23,906] {logging_mixin.py:109} INFO - [2021-10-29 18:20:23,906] {dagbag.py:500} INFO - Filling up the DagBag from /home/airflow/.local/lib/python3.6/site-packages/airflow/example_dags/example_trigger_target_dag.py
[2021-10-29 18:20:23,935] {processor.py:632} INFO - DAG(s) dict_keys(['example_trigger_target_dag']) retrieved from /home/airflow/.local/lib/python3.6/site-packages/airflow/example_dags/example_trigger_target_dag.py
[2021-10-29 18:20:23,943] {logging_mixin.py:109} INFO - [2021-10-29 18:20:23,942] {dag.py:2389} INFO - Sync 1 DAGs
[2021-10-29 18:20:23,954] {logging_mixin.py:109} INFO - [2021-10-29 18:20:23,954] {dag.py:2914} INFO - Setting next_dagrun for example_trigger_target_dag to None
[2021-10-29 18:20:23,961] {processor.py:171} INFO - Processing /home/airflow/.local/lib/python3.6/site-packages/airflow/example_dags/example_trigger_target_dag.py took 0.064 seconds
[2021-10-29 18:20:54,161] {processor.py:163} INFO - Started process (PID=529) to work on /home/airflow/.local/lib/python3.6/site-packages/airflow/example_dags/example_trigger_target_dag.py
[2021-10-29 18:20:54,163] {processor.py:620} INFO - Processing file /home/airflow/.local/lib/python3.6/site-packages/airflow/example_dags/example_trigger_target_dag.py for tasks to queue
[2021-10-29 18:20:54,165] {logging_mixin.py:109} INFO - [2021-10-29 18:20:54,164] {dagbag.py:500} INFO - Filling up the DagBag from /home/airflow/.local/lib/python3.6/site-packages/airflow/example_dags/example_trigger_target_dag.py
[2021-10-29 18:20:54,196] {processor.py:632} INFO - DAG(s) dict_keys(['example_trigger_target_dag']) retrieved from /home/airflow/.local/lib/python3.6/site-packages/airflow/example_dags/example_trigger_target_dag.py
[2021-10-29 18:20:54,204] {logging_mixin.py:109} INFO - [2021-10-29 18:20:54,204] {dag.py:2389} INFO - Sync 1 DAGs
[2021-10-29 18:20:54,216] {logging_mixin.py:109} INFO - [2021-10-29 18:20:54,216] {dag.py:2914} INFO - Setting next_dagrun for example_trigger_target_dag to None
[2021-10-29 18:20:54,223] {processor.py:171} INFO - Processing /home/airflow/.local/lib/python3.6/site-packages/airflow/example_dags/example_trigger_target_dag.py took 0.069 seconds
[2021-10-29 18:21:24,402] {processor.py:163} INFO - Started process (PID=590) to work on /home/airflow/.local/lib/python3.6/site-packages/airflow/example_dags/example_trigger_target_dag.py
[2021-10-29 18:21:24,403] {processor.py:620} INFO - Processing file /home/airflow/.local/lib/python3.6/site-packages/airflow/example_dags/example_trigger_target_dag.py for tasks to queue
[2021-10-29 18:21:24,404] {logging_mixin.py:109} INFO - [2021-10-29 18:21:24,404] {dagbag.py:500} INFO - Filling up the DagBag from /home/airflow/.local/lib/python3.6/site-packages/airflow/example_dags/example_trigger_target_dag.py
[2021-10-29 18:21:24,425] {processor.py:632} INFO - DAG(s) dict_keys(['example_trigger_target_dag']) retrieved from /home/airflow/.local/lib/python3.6/site-packages/airflow/example_dags/example_trigger_target_dag.py
[2021-10-29 18:21:24,433] {logging_mixin.py:109} INFO - [2021-10-29 18:21:24,433] {dag.py:2389} INFO - Sync 1 DAGs
[2021-10-29 18:21:24,445] {logging_mixin.py:109} INFO - [2021-10-29 18:21:24,445] {dag.py:2914} INFO - Setting next_dagrun for example_trigger_target_dag to None
[2021-10-29 18:21:24,451] {processor.py:171} INFO - Processing /home/airflow/.local/lib/python3.6/site-packages/airflow/example_dags/example_trigger_target_dag.py took 0.051 seconds
[2021-10-29 18:21:54,936] {processor.py:163} INFO - Started process (PID=646) to work on /home/airflow/.local/lib/python3.6/site-packages/airflow/example_dags/example_trigger_target_dag.py
[2021-10-29 18:21:54,938] {processor.py:620} INFO - Processing file /home/airflow/.local/lib/python3.6/site-packages/airflow/example_dags/example_trigger_target_dag.py for tasks to queue
[2021-10-29 18:21:54,939] {logging_mixin.py:109} INFO - [2021-10-29 18:21:54,939] {dagbag.py:500} INFO - Filling up the DagBag from /home/airflow/.local/lib/python3.6/site-packages/airflow/example_dags/example_trigger_target_dag.py
[2021-10-29 18:21:54,972] {processor.py:632} INFO - DAG(s) dict_keys(['example_trigger_target_dag']) retrieved from /home/airflow/.local/lib/python3.6/site-packages/airflow/example_dags/example_trigger_target_dag.py
[2021-10-29 18:21:54,985] {logging_mixin.py:109} INFO - [2021-10-29 18:21:54,985] {dag.py:2389} INFO - Sync 1 DAGs
[2021-10-29 18:21:55,003] {logging_mixin.py:109} INFO - [2021-10-29 18:21:55,002] {dag.py:2914} INFO - Setting next_dagrun for example_trigger_target_dag to None
[2021-10-29 18:21:55,013] {processor.py:171} INFO - Processing /home/airflow/.local/lib/python3.6/site-packages/airflow/example_dags/example_trigger_target_dag.py took 0.085 seconds
[2021-10-29 18:22:25,412] {processor.py:163} INFO - Started process (PID=699) to work on /home/airflow/.local/lib/python3.6/site-packages/airflow/example_dags/example_trigger_target_dag.py
[2021-10-29 18:22:25,413] {processor.py:620} INFO - Processing file /home/airflow/.local/lib/python3.6/site-packages/airflow/example_dags/example_trigger_target_dag.py for tasks to queue
[2021-10-29 18:22:25,414] {logging_mixin.py:109} INFO - [2021-10-29 18:22:25,414] {dagbag.py:500} INFO - Filling up the DagBag from /home/airflow/.local/lib/python3.6/site-packages/airflow/example_dags/example_trigger_target_dag.py
[2021-10-29 18:22:25,438] {processor.py:632} INFO - DAG(s) dict_keys(['example_trigger_target_dag']) retrieved from /home/airflow/.local/lib/python3.6/site-packages/airflow/example_dags/example_trigger_target_dag.py
[2021-10-29 18:22:25,446] {logging_mixin.py:109} INFO - [2021-10-29 18:22:25,446] {dag.py:2389} INFO - Sync 1 DAGs
[2021-10-29 18:22:25,459] {logging_mixin.py:109} INFO - [2021-10-29 18:22:25,459] {dag.py:2914} INFO - Setting next_dagrun for example_trigger_target_dag to None
[2021-10-29 18:22:25,467] {processor.py:171} INFO - Processing /home/airflow/.local/lib/python3.6/site-packages/airflow/example_dags/example_trigger_target_dag.py took 0.057 seconds
