[2021-10-29 18:19:15,135] {processor.py:163} INFO - Started process (PID=274) to work on /home/airflow/.local/lib/python3.6/site-packages/airflow/example_dags/example_python_operator.py
[2021-10-29 18:19:15,136] {processor.py:620} INFO - Processing file /home/airflow/.local/lib/python3.6/site-packages/airflow/example_dags/example_python_operator.py for tasks to queue
[2021-10-29 18:19:15,136] {logging_mixin.py:109} INFO - [2021-10-29 18:19:15,136] {dagbag.py:500} INFO - Filling up the DagBag from /home/airflow/.local/lib/python3.6/site-packages/airflow/example_dags/example_python_operator.py
[2021-10-29 18:19:15,160] {processor.py:632} INFO - DAG(s) dict_keys(['example_python_operator']) retrieved from /home/airflow/.local/lib/python3.6/site-packages/airflow/example_dags/example_python_operator.py
[2021-10-29 18:19:16,513] {logging_mixin.py:109} INFO - [2021-10-29 18:19:16,513] {providers_manager.py:156} WARNING - Exception when importing 'airflow.providers.google.leveldb.hooks.leveldb.LevelDBHook' from 'apache-airflow-providers-google' package: No module named 'plyvel'
[2021-10-29 18:19:16,931] {logging_mixin.py:109} INFO - [2021-10-29 18:19:16,931] {providers_manager.py:156} WARNING - Exception when importing 'airflow.providers.google.leveldb.hooks.leveldb.LevelDBHook' from 'apache-airflow-providers-google' package: No module named 'plyvel'
[2021-10-29 18:19:16,951] {logging_mixin.py:109} INFO - [2021-10-29 18:19:16,951] {manager.py:496} INFO - Created Permission View: can read on DAG:example_python_operator
[2021-10-29 18:19:16,960] {logging_mixin.py:109} INFO - [2021-10-29 18:19:16,960] {manager.py:496} INFO - Created Permission View: can edit on DAG:example_python_operator
[2021-10-29 18:19:16,962] {logging_mixin.py:109} INFO - [2021-10-29 18:19:16,960] {dag.py:2389} INFO - Sync 1 DAGs
[2021-10-29 18:19:16,975] {logging_mixin.py:109} INFO - [2021-10-29 18:19:16,973] {dag.py:2408} INFO - Creating ORM DAG for example_python_operator
[2021-10-29 18:19:16,982] {logging_mixin.py:109} INFO - [2021-10-29 18:19:16,982] {dag.py:2914} INFO - Setting next_dagrun for example_python_operator to None
[2021-10-29 18:19:16,998] {processor.py:171} INFO - Processing /home/airflow/.local/lib/python3.6/site-packages/airflow/example_dags/example_python_operator.py took 1.865 seconds
[2021-10-29 18:19:47,206] {processor.py:163} INFO - Started process (PID=392) to work on /home/airflow/.local/lib/python3.6/site-packages/airflow/example_dags/example_python_operator.py
[2021-10-29 18:19:47,208] {processor.py:620} INFO - Processing file /home/airflow/.local/lib/python3.6/site-packages/airflow/example_dags/example_python_operator.py for tasks to queue
[2021-10-29 18:19:47,209] {logging_mixin.py:109} INFO - [2021-10-29 18:19:47,208] {dagbag.py:500} INFO - Filling up the DagBag from /home/airflow/.local/lib/python3.6/site-packages/airflow/example_dags/example_python_operator.py
[2021-10-29 18:19:47,237] {processor.py:632} INFO - DAG(s) dict_keys(['example_python_operator']) retrieved from /home/airflow/.local/lib/python3.6/site-packages/airflow/example_dags/example_python_operator.py
[2021-10-29 18:19:47,246] {logging_mixin.py:109} INFO - [2021-10-29 18:19:47,246] {dag.py:2389} INFO - Sync 1 DAGs
[2021-10-29 18:19:47,259] {logging_mixin.py:109} INFO - [2021-10-29 18:19:47,259] {dag.py:2914} INFO - Setting next_dagrun for example_python_operator to None
[2021-10-29 18:19:47,267] {processor.py:171} INFO - Processing /home/airflow/.local/lib/python3.6/site-packages/airflow/example_dags/example_python_operator.py took 0.069 seconds
[2021-10-29 18:20:17,508] {processor.py:163} INFO - Started process (PID=456) to work on /home/airflow/.local/lib/python3.6/site-packages/airflow/example_dags/example_python_operator.py
[2021-10-29 18:20:17,509] {processor.py:620} INFO - Processing file /home/airflow/.local/lib/python3.6/site-packages/airflow/example_dags/example_python_operator.py for tasks to queue
[2021-10-29 18:20:17,509] {logging_mixin.py:109} INFO - [2021-10-29 18:20:17,509] {dagbag.py:500} INFO - Filling up the DagBag from /home/airflow/.local/lib/python3.6/site-packages/airflow/example_dags/example_python_operator.py
[2021-10-29 18:20:17,532] {processor.py:632} INFO - DAG(s) dict_keys(['example_python_operator']) retrieved from /home/airflow/.local/lib/python3.6/site-packages/airflow/example_dags/example_python_operator.py
[2021-10-29 18:20:17,540] {logging_mixin.py:109} INFO - [2021-10-29 18:20:17,540] {dag.py:2389} INFO - Sync 1 DAGs
[2021-10-29 18:20:17,552] {logging_mixin.py:109} INFO - [2021-10-29 18:20:17,552] {dag.py:2914} INFO - Setting next_dagrun for example_python_operator to None
[2021-10-29 18:20:17,559] {processor.py:171} INFO - Processing /home/airflow/.local/lib/python3.6/site-packages/airflow/example_dags/example_python_operator.py took 0.054 seconds
[2021-10-29 18:20:47,780] {processor.py:163} INFO - Started process (PID=509) to work on /home/airflow/.local/lib/python3.6/site-packages/airflow/example_dags/example_python_operator.py
[2021-10-29 18:20:47,781] {processor.py:620} INFO - Processing file /home/airflow/.local/lib/python3.6/site-packages/airflow/example_dags/example_python_operator.py for tasks to queue
[2021-10-29 18:20:47,782] {logging_mixin.py:109} INFO - [2021-10-29 18:20:47,782] {dagbag.py:500} INFO - Filling up the DagBag from /home/airflow/.local/lib/python3.6/site-packages/airflow/example_dags/example_python_operator.py
[2021-10-29 18:20:47,808] {processor.py:632} INFO - DAG(s) dict_keys(['example_python_operator']) retrieved from /home/airflow/.local/lib/python3.6/site-packages/airflow/example_dags/example_python_operator.py
[2021-10-29 18:20:47,816] {logging_mixin.py:109} INFO - [2021-10-29 18:20:47,816] {dag.py:2389} INFO - Sync 1 DAGs
[2021-10-29 18:20:47,828] {logging_mixin.py:109} INFO - [2021-10-29 18:20:47,828] {dag.py:2914} INFO - Setting next_dagrun for example_python_operator to None
[2021-10-29 18:20:47,836] {processor.py:171} INFO - Processing /home/airflow/.local/lib/python3.6/site-packages/airflow/example_dags/example_python_operator.py took 0.061 seconds
[2021-10-29 18:21:18,120] {processor.py:163} INFO - Started process (PID=573) to work on /home/airflow/.local/lib/python3.6/site-packages/airflow/example_dags/example_python_operator.py
[2021-10-29 18:21:18,122] {processor.py:620} INFO - Processing file /home/airflow/.local/lib/python3.6/site-packages/airflow/example_dags/example_python_operator.py for tasks to queue
[2021-10-29 18:21:18,123] {logging_mixin.py:109} INFO - [2021-10-29 18:21:18,123] {dagbag.py:500} INFO - Filling up the DagBag from /home/airflow/.local/lib/python3.6/site-packages/airflow/example_dags/example_python_operator.py
[2021-10-29 18:21:18,152] {processor.py:632} INFO - DAG(s) dict_keys(['example_python_operator']) retrieved from /home/airflow/.local/lib/python3.6/site-packages/airflow/example_dags/example_python_operator.py
[2021-10-29 18:21:18,164] {logging_mixin.py:109} INFO - [2021-10-29 18:21:18,164] {dag.py:2389} INFO - Sync 1 DAGs
[2021-10-29 18:21:18,178] {logging_mixin.py:109} INFO - [2021-10-29 18:21:18,178] {dag.py:2914} INFO - Setting next_dagrun for example_python_operator to None
[2021-10-29 18:21:18,185] {processor.py:171} INFO - Processing /home/airflow/.local/lib/python3.6/site-packages/airflow/example_dags/example_python_operator.py took 0.073 seconds
[2021-10-29 18:21:48,586] {processor.py:163} INFO - Started process (PID=626) to work on /home/airflow/.local/lib/python3.6/site-packages/airflow/example_dags/example_python_operator.py
[2021-10-29 18:21:48,589] {processor.py:620} INFO - Processing file /home/airflow/.local/lib/python3.6/site-packages/airflow/example_dags/example_python_operator.py for tasks to queue
[2021-10-29 18:21:48,590] {logging_mixin.py:109} INFO - [2021-10-29 18:21:48,590] {dagbag.py:500} INFO - Filling up the DagBag from /home/airflow/.local/lib/python3.6/site-packages/airflow/example_dags/example_python_operator.py
[2021-10-29 18:21:48,619] {processor.py:632} INFO - DAG(s) dict_keys(['example_python_operator']) retrieved from /home/airflow/.local/lib/python3.6/site-packages/airflow/example_dags/example_python_operator.py
[2021-10-29 18:21:48,627] {logging_mixin.py:109} INFO - [2021-10-29 18:21:48,627] {dag.py:2389} INFO - Sync 1 DAGs
[2021-10-29 18:21:48,640] {logging_mixin.py:109} INFO - [2021-10-29 18:21:48,640] {dag.py:2914} INFO - Setting next_dagrun for example_python_operator to None
[2021-10-29 18:21:48,648] {processor.py:171} INFO - Processing /home/airflow/.local/lib/python3.6/site-packages/airflow/example_dags/example_python_operator.py took 0.070 seconds
[2021-10-29 18:22:19,045] {processor.py:163} INFO - Started process (PID=689) to work on /home/airflow/.local/lib/python3.6/site-packages/airflow/example_dags/example_python_operator.py
[2021-10-29 18:22:19,047] {processor.py:620} INFO - Processing file /home/airflow/.local/lib/python3.6/site-packages/airflow/example_dags/example_python_operator.py for tasks to queue
[2021-10-29 18:22:19,048] {logging_mixin.py:109} INFO - [2021-10-29 18:22:19,048] {dagbag.py:500} INFO - Filling up the DagBag from /home/airflow/.local/lib/python3.6/site-packages/airflow/example_dags/example_python_operator.py
[2021-10-29 18:22:19,080] {processor.py:632} INFO - DAG(s) dict_keys(['example_python_operator']) retrieved from /home/airflow/.local/lib/python3.6/site-packages/airflow/example_dags/example_python_operator.py
[2021-10-29 18:22:19,091] {logging_mixin.py:109} INFO - [2021-10-29 18:22:19,091] {dag.py:2389} INFO - Sync 1 DAGs
[2021-10-29 18:22:19,111] {logging_mixin.py:109} INFO - [2021-10-29 18:22:19,111] {dag.py:2914} INFO - Setting next_dagrun for example_python_operator to None
[2021-10-29 18:22:19,124] {processor.py:171} INFO - Processing /home/airflow/.local/lib/python3.6/site-packages/airflow/example_dags/example_python_operator.py took 0.085 seconds
