[2021-10-29 18:19:05,769] {processor.py:163} INFO - Started process (PID=166) to work on /home/airflow/.local/lib/python3.6/site-packages/airflow/example_dags/example_kubernetes_executor.py
[2021-10-29 18:19:05,770] {processor.py:620} INFO - Processing file /home/airflow/.local/lib/python3.6/site-packages/airflow/example_dags/example_kubernetes_executor.py for tasks to queue
[2021-10-29 18:19:05,770] {logging_mixin.py:109} INFO - [2021-10-29 18:19:05,770] {dagbag.py:500} INFO - Filling up the DagBag from /home/airflow/.local/lib/python3.6/site-packages/airflow/example_dags/example_kubernetes_executor.py
[2021-10-29 18:19:05,792] {processor.py:632} INFO - DAG(s) dict_keys(['example_kubernetes_executor']) retrieved from /home/airflow/.local/lib/python3.6/site-packages/airflow/example_dags/example_kubernetes_executor.py
[2021-10-29 18:19:07,007] {logging_mixin.py:109} INFO - [2021-10-29 18:19:07,007] {providers_manager.py:156} WARNING - Exception when importing 'airflow.providers.google.leveldb.hooks.leveldb.LevelDBHook' from 'apache-airflow-providers-google' package: No module named 'plyvel'
[2021-10-29 18:19:07,328] {logging_mixin.py:109} INFO - [2021-10-29 18:19:07,328] {providers_manager.py:156} WARNING - Exception when importing 'airflow.providers.google.leveldb.hooks.leveldb.LevelDBHook' from 'apache-airflow-providers-google' package: No module named 'plyvel'
[2021-10-29 18:19:07,349] {logging_mixin.py:109} INFO - [2021-10-29 18:19:07,349] {manager.py:496} INFO - Created Permission View: can read on DAG:example_kubernetes_executor
[2021-10-29 18:19:07,356] {logging_mixin.py:109} INFO - [2021-10-29 18:19:07,356] {manager.py:496} INFO - Created Permission View: can edit on DAG:example_kubernetes_executor
[2021-10-29 18:19:07,357] {logging_mixin.py:109} INFO - [2021-10-29 18:19:07,356] {dag.py:2389} INFO - Sync 1 DAGs
[2021-10-29 18:19:07,365] {logging_mixin.py:109} INFO - [2021-10-29 18:19:07,364] {dag.py:2408} INFO - Creating ORM DAG for example_kubernetes_executor
[2021-10-29 18:19:07,370] {logging_mixin.py:109} INFO - [2021-10-29 18:19:07,370] {dag.py:2914} INFO - Setting next_dagrun for example_kubernetes_executor to None
[2021-10-29 18:19:07,383] {processor.py:171} INFO - Processing /home/airflow/.local/lib/python3.6/site-packages/airflow/example_dags/example_kubernetes_executor.py took 1.617 seconds
[2021-10-29 18:19:37,859] {processor.py:163} INFO - Started process (PID=381) to work on /home/airflow/.local/lib/python3.6/site-packages/airflow/example_dags/example_kubernetes_executor.py
[2021-10-29 18:19:37,863] {processor.py:620} INFO - Processing file /home/airflow/.local/lib/python3.6/site-packages/airflow/example_dags/example_kubernetes_executor.py for tasks to queue
[2021-10-29 18:19:37,863] {logging_mixin.py:109} INFO - [2021-10-29 18:19:37,863] {dagbag.py:500} INFO - Filling up the DagBag from /home/airflow/.local/lib/python3.6/site-packages/airflow/example_dags/example_kubernetes_executor.py
[2021-10-29 18:19:37,883] {processor.py:632} INFO - DAG(s) dict_keys(['example_kubernetes_executor']) retrieved from /home/airflow/.local/lib/python3.6/site-packages/airflow/example_dags/example_kubernetes_executor.py
[2021-10-29 18:19:37,891] {logging_mixin.py:109} INFO - [2021-10-29 18:19:37,891] {dag.py:2389} INFO - Sync 1 DAGs
[2021-10-29 18:19:37,903] {logging_mixin.py:109} INFO - [2021-10-29 18:19:37,903] {dag.py:2914} INFO - Setting next_dagrun for example_kubernetes_executor to None
[2021-10-29 18:19:37,911] {processor.py:171} INFO - Processing /home/airflow/.local/lib/python3.6/site-packages/airflow/example_dags/example_kubernetes_executor.py took 0.054 seconds
[2021-10-29 18:20:08,131] {processor.py:163} INFO - Started process (PID=434) to work on /home/airflow/.local/lib/python3.6/site-packages/airflow/example_dags/example_kubernetes_executor.py
[2021-10-29 18:20:08,134] {processor.py:620} INFO - Processing file /home/airflow/.local/lib/python3.6/site-packages/airflow/example_dags/example_kubernetes_executor.py for tasks to queue
[2021-10-29 18:20:08,136] {logging_mixin.py:109} INFO - [2021-10-29 18:20:08,135] {dagbag.py:500} INFO - Filling up the DagBag from /home/airflow/.local/lib/python3.6/site-packages/airflow/example_dags/example_kubernetes_executor.py
[2021-10-29 18:20:08,173] {processor.py:632} INFO - DAG(s) dict_keys(['example_kubernetes_executor']) retrieved from /home/airflow/.local/lib/python3.6/site-packages/airflow/example_dags/example_kubernetes_executor.py
[2021-10-29 18:20:08,183] {logging_mixin.py:109} INFO - [2021-10-29 18:20:08,183] {dag.py:2389} INFO - Sync 1 DAGs
[2021-10-29 18:20:08,196] {logging_mixin.py:109} INFO - [2021-10-29 18:20:08,196] {dag.py:2914} INFO - Setting next_dagrun for example_kubernetes_executor to None
[2021-10-29 18:20:08,202] {processor.py:171} INFO - Processing /home/airflow/.local/lib/python3.6/site-packages/airflow/example_dags/example_kubernetes_executor.py took 0.078 seconds
[2021-10-29 18:20:38,393] {processor.py:163} INFO - Started process (PID=498) to work on /home/airflow/.local/lib/python3.6/site-packages/airflow/example_dags/example_kubernetes_executor.py
[2021-10-29 18:20:38,394] {processor.py:620} INFO - Processing file /home/airflow/.local/lib/python3.6/site-packages/airflow/example_dags/example_kubernetes_executor.py for tasks to queue
[2021-10-29 18:20:38,395] {logging_mixin.py:109} INFO - [2021-10-29 18:20:38,395] {dagbag.py:500} INFO - Filling up the DagBag from /home/airflow/.local/lib/python3.6/site-packages/airflow/example_dags/example_kubernetes_executor.py
[2021-10-29 18:20:38,417] {processor.py:632} INFO - DAG(s) dict_keys(['example_kubernetes_executor']) retrieved from /home/airflow/.local/lib/python3.6/site-packages/airflow/example_dags/example_kubernetes_executor.py
[2021-10-29 18:20:38,425] {logging_mixin.py:109} INFO - [2021-10-29 18:20:38,425] {dag.py:2389} INFO - Sync 1 DAGs
[2021-10-29 18:20:38,436] {logging_mixin.py:109} INFO - [2021-10-29 18:20:38,436] {dag.py:2914} INFO - Setting next_dagrun for example_kubernetes_executor to None
[2021-10-29 18:20:38,442] {processor.py:171} INFO - Processing /home/airflow/.local/lib/python3.6/site-packages/airflow/example_dags/example_kubernetes_executor.py took 0.054 seconds
[2021-10-29 18:21:08,575] {processor.py:163} INFO - Started process (PID=551) to work on /home/airflow/.local/lib/python3.6/site-packages/airflow/example_dags/example_kubernetes_executor.py
[2021-10-29 18:21:08,578] {processor.py:620} INFO - Processing file /home/airflow/.local/lib/python3.6/site-packages/airflow/example_dags/example_kubernetes_executor.py for tasks to queue
[2021-10-29 18:21:08,578] {logging_mixin.py:109} INFO - [2021-10-29 18:21:08,578] {dagbag.py:500} INFO - Filling up the DagBag from /home/airflow/.local/lib/python3.6/site-packages/airflow/example_dags/example_kubernetes_executor.py
[2021-10-29 18:21:08,596] {processor.py:632} INFO - DAG(s) dict_keys(['example_kubernetes_executor']) retrieved from /home/airflow/.local/lib/python3.6/site-packages/airflow/example_dags/example_kubernetes_executor.py
[2021-10-29 18:21:08,604] {logging_mixin.py:109} INFO - [2021-10-29 18:21:08,604] {dag.py:2389} INFO - Sync 1 DAGs
[2021-10-29 18:21:08,616] {logging_mixin.py:109} INFO - [2021-10-29 18:21:08,616] {dag.py:2914} INFO - Setting next_dagrun for example_kubernetes_executor to None
[2021-10-29 18:21:08,624] {processor.py:171} INFO - Processing /home/airflow/.local/lib/python3.6/site-packages/airflow/example_dags/example_kubernetes_executor.py took 0.051 seconds
[2021-10-29 18:21:38,906] {processor.py:163} INFO - Started process (PID=615) to work on /home/airflow/.local/lib/python3.6/site-packages/airflow/example_dags/example_kubernetes_executor.py
[2021-10-29 18:21:38,908] {processor.py:620} INFO - Processing file /home/airflow/.local/lib/python3.6/site-packages/airflow/example_dags/example_kubernetes_executor.py for tasks to queue
[2021-10-29 18:21:38,909] {logging_mixin.py:109} INFO - [2021-10-29 18:21:38,909] {dagbag.py:500} INFO - Filling up the DagBag from /home/airflow/.local/lib/python3.6/site-packages/airflow/example_dags/example_kubernetes_executor.py
[2021-10-29 18:21:38,955] {processor.py:632} INFO - DAG(s) dict_keys(['example_kubernetes_executor']) retrieved from /home/airflow/.local/lib/python3.6/site-packages/airflow/example_dags/example_kubernetes_executor.py
[2021-10-29 18:21:38,975] {logging_mixin.py:109} INFO - [2021-10-29 18:21:38,975] {dag.py:2389} INFO - Sync 1 DAGs
[2021-10-29 18:21:38,999] {logging_mixin.py:109} INFO - [2021-10-29 18:21:38,999] {dag.py:2914} INFO - Setting next_dagrun for example_kubernetes_executor to None
[2021-10-29 18:21:39,012] {processor.py:171} INFO - Processing /home/airflow/.local/lib/python3.6/site-packages/airflow/example_dags/example_kubernetes_executor.py took 0.111 seconds
[2021-10-29 18:22:09,468] {processor.py:163} INFO - Started process (PID=668) to work on /home/airflow/.local/lib/python3.6/site-packages/airflow/example_dags/example_kubernetes_executor.py
[2021-10-29 18:22:09,472] {processor.py:620} INFO - Processing file /home/airflow/.local/lib/python3.6/site-packages/airflow/example_dags/example_kubernetes_executor.py for tasks to queue
[2021-10-29 18:22:09,472] {logging_mixin.py:109} INFO - [2021-10-29 18:22:09,472] {dagbag.py:500} INFO - Filling up the DagBag from /home/airflow/.local/lib/python3.6/site-packages/airflow/example_dags/example_kubernetes_executor.py
[2021-10-29 18:22:09,493] {processor.py:632} INFO - DAG(s) dict_keys(['example_kubernetes_executor']) retrieved from /home/airflow/.local/lib/python3.6/site-packages/airflow/example_dags/example_kubernetes_executor.py
[2021-10-29 18:22:09,501] {logging_mixin.py:109} INFO - [2021-10-29 18:22:09,501] {dag.py:2389} INFO - Sync 1 DAGs
[2021-10-29 18:22:09,512] {logging_mixin.py:109} INFO - [2021-10-29 18:22:09,512] {dag.py:2914} INFO - Setting next_dagrun for example_kubernetes_executor to None
[2021-10-29 18:22:09,520] {processor.py:171} INFO - Processing /home/airflow/.local/lib/python3.6/site-packages/airflow/example_dags/example_kubernetes_executor.py took 0.055 seconds
