[2021-10-29 18:19:18,242] {processor.py:163} INFO - Started process (PID=302) to work on /home/airflow/.local/lib/python3.6/site-packages/airflow/example_dags/example_branch_python_dop_operator_3.py
[2021-10-29 18:19:18,243] {processor.py:620} INFO - Processing file /home/airflow/.local/lib/python3.6/site-packages/airflow/example_dags/example_branch_python_dop_operator_3.py for tasks to queue
[2021-10-29 18:19:18,244] {logging_mixin.py:109} INFO - [2021-10-29 18:19:18,244] {dagbag.py:500} INFO - Filling up the DagBag from /home/airflow/.local/lib/python3.6/site-packages/airflow/example_dags/example_branch_python_dop_operator_3.py
[2021-10-29 18:19:18,269] {processor.py:632} INFO - DAG(s) dict_keys(['example_branch_dop_operator_v3']) retrieved from /home/airflow/.local/lib/python3.6/site-packages/airflow/example_dags/example_branch_python_dop_operator_3.py
[2021-10-29 18:19:19,520] {logging_mixin.py:109} INFO - [2021-10-29 18:19:19,520] {providers_manager.py:156} WARNING - Exception when importing 'airflow.providers.google.leveldb.hooks.leveldb.LevelDBHook' from 'apache-airflow-providers-google' package: No module named 'plyvel'
[2021-10-29 18:19:19,852] {logging_mixin.py:109} INFO - [2021-10-29 18:19:19,852] {providers_manager.py:156} WARNING - Exception when importing 'airflow.providers.google.leveldb.hooks.leveldb.LevelDBHook' from 'apache-airflow-providers-google' package: No module named 'plyvel'
[2021-10-29 18:19:19,870] {logging_mixin.py:109} INFO - [2021-10-29 18:19:19,869] {manager.py:496} INFO - Created Permission View: can read on DAG:example_branch_dop_operator_v3
[2021-10-29 18:19:19,876] {logging_mixin.py:109} INFO - [2021-10-29 18:19:19,876] {manager.py:496} INFO - Created Permission View: can edit on DAG:example_branch_dop_operator_v3
[2021-10-29 18:19:19,877] {logging_mixin.py:109} INFO - [2021-10-29 18:19:19,876] {dag.py:2389} INFO - Sync 1 DAGs
[2021-10-29 18:19:19,886] {logging_mixin.py:109} INFO - [2021-10-29 18:19:19,885] {dag.py:2408} INFO - Creating ORM DAG for example_branch_dop_operator_v3
[2021-10-29 18:19:19,896] {logging_mixin.py:109} INFO - [2021-10-29 18:19:19,896] {dag.py:2914} INFO - Setting next_dagrun for example_branch_dop_operator_v3 to 2021-10-29T18:18:00+00:00
[2021-10-29 18:19:19,907] {processor.py:171} INFO - Processing /home/airflow/.local/lib/python3.6/site-packages/airflow/example_dags/example_branch_python_dop_operator_3.py took 1.667 seconds
[2021-10-29 18:19:50,324] {processor.py:163} INFO - Started process (PID=405) to work on /home/airflow/.local/lib/python3.6/site-packages/airflow/example_dags/example_branch_python_dop_operator_3.py
[2021-10-29 18:19:50,325] {processor.py:620} INFO - Processing file /home/airflow/.local/lib/python3.6/site-packages/airflow/example_dags/example_branch_python_dop_operator_3.py for tasks to queue
[2021-10-29 18:19:50,325] {logging_mixin.py:109} INFO - [2021-10-29 18:19:50,325] {dagbag.py:500} INFO - Filling up the DagBag from /home/airflow/.local/lib/python3.6/site-packages/airflow/example_dags/example_branch_python_dop_operator_3.py
[2021-10-29 18:19:50,361] {processor.py:632} INFO - DAG(s) dict_keys(['example_branch_dop_operator_v3']) retrieved from /home/airflow/.local/lib/python3.6/site-packages/airflow/example_dags/example_branch_python_dop_operator_3.py
[2021-10-29 18:19:50,369] {logging_mixin.py:109} INFO - [2021-10-29 18:19:50,369] {dag.py:2389} INFO - Sync 1 DAGs
[2021-10-29 18:19:50,387] {logging_mixin.py:109} INFO - [2021-10-29 18:19:50,387] {dag.py:2914} INFO - Setting next_dagrun for example_branch_dop_operator_v3 to 2021-10-29T18:18:00+00:00
[2021-10-29 18:19:50,395] {processor.py:171} INFO - Processing /home/airflow/.local/lib/python3.6/site-packages/airflow/example_dags/example_branch_python_dop_operator_3.py took 0.073 seconds
[2021-10-29 18:20:20,638] {processor.py:163} INFO - Started process (PID=459) to work on /home/airflow/.local/lib/python3.6/site-packages/airflow/example_dags/example_branch_python_dop_operator_3.py
[2021-10-29 18:20:20,639] {processor.py:620} INFO - Processing file /home/airflow/.local/lib/python3.6/site-packages/airflow/example_dags/example_branch_python_dop_operator_3.py for tasks to queue
[2021-10-29 18:20:20,640] {logging_mixin.py:109} INFO - [2021-10-29 18:20:20,640] {dagbag.py:500} INFO - Filling up the DagBag from /home/airflow/.local/lib/python3.6/site-packages/airflow/example_dags/example_branch_python_dop_operator_3.py
[2021-10-29 18:20:20,673] {processor.py:632} INFO - DAG(s) dict_keys(['example_branch_dop_operator_v3']) retrieved from /home/airflow/.local/lib/python3.6/site-packages/airflow/example_dags/example_branch_python_dop_operator_3.py
[2021-10-29 18:20:20,682] {logging_mixin.py:109} INFO - [2021-10-29 18:20:20,682] {dag.py:2389} INFO - Sync 1 DAGs
[2021-10-29 18:20:20,701] {logging_mixin.py:109} INFO - [2021-10-29 18:20:20,701] {dag.py:2914} INFO - Setting next_dagrun for example_branch_dop_operator_v3 to 2021-10-29T18:19:00+00:00
[2021-10-29 18:20:20,708] {processor.py:171} INFO - Processing /home/airflow/.local/lib/python3.6/site-packages/airflow/example_dags/example_branch_python_dop_operator_3.py took 0.075 seconds
[2021-10-29 18:20:50,905] {processor.py:163} INFO - Started process (PID=522) to work on /home/airflow/.local/lib/python3.6/site-packages/airflow/example_dags/example_branch_python_dop_operator_3.py
[2021-10-29 18:20:50,908] {processor.py:620} INFO - Processing file /home/airflow/.local/lib/python3.6/site-packages/airflow/example_dags/example_branch_python_dop_operator_3.py for tasks to queue
[2021-10-29 18:20:50,908] {logging_mixin.py:109} INFO - [2021-10-29 18:20:50,908] {dagbag.py:500} INFO - Filling up the DagBag from /home/airflow/.local/lib/python3.6/site-packages/airflow/example_dags/example_branch_python_dop_operator_3.py
[2021-10-29 18:20:50,929] {processor.py:632} INFO - DAG(s) dict_keys(['example_branch_dop_operator_v3']) retrieved from /home/airflow/.local/lib/python3.6/site-packages/airflow/example_dags/example_branch_python_dop_operator_3.py
[2021-10-29 18:20:50,936] {logging_mixin.py:109} INFO - [2021-10-29 18:20:50,936] {dag.py:2389} INFO - Sync 1 DAGs
[2021-10-29 18:20:50,953] {logging_mixin.py:109} INFO - [2021-10-29 18:20:50,953] {dag.py:2914} INFO - Setting next_dagrun for example_branch_dop_operator_v3 to 2021-10-29T18:19:00+00:00
[2021-10-29 18:20:50,960] {processor.py:171} INFO - Processing /home/airflow/.local/lib/python3.6/site-packages/airflow/example_dags/example_branch_python_dop_operator_3.py took 0.057 seconds
[2021-10-29 18:21:21,216] {processor.py:163} INFO - Started process (PID=576) to work on /home/airflow/.local/lib/python3.6/site-packages/airflow/example_dags/example_branch_python_dop_operator_3.py
[2021-10-29 18:21:21,219] {processor.py:620} INFO - Processing file /home/airflow/.local/lib/python3.6/site-packages/airflow/example_dags/example_branch_python_dop_operator_3.py for tasks to queue
[2021-10-29 18:21:21,219] {logging_mixin.py:109} INFO - [2021-10-29 18:21:21,219] {dagbag.py:500} INFO - Filling up the DagBag from /home/airflow/.local/lib/python3.6/site-packages/airflow/example_dags/example_branch_python_dop_operator_3.py
[2021-10-29 18:21:21,237] {processor.py:632} INFO - DAG(s) dict_keys(['example_branch_dop_operator_v3']) retrieved from /home/airflow/.local/lib/python3.6/site-packages/airflow/example_dags/example_branch_python_dop_operator_3.py
[2021-10-29 18:21:21,244] {logging_mixin.py:109} INFO - [2021-10-29 18:21:21,244] {dag.py:2389} INFO - Sync 1 DAGs
[2021-10-29 18:21:21,259] {logging_mixin.py:109} INFO - [2021-10-29 18:21:21,259] {dag.py:2914} INFO - Setting next_dagrun for example_branch_dop_operator_v3 to 2021-10-29T18:20:00+00:00
[2021-10-29 18:21:21,267] {processor.py:171} INFO - Processing /home/airflow/.local/lib/python3.6/site-packages/airflow/example_dags/example_branch_python_dop_operator_3.py took 0.053 seconds
[2021-10-29 18:21:51,725] {processor.py:163} INFO - Started process (PID=639) to work on /home/airflow/.local/lib/python3.6/site-packages/airflow/example_dags/example_branch_python_dop_operator_3.py
[2021-10-29 18:21:51,728] {processor.py:620} INFO - Processing file /home/airflow/.local/lib/python3.6/site-packages/airflow/example_dags/example_branch_python_dop_operator_3.py for tasks to queue
[2021-10-29 18:21:51,729] {logging_mixin.py:109} INFO - [2021-10-29 18:21:51,729] {dagbag.py:500} INFO - Filling up the DagBag from /home/airflow/.local/lib/python3.6/site-packages/airflow/example_dags/example_branch_python_dop_operator_3.py
[2021-10-29 18:21:51,749] {processor.py:632} INFO - DAG(s) dict_keys(['example_branch_dop_operator_v3']) retrieved from /home/airflow/.local/lib/python3.6/site-packages/airflow/example_dags/example_branch_python_dop_operator_3.py
[2021-10-29 18:21:51,757] {logging_mixin.py:109} INFO - [2021-10-29 18:21:51,757] {dag.py:2389} INFO - Sync 1 DAGs
[2021-10-29 18:21:51,773] {logging_mixin.py:109} INFO - [2021-10-29 18:21:51,773] {dag.py:2914} INFO - Setting next_dagrun for example_branch_dop_operator_v3 to 2021-10-29T18:20:00+00:00
[2021-10-29 18:21:51,780] {processor.py:171} INFO - Processing /home/airflow/.local/lib/python3.6/site-packages/airflow/example_dags/example_branch_python_dop_operator_3.py took 0.057 seconds
[2021-10-29 18:22:22,224] {processor.py:163} INFO - Started process (PID=692) to work on /home/airflow/.local/lib/python3.6/site-packages/airflow/example_dags/example_branch_python_dop_operator_3.py
[2021-10-29 18:22:22,226] {processor.py:620} INFO - Processing file /home/airflow/.local/lib/python3.6/site-packages/airflow/example_dags/example_branch_python_dop_operator_3.py for tasks to queue
[2021-10-29 18:22:22,228] {logging_mixin.py:109} INFO - [2021-10-29 18:22:22,227] {dagbag.py:500} INFO - Filling up the DagBag from /home/airflow/.local/lib/python3.6/site-packages/airflow/example_dags/example_branch_python_dop_operator_3.py
[2021-10-29 18:22:22,252] {processor.py:632} INFO - DAG(s) dict_keys(['example_branch_dop_operator_v3']) retrieved from /home/airflow/.local/lib/python3.6/site-packages/airflow/example_dags/example_branch_python_dop_operator_3.py
[2021-10-29 18:22:22,260] {logging_mixin.py:109} INFO - [2021-10-29 18:22:22,260] {dag.py:2389} INFO - Sync 1 DAGs
[2021-10-29 18:22:22,278] {logging_mixin.py:109} INFO - [2021-10-29 18:22:22,277] {dag.py:2914} INFO - Setting next_dagrun for example_branch_dop_operator_v3 to 2021-10-29T18:21:00+00:00
[2021-10-29 18:22:22,285] {processor.py:171} INFO - Processing /home/airflow/.local/lib/python3.6/site-packages/airflow/example_dags/example_branch_python_dop_operator_3.py took 0.064 seconds
