[2021-10-29 18:19:04,590] {processor.py:163} INFO - Started process (PID=156) to work on /home/airflow/.local/lib/python3.6/site-packages/airflow/example_dags/example_external_task_marker_dag.py
[2021-10-29 18:19:04,591] {processor.py:620} INFO - Processing file /home/airflow/.local/lib/python3.6/site-packages/airflow/example_dags/example_external_task_marker_dag.py for tasks to queue
[2021-10-29 18:19:04,592] {logging_mixin.py:109} INFO - [2021-10-29 18:19:04,592] {dagbag.py:500} INFO - Filling up the DagBag from /home/airflow/.local/lib/python3.6/site-packages/airflow/example_dags/example_external_task_marker_dag.py
[2021-10-29 18:19:04,619] {processor.py:632} INFO - DAG(s) dict_keys(['example_external_task_marker_parent', 'example_external_task_marker_child']) retrieved from /home/airflow/.local/lib/python3.6/site-packages/airflow/example_dags/example_external_task_marker_dag.py
[2021-10-29 18:19:05,857] {logging_mixin.py:109} INFO - [2021-10-29 18:19:05,857] {providers_manager.py:156} WARNING - Exception when importing 'airflow.providers.google.leveldb.hooks.leveldb.LevelDBHook' from 'apache-airflow-providers-google' package: No module named 'plyvel'
[2021-10-29 18:19:06,219] {logging_mixin.py:109} INFO - [2021-10-29 18:19:06,219] {providers_manager.py:156} WARNING - Exception when importing 'airflow.providers.google.leveldb.hooks.leveldb.LevelDBHook' from 'apache-airflow-providers-google' package: No module named 'plyvel'
[2021-10-29 18:19:06,240] {logging_mixin.py:109} INFO - [2021-10-29 18:19:06,240] {manager.py:496} INFO - Created Permission View: can read on DAG:example_external_task_marker_parent
[2021-10-29 18:19:06,247] {logging_mixin.py:109} INFO - [2021-10-29 18:19:06,247] {manager.py:496} INFO - Created Permission View: can edit on DAG:example_external_task_marker_parent
[2021-10-29 18:19:06,262] {logging_mixin.py:109} INFO - [2021-10-29 18:19:06,262] {manager.py:496} INFO - Created Permission View: can read on DAG:example_external_task_marker_child
[2021-10-29 18:19:06,268] {logging_mixin.py:109} INFO - [2021-10-29 18:19:06,268] {manager.py:496} INFO - Created Permission View: can edit on DAG:example_external_task_marker_child
[2021-10-29 18:19:06,269] {logging_mixin.py:109} INFO - [2021-10-29 18:19:06,268] {dag.py:2389} INFO - Sync 2 DAGs
[2021-10-29 18:19:06,278] {logging_mixin.py:109} INFO - [2021-10-29 18:19:06,277] {dag.py:2408} INFO - Creating ORM DAG for example_external_task_marker_child
[2021-10-29 18:19:06,279] {logging_mixin.py:109} INFO - [2021-10-29 18:19:06,279] {dag.py:2408} INFO - Creating ORM DAG for example_external_task_marker_parent
[2021-10-29 18:19:06,283] {logging_mixin.py:109} INFO - [2021-10-29 18:19:06,283] {dag.py:2914} INFO - Setting next_dagrun for example_external_task_marker_child to None
[2021-10-29 18:19:06,284] {logging_mixin.py:109} INFO - [2021-10-29 18:19:06,284] {dag.py:2914} INFO - Setting next_dagrun for example_external_task_marker_parent to None
[2021-10-29 18:19:06,295] {processor.py:171} INFO - Processing /home/airflow/.local/lib/python3.6/site-packages/airflow/example_dags/example_external_task_marker_dag.py took 1.708 seconds
[2021-10-29 18:19:36,849] {processor.py:163} INFO - Started process (PID=379) to work on /home/airflow/.local/lib/python3.6/site-packages/airflow/example_dags/example_external_task_marker_dag.py
[2021-10-29 18:19:36,852] {processor.py:620} INFO - Processing file /home/airflow/.local/lib/python3.6/site-packages/airflow/example_dags/example_external_task_marker_dag.py for tasks to queue
[2021-10-29 18:19:36,853] {logging_mixin.py:109} INFO - [2021-10-29 18:19:36,853] {dagbag.py:500} INFO - Filling up the DagBag from /home/airflow/.local/lib/python3.6/site-packages/airflow/example_dags/example_external_task_marker_dag.py
[2021-10-29 18:19:36,872] {processor.py:632} INFO - DAG(s) dict_keys(['example_external_task_marker_parent', 'example_external_task_marker_child']) retrieved from /home/airflow/.local/lib/python3.6/site-packages/airflow/example_dags/example_external_task_marker_dag.py
[2021-10-29 18:19:36,882] {logging_mixin.py:109} INFO - [2021-10-29 18:19:36,882] {dag.py:2389} INFO - Sync 2 DAGs
[2021-10-29 18:19:36,894] {logging_mixin.py:109} INFO - [2021-10-29 18:19:36,894] {dag.py:2914} INFO - Setting next_dagrun for example_external_task_marker_child to None
[2021-10-29 18:19:36,895] {logging_mixin.py:109} INFO - [2021-10-29 18:19:36,894] {dag.py:2914} INFO - Setting next_dagrun for example_external_task_marker_parent to None
[2021-10-29 18:19:36,902] {processor.py:171} INFO - Processing /home/airflow/.local/lib/python3.6/site-packages/airflow/example_dags/example_external_task_marker_dag.py took 0.055 seconds
[2021-10-29 18:20:07,049] {processor.py:163} INFO - Started process (PID=433) to work on /home/airflow/.local/lib/python3.6/site-packages/airflow/example_dags/example_external_task_marker_dag.py
[2021-10-29 18:20:07,052] {processor.py:620} INFO - Processing file /home/airflow/.local/lib/python3.6/site-packages/airflow/example_dags/example_external_task_marker_dag.py for tasks to queue
[2021-10-29 18:20:07,053] {logging_mixin.py:109} INFO - [2021-10-29 18:20:07,053] {dagbag.py:500} INFO - Filling up the DagBag from /home/airflow/.local/lib/python3.6/site-packages/airflow/example_dags/example_external_task_marker_dag.py
[2021-10-29 18:20:07,072] {processor.py:632} INFO - DAG(s) dict_keys(['example_external_task_marker_parent', 'example_external_task_marker_child']) retrieved from /home/airflow/.local/lib/python3.6/site-packages/airflow/example_dags/example_external_task_marker_dag.py
[2021-10-29 18:20:07,085] {logging_mixin.py:109} INFO - [2021-10-29 18:20:07,085] {dag.py:2389} INFO - Sync 2 DAGs
[2021-10-29 18:20:07,099] {logging_mixin.py:109} INFO - [2021-10-29 18:20:07,099] {dag.py:2914} INFO - Setting next_dagrun for example_external_task_marker_child to None
[2021-10-29 18:20:07,100] {logging_mixin.py:109} INFO - [2021-10-29 18:20:07,100] {dag.py:2914} INFO - Setting next_dagrun for example_external_task_marker_parent to None
[2021-10-29 18:20:07,108] {processor.py:171} INFO - Processing /home/airflow/.local/lib/python3.6/site-packages/airflow/example_dags/example_external_task_marker_dag.py took 0.061 seconds
[2021-10-29 18:20:37,382] {processor.py:163} INFO - Started process (PID=497) to work on /home/airflow/.local/lib/python3.6/site-packages/airflow/example_dags/example_external_task_marker_dag.py
[2021-10-29 18:20:37,385] {processor.py:620} INFO - Processing file /home/airflow/.local/lib/python3.6/site-packages/airflow/example_dags/example_external_task_marker_dag.py for tasks to queue
[2021-10-29 18:20:37,386] {logging_mixin.py:109} INFO - [2021-10-29 18:20:37,386] {dagbag.py:500} INFO - Filling up the DagBag from /home/airflow/.local/lib/python3.6/site-packages/airflow/example_dags/example_external_task_marker_dag.py
[2021-10-29 18:20:37,403] {processor.py:632} INFO - DAG(s) dict_keys(['example_external_task_marker_parent', 'example_external_task_marker_child']) retrieved from /home/airflow/.local/lib/python3.6/site-packages/airflow/example_dags/example_external_task_marker_dag.py
[2021-10-29 18:20:37,412] {logging_mixin.py:109} INFO - [2021-10-29 18:20:37,412] {dag.py:2389} INFO - Sync 2 DAGs
[2021-10-29 18:20:37,422] {logging_mixin.py:109} INFO - [2021-10-29 18:20:37,422] {dag.py:2914} INFO - Setting next_dagrun for example_external_task_marker_child to None
[2021-10-29 18:20:37,423] {logging_mixin.py:109} INFO - [2021-10-29 18:20:37,423] {dag.py:2914} INFO - Setting next_dagrun for example_external_task_marker_parent to None
[2021-10-29 18:20:37,430] {processor.py:171} INFO - Processing /home/airflow/.local/lib/python3.6/site-packages/airflow/example_dags/example_external_task_marker_dag.py took 0.049 seconds
[2021-10-29 18:21:07,570] {processor.py:163} INFO - Started process (PID=550) to work on /home/airflow/.local/lib/python3.6/site-packages/airflow/example_dags/example_external_task_marker_dag.py
[2021-10-29 18:21:07,574] {processor.py:620} INFO - Processing file /home/airflow/.local/lib/python3.6/site-packages/airflow/example_dags/example_external_task_marker_dag.py for tasks to queue
[2021-10-29 18:21:07,574] {logging_mixin.py:109} INFO - [2021-10-29 18:21:07,574] {dagbag.py:500} INFO - Filling up the DagBag from /home/airflow/.local/lib/python3.6/site-packages/airflow/example_dags/example_external_task_marker_dag.py
[2021-10-29 18:21:07,593] {processor.py:632} INFO - DAG(s) dict_keys(['example_external_task_marker_parent', 'example_external_task_marker_child']) retrieved from /home/airflow/.local/lib/python3.6/site-packages/airflow/example_dags/example_external_task_marker_dag.py
[2021-10-29 18:21:07,604] {logging_mixin.py:109} INFO - [2021-10-29 18:21:07,604] {dag.py:2389} INFO - Sync 2 DAGs
[2021-10-29 18:21:07,616] {logging_mixin.py:109} INFO - [2021-10-29 18:21:07,616] {dag.py:2914} INFO - Setting next_dagrun for example_external_task_marker_child to None
[2021-10-29 18:21:07,617] {logging_mixin.py:109} INFO - [2021-10-29 18:21:07,617] {dag.py:2914} INFO - Setting next_dagrun for example_external_task_marker_parent to None
[2021-10-29 18:21:07,624] {processor.py:171} INFO - Processing /home/airflow/.local/lib/python3.6/site-packages/airflow/example_dags/example_external_task_marker_dag.py took 0.056 seconds
[2021-10-29 18:21:37,798] {processor.py:163} INFO - Started process (PID=614) to work on /home/airflow/.local/lib/python3.6/site-packages/airflow/example_dags/example_external_task_marker_dag.py
[2021-10-29 18:21:37,799] {processor.py:620} INFO - Processing file /home/airflow/.local/lib/python3.6/site-packages/airflow/example_dags/example_external_task_marker_dag.py for tasks to queue
[2021-10-29 18:21:37,799] {logging_mixin.py:109} INFO - [2021-10-29 18:21:37,799] {dagbag.py:500} INFO - Filling up the DagBag from /home/airflow/.local/lib/python3.6/site-packages/airflow/example_dags/example_external_task_marker_dag.py
[2021-10-29 18:21:37,832] {processor.py:632} INFO - DAG(s) dict_keys(['example_external_task_marker_parent', 'example_external_task_marker_child']) retrieved from /home/airflow/.local/lib/python3.6/site-packages/airflow/example_dags/example_external_task_marker_dag.py
[2021-10-29 18:21:37,853] {logging_mixin.py:109} INFO - [2021-10-29 18:21:37,852] {dag.py:2389} INFO - Sync 2 DAGs
[2021-10-29 18:21:37,892] {logging_mixin.py:109} INFO - [2021-10-29 18:21:37,892] {dag.py:2914} INFO - Setting next_dagrun for example_external_task_marker_child to None
[2021-10-29 18:21:37,892] {logging_mixin.py:109} INFO - [2021-10-29 18:21:37,892] {dag.py:2914} INFO - Setting next_dagrun for example_external_task_marker_parent to None
[2021-10-29 18:21:37,923] {processor.py:171} INFO - Processing /home/airflow/.local/lib/python3.6/site-packages/airflow/example_dags/example_external_task_marker_dag.py took 0.127 seconds
[2021-10-29 18:22:08,393] {processor.py:163} INFO - Started process (PID=667) to work on /home/airflow/.local/lib/python3.6/site-packages/airflow/example_dags/example_external_task_marker_dag.py
[2021-10-29 18:22:08,396] {processor.py:620} INFO - Processing file /home/airflow/.local/lib/python3.6/site-packages/airflow/example_dags/example_external_task_marker_dag.py for tasks to queue
[2021-10-29 18:22:08,397] {logging_mixin.py:109} INFO - [2021-10-29 18:22:08,397] {dagbag.py:500} INFO - Filling up the DagBag from /home/airflow/.local/lib/python3.6/site-packages/airflow/example_dags/example_external_task_marker_dag.py
[2021-10-29 18:22:08,434] {processor.py:632} INFO - DAG(s) dict_keys(['example_external_task_marker_parent', 'example_external_task_marker_child']) retrieved from /home/airflow/.local/lib/python3.6/site-packages/airflow/example_dags/example_external_task_marker_dag.py
[2021-10-29 18:22:08,454] {logging_mixin.py:109} INFO - [2021-10-29 18:22:08,454] {dag.py:2389} INFO - Sync 2 DAGs
[2021-10-29 18:22:08,471] {logging_mixin.py:109} INFO - [2021-10-29 18:22:08,471] {dag.py:2914} INFO - Setting next_dagrun for example_external_task_marker_child to None
[2021-10-29 18:22:08,471] {logging_mixin.py:109} INFO - [2021-10-29 18:22:08,471] {dag.py:2914} INFO - Setting next_dagrun for example_external_task_marker_parent to None
[2021-10-29 18:22:08,482] {processor.py:171} INFO - Processing /home/airflow/.local/lib/python3.6/site-packages/airflow/example_dags/example_external_task_marker_dag.py took 0.095 seconds
