[2021-10-29 18:18:53,443] {processor.py:163} INFO - Started process (PID=74) to work on /home/airflow/.local/lib/python3.6/site-packages/airflow/example_dags/example_time_delta_sensor_async.py
[2021-10-29 18:18:53,444] {processor.py:620} INFO - Processing file /home/airflow/.local/lib/python3.6/site-packages/airflow/example_dags/example_time_delta_sensor_async.py for tasks to queue
[2021-10-29 18:18:53,445] {logging_mixin.py:109} INFO - [2021-10-29 18:18:53,445] {dagbag.py:500} INFO - Filling up the DagBag from /home/airflow/.local/lib/python3.6/site-packages/airflow/example_dags/example_time_delta_sensor_async.py
[2021-10-29 18:18:53,483] {processor.py:632} INFO - DAG(s) dict_keys(['example_time_delta_sensor_async']) retrieved from /home/airflow/.local/lib/python3.6/site-packages/airflow/example_dags/example_time_delta_sensor_async.py
[2021-10-29 18:18:55,535] {logging_mixin.py:109} INFO - [2021-10-29 18:18:55,535] {providers_manager.py:156} WARNING - Exception when importing 'airflow.providers.google.leveldb.hooks.leveldb.LevelDBHook' from 'apache-airflow-providers-google' package: No module named 'plyvel'
[2021-10-29 18:18:56,155] {logging_mixin.py:109} INFO - [2021-10-29 18:18:56,155] {providers_manager.py:156} WARNING - Exception when importing 'airflow.providers.google.leveldb.hooks.leveldb.LevelDBHook' from 'apache-airflow-providers-google' package: No module named 'plyvel'
[2021-10-29 18:18:56,188] {logging_mixin.py:109} INFO - [2021-10-29 18:18:56,188] {manager.py:496} INFO - Created Permission View: can read on DAG:example_time_delta_sensor_async
[2021-10-29 18:18:56,200] {logging_mixin.py:109} INFO - [2021-10-29 18:18:56,200] {manager.py:496} INFO - Created Permission View: can edit on DAG:example_time_delta_sensor_async
[2021-10-29 18:18:56,202] {logging_mixin.py:109} INFO - [2021-10-29 18:18:56,200] {dag.py:2389} INFO - Sync 1 DAGs
[2021-10-29 18:18:56,219] {logging_mixin.py:109} INFO - [2021-10-29 18:18:56,217] {dag.py:2408} INFO - Creating ORM DAG for example_time_delta_sensor_async
[2021-10-29 18:18:56,228] {logging_mixin.py:109} INFO - [2021-10-29 18:18:56,228] {dag.py:2914} INFO - Setting next_dagrun for example_time_delta_sensor_async to None
[2021-10-29 18:18:56,249] {processor.py:171} INFO - Processing /home/airflow/.local/lib/python3.6/site-packages/airflow/example_dags/example_time_delta_sensor_async.py took 2.810 seconds
[2021-10-29 18:19:26,419] {processor.py:163} INFO - Started process (PID=362) to work on /home/airflow/.local/lib/python3.6/site-packages/airflow/example_dags/example_time_delta_sensor_async.py
[2021-10-29 18:19:26,422] {processor.py:620} INFO - Processing file /home/airflow/.local/lib/python3.6/site-packages/airflow/example_dags/example_time_delta_sensor_async.py for tasks to queue
[2021-10-29 18:19:26,422] {logging_mixin.py:109} INFO - [2021-10-29 18:19:26,422] {dagbag.py:500} INFO - Filling up the DagBag from /home/airflow/.local/lib/python3.6/site-packages/airflow/example_dags/example_time_delta_sensor_async.py
[2021-10-29 18:19:26,442] {processor.py:632} INFO - DAG(s) dict_keys(['example_time_delta_sensor_async']) retrieved from /home/airflow/.local/lib/python3.6/site-packages/airflow/example_dags/example_time_delta_sensor_async.py
[2021-10-29 18:19:26,449] {logging_mixin.py:109} INFO - [2021-10-29 18:19:26,449] {dag.py:2389} INFO - Sync 1 DAGs
[2021-10-29 18:19:26,462] {logging_mixin.py:109} INFO - [2021-10-29 18:19:26,462] {dag.py:2914} INFO - Setting next_dagrun for example_time_delta_sensor_async to None
[2021-10-29 18:19:26,471] {processor.py:171} INFO - Processing /home/airflow/.local/lib/python3.6/site-packages/airflow/example_dags/example_time_delta_sensor_async.py took 0.054 seconds
[2021-10-29 18:19:56,713] {processor.py:163} INFO - Started process (PID=415) to work on /home/airflow/.local/lib/python3.6/site-packages/airflow/example_dags/example_time_delta_sensor_async.py
[2021-10-29 18:19:56,718] {processor.py:620} INFO - Processing file /home/airflow/.local/lib/python3.6/site-packages/airflow/example_dags/example_time_delta_sensor_async.py for tasks to queue
[2021-10-29 18:19:56,720] {logging_mixin.py:109} INFO - [2021-10-29 18:19:56,720] {dagbag.py:500} INFO - Filling up the DagBag from /home/airflow/.local/lib/python3.6/site-packages/airflow/example_dags/example_time_delta_sensor_async.py
[2021-10-29 18:19:56,758] {processor.py:632} INFO - DAG(s) dict_keys(['example_time_delta_sensor_async']) retrieved from /home/airflow/.local/lib/python3.6/site-packages/airflow/example_dags/example_time_delta_sensor_async.py
[2021-10-29 18:19:56,765] {logging_mixin.py:109} INFO - [2021-10-29 18:19:56,765] {dag.py:2389} INFO - Sync 1 DAGs
[2021-10-29 18:19:56,777] {logging_mixin.py:109} INFO - [2021-10-29 18:19:56,777] {dag.py:2914} INFO - Setting next_dagrun for example_time_delta_sensor_async to None
[2021-10-29 18:19:56,784] {processor.py:171} INFO - Processing /home/airflow/.local/lib/python3.6/site-packages/airflow/example_dags/example_time_delta_sensor_async.py took 0.078 seconds
[2021-10-29 18:20:27,000] {processor.py:163} INFO - Started process (PID=479) to work on /home/airflow/.local/lib/python3.6/site-packages/airflow/example_dags/example_time_delta_sensor_async.py
[2021-10-29 18:20:27,003] {processor.py:620} INFO - Processing file /home/airflow/.local/lib/python3.6/site-packages/airflow/example_dags/example_time_delta_sensor_async.py for tasks to queue
[2021-10-29 18:20:27,004] {logging_mixin.py:109} INFO - [2021-10-29 18:20:27,004] {dagbag.py:500} INFO - Filling up the DagBag from /home/airflow/.local/lib/python3.6/site-packages/airflow/example_dags/example_time_delta_sensor_async.py
[2021-10-29 18:20:27,037] {processor.py:632} INFO - DAG(s) dict_keys(['example_time_delta_sensor_async']) retrieved from /home/airflow/.local/lib/python3.6/site-packages/airflow/example_dags/example_time_delta_sensor_async.py
[2021-10-29 18:20:27,046] {logging_mixin.py:109} INFO - [2021-10-29 18:20:27,046] {dag.py:2389} INFO - Sync 1 DAGs
[2021-10-29 18:20:27,059] {logging_mixin.py:109} INFO - [2021-10-29 18:20:27,059] {dag.py:2914} INFO - Setting next_dagrun for example_time_delta_sensor_async to None
[2021-10-29 18:20:27,067] {processor.py:171} INFO - Processing /home/airflow/.local/lib/python3.6/site-packages/airflow/example_dags/example_time_delta_sensor_async.py took 0.075 seconds
[2021-10-29 18:20:57,245] {processor.py:163} INFO - Started process (PID=532) to work on /home/airflow/.local/lib/python3.6/site-packages/airflow/example_dags/example_time_delta_sensor_async.py
[2021-10-29 18:20:57,246] {processor.py:620} INFO - Processing file /home/airflow/.local/lib/python3.6/site-packages/airflow/example_dags/example_time_delta_sensor_async.py for tasks to queue
[2021-10-29 18:20:57,246] {logging_mixin.py:109} INFO - [2021-10-29 18:20:57,246] {dagbag.py:500} INFO - Filling up the DagBag from /home/airflow/.local/lib/python3.6/site-packages/airflow/example_dags/example_time_delta_sensor_async.py
[2021-10-29 18:20:57,266] {processor.py:632} INFO - DAG(s) dict_keys(['example_time_delta_sensor_async']) retrieved from /home/airflow/.local/lib/python3.6/site-packages/airflow/example_dags/example_time_delta_sensor_async.py
[2021-10-29 18:20:57,274] {logging_mixin.py:109} INFO - [2021-10-29 18:20:57,274] {dag.py:2389} INFO - Sync 1 DAGs
[2021-10-29 18:20:57,289] {logging_mixin.py:109} INFO - [2021-10-29 18:20:57,289] {dag.py:2914} INFO - Setting next_dagrun for example_time_delta_sensor_async to None
[2021-10-29 18:20:57,298] {processor.py:171} INFO - Processing /home/airflow/.local/lib/python3.6/site-packages/airflow/example_dags/example_time_delta_sensor_async.py took 0.055 seconds
[2021-10-29 18:21:27,477] {processor.py:163} INFO - Started process (PID=596) to work on /home/airflow/.local/lib/python3.6/site-packages/airflow/example_dags/example_time_delta_sensor_async.py
[2021-10-29 18:21:27,479] {processor.py:620} INFO - Processing file /home/airflow/.local/lib/python3.6/site-packages/airflow/example_dags/example_time_delta_sensor_async.py for tasks to queue
[2021-10-29 18:21:27,479] {logging_mixin.py:109} INFO - [2021-10-29 18:21:27,479] {dagbag.py:500} INFO - Filling up the DagBag from /home/airflow/.local/lib/python3.6/site-packages/airflow/example_dags/example_time_delta_sensor_async.py
[2021-10-29 18:21:27,514] {processor.py:632} INFO - DAG(s) dict_keys(['example_time_delta_sensor_async']) retrieved from /home/airflow/.local/lib/python3.6/site-packages/airflow/example_dags/example_time_delta_sensor_async.py
[2021-10-29 18:21:27,523] {logging_mixin.py:109} INFO - [2021-10-29 18:21:27,523] {dag.py:2389} INFO - Sync 1 DAGs
[2021-10-29 18:21:27,537] {logging_mixin.py:109} INFO - [2021-10-29 18:21:27,537] {dag.py:2914} INFO - Setting next_dagrun for example_time_delta_sensor_async to None
[2021-10-29 18:21:27,545] {processor.py:171} INFO - Processing /home/airflow/.local/lib/python3.6/site-packages/airflow/example_dags/example_time_delta_sensor_async.py took 0.072 seconds
[2021-10-29 18:21:58,046] {processor.py:163} INFO - Started process (PID=649) to work on /home/airflow/.local/lib/python3.6/site-packages/airflow/example_dags/example_time_delta_sensor_async.py
[2021-10-29 18:21:58,047] {processor.py:620} INFO - Processing file /home/airflow/.local/lib/python3.6/site-packages/airflow/example_dags/example_time_delta_sensor_async.py for tasks to queue
[2021-10-29 18:21:58,047] {logging_mixin.py:109} INFO - [2021-10-29 18:21:58,047] {dagbag.py:500} INFO - Filling up the DagBag from /home/airflow/.local/lib/python3.6/site-packages/airflow/example_dags/example_time_delta_sensor_async.py
[2021-10-29 18:21:58,067] {processor.py:632} INFO - DAG(s) dict_keys(['example_time_delta_sensor_async']) retrieved from /home/airflow/.local/lib/python3.6/site-packages/airflow/example_dags/example_time_delta_sensor_async.py
[2021-10-29 18:21:58,075] {logging_mixin.py:109} INFO - [2021-10-29 18:21:58,075] {dag.py:2389} INFO - Sync 1 DAGs
[2021-10-29 18:21:58,091] {logging_mixin.py:109} INFO - [2021-10-29 18:21:58,091] {dag.py:2914} INFO - Setting next_dagrun for example_time_delta_sensor_async to None
[2021-10-29 18:21:58,099] {processor.py:171} INFO - Processing /home/airflow/.local/lib/python3.6/site-packages/airflow/example_dags/example_time_delta_sensor_async.py took 0.055 seconds
[2021-10-29 18:22:28,508] {processor.py:163} INFO - Started process (PID=712) to work on /home/airflow/.local/lib/python3.6/site-packages/airflow/example_dags/example_time_delta_sensor_async.py
[2021-10-29 18:22:28,509] {processor.py:620} INFO - Processing file /home/airflow/.local/lib/python3.6/site-packages/airflow/example_dags/example_time_delta_sensor_async.py for tasks to queue
[2021-10-29 18:22:28,510] {logging_mixin.py:109} INFO - [2021-10-29 18:22:28,510] {dagbag.py:500} INFO - Filling up the DagBag from /home/airflow/.local/lib/python3.6/site-packages/airflow/example_dags/example_time_delta_sensor_async.py
[2021-10-29 18:22:28,529] {processor.py:632} INFO - DAG(s) dict_keys(['example_time_delta_sensor_async']) retrieved from /home/airflow/.local/lib/python3.6/site-packages/airflow/example_dags/example_time_delta_sensor_async.py
[2021-10-29 18:22:28,537] {logging_mixin.py:109} INFO - [2021-10-29 18:22:28,536] {dag.py:2389} INFO - Sync 1 DAGs
[2021-10-29 18:22:28,548] {logging_mixin.py:109} INFO - [2021-10-29 18:22:28,548] {dag.py:2914} INFO - Setting next_dagrun for example_time_delta_sensor_async to None
[2021-10-29 18:22:28,554] {processor.py:171} INFO - Processing /home/airflow/.local/lib/python3.6/site-packages/airflow/example_dags/example_time_delta_sensor_async.py took 0.048 seconds
