[2021-10-29 18:18:59,586] {processor.py:163} INFO - Started process (PID=120) to work on /home/airflow/.local/lib/python3.6/site-packages/airflow/example_dags/example_task_group.py
[2021-10-29 18:18:59,587] {processor.py:620} INFO - Processing file /home/airflow/.local/lib/python3.6/site-packages/airflow/example_dags/example_task_group.py for tasks to queue
[2021-10-29 18:18:59,588] {logging_mixin.py:109} INFO - [2021-10-29 18:18:59,588] {dagbag.py:500} INFO - Filling up the DagBag from /home/airflow/.local/lib/python3.6/site-packages/airflow/example_dags/example_task_group.py
[2021-10-29 18:18:59,634] {processor.py:632} INFO - DAG(s) dict_keys(['example_task_group']) retrieved from /home/airflow/.local/lib/python3.6/site-packages/airflow/example_dags/example_task_group.py
[2021-10-29 18:19:02,057] {logging_mixin.py:109} INFO - [2021-10-29 18:19:02,057] {providers_manager.py:156} WARNING - Exception when importing 'airflow.providers.google.leveldb.hooks.leveldb.LevelDBHook' from 'apache-airflow-providers-google' package: No module named 'plyvel'
[2021-10-29 18:19:02,598] {logging_mixin.py:109} INFO - [2021-10-29 18:19:02,598] {providers_manager.py:156} WARNING - Exception when importing 'airflow.providers.google.leveldb.hooks.leveldb.LevelDBHook' from 'apache-airflow-providers-google' package: No module named 'plyvel'
[2021-10-29 18:19:02,620] {logging_mixin.py:109} INFO - [2021-10-29 18:19:02,620] {manager.py:496} INFO - Created Permission View: can read on DAG:example_task_group
[2021-10-29 18:19:02,628] {logging_mixin.py:109} INFO - [2021-10-29 18:19:02,628] {manager.py:496} INFO - Created Permission View: can edit on DAG:example_task_group
[2021-10-29 18:19:02,630] {logging_mixin.py:109} INFO - [2021-10-29 18:19:02,628] {dag.py:2389} INFO - Sync 1 DAGs
[2021-10-29 18:19:02,641] {logging_mixin.py:109} INFO - [2021-10-29 18:19:02,639] {dag.py:2408} INFO - Creating ORM DAG for example_task_group
[2021-10-29 18:19:02,647] {logging_mixin.py:109} INFO - [2021-10-29 18:19:02,647] {dag.py:2914} INFO - Setting next_dagrun for example_task_group to 2021-10-28T18:19:02.647003+00:00
[2021-10-29 18:19:02,661] {processor.py:171} INFO - Processing /home/airflow/.local/lib/python3.6/site-packages/airflow/example_dags/example_task_group.py took 3.079 seconds
[2021-10-29 18:19:32,732] {processor.py:163} INFO - Started process (PID=366) to work on /home/airflow/.local/lib/python3.6/site-packages/airflow/example_dags/example_task_group.py
[2021-10-29 18:19:32,733] {processor.py:620} INFO - Processing file /home/airflow/.local/lib/python3.6/site-packages/airflow/example_dags/example_task_group.py for tasks to queue
[2021-10-29 18:19:32,734] {logging_mixin.py:109} INFO - [2021-10-29 18:19:32,733] {dagbag.py:500} INFO - Filling up the DagBag from /home/airflow/.local/lib/python3.6/site-packages/airflow/example_dags/example_task_group.py
[2021-10-29 18:19:32,755] {processor.py:632} INFO - DAG(s) dict_keys(['example_task_group']) retrieved from /home/airflow/.local/lib/python3.6/site-packages/airflow/example_dags/example_task_group.py
[2021-10-29 18:19:32,765] {logging_mixin.py:109} INFO - [2021-10-29 18:19:32,765] {dag.py:2389} INFO - Sync 1 DAGs
[2021-10-29 18:19:32,777] {logging_mixin.py:109} INFO - [2021-10-29 18:19:32,777] {dag.py:2914} INFO - Setting next_dagrun for example_task_group to 2021-10-28T18:19:32.777707+00:00
[2021-10-29 18:19:32,784] {processor.py:171} INFO - Processing /home/airflow/.local/lib/python3.6/site-packages/airflow/example_dags/example_task_group.py took 0.054 seconds
[2021-10-29 18:20:02,887] {processor.py:163} INFO - Started process (PID=429) to work on /home/airflow/.local/lib/python3.6/site-packages/airflow/example_dags/example_task_group.py
[2021-10-29 18:20:02,889] {processor.py:620} INFO - Processing file /home/airflow/.local/lib/python3.6/site-packages/airflow/example_dags/example_task_group.py for tasks to queue
[2021-10-29 18:20:02,890] {logging_mixin.py:109} INFO - [2021-10-29 18:20:02,890] {dagbag.py:500} INFO - Filling up the DagBag from /home/airflow/.local/lib/python3.6/site-packages/airflow/example_dags/example_task_group.py
[2021-10-29 18:20:02,919] {processor.py:632} INFO - DAG(s) dict_keys(['example_task_group']) retrieved from /home/airflow/.local/lib/python3.6/site-packages/airflow/example_dags/example_task_group.py
[2021-10-29 18:20:02,929] {logging_mixin.py:109} INFO - [2021-10-29 18:20:02,929] {dag.py:2389} INFO - Sync 1 DAGs
[2021-10-29 18:20:02,942] {logging_mixin.py:109} INFO - [2021-10-29 18:20:02,942] {dag.py:2914} INFO - Setting next_dagrun for example_task_group to 2021-10-28T18:20:02.941849+00:00
[2021-10-29 18:20:02,948] {processor.py:171} INFO - Processing /home/airflow/.local/lib/python3.6/site-packages/airflow/example_dags/example_task_group.py took 0.069 seconds
[2021-10-29 18:20:33,173] {processor.py:163} INFO - Started process (PID=483) to work on /home/airflow/.local/lib/python3.6/site-packages/airflow/example_dags/example_task_group.py
[2021-10-29 18:20:33,175] {processor.py:620} INFO - Processing file /home/airflow/.local/lib/python3.6/site-packages/airflow/example_dags/example_task_group.py for tasks to queue
[2021-10-29 18:20:33,177] {logging_mixin.py:109} INFO - [2021-10-29 18:20:33,176] {dagbag.py:500} INFO - Filling up the DagBag from /home/airflow/.local/lib/python3.6/site-packages/airflow/example_dags/example_task_group.py
[2021-10-29 18:20:33,212] {processor.py:632} INFO - DAG(s) dict_keys(['example_task_group']) retrieved from /home/airflow/.local/lib/python3.6/site-packages/airflow/example_dags/example_task_group.py
[2021-10-29 18:20:33,221] {logging_mixin.py:109} INFO - [2021-10-29 18:20:33,221] {dag.py:2389} INFO - Sync 1 DAGs
[2021-10-29 18:20:33,233] {logging_mixin.py:109} INFO - [2021-10-29 18:20:33,233] {dag.py:2914} INFO - Setting next_dagrun for example_task_group to 2021-10-28T18:20:33.233181+00:00
[2021-10-29 18:20:33,239] {processor.py:171} INFO - Processing /home/airflow/.local/lib/python3.6/site-packages/airflow/example_dags/example_task_group.py took 0.075 seconds
[2021-10-29 18:21:03,376] {processor.py:163} INFO - Started process (PID=545) to work on /home/airflow/.local/lib/python3.6/site-packages/airflow/example_dags/example_task_group.py
[2021-10-29 18:21:03,377] {processor.py:620} INFO - Processing file /home/airflow/.local/lib/python3.6/site-packages/airflow/example_dags/example_task_group.py for tasks to queue
[2021-10-29 18:21:03,378] {logging_mixin.py:109} INFO - [2021-10-29 18:21:03,378] {dagbag.py:500} INFO - Filling up the DagBag from /home/airflow/.local/lib/python3.6/site-packages/airflow/example_dags/example_task_group.py
[2021-10-29 18:21:03,398] {processor.py:632} INFO - DAG(s) dict_keys(['example_task_group']) retrieved from /home/airflow/.local/lib/python3.6/site-packages/airflow/example_dags/example_task_group.py
[2021-10-29 18:21:03,406] {logging_mixin.py:109} INFO - [2021-10-29 18:21:03,406] {dag.py:2389} INFO - Sync 1 DAGs
[2021-10-29 18:21:03,417] {logging_mixin.py:109} INFO - [2021-10-29 18:21:03,417] {dag.py:2914} INFO - Setting next_dagrun for example_task_group to 2021-10-28T18:21:03.417260+00:00
[2021-10-29 18:21:03,423] {processor.py:171} INFO - Processing /home/airflow/.local/lib/python3.6/site-packages/airflow/example_dags/example_task_group.py took 0.049 seconds
[2021-10-29 18:21:33,589] {processor.py:163} INFO - Started process (PID=599) to work on /home/airflow/.local/lib/python3.6/site-packages/airflow/example_dags/example_task_group.py
[2021-10-29 18:21:33,590] {processor.py:620} INFO - Processing file /home/airflow/.local/lib/python3.6/site-packages/airflow/example_dags/example_task_group.py for tasks to queue
[2021-10-29 18:21:33,590] {logging_mixin.py:109} INFO - [2021-10-29 18:21:33,590] {dagbag.py:500} INFO - Filling up the DagBag from /home/airflow/.local/lib/python3.6/site-packages/airflow/example_dags/example_task_group.py
[2021-10-29 18:21:33,618] {processor.py:632} INFO - DAG(s) dict_keys(['example_task_group']) retrieved from /home/airflow/.local/lib/python3.6/site-packages/airflow/example_dags/example_task_group.py
[2021-10-29 18:21:33,629] {logging_mixin.py:109} INFO - [2021-10-29 18:21:33,629] {dag.py:2389} INFO - Sync 1 DAGs
[2021-10-29 18:21:33,645] {logging_mixin.py:109} INFO - [2021-10-29 18:21:33,645] {dag.py:2914} INFO - Setting next_dagrun for example_task_group to 2021-10-28T18:21:33.644904+00:00
[2021-10-29 18:21:33,652] {processor.py:171} INFO - Processing /home/airflow/.local/lib/python3.6/site-packages/airflow/example_dags/example_task_group.py took 0.066 seconds
[2021-10-29 18:22:04,165] {processor.py:163} INFO - Started process (PID=663) to work on /home/airflow/.local/lib/python3.6/site-packages/airflow/example_dags/example_task_group.py
[2021-10-29 18:22:04,166] {processor.py:620} INFO - Processing file /home/airflow/.local/lib/python3.6/site-packages/airflow/example_dags/example_task_group.py for tasks to queue
[2021-10-29 18:22:04,167] {logging_mixin.py:109} INFO - [2021-10-29 18:22:04,167] {dagbag.py:500} INFO - Filling up the DagBag from /home/airflow/.local/lib/python3.6/site-packages/airflow/example_dags/example_task_group.py
[2021-10-29 18:22:04,200] {processor.py:632} INFO - DAG(s) dict_keys(['example_task_group']) retrieved from /home/airflow/.local/lib/python3.6/site-packages/airflow/example_dags/example_task_group.py
[2021-10-29 18:22:04,213] {logging_mixin.py:109} INFO - [2021-10-29 18:22:04,213] {dag.py:2389} INFO - Sync 1 DAGs
[2021-10-29 18:22:04,229] {logging_mixin.py:109} INFO - [2021-10-29 18:22:04,229] {dag.py:2914} INFO - Setting next_dagrun for example_task_group to 2021-10-28T18:22:04.229183+00:00
[2021-10-29 18:22:04,239] {processor.py:171} INFO - Processing /home/airflow/.local/lib/python3.6/site-packages/airflow/example_dags/example_task_group.py took 0.078 seconds
