[2021-10-29 18:19:17,018] {processor.py:163} INFO - Started process (PID=292) to work on /home/airflow/.local/lib/python3.6/site-packages/airflow/example_dags/example_trigger_controller_dag.py
[2021-10-29 18:19:17,019] {processor.py:620} INFO - Processing file /home/airflow/.local/lib/python3.6/site-packages/airflow/example_dags/example_trigger_controller_dag.py for tasks to queue
[2021-10-29 18:19:17,019] {logging_mixin.py:109} INFO - [2021-10-29 18:19:17,019] {dagbag.py:500} INFO - Filling up the DagBag from /home/airflow/.local/lib/python3.6/site-packages/airflow/example_dags/example_trigger_controller_dag.py
[2021-10-29 18:19:17,044] {processor.py:632} INFO - DAG(s) dict_keys(['example_trigger_controller_dag']) retrieved from /home/airflow/.local/lib/python3.6/site-packages/airflow/example_dags/example_trigger_controller_dag.py
[2021-10-29 18:19:18,377] {logging_mixin.py:109} INFO - [2021-10-29 18:19:18,377] {providers_manager.py:156} WARNING - Exception when importing 'airflow.providers.google.leveldb.hooks.leveldb.LevelDBHook' from 'apache-airflow-providers-google' package: No module named 'plyvel'
[2021-10-29 18:19:18,755] {logging_mixin.py:109} INFO - [2021-10-29 18:19:18,755] {providers_manager.py:156} WARNING - Exception when importing 'airflow.providers.google.leveldb.hooks.leveldb.LevelDBHook' from 'apache-airflow-providers-google' package: No module named 'plyvel'
[2021-10-29 18:19:18,776] {logging_mixin.py:109} INFO - [2021-10-29 18:19:18,776] {manager.py:496} INFO - Created Permission View: can read on DAG:example_trigger_controller_dag
[2021-10-29 18:19:18,784] {logging_mixin.py:109} INFO - [2021-10-29 18:19:18,784] {manager.py:496} INFO - Created Permission View: can edit on DAG:example_trigger_controller_dag
[2021-10-29 18:19:18,785] {logging_mixin.py:109} INFO - [2021-10-29 18:19:18,784] {dag.py:2389} INFO - Sync 1 DAGs
[2021-10-29 18:19:18,794] {logging_mixin.py:109} INFO - [2021-10-29 18:19:18,793] {dag.py:2408} INFO - Creating ORM DAG for example_trigger_controller_dag
[2021-10-29 18:19:18,799] {logging_mixin.py:109} INFO - [2021-10-29 18:19:18,799] {dag.py:2914} INFO - Setting next_dagrun for example_trigger_controller_dag to 2021-01-01T00:00:00+00:00
[2021-10-29 18:19:18,809] {processor.py:171} INFO - Processing /home/airflow/.local/lib/python3.6/site-packages/airflow/example_dags/example_trigger_controller_dag.py took 1.793 seconds
[2021-10-29 18:19:49,319] {processor.py:163} INFO - Started process (PID=404) to work on /home/airflow/.local/lib/python3.6/site-packages/airflow/example_dags/example_trigger_controller_dag.py
[2021-10-29 18:19:49,320] {processor.py:620} INFO - Processing file /home/airflow/.local/lib/python3.6/site-packages/airflow/example_dags/example_trigger_controller_dag.py for tasks to queue
[2021-10-29 18:19:49,320] {logging_mixin.py:109} INFO - [2021-10-29 18:19:49,320] {dagbag.py:500} INFO - Filling up the DagBag from /home/airflow/.local/lib/python3.6/site-packages/airflow/example_dags/example_trigger_controller_dag.py
[2021-10-29 18:19:49,338] {processor.py:632} INFO - DAG(s) dict_keys(['example_trigger_controller_dag']) retrieved from /home/airflow/.local/lib/python3.6/site-packages/airflow/example_dags/example_trigger_controller_dag.py
[2021-10-29 18:19:49,346] {logging_mixin.py:109} INFO - [2021-10-29 18:19:49,345] {dag.py:2389} INFO - Sync 1 DAGs
[2021-10-29 18:19:49,357] {logging_mixin.py:109} INFO - [2021-10-29 18:19:49,357] {dag.py:2914} INFO - Setting next_dagrun for example_trigger_controller_dag to 2021-01-01T00:00:00+00:00
[2021-10-29 18:19:49,363] {processor.py:171} INFO - Processing /home/airflow/.local/lib/python3.6/site-packages/airflow/example_dags/example_trigger_controller_dag.py took 0.046 seconds
[2021-10-29 18:20:19,581] {processor.py:163} INFO - Started process (PID=458) to work on /home/airflow/.local/lib/python3.6/site-packages/airflow/example_dags/example_trigger_controller_dag.py
[2021-10-29 18:20:19,582] {processor.py:620} INFO - Processing file /home/airflow/.local/lib/python3.6/site-packages/airflow/example_dags/example_trigger_controller_dag.py for tasks to queue
[2021-10-29 18:20:19,582] {logging_mixin.py:109} INFO - [2021-10-29 18:20:19,582] {dagbag.py:500} INFO - Filling up the DagBag from /home/airflow/.local/lib/python3.6/site-packages/airflow/example_dags/example_trigger_controller_dag.py
[2021-10-29 18:20:19,600] {processor.py:632} INFO - DAG(s) dict_keys(['example_trigger_controller_dag']) retrieved from /home/airflow/.local/lib/python3.6/site-packages/airflow/example_dags/example_trigger_controller_dag.py
[2021-10-29 18:20:19,607] {logging_mixin.py:109} INFO - [2021-10-29 18:20:19,607] {dag.py:2389} INFO - Sync 1 DAGs
[2021-10-29 18:20:19,619] {logging_mixin.py:109} INFO - [2021-10-29 18:20:19,618] {dag.py:2914} INFO - Setting next_dagrun for example_trigger_controller_dag to 2021-01-01T00:00:00+00:00
[2021-10-29 18:20:19,625] {processor.py:171} INFO - Processing /home/airflow/.local/lib/python3.6/site-packages/airflow/example_dags/example_trigger_controller_dag.py took 0.047 seconds
[2021-10-29 18:20:49,851] {processor.py:163} INFO - Started process (PID=521) to work on /home/airflow/.local/lib/python3.6/site-packages/airflow/example_dags/example_trigger_controller_dag.py
[2021-10-29 18:20:49,854] {processor.py:620} INFO - Processing file /home/airflow/.local/lib/python3.6/site-packages/airflow/example_dags/example_trigger_controller_dag.py for tasks to queue
[2021-10-29 18:20:49,855] {logging_mixin.py:109} INFO - [2021-10-29 18:20:49,854] {dagbag.py:500} INFO - Filling up the DagBag from /home/airflow/.local/lib/python3.6/site-packages/airflow/example_dags/example_trigger_controller_dag.py
[2021-10-29 18:20:49,872] {processor.py:632} INFO - DAG(s) dict_keys(['example_trigger_controller_dag']) retrieved from /home/airflow/.local/lib/python3.6/site-packages/airflow/example_dags/example_trigger_controller_dag.py
[2021-10-29 18:20:49,880] {logging_mixin.py:109} INFO - [2021-10-29 18:20:49,880] {dag.py:2389} INFO - Sync 1 DAGs
[2021-10-29 18:20:49,892] {logging_mixin.py:109} INFO - [2021-10-29 18:20:49,891] {dag.py:2914} INFO - Setting next_dagrun for example_trigger_controller_dag to 2021-01-01T00:00:00+00:00
[2021-10-29 18:20:49,899] {processor.py:171} INFO - Processing /home/airflow/.local/lib/python3.6/site-packages/airflow/example_dags/example_trigger_controller_dag.py took 0.050 seconds
[2021-10-29 18:21:20,212] {processor.py:163} INFO - Started process (PID=575) to work on /home/airflow/.local/lib/python3.6/site-packages/airflow/example_dags/example_trigger_controller_dag.py
[2021-10-29 18:21:20,215] {processor.py:620} INFO - Processing file /home/airflow/.local/lib/python3.6/site-packages/airflow/example_dags/example_trigger_controller_dag.py for tasks to queue
[2021-10-29 18:21:20,216] {logging_mixin.py:109} INFO - [2021-10-29 18:21:20,216] {dagbag.py:500} INFO - Filling up the DagBag from /home/airflow/.local/lib/python3.6/site-packages/airflow/example_dags/example_trigger_controller_dag.py
[2021-10-29 18:21:20,232] {processor.py:632} INFO - DAG(s) dict_keys(['example_trigger_controller_dag']) retrieved from /home/airflow/.local/lib/python3.6/site-packages/airflow/example_dags/example_trigger_controller_dag.py
[2021-10-29 18:21:20,239] {logging_mixin.py:109} INFO - [2021-10-29 18:21:20,239] {dag.py:2389} INFO - Sync 1 DAGs
[2021-10-29 18:21:20,251] {logging_mixin.py:109} INFO - [2021-10-29 18:21:20,250] {dag.py:2914} INFO - Setting next_dagrun for example_trigger_controller_dag to 2021-01-01T00:00:00+00:00
[2021-10-29 18:21:20,258] {processor.py:171} INFO - Processing /home/airflow/.local/lib/python3.6/site-packages/airflow/example_dags/example_trigger_controller_dag.py took 0.048 seconds
[2021-10-29 18:21:50,668] {processor.py:163} INFO - Started process (PID=638) to work on /home/airflow/.local/lib/python3.6/site-packages/airflow/example_dags/example_trigger_controller_dag.py
[2021-10-29 18:21:50,672] {processor.py:620} INFO - Processing file /home/airflow/.local/lib/python3.6/site-packages/airflow/example_dags/example_trigger_controller_dag.py for tasks to queue
[2021-10-29 18:21:50,672] {logging_mixin.py:109} INFO - [2021-10-29 18:21:50,672] {dagbag.py:500} INFO - Filling up the DagBag from /home/airflow/.local/lib/python3.6/site-packages/airflow/example_dags/example_trigger_controller_dag.py
[2021-10-29 18:21:50,692] {processor.py:632} INFO - DAG(s) dict_keys(['example_trigger_controller_dag']) retrieved from /home/airflow/.local/lib/python3.6/site-packages/airflow/example_dags/example_trigger_controller_dag.py
[2021-10-29 18:21:50,700] {logging_mixin.py:109} INFO - [2021-10-29 18:21:50,700] {dag.py:2389} INFO - Sync 1 DAGs
[2021-10-29 18:21:50,712] {logging_mixin.py:109} INFO - [2021-10-29 18:21:50,712] {dag.py:2914} INFO - Setting next_dagrun for example_trigger_controller_dag to 2021-01-01T00:00:00+00:00
[2021-10-29 18:21:50,719] {processor.py:171} INFO - Processing /home/airflow/.local/lib/python3.6/site-packages/airflow/example_dags/example_trigger_controller_dag.py took 0.053 seconds
[2021-10-29 18:22:21,177] {processor.py:163} INFO - Started process (PID=691) to work on /home/airflow/.local/lib/python3.6/site-packages/airflow/example_dags/example_trigger_controller_dag.py
[2021-10-29 18:22:21,180] {processor.py:620} INFO - Processing file /home/airflow/.local/lib/python3.6/site-packages/airflow/example_dags/example_trigger_controller_dag.py for tasks to queue
[2021-10-29 18:22:21,182] {logging_mixin.py:109} INFO - [2021-10-29 18:22:21,181] {dagbag.py:500} INFO - Filling up the DagBag from /home/airflow/.local/lib/python3.6/site-packages/airflow/example_dags/example_trigger_controller_dag.py
[2021-10-29 18:22:21,213] {processor.py:632} INFO - DAG(s) dict_keys(['example_trigger_controller_dag']) retrieved from /home/airflow/.local/lib/python3.6/site-packages/airflow/example_dags/example_trigger_controller_dag.py
[2021-10-29 18:22:21,221] {logging_mixin.py:109} INFO - [2021-10-29 18:22:21,221] {dag.py:2389} INFO - Sync 1 DAGs
[2021-10-29 18:22:21,232] {logging_mixin.py:109} INFO - [2021-10-29 18:22:21,232] {dag.py:2914} INFO - Setting next_dagrun for example_trigger_controller_dag to 2021-01-01T00:00:00+00:00
[2021-10-29 18:22:21,240] {processor.py:171} INFO - Processing /home/airflow/.local/lib/python3.6/site-packages/airflow/example_dags/example_trigger_controller_dag.py took 0.072 seconds
