[2021-10-29 18:19:09,116] {processor.py:163} INFO - Started process (PID=202) to work on /home/airflow/.local/lib/python3.6/site-packages/airflow/example_dags/example_skip_dag.py
[2021-10-29 18:19:09,117] {processor.py:620} INFO - Processing file /home/airflow/.local/lib/python3.6/site-packages/airflow/example_dags/example_skip_dag.py for tasks to queue
[2021-10-29 18:19:09,117] {logging_mixin.py:109} INFO - [2021-10-29 18:19:09,117] {dagbag.py:500} INFO - Filling up the DagBag from /home/airflow/.local/lib/python3.6/site-packages/airflow/example_dags/example_skip_dag.py
[2021-10-29 18:19:09,140] {processor.py:632} INFO - DAG(s) dict_keys(['example_skip_dag']) retrieved from /home/airflow/.local/lib/python3.6/site-packages/airflow/example_dags/example_skip_dag.py
[2021-10-29 18:19:10,552] {logging_mixin.py:109} INFO - [2021-10-29 18:19:10,552] {providers_manager.py:156} WARNING - Exception when importing 'airflow.providers.google.leveldb.hooks.leveldb.LevelDBHook' from 'apache-airflow-providers-google' package: No module named 'plyvel'
[2021-10-29 18:19:10,875] {logging_mixin.py:109} INFO - [2021-10-29 18:19:10,875] {providers_manager.py:156} WARNING - Exception when importing 'airflow.providers.google.leveldb.hooks.leveldb.LevelDBHook' from 'apache-airflow-providers-google' package: No module named 'plyvel'
[2021-10-29 18:19:10,894] {logging_mixin.py:109} INFO - [2021-10-29 18:19:10,894] {manager.py:496} INFO - Created Permission View: can read on DAG:example_skip_dag
[2021-10-29 18:19:10,903] {logging_mixin.py:109} INFO - [2021-10-29 18:19:10,903] {manager.py:496} INFO - Created Permission View: can edit on DAG:example_skip_dag
[2021-10-29 18:19:10,905] {logging_mixin.py:109} INFO - [2021-10-29 18:19:10,903] {dag.py:2389} INFO - Sync 1 DAGs
[2021-10-29 18:19:10,916] {logging_mixin.py:109} INFO - [2021-10-29 18:19:10,915] {dag.py:2408} INFO - Creating ORM DAG for example_skip_dag
[2021-10-29 18:19:10,921] {logging_mixin.py:109} INFO - [2021-10-29 18:19:10,921] {dag.py:2914} INFO - Setting next_dagrun for example_skip_dag to 2021-10-28T18:19:10.920829+00:00
[2021-10-29 18:19:10,931] {processor.py:171} INFO - Processing /home/airflow/.local/lib/python3.6/site-packages/airflow/example_dags/example_skip_dag.py took 1.818 seconds
[2021-10-29 18:19:41,017] {processor.py:163} INFO - Started process (PID=385) to work on /home/airflow/.local/lib/python3.6/site-packages/airflow/example_dags/example_skip_dag.py
[2021-10-29 18:19:41,021] {processor.py:620} INFO - Processing file /home/airflow/.local/lib/python3.6/site-packages/airflow/example_dags/example_skip_dag.py for tasks to queue
[2021-10-29 18:19:41,021] {logging_mixin.py:109} INFO - [2021-10-29 18:19:41,021] {dagbag.py:500} INFO - Filling up the DagBag from /home/airflow/.local/lib/python3.6/site-packages/airflow/example_dags/example_skip_dag.py
[2021-10-29 18:19:41,041] {processor.py:632} INFO - DAG(s) dict_keys(['example_skip_dag']) retrieved from /home/airflow/.local/lib/python3.6/site-packages/airflow/example_dags/example_skip_dag.py
[2021-10-29 18:19:41,050] {logging_mixin.py:109} INFO - [2021-10-29 18:19:41,049] {dag.py:2389} INFO - Sync 1 DAGs
[2021-10-29 18:19:41,061] {logging_mixin.py:109} INFO - [2021-10-29 18:19:41,061] {dag.py:2914} INFO - Setting next_dagrun for example_skip_dag to 2021-10-28T18:19:41.061563+00:00
[2021-10-29 18:19:41,069] {processor.py:171} INFO - Processing /home/airflow/.local/lib/python3.6/site-packages/airflow/example_dags/example_skip_dag.py took 0.054 seconds
[2021-10-29 18:20:11,332] {processor.py:163} INFO - Started process (PID=438) to work on /home/airflow/.local/lib/python3.6/site-packages/airflow/example_dags/example_skip_dag.py
[2021-10-29 18:20:11,338] {processor.py:620} INFO - Processing file /home/airflow/.local/lib/python3.6/site-packages/airflow/example_dags/example_skip_dag.py for tasks to queue
[2021-10-29 18:20:11,339] {logging_mixin.py:109} INFO - [2021-10-29 18:20:11,339] {dagbag.py:500} INFO - Filling up the DagBag from /home/airflow/.local/lib/python3.6/site-packages/airflow/example_dags/example_skip_dag.py
[2021-10-29 18:20:11,375] {processor.py:632} INFO - DAG(s) dict_keys(['example_skip_dag']) retrieved from /home/airflow/.local/lib/python3.6/site-packages/airflow/example_dags/example_skip_dag.py
[2021-10-29 18:20:11,383] {logging_mixin.py:109} INFO - [2021-10-29 18:20:11,383] {dag.py:2389} INFO - Sync 1 DAGs
[2021-10-29 18:20:11,395] {logging_mixin.py:109} INFO - [2021-10-29 18:20:11,395] {dag.py:2914} INFO - Setting next_dagrun for example_skip_dag to 2021-10-28T18:20:11.395655+00:00
[2021-10-29 18:20:11,403] {processor.py:171} INFO - Processing /home/airflow/.local/lib/python3.6/site-packages/airflow/example_dags/example_skip_dag.py took 0.079 seconds
[2021-10-29 18:20:41,570] {processor.py:163} INFO - Started process (PID=502) to work on /home/airflow/.local/lib/python3.6/site-packages/airflow/example_dags/example_skip_dag.py
[2021-10-29 18:20:41,573] {processor.py:620} INFO - Processing file /home/airflow/.local/lib/python3.6/site-packages/airflow/example_dags/example_skip_dag.py for tasks to queue
[2021-10-29 18:20:41,575] {logging_mixin.py:109} INFO - [2021-10-29 18:20:41,574] {dagbag.py:500} INFO - Filling up the DagBag from /home/airflow/.local/lib/python3.6/site-packages/airflow/example_dags/example_skip_dag.py
[2021-10-29 18:20:41,609] {processor.py:632} INFO - DAG(s) dict_keys(['example_skip_dag']) retrieved from /home/airflow/.local/lib/python3.6/site-packages/airflow/example_dags/example_skip_dag.py
[2021-10-29 18:20:41,618] {logging_mixin.py:109} INFO - [2021-10-29 18:20:41,618] {dag.py:2389} INFO - Sync 1 DAGs
[2021-10-29 18:20:41,632] {logging_mixin.py:109} INFO - [2021-10-29 18:20:41,632] {dag.py:2914} INFO - Setting next_dagrun for example_skip_dag to 2021-10-28T18:20:41.632151+00:00
[2021-10-29 18:20:41,639] {processor.py:171} INFO - Processing /home/airflow/.local/lib/python3.6/site-packages/airflow/example_dags/example_skip_dag.py took 0.076 seconds
[2021-10-29 18:21:11,799] {processor.py:163} INFO - Started process (PID=555) to work on /home/airflow/.local/lib/python3.6/site-packages/airflow/example_dags/example_skip_dag.py
[2021-10-29 18:21:11,805] {processor.py:620} INFO - Processing file /home/airflow/.local/lib/python3.6/site-packages/airflow/example_dags/example_skip_dag.py for tasks to queue
[2021-10-29 18:21:11,807] {logging_mixin.py:109} INFO - [2021-10-29 18:21:11,806] {dagbag.py:500} INFO - Filling up the DagBag from /home/airflow/.local/lib/python3.6/site-packages/airflow/example_dags/example_skip_dag.py
[2021-10-29 18:21:11,843] {processor.py:632} INFO - DAG(s) dict_keys(['example_skip_dag']) retrieved from /home/airflow/.local/lib/python3.6/site-packages/airflow/example_dags/example_skip_dag.py
[2021-10-29 18:21:11,853] {logging_mixin.py:109} INFO - [2021-10-29 18:21:11,853] {dag.py:2389} INFO - Sync 1 DAGs
[2021-10-29 18:21:11,865] {logging_mixin.py:109} INFO - [2021-10-29 18:21:11,864] {dag.py:2914} INFO - Setting next_dagrun for example_skip_dag to 2021-10-28T18:21:11.864779+00:00
[2021-10-29 18:21:11,871] {processor.py:171} INFO - Processing /home/airflow/.local/lib/python3.6/site-packages/airflow/example_dags/example_skip_dag.py took 0.079 seconds
[2021-10-29 18:21:42,182] {processor.py:163} INFO - Started process (PID=619) to work on /home/airflow/.local/lib/python3.6/site-packages/airflow/example_dags/example_skip_dag.py
[2021-10-29 18:21:42,185] {processor.py:620} INFO - Processing file /home/airflow/.local/lib/python3.6/site-packages/airflow/example_dags/example_skip_dag.py for tasks to queue
[2021-10-29 18:21:42,187] {logging_mixin.py:109} INFO - [2021-10-29 18:21:42,186] {dagbag.py:500} INFO - Filling up the DagBag from /home/airflow/.local/lib/python3.6/site-packages/airflow/example_dags/example_skip_dag.py
[2021-10-29 18:21:42,218] {processor.py:632} INFO - DAG(s) dict_keys(['example_skip_dag']) retrieved from /home/airflow/.local/lib/python3.6/site-packages/airflow/example_dags/example_skip_dag.py
[2021-10-29 18:21:42,228] {logging_mixin.py:109} INFO - [2021-10-29 18:21:42,227] {dag.py:2389} INFO - Sync 1 DAGs
[2021-10-29 18:21:42,241] {logging_mixin.py:109} INFO - [2021-10-29 18:21:42,241] {dag.py:2914} INFO - Setting next_dagrun for example_skip_dag to 2021-10-28T18:21:42.241503+00:00
[2021-10-29 18:21:42,248] {processor.py:171} INFO - Processing /home/airflow/.local/lib/python3.6/site-packages/airflow/example_dags/example_skip_dag.py took 0.075 seconds
[2021-10-29 18:22:12,623] {processor.py:163} INFO - Started process (PID=672) to work on /home/airflow/.local/lib/python3.6/site-packages/airflow/example_dags/example_skip_dag.py
[2021-10-29 18:22:12,624] {processor.py:620} INFO - Processing file /home/airflow/.local/lib/python3.6/site-packages/airflow/example_dags/example_skip_dag.py for tasks to queue
[2021-10-29 18:22:12,624] {logging_mixin.py:109} INFO - [2021-10-29 18:22:12,624] {dagbag.py:500} INFO - Filling up the DagBag from /home/airflow/.local/lib/python3.6/site-packages/airflow/example_dags/example_skip_dag.py
[2021-10-29 18:22:12,644] {processor.py:632} INFO - DAG(s) dict_keys(['example_skip_dag']) retrieved from /home/airflow/.local/lib/python3.6/site-packages/airflow/example_dags/example_skip_dag.py
[2021-10-29 18:22:12,653] {logging_mixin.py:109} INFO - [2021-10-29 18:22:12,653] {dag.py:2389} INFO - Sync 1 DAGs
[2021-10-29 18:22:12,666] {logging_mixin.py:109} INFO - [2021-10-29 18:22:12,666] {dag.py:2914} INFO - Setting next_dagrun for example_skip_dag to 2021-10-28T18:22:12.665980+00:00
[2021-10-29 18:22:12,674] {processor.py:171} INFO - Processing /home/airflow/.local/lib/python3.6/site-packages/airflow/example_dags/example_skip_dag.py took 0.053 seconds
