[2021-10-29 18:19:20,544] {processor.py:163} INFO - Started process (PID=328) to work on /home/airflow/.local/lib/python3.6/site-packages/airflow/example_dags/example_branch_labels.py
[2021-10-29 18:19:20,544] {processor.py:620} INFO - Processing file /home/airflow/.local/lib/python3.6/site-packages/airflow/example_dags/example_branch_labels.py for tasks to queue
[2021-10-29 18:19:20,545] {logging_mixin.py:109} INFO - [2021-10-29 18:19:20,545] {dagbag.py:500} INFO - Filling up the DagBag from /home/airflow/.local/lib/python3.6/site-packages/airflow/example_dags/example_branch_labels.py
[2021-10-29 18:19:20,569] {processor.py:632} INFO - DAG(s) dict_keys(['example_branch_labels']) retrieved from /home/airflow/.local/lib/python3.6/site-packages/airflow/example_dags/example_branch_labels.py
[2021-10-29 18:19:21,908] {logging_mixin.py:109} INFO - [2021-10-29 18:19:21,908] {providers_manager.py:156} WARNING - Exception when importing 'airflow.providers.google.leveldb.hooks.leveldb.LevelDBHook' from 'apache-airflow-providers-google' package: No module named 'plyvel'
[2021-10-29 18:19:22,311] {logging_mixin.py:109} INFO - [2021-10-29 18:19:22,311] {providers_manager.py:156} WARNING - Exception when importing 'airflow.providers.google.leveldb.hooks.leveldb.LevelDBHook' from 'apache-airflow-providers-google' package: No module named 'plyvel'
[2021-10-29 18:19:22,330] {logging_mixin.py:109} INFO - [2021-10-29 18:19:22,330] {manager.py:496} INFO - Created Permission View: can read on DAG:example_branch_labels
[2021-10-29 18:19:22,336] {logging_mixin.py:109} INFO - [2021-10-29 18:19:22,336] {manager.py:496} INFO - Created Permission View: can edit on DAG:example_branch_labels
[2021-10-29 18:19:22,338] {logging_mixin.py:109} INFO - [2021-10-29 18:19:22,336] {dag.py:2389} INFO - Sync 1 DAGs
[2021-10-29 18:19:22,346] {logging_mixin.py:109} INFO - [2021-10-29 18:19:22,345] {dag.py:2408} INFO - Creating ORM DAG for example_branch_labels
[2021-10-29 18:19:22,353] {logging_mixin.py:109} INFO - [2021-10-29 18:19:22,353] {dag.py:2914} INFO - Setting next_dagrun for example_branch_labels to 2021-10-28 00:00:00+00:00
[2021-10-29 18:19:22,362] {processor.py:171} INFO - Processing /home/airflow/.local/lib/python3.6/site-packages/airflow/example_dags/example_branch_labels.py took 1.822 seconds
[2021-10-29 18:19:52,437] {processor.py:163} INFO - Started process (PID=408) to work on /home/airflow/.local/lib/python3.6/site-packages/airflow/example_dags/example_branch_labels.py
[2021-10-29 18:19:52,440] {processor.py:620} INFO - Processing file /home/airflow/.local/lib/python3.6/site-packages/airflow/example_dags/example_branch_labels.py for tasks to queue
[2021-10-29 18:19:52,441] {logging_mixin.py:109} INFO - [2021-10-29 18:19:52,441] {dagbag.py:500} INFO - Filling up the DagBag from /home/airflow/.local/lib/python3.6/site-packages/airflow/example_dags/example_branch_labels.py
[2021-10-29 18:19:52,471] {processor.py:632} INFO - DAG(s) dict_keys(['example_branch_labels']) retrieved from /home/airflow/.local/lib/python3.6/site-packages/airflow/example_dags/example_branch_labels.py
[2021-10-29 18:19:52,479] {logging_mixin.py:109} INFO - [2021-10-29 18:19:52,479] {dag.py:2389} INFO - Sync 1 DAGs
[2021-10-29 18:19:52,494] {logging_mixin.py:109} INFO - [2021-10-29 18:19:52,494] {dag.py:2914} INFO - Setting next_dagrun for example_branch_labels to 2021-10-28 00:00:00+00:00
[2021-10-29 18:19:52,501] {processor.py:171} INFO - Processing /home/airflow/.local/lib/python3.6/site-packages/airflow/example_dags/example_branch_labels.py took 0.072 seconds
[2021-10-29 18:20:22,753] {processor.py:163} INFO - Started process (PID=462) to work on /home/airflow/.local/lib/python3.6/site-packages/airflow/example_dags/example_branch_labels.py
[2021-10-29 18:20:22,756] {processor.py:620} INFO - Processing file /home/airflow/.local/lib/python3.6/site-packages/airflow/example_dags/example_branch_labels.py for tasks to queue
[2021-10-29 18:20:22,758] {logging_mixin.py:109} INFO - [2021-10-29 18:20:22,758] {dagbag.py:500} INFO - Filling up the DagBag from /home/airflow/.local/lib/python3.6/site-packages/airflow/example_dags/example_branch_labels.py
[2021-10-29 18:20:22,787] {processor.py:632} INFO - DAG(s) dict_keys(['example_branch_labels']) retrieved from /home/airflow/.local/lib/python3.6/site-packages/airflow/example_dags/example_branch_labels.py
[2021-10-29 18:20:22,798] {logging_mixin.py:109} INFO - [2021-10-29 18:20:22,798] {dag.py:2389} INFO - Sync 1 DAGs
[2021-10-29 18:20:22,816] {logging_mixin.py:109} INFO - [2021-10-29 18:20:22,816] {dag.py:2914} INFO - Setting next_dagrun for example_branch_labels to 2021-10-28 00:00:00+00:00
[2021-10-29 18:20:22,823] {processor.py:171} INFO - Processing /home/airflow/.local/lib/python3.6/site-packages/airflow/example_dags/example_branch_labels.py took 0.079 seconds
[2021-10-29 18:20:52,997] {processor.py:163} INFO - Started process (PID=525) to work on /home/airflow/.local/lib/python3.6/site-packages/airflow/example_dags/example_branch_labels.py
[2021-10-29 18:20:52,999] {processor.py:620} INFO - Processing file /home/airflow/.local/lib/python3.6/site-packages/airflow/example_dags/example_branch_labels.py for tasks to queue
[2021-10-29 18:20:53,001] {logging_mixin.py:109} INFO - [2021-10-29 18:20:53,001] {dagbag.py:500} INFO - Filling up the DagBag from /home/airflow/.local/lib/python3.6/site-packages/airflow/example_dags/example_branch_labels.py
[2021-10-29 18:20:53,031] {processor.py:632} INFO - DAG(s) dict_keys(['example_branch_labels']) retrieved from /home/airflow/.local/lib/python3.6/site-packages/airflow/example_dags/example_branch_labels.py
[2021-10-29 18:20:53,041] {logging_mixin.py:109} INFO - [2021-10-29 18:20:53,041] {dag.py:2389} INFO - Sync 1 DAGs
[2021-10-29 18:20:53,059] {logging_mixin.py:109} INFO - [2021-10-29 18:20:53,059] {dag.py:2914} INFO - Setting next_dagrun for example_branch_labels to 2021-10-28 00:00:00+00:00
[2021-10-29 18:20:53,065] {processor.py:171} INFO - Processing /home/airflow/.local/lib/python3.6/site-packages/airflow/example_dags/example_branch_labels.py took 0.076 seconds
[2021-10-29 18:21:23,305] {processor.py:163} INFO - Started process (PID=579) to work on /home/airflow/.local/lib/python3.6/site-packages/airflow/example_dags/example_branch_labels.py
[2021-10-29 18:21:23,306] {processor.py:620} INFO - Processing file /home/airflow/.local/lib/python3.6/site-packages/airflow/example_dags/example_branch_labels.py for tasks to queue
[2021-10-29 18:21:23,306] {logging_mixin.py:109} INFO - [2021-10-29 18:21:23,306] {dagbag.py:500} INFO - Filling up the DagBag from /home/airflow/.local/lib/python3.6/site-packages/airflow/example_dags/example_branch_labels.py
[2021-10-29 18:21:23,326] {processor.py:632} INFO - DAG(s) dict_keys(['example_branch_labels']) retrieved from /home/airflow/.local/lib/python3.6/site-packages/airflow/example_dags/example_branch_labels.py
[2021-10-29 18:21:23,336] {logging_mixin.py:109} INFO - [2021-10-29 18:21:23,336] {dag.py:2389} INFO - Sync 1 DAGs
[2021-10-29 18:21:23,351] {logging_mixin.py:109} INFO - [2021-10-29 18:21:23,351] {dag.py:2914} INFO - Setting next_dagrun for example_branch_labels to 2021-10-28 00:00:00+00:00
[2021-10-29 18:21:23,359] {processor.py:171} INFO - Processing /home/airflow/.local/lib/python3.6/site-packages/airflow/example_dags/example_branch_labels.py took 0.056 seconds
[2021-10-29 18:21:53,818] {processor.py:163} INFO - Started process (PID=642) to work on /home/airflow/.local/lib/python3.6/site-packages/airflow/example_dags/example_branch_labels.py
[2021-10-29 18:21:53,819] {processor.py:620} INFO - Processing file /home/airflow/.local/lib/python3.6/site-packages/airflow/example_dags/example_branch_labels.py for tasks to queue
[2021-10-29 18:21:53,819] {logging_mixin.py:109} INFO - [2021-10-29 18:21:53,819] {dagbag.py:500} INFO - Filling up the DagBag from /home/airflow/.local/lib/python3.6/site-packages/airflow/example_dags/example_branch_labels.py
[2021-10-29 18:21:53,839] {processor.py:632} INFO - DAG(s) dict_keys(['example_branch_labels']) retrieved from /home/airflow/.local/lib/python3.6/site-packages/airflow/example_dags/example_branch_labels.py
[2021-10-29 18:21:53,848] {logging_mixin.py:109} INFO - [2021-10-29 18:21:53,848] {dag.py:2389} INFO - Sync 1 DAGs
[2021-10-29 18:21:53,863] {logging_mixin.py:109} INFO - [2021-10-29 18:21:53,863] {dag.py:2914} INFO - Setting next_dagrun for example_branch_labels to 2021-10-28 00:00:00+00:00
[2021-10-29 18:21:53,871] {processor.py:171} INFO - Processing /home/airflow/.local/lib/python3.6/site-packages/airflow/example_dags/example_branch_labels.py took 0.057 seconds
[2021-10-29 18:22:24,304] {processor.py:163} INFO - Started process (PID=695) to work on /home/airflow/.local/lib/python3.6/site-packages/airflow/example_dags/example_branch_labels.py
[2021-10-29 18:22:24,305] {processor.py:620} INFO - Processing file /home/airflow/.local/lib/python3.6/site-packages/airflow/example_dags/example_branch_labels.py for tasks to queue
[2021-10-29 18:22:24,306] {logging_mixin.py:109} INFO - [2021-10-29 18:22:24,306] {dagbag.py:500} INFO - Filling up the DagBag from /home/airflow/.local/lib/python3.6/site-packages/airflow/example_dags/example_branch_labels.py
[2021-10-29 18:22:24,328] {processor.py:632} INFO - DAG(s) dict_keys(['example_branch_labels']) retrieved from /home/airflow/.local/lib/python3.6/site-packages/airflow/example_dags/example_branch_labels.py
[2021-10-29 18:22:24,338] {logging_mixin.py:109} INFO - [2021-10-29 18:22:24,338] {dag.py:2389} INFO - Sync 1 DAGs
[2021-10-29 18:22:24,353] {logging_mixin.py:109} INFO - [2021-10-29 18:22:24,352] {dag.py:2914} INFO - Setting next_dagrun for example_branch_labels to 2021-10-28 00:00:00+00:00
[2021-10-29 18:22:24,361] {processor.py:171} INFO - Processing /home/airflow/.local/lib/python3.6/site-packages/airflow/example_dags/example_branch_labels.py took 0.060 seconds
