[2021-10-29 18:18:58,669] {processor.py:163} INFO - Started process (PID=112) to work on /home/airflow/.local/lib/python3.6/site-packages/airflow/example_dags/example_xcom.py
[2021-10-29 18:18:58,670] {processor.py:620} INFO - Processing file /home/airflow/.local/lib/python3.6/site-packages/airflow/example_dags/example_xcom.py for tasks to queue
[2021-10-29 18:18:58,671] {logging_mixin.py:109} INFO - [2021-10-29 18:18:58,671] {dagbag.py:500} INFO - Filling up the DagBag from /home/airflow/.local/lib/python3.6/site-packages/airflow/example_dags/example_xcom.py
[2021-10-29 18:18:58,716] {processor.py:632} INFO - DAG(s) dict_keys(['example_xcom']) retrieved from /home/airflow/.local/lib/python3.6/site-packages/airflow/example_dags/example_xcom.py
[2021-10-29 18:19:00,820] {logging_mixin.py:109} INFO - [2021-10-29 18:19:00,819] {providers_manager.py:156} WARNING - Exception when importing 'airflow.providers.google.leveldb.hooks.leveldb.LevelDBHook' from 'apache-airflow-providers-google' package: No module named 'plyvel'
[2021-10-29 18:19:01,527] {logging_mixin.py:109} INFO - [2021-10-29 18:19:01,527] {providers_manager.py:156} WARNING - Exception when importing 'airflow.providers.google.leveldb.hooks.leveldb.LevelDBHook' from 'apache-airflow-providers-google' package: No module named 'plyvel'
[2021-10-29 18:19:01,575] {logging_mixin.py:109} INFO - [2021-10-29 18:19:01,574] {manager.py:496} INFO - Created Permission View: can read on DAG:example_xcom
[2021-10-29 18:19:01,587] {logging_mixin.py:109} INFO - [2021-10-29 18:19:01,586] {manager.py:496} INFO - Created Permission View: can edit on DAG:example_xcom
[2021-10-29 18:19:01,589] {logging_mixin.py:109} INFO - [2021-10-29 18:19:01,587] {dag.py:2389} INFO - Sync 1 DAGs
[2021-10-29 18:19:01,609] {logging_mixin.py:109} INFO - [2021-10-29 18:19:01,607] {dag.py:2408} INFO - Creating ORM DAG for example_xcom
[2021-10-29 18:19:01,618] {logging_mixin.py:109} INFO - [2021-10-29 18:19:01,618] {dag.py:2914} INFO - Setting next_dagrun for example_xcom to 2021-01-01T00:00:00+00:00
[2021-10-29 18:19:01,635] {processor.py:171} INFO - Processing /home/airflow/.local/lib/python3.6/site-packages/airflow/example_dags/example_xcom.py took 2.970 seconds
[2021-10-29 18:19:32,519] {processor.py:163} INFO - Started process (PID=365) to work on /home/airflow/.local/lib/python3.6/site-packages/airflow/example_dags/example_xcom.py
[2021-10-29 18:19:32,520] {processor.py:620} INFO - Processing file /home/airflow/.local/lib/python3.6/site-packages/airflow/example_dags/example_xcom.py for tasks to queue
[2021-10-29 18:19:32,521] {logging_mixin.py:109} INFO - [2021-10-29 18:19:32,521] {dagbag.py:500} INFO - Filling up the DagBag from /home/airflow/.local/lib/python3.6/site-packages/airflow/example_dags/example_xcom.py
[2021-10-29 18:19:32,543] {processor.py:632} INFO - DAG(s) dict_keys(['example_xcom']) retrieved from /home/airflow/.local/lib/python3.6/site-packages/airflow/example_dags/example_xcom.py
[2021-10-29 18:19:32,703] {logging_mixin.py:109} INFO - [2021-10-29 18:19:32,703] {dag.py:2389} INFO - Sync 1 DAGs
[2021-10-29 18:19:32,714] {logging_mixin.py:109} INFO - [2021-10-29 18:19:32,714] {dag.py:2914} INFO - Setting next_dagrun for example_xcom to 2021-01-01T00:00:00+00:00
[2021-10-29 18:19:32,722] {processor.py:171} INFO - Processing /home/airflow/.local/lib/python3.6/site-packages/airflow/example_dags/example_xcom.py took 0.204 seconds
[2021-10-29 18:20:02,880] {processor.py:163} INFO - Started process (PID=428) to work on /home/airflow/.local/lib/python3.6/site-packages/airflow/example_dags/example_xcom.py
[2021-10-29 18:20:02,883] {processor.py:620} INFO - Processing file /home/airflow/.local/lib/python3.6/site-packages/airflow/example_dags/example_xcom.py for tasks to queue
[2021-10-29 18:20:02,884] {logging_mixin.py:109} INFO - [2021-10-29 18:20:02,884] {dagbag.py:500} INFO - Filling up the DagBag from /home/airflow/.local/lib/python3.6/site-packages/airflow/example_dags/example_xcom.py
[2021-10-29 18:20:02,919] {processor.py:632} INFO - DAG(s) dict_keys(['example_xcom']) retrieved from /home/airflow/.local/lib/python3.6/site-packages/airflow/example_dags/example_xcom.py
[2021-10-29 18:20:03,101] {logging_mixin.py:109} INFO - [2021-10-29 18:20:03,101] {dag.py:2389} INFO - Sync 1 DAGs
[2021-10-29 18:20:03,111] {logging_mixin.py:109} INFO - [2021-10-29 18:20:03,111] {dag.py:2914} INFO - Setting next_dagrun for example_xcom to 2021-01-01T00:00:00+00:00
[2021-10-29 18:20:03,119] {processor.py:171} INFO - Processing /home/airflow/.local/lib/python3.6/site-packages/airflow/example_dags/example_xcom.py took 0.246 seconds
[2021-10-29 18:20:33,165] {processor.py:163} INFO - Started process (PID=482) to work on /home/airflow/.local/lib/python3.6/site-packages/airflow/example_dags/example_xcom.py
[2021-10-29 18:20:33,168] {processor.py:620} INFO - Processing file /home/airflow/.local/lib/python3.6/site-packages/airflow/example_dags/example_xcom.py for tasks to queue
[2021-10-29 18:20:33,169] {logging_mixin.py:109} INFO - [2021-10-29 18:20:33,169] {dagbag.py:500} INFO - Filling up the DagBag from /home/airflow/.local/lib/python3.6/site-packages/airflow/example_dags/example_xcom.py
[2021-10-29 18:20:33,211] {processor.py:632} INFO - DAG(s) dict_keys(['example_xcom']) retrieved from /home/airflow/.local/lib/python3.6/site-packages/airflow/example_dags/example_xcom.py
[2021-10-29 18:20:33,391] {logging_mixin.py:109} INFO - [2021-10-29 18:20:33,390] {dag.py:2389} INFO - Sync 1 DAGs
[2021-10-29 18:20:33,401] {logging_mixin.py:109} INFO - [2021-10-29 18:20:33,401] {dag.py:2914} INFO - Setting next_dagrun for example_xcom to 2021-01-01T00:00:00+00:00
[2021-10-29 18:20:33,408] {processor.py:171} INFO - Processing /home/airflow/.local/lib/python3.6/site-packages/airflow/example_dags/example_xcom.py took 0.251 seconds
[2021-10-29 18:21:03,434] {processor.py:163} INFO - Started process (PID=546) to work on /home/airflow/.local/lib/python3.6/site-packages/airflow/example_dags/example_xcom.py
[2021-10-29 18:21:03,435] {processor.py:620} INFO - Processing file /home/airflow/.local/lib/python3.6/site-packages/airflow/example_dags/example_xcom.py for tasks to queue
[2021-10-29 18:21:03,435] {logging_mixin.py:109} INFO - [2021-10-29 18:21:03,435] {dagbag.py:500} INFO - Filling up the DagBag from /home/airflow/.local/lib/python3.6/site-packages/airflow/example_dags/example_xcom.py
[2021-10-29 18:21:03,457] {processor.py:632} INFO - DAG(s) dict_keys(['example_xcom']) retrieved from /home/airflow/.local/lib/python3.6/site-packages/airflow/example_dags/example_xcom.py
[2021-10-29 18:21:03,625] {logging_mixin.py:109} INFO - [2021-10-29 18:21:03,625] {dag.py:2389} INFO - Sync 1 DAGs
[2021-10-29 18:21:03,634] {logging_mixin.py:109} INFO - [2021-10-29 18:21:03,634] {dag.py:2914} INFO - Setting next_dagrun for example_xcom to 2021-01-01T00:00:00+00:00
[2021-10-29 18:21:03,641] {processor.py:171} INFO - Processing /home/airflow/.local/lib/python3.6/site-packages/airflow/example_dags/example_xcom.py took 0.210 seconds
[2021-10-29 18:21:33,666] {processor.py:163} INFO - Started process (PID=600) to work on /home/airflow/.local/lib/python3.6/site-packages/airflow/example_dags/example_xcom.py
[2021-10-29 18:21:33,666] {processor.py:620} INFO - Processing file /home/airflow/.local/lib/python3.6/site-packages/airflow/example_dags/example_xcom.py for tasks to queue
[2021-10-29 18:21:33,667] {logging_mixin.py:109} INFO - [2021-10-29 18:21:33,667] {dagbag.py:500} INFO - Filling up the DagBag from /home/airflow/.local/lib/python3.6/site-packages/airflow/example_dags/example_xcom.py
[2021-10-29 18:21:33,694] {processor.py:632} INFO - DAG(s) dict_keys(['example_xcom']) retrieved from /home/airflow/.local/lib/python3.6/site-packages/airflow/example_dags/example_xcom.py
[2021-10-29 18:21:33,900] {logging_mixin.py:109} INFO - [2021-10-29 18:21:33,900] {dag.py:2389} INFO - Sync 1 DAGs
[2021-10-29 18:21:33,911] {logging_mixin.py:109} INFO - [2021-10-29 18:21:33,911] {dag.py:2914} INFO - Setting next_dagrun for example_xcom to 2021-01-01T00:00:00+00:00
[2021-10-29 18:21:33,919] {processor.py:171} INFO - Processing /home/airflow/.local/lib/python3.6/site-packages/airflow/example_dags/example_xcom.py took 0.255 seconds
[2021-10-29 18:22:04,160] {processor.py:163} INFO - Started process (PID=662) to work on /home/airflow/.local/lib/python3.6/site-packages/airflow/example_dags/example_xcom.py
[2021-10-29 18:22:04,162] {processor.py:620} INFO - Processing file /home/airflow/.local/lib/python3.6/site-packages/airflow/example_dags/example_xcom.py for tasks to queue
[2021-10-29 18:22:04,163] {logging_mixin.py:109} INFO - [2021-10-29 18:22:04,163] {dagbag.py:500} INFO - Filling up the DagBag from /home/airflow/.local/lib/python3.6/site-packages/airflow/example_dags/example_xcom.py
[2021-10-29 18:22:04,198] {processor.py:632} INFO - DAG(s) dict_keys(['example_xcom']) retrieved from /home/airflow/.local/lib/python3.6/site-packages/airflow/example_dags/example_xcom.py
[2021-10-29 18:22:04,398] {logging_mixin.py:109} INFO - [2021-10-29 18:22:04,397] {dag.py:2389} INFO - Sync 1 DAGs
[2021-10-29 18:22:04,408] {logging_mixin.py:109} INFO - [2021-10-29 18:22:04,408] {dag.py:2914} INFO - Setting next_dagrun for example_xcom to 2021-01-01T00:00:00+00:00
[2021-10-29 18:22:04,415] {processor.py:171} INFO - Processing /home/airflow/.local/lib/python3.6/site-packages/airflow/example_dags/example_xcom.py took 0.259 seconds
