[2021-10-29 18:19:06,315] {processor.py:163} INFO - Started process (PID=174) to work on /home/airflow/.local/lib/python3.6/site-packages/airflow/example_dags/example_latest_only.py
[2021-10-29 18:19:06,316] {processor.py:620} INFO - Processing file /home/airflow/.local/lib/python3.6/site-packages/airflow/example_dags/example_latest_only.py for tasks to queue
[2021-10-29 18:19:06,317] {logging_mixin.py:109} INFO - [2021-10-29 18:19:06,316] {dagbag.py:500} INFO - Filling up the DagBag from /home/airflow/.local/lib/python3.6/site-packages/airflow/example_dags/example_latest_only.py
[2021-10-29 18:19:06,338] {processor.py:632} INFO - DAG(s) dict_keys(['latest_only']) retrieved from /home/airflow/.local/lib/python3.6/site-packages/airflow/example_dags/example_latest_only.py
[2021-10-29 18:19:07,517] {logging_mixin.py:109} INFO - [2021-10-29 18:19:07,517] {providers_manager.py:156} WARNING - Exception when importing 'airflow.providers.google.leveldb.hooks.leveldb.LevelDBHook' from 'apache-airflow-providers-google' package: No module named 'plyvel'
[2021-10-29 18:19:07,878] {logging_mixin.py:109} INFO - [2021-10-29 18:19:07,877] {providers_manager.py:156} WARNING - Exception when importing 'airflow.providers.google.leveldb.hooks.leveldb.LevelDBHook' from 'apache-airflow-providers-google' package: No module named 'plyvel'
[2021-10-29 18:19:07,895] {logging_mixin.py:109} INFO - [2021-10-29 18:19:07,895] {manager.py:496} INFO - Created Permission View: can read on DAG:latest_only
[2021-10-29 18:19:07,902] {logging_mixin.py:109} INFO - [2021-10-29 18:19:07,902] {manager.py:496} INFO - Created Permission View: can edit on DAG:latest_only
[2021-10-29 18:19:07,904] {logging_mixin.py:109} INFO - [2021-10-29 18:19:07,902] {dag.py:2389} INFO - Sync 1 DAGs
[2021-10-29 18:19:07,912] {logging_mixin.py:109} INFO - [2021-10-29 18:19:07,911] {dag.py:2408} INFO - Creating ORM DAG for latest_only
[2021-10-29 18:19:07,917] {logging_mixin.py:109} INFO - [2021-10-29 18:19:07,917] {dag.py:2914} INFO - Setting next_dagrun for latest_only to 2021-10-29T14:19:07.917081+00:00
[2021-10-29 18:19:07,928] {processor.py:171} INFO - Processing /home/airflow/.local/lib/python3.6/site-packages/airflow/example_dags/example_latest_only.py took 1.614 seconds
[2021-10-29 18:19:38,934] {processor.py:163} INFO - Started process (PID=382) to work on /home/airflow/.local/lib/python3.6/site-packages/airflow/example_dags/example_latest_only.py
[2021-10-29 18:19:38,937] {processor.py:620} INFO - Processing file /home/airflow/.local/lib/python3.6/site-packages/airflow/example_dags/example_latest_only.py for tasks to queue
[2021-10-29 18:19:38,938] {logging_mixin.py:109} INFO - [2021-10-29 18:19:38,938] {dagbag.py:500} INFO - Filling up the DagBag from /home/airflow/.local/lib/python3.6/site-packages/airflow/example_dags/example_latest_only.py
[2021-10-29 18:19:38,957] {processor.py:632} INFO - DAG(s) dict_keys(['latest_only']) retrieved from /home/airflow/.local/lib/python3.6/site-packages/airflow/example_dags/example_latest_only.py
[2021-10-29 18:19:38,965] {logging_mixin.py:109} INFO - [2021-10-29 18:19:38,965] {dag.py:2389} INFO - Sync 1 DAGs
[2021-10-29 18:19:38,977] {logging_mixin.py:109} INFO - [2021-10-29 18:19:38,977] {dag.py:2914} INFO - Setting next_dagrun for latest_only to 2021-10-29T14:19:38.977666+00:00
[2021-10-29 18:19:38,984] {processor.py:171} INFO - Processing /home/airflow/.local/lib/python3.6/site-packages/airflow/example_dags/example_latest_only.py took 0.058 seconds
[2021-10-29 18:20:09,173] {processor.py:163} INFO - Started process (PID=435) to work on /home/airflow/.local/lib/python3.6/site-packages/airflow/example_dags/example_latest_only.py
[2021-10-29 18:20:09,178] {processor.py:620} INFO - Processing file /home/airflow/.local/lib/python3.6/site-packages/airflow/example_dags/example_latest_only.py for tasks to queue
[2021-10-29 18:20:09,180] {logging_mixin.py:109} INFO - [2021-10-29 18:20:09,180] {dagbag.py:500} INFO - Filling up the DagBag from /home/airflow/.local/lib/python3.6/site-packages/airflow/example_dags/example_latest_only.py
[2021-10-29 18:20:09,213] {processor.py:632} INFO - DAG(s) dict_keys(['latest_only']) retrieved from /home/airflow/.local/lib/python3.6/site-packages/airflow/example_dags/example_latest_only.py
[2021-10-29 18:20:09,221] {logging_mixin.py:109} INFO - [2021-10-29 18:20:09,221] {dag.py:2389} INFO - Sync 1 DAGs
[2021-10-29 18:20:09,234] {logging_mixin.py:109} INFO - [2021-10-29 18:20:09,233] {dag.py:2914} INFO - Setting next_dagrun for latest_only to 2021-10-29T14:20:09.233749+00:00
[2021-10-29 18:20:09,241] {processor.py:171} INFO - Processing /home/airflow/.local/lib/python3.6/site-packages/airflow/example_dags/example_latest_only.py took 0.076 seconds
[2021-10-29 18:20:39,462] {processor.py:163} INFO - Started process (PID=499) to work on /home/airflow/.local/lib/python3.6/site-packages/airflow/example_dags/example_latest_only.py
[2021-10-29 18:20:39,467] {processor.py:620} INFO - Processing file /home/airflow/.local/lib/python3.6/site-packages/airflow/example_dags/example_latest_only.py for tasks to queue
[2021-10-29 18:20:39,468] {logging_mixin.py:109} INFO - [2021-10-29 18:20:39,468] {dagbag.py:500} INFO - Filling up the DagBag from /home/airflow/.local/lib/python3.6/site-packages/airflow/example_dags/example_latest_only.py
[2021-10-29 18:20:39,505] {processor.py:632} INFO - DAG(s) dict_keys(['latest_only']) retrieved from /home/airflow/.local/lib/python3.6/site-packages/airflow/example_dags/example_latest_only.py
[2021-10-29 18:20:39,515] {logging_mixin.py:109} INFO - [2021-10-29 18:20:39,515] {dag.py:2389} INFO - Sync 1 DAGs
[2021-10-29 18:20:39,531] {logging_mixin.py:109} INFO - [2021-10-29 18:20:39,530] {dag.py:2914} INFO - Setting next_dagrun for latest_only to 2021-10-29T14:20:39.530738+00:00
[2021-10-29 18:20:39,540] {processor.py:171} INFO - Processing /home/airflow/.local/lib/python3.6/site-packages/airflow/example_dags/example_latest_only.py took 0.085 seconds
[2021-10-29 18:21:09,579] {processor.py:163} INFO - Started process (PID=552) to work on /home/airflow/.local/lib/python3.6/site-packages/airflow/example_dags/example_latest_only.py
[2021-10-29 18:21:09,582] {processor.py:620} INFO - Processing file /home/airflow/.local/lib/python3.6/site-packages/airflow/example_dags/example_latest_only.py for tasks to queue
[2021-10-29 18:21:09,582] {logging_mixin.py:109} INFO - [2021-10-29 18:21:09,582] {dagbag.py:500} INFO - Filling up the DagBag from /home/airflow/.local/lib/python3.6/site-packages/airflow/example_dags/example_latest_only.py
[2021-10-29 18:21:09,601] {processor.py:632} INFO - DAG(s) dict_keys(['latest_only']) retrieved from /home/airflow/.local/lib/python3.6/site-packages/airflow/example_dags/example_latest_only.py
[2021-10-29 18:21:09,609] {logging_mixin.py:109} INFO - [2021-10-29 18:21:09,609] {dag.py:2389} INFO - Sync 1 DAGs
[2021-10-29 18:21:09,620] {logging_mixin.py:109} INFO - [2021-10-29 18:21:09,620] {dag.py:2914} INFO - Setting next_dagrun for latest_only to 2021-10-29T14:21:09.620603+00:00
[2021-10-29 18:21:09,628] {processor.py:171} INFO - Processing /home/airflow/.local/lib/python3.6/site-packages/airflow/example_dags/example_latest_only.py took 0.051 seconds
[2021-10-29 18:21:39,964] {processor.py:163} INFO - Started process (PID=616) to work on /home/airflow/.local/lib/python3.6/site-packages/airflow/example_dags/example_latest_only.py
[2021-10-29 18:21:39,965] {processor.py:620} INFO - Processing file /home/airflow/.local/lib/python3.6/site-packages/airflow/example_dags/example_latest_only.py for tasks to queue
[2021-10-29 18:21:39,966] {logging_mixin.py:109} INFO - [2021-10-29 18:21:39,966] {dagbag.py:500} INFO - Filling up the DagBag from /home/airflow/.local/lib/python3.6/site-packages/airflow/example_dags/example_latest_only.py
[2021-10-29 18:21:39,997] {processor.py:632} INFO - DAG(s) dict_keys(['latest_only']) retrieved from /home/airflow/.local/lib/python3.6/site-packages/airflow/example_dags/example_latest_only.py
[2021-10-29 18:21:40,009] {logging_mixin.py:109} INFO - [2021-10-29 18:21:40,009] {dag.py:2389} INFO - Sync 1 DAGs
[2021-10-29 18:21:40,029] {logging_mixin.py:109} INFO - [2021-10-29 18:21:40,029] {dag.py:2914} INFO - Setting next_dagrun for latest_only to 2021-10-29T14:21:40.028928+00:00
[2021-10-29 18:21:40,040] {processor.py:171} INFO - Processing /home/airflow/.local/lib/python3.6/site-packages/airflow/example_dags/example_latest_only.py took 0.081 seconds
[2021-10-29 18:22:10,512] {processor.py:163} INFO - Started process (PID=669) to work on /home/airflow/.local/lib/python3.6/site-packages/airflow/example_dags/example_latest_only.py
[2021-10-29 18:22:10,514] {processor.py:620} INFO - Processing file /home/airflow/.local/lib/python3.6/site-packages/airflow/example_dags/example_latest_only.py for tasks to queue
[2021-10-29 18:22:10,516] {logging_mixin.py:109} INFO - [2021-10-29 18:22:10,516] {dagbag.py:500} INFO - Filling up the DagBag from /home/airflow/.local/lib/python3.6/site-packages/airflow/example_dags/example_latest_only.py
[2021-10-29 18:22:10,561] {processor.py:632} INFO - DAG(s) dict_keys(['latest_only']) retrieved from /home/airflow/.local/lib/python3.6/site-packages/airflow/example_dags/example_latest_only.py
[2021-10-29 18:22:10,576] {logging_mixin.py:109} INFO - [2021-10-29 18:22:10,576] {dag.py:2389} INFO - Sync 1 DAGs
[2021-10-29 18:22:10,599] {logging_mixin.py:109} INFO - [2021-10-29 18:22:10,598] {dag.py:2914} INFO - Setting next_dagrun for latest_only to 2021-10-29T14:22:10.598606+00:00
[2021-10-29 18:22:10,609] {processor.py:171} INFO - Processing /home/airflow/.local/lib/python3.6/site-packages/airflow/example_dags/example_latest_only.py took 0.103 seconds
