[2021-10-29 18:19:10,949] {processor.py:163} INFO - Started process (PID=220) to work on /home/airflow/.local/lib/python3.6/site-packages/airflow/example_dags/example_kubernetes_executor_config.py
[2021-10-29 18:19:10,949] {processor.py:620} INFO - Processing file /home/airflow/.local/lib/python3.6/site-packages/airflow/example_dags/example_kubernetes_executor_config.py for tasks to queue
[2021-10-29 18:19:10,950] {logging_mixin.py:109} INFO - [2021-10-29 18:19:10,950] {dagbag.py:500} INFO - Filling up the DagBag from /home/airflow/.local/lib/python3.6/site-packages/airflow/example_dags/example_kubernetes_executor_config.py
[2021-10-29 18:19:10,971] {processor.py:632} INFO - DAG(s) dict_keys(['example_kubernetes_executor_config']) retrieved from /home/airflow/.local/lib/python3.6/site-packages/airflow/example_dags/example_kubernetes_executor_config.py
[2021-10-29 18:19:12,216] {logging_mixin.py:109} INFO - [2021-10-29 18:19:12,215] {providers_manager.py:156} WARNING - Exception when importing 'airflow.providers.google.leveldb.hooks.leveldb.LevelDBHook' from 'apache-airflow-providers-google' package: No module named 'plyvel'
[2021-10-29 18:19:12,574] {logging_mixin.py:109} INFO - [2021-10-29 18:19:12,574] {providers_manager.py:156} WARNING - Exception when importing 'airflow.providers.google.leveldb.hooks.leveldb.LevelDBHook' from 'apache-airflow-providers-google' package: No module named 'plyvel'
[2021-10-29 18:19:12,594] {logging_mixin.py:109} INFO - [2021-10-29 18:19:12,594] {manager.py:496} INFO - Created Permission View: can read on DAG:example_kubernetes_executor_config
[2021-10-29 18:19:12,602] {logging_mixin.py:109} INFO - [2021-10-29 18:19:12,602] {manager.py:496} INFO - Created Permission View: can edit on DAG:example_kubernetes_executor_config
[2021-10-29 18:19:12,604] {logging_mixin.py:109} INFO - [2021-10-29 18:19:12,602] {dag.py:2389} INFO - Sync 1 DAGs
[2021-10-29 18:19:12,616] {logging_mixin.py:109} INFO - [2021-10-29 18:19:12,615] {dag.py:2408} INFO - Creating ORM DAG for example_kubernetes_executor_config
[2021-10-29 18:19:12,622] {logging_mixin.py:109} INFO - [2021-10-29 18:19:12,622] {dag.py:2914} INFO - Setting next_dagrun for example_kubernetes_executor_config to None
[2021-10-29 18:19:12,633] {processor.py:171} INFO - Processing /home/airflow/.local/lib/python3.6/site-packages/airflow/example_dags/example_kubernetes_executor_config.py took 1.686 seconds
[2021-10-29 18:19:43,090] {processor.py:163} INFO - Started process (PID=387) to work on /home/airflow/.local/lib/python3.6/site-packages/airflow/example_dags/example_kubernetes_executor_config.py
[2021-10-29 18:19:43,092] {processor.py:620} INFO - Processing file /home/airflow/.local/lib/python3.6/site-packages/airflow/example_dags/example_kubernetes_executor_config.py for tasks to queue
[2021-10-29 18:19:43,092] {logging_mixin.py:109} INFO - [2021-10-29 18:19:43,092] {dagbag.py:500} INFO - Filling up the DagBag from /home/airflow/.local/lib/python3.6/site-packages/airflow/example_dags/example_kubernetes_executor_config.py
[2021-10-29 18:19:43,115] {processor.py:632} INFO - DAG(s) dict_keys(['example_kubernetes_executor_config']) retrieved from /home/airflow/.local/lib/python3.6/site-packages/airflow/example_dags/example_kubernetes_executor_config.py
[2021-10-29 18:19:43,124] {logging_mixin.py:109} INFO - [2021-10-29 18:19:43,124] {dag.py:2389} INFO - Sync 1 DAGs
[2021-10-29 18:19:43,135] {logging_mixin.py:109} INFO - [2021-10-29 18:19:43,135] {dag.py:2914} INFO - Setting next_dagrun for example_kubernetes_executor_config to None
[2021-10-29 18:19:43,141] {processor.py:171} INFO - Processing /home/airflow/.local/lib/python3.6/site-packages/airflow/example_dags/example_kubernetes_executor_config.py took 0.054 seconds
[2021-10-29 18:20:13,417] {processor.py:163} INFO - Started process (PID=451) to work on /home/airflow/.local/lib/python3.6/site-packages/airflow/example_dags/example_kubernetes_executor_config.py
[2021-10-29 18:20:13,418] {processor.py:620} INFO - Processing file /home/airflow/.local/lib/python3.6/site-packages/airflow/example_dags/example_kubernetes_executor_config.py for tasks to queue
[2021-10-29 18:20:13,418] {logging_mixin.py:109} INFO - [2021-10-29 18:20:13,418] {dagbag.py:500} INFO - Filling up the DagBag from /home/airflow/.local/lib/python3.6/site-packages/airflow/example_dags/example_kubernetes_executor_config.py
[2021-10-29 18:20:13,437] {processor.py:632} INFO - DAG(s) dict_keys(['example_kubernetes_executor_config']) retrieved from /home/airflow/.local/lib/python3.6/site-packages/airflow/example_dags/example_kubernetes_executor_config.py
[2021-10-29 18:20:13,446] {logging_mixin.py:109} INFO - [2021-10-29 18:20:13,446] {dag.py:2389} INFO - Sync 1 DAGs
[2021-10-29 18:20:13,457] {logging_mixin.py:109} INFO - [2021-10-29 18:20:13,457] {dag.py:2914} INFO - Setting next_dagrun for example_kubernetes_executor_config to None
[2021-10-29 18:20:13,464] {processor.py:171} INFO - Processing /home/airflow/.local/lib/python3.6/site-packages/airflow/example_dags/example_kubernetes_executor_config.py took 0.049 seconds
[2021-10-29 18:20:43,667] {processor.py:163} INFO - Started process (PID=504) to work on /home/airflow/.local/lib/python3.6/site-packages/airflow/example_dags/example_kubernetes_executor_config.py
[2021-10-29 18:20:43,668] {processor.py:620} INFO - Processing file /home/airflow/.local/lib/python3.6/site-packages/airflow/example_dags/example_kubernetes_executor_config.py for tasks to queue
[2021-10-29 18:20:43,669] {logging_mixin.py:109} INFO - [2021-10-29 18:20:43,669] {dagbag.py:500} INFO - Filling up the DagBag from /home/airflow/.local/lib/python3.6/site-packages/airflow/example_dags/example_kubernetes_executor_config.py
[2021-10-29 18:20:43,690] {processor.py:632} INFO - DAG(s) dict_keys(['example_kubernetes_executor_config']) retrieved from /home/airflow/.local/lib/python3.6/site-packages/airflow/example_dags/example_kubernetes_executor_config.py
[2021-10-29 18:20:43,702] {logging_mixin.py:109} INFO - [2021-10-29 18:20:43,702] {dag.py:2389} INFO - Sync 1 DAGs
[2021-10-29 18:20:43,717] {logging_mixin.py:109} INFO - [2021-10-29 18:20:43,717] {dag.py:2914} INFO - Setting next_dagrun for example_kubernetes_executor_config to None
[2021-10-29 18:20:43,725] {processor.py:171} INFO - Processing /home/airflow/.local/lib/python3.6/site-packages/airflow/example_dags/example_kubernetes_executor_config.py took 0.060 seconds
[2021-10-29 18:21:13,803] {processor.py:163} INFO - Started process (PID=568) to work on /home/airflow/.local/lib/python3.6/site-packages/airflow/example_dags/example_kubernetes_executor_config.py
[2021-10-29 18:21:13,803] {processor.py:620} INFO - Processing file /home/airflow/.local/lib/python3.6/site-packages/airflow/example_dags/example_kubernetes_executor_config.py for tasks to queue
[2021-10-29 18:21:13,804] {logging_mixin.py:109} INFO - [2021-10-29 18:21:13,804] {dagbag.py:500} INFO - Filling up the DagBag from /home/airflow/.local/lib/python3.6/site-packages/airflow/example_dags/example_kubernetes_executor_config.py
[2021-10-29 18:21:13,826] {processor.py:632} INFO - DAG(s) dict_keys(['example_kubernetes_executor_config']) retrieved from /home/airflow/.local/lib/python3.6/site-packages/airflow/example_dags/example_kubernetes_executor_config.py
[2021-10-29 18:21:13,835] {logging_mixin.py:109} INFO - [2021-10-29 18:21:13,835] {dag.py:2389} INFO - Sync 1 DAGs
[2021-10-29 18:21:13,846] {logging_mixin.py:109} INFO - [2021-10-29 18:21:13,846] {dag.py:2914} INFO - Setting next_dagrun for example_kubernetes_executor_config to None
[2021-10-29 18:21:13,853] {processor.py:171} INFO - Processing /home/airflow/.local/lib/python3.6/site-packages/airflow/example_dags/example_kubernetes_executor_config.py took 0.053 seconds
[2021-10-29 18:21:44,237] {processor.py:163} INFO - Started process (PID=621) to work on /home/airflow/.local/lib/python3.6/site-packages/airflow/example_dags/example_kubernetes_executor_config.py
[2021-10-29 18:21:44,239] {processor.py:620} INFO - Processing file /home/airflow/.local/lib/python3.6/site-packages/airflow/example_dags/example_kubernetes_executor_config.py for tasks to queue
[2021-10-29 18:21:44,241] {logging_mixin.py:109} INFO - [2021-10-29 18:21:44,240] {dagbag.py:500} INFO - Filling up the DagBag from /home/airflow/.local/lib/python3.6/site-packages/airflow/example_dags/example_kubernetes_executor_config.py
[2021-10-29 18:21:44,271] {processor.py:632} INFO - DAG(s) dict_keys(['example_kubernetes_executor_config']) retrieved from /home/airflow/.local/lib/python3.6/site-packages/airflow/example_dags/example_kubernetes_executor_config.py
[2021-10-29 18:21:44,281] {logging_mixin.py:109} INFO - [2021-10-29 18:21:44,281] {dag.py:2389} INFO - Sync 1 DAGs
[2021-10-29 18:21:44,293] {logging_mixin.py:109} INFO - [2021-10-29 18:21:44,293] {dag.py:2914} INFO - Setting next_dagrun for example_kubernetes_executor_config to None
[2021-10-29 18:21:44,300] {processor.py:171} INFO - Processing /home/airflow/.local/lib/python3.6/site-packages/airflow/example_dags/example_kubernetes_executor_config.py took 0.071 seconds
[2021-10-29 18:22:14,647] {processor.py:163} INFO - Started process (PID=684) to work on /home/airflow/.local/lib/python3.6/site-packages/airflow/example_dags/example_kubernetes_executor_config.py
[2021-10-29 18:22:14,647] {processor.py:620} INFO - Processing file /home/airflow/.local/lib/python3.6/site-packages/airflow/example_dags/example_kubernetes_executor_config.py for tasks to queue
[2021-10-29 18:22:14,648] {logging_mixin.py:109} INFO - [2021-10-29 18:22:14,648] {dagbag.py:500} INFO - Filling up the DagBag from /home/airflow/.local/lib/python3.6/site-packages/airflow/example_dags/example_kubernetes_executor_config.py
[2021-10-29 18:22:14,678] {processor.py:632} INFO - DAG(s) dict_keys(['example_kubernetes_executor_config']) retrieved from /home/airflow/.local/lib/python3.6/site-packages/airflow/example_dags/example_kubernetes_executor_config.py
[2021-10-29 18:22:14,691] {logging_mixin.py:109} INFO - [2021-10-29 18:22:14,690] {dag.py:2389} INFO - Sync 1 DAGs
[2021-10-29 18:22:14,708] {logging_mixin.py:109} INFO - [2021-10-29 18:22:14,707] {dag.py:2914} INFO - Setting next_dagrun for example_kubernetes_executor_config to None
[2021-10-29 18:22:14,718] {processor.py:171} INFO - Processing /home/airflow/.local/lib/python3.6/site-packages/airflow/example_dags/example_kubernetes_executor_config.py took 0.075 seconds
