[2021-10-29 18:18:56,279] {processor.py:163} INFO - Started process (PID=92) to work on /home/airflow/.local/lib/python3.6/site-packages/airflow/example_dags/example_nested_branch_dag.py
[2021-10-29 18:18:56,281] {processor.py:620} INFO - Processing file /home/airflow/.local/lib/python3.6/site-packages/airflow/example_dags/example_nested_branch_dag.py for tasks to queue
[2021-10-29 18:18:56,282] {logging_mixin.py:109} INFO - [2021-10-29 18:18:56,281] {dagbag.py:500} INFO - Filling up the DagBag from /home/airflow/.local/lib/python3.6/site-packages/airflow/example_dags/example_nested_branch_dag.py
[2021-10-29 18:18:56,323] {processor.py:632} INFO - DAG(s) dict_keys(['example_nested_branch_dag']) retrieved from /home/airflow/.local/lib/python3.6/site-packages/airflow/example_dags/example_nested_branch_dag.py
[2021-10-29 18:18:58,745] {logging_mixin.py:109} INFO - [2021-10-29 18:18:58,744] {providers_manager.py:156} WARNING - Exception when importing 'airflow.providers.google.leveldb.hooks.leveldb.LevelDBHook' from 'apache-airflow-providers-google' package: No module named 'plyvel'
[2021-10-29 18:18:59,457] {logging_mixin.py:109} INFO - [2021-10-29 18:18:59,457] {providers_manager.py:156} WARNING - Exception when importing 'airflow.providers.google.leveldb.hooks.leveldb.LevelDBHook' from 'apache-airflow-providers-google' package: No module named 'plyvel'
[2021-10-29 18:18:59,488] {logging_mixin.py:109} INFO - [2021-10-29 18:18:59,488] {manager.py:496} INFO - Created Permission View: can read on DAG:example_nested_branch_dag
[2021-10-29 18:18:59,499] {logging_mixin.py:109} INFO - [2021-10-29 18:18:59,499] {manager.py:496} INFO - Created Permission View: can edit on DAG:example_nested_branch_dag
[2021-10-29 18:18:59,503] {logging_mixin.py:109} INFO - [2021-10-29 18:18:59,501] {dag.py:2389} INFO - Sync 1 DAGs
[2021-10-29 18:18:59,519] {logging_mixin.py:109} INFO - [2021-10-29 18:18:59,517] {dag.py:2408} INFO - Creating ORM DAG for example_nested_branch_dag
[2021-10-29 18:18:59,532] {logging_mixin.py:109} INFO - [2021-10-29 18:18:59,531] {dag.py:2914} INFO - Setting next_dagrun for example_nested_branch_dag to 2021-10-28 00:00:00+00:00
[2021-10-29 18:18:59,553] {processor.py:171} INFO - Processing /home/airflow/.local/lib/python3.6/site-packages/airflow/example_dags/example_nested_branch_dag.py took 3.278 seconds
[2021-10-29 18:19:30,496] {processor.py:163} INFO - Started process (PID=364) to work on /home/airflow/.local/lib/python3.6/site-packages/airflow/example_dags/example_nested_branch_dag.py
[2021-10-29 18:19:30,499] {processor.py:620} INFO - Processing file /home/airflow/.local/lib/python3.6/site-packages/airflow/example_dags/example_nested_branch_dag.py for tasks to queue
[2021-10-29 18:19:30,500] {logging_mixin.py:109} INFO - [2021-10-29 18:19:30,500] {dagbag.py:500} INFO - Filling up the DagBag from /home/airflow/.local/lib/python3.6/site-packages/airflow/example_dags/example_nested_branch_dag.py
[2021-10-29 18:19:30,531] {processor.py:632} INFO - DAG(s) dict_keys(['example_nested_branch_dag']) retrieved from /home/airflow/.local/lib/python3.6/site-packages/airflow/example_dags/example_nested_branch_dag.py
[2021-10-29 18:19:30,543] {logging_mixin.py:109} INFO - [2021-10-29 18:19:30,543] {dag.py:2389} INFO - Sync 1 DAGs
[2021-10-29 18:19:30,562] {logging_mixin.py:109} INFO - [2021-10-29 18:19:30,562] {dag.py:2914} INFO - Setting next_dagrun for example_nested_branch_dag to 2021-10-28 00:00:00+00:00
[2021-10-29 18:19:30,573] {processor.py:171} INFO - Processing /home/airflow/.local/lib/python3.6/site-packages/airflow/example_dags/example_nested_branch_dag.py took 0.080 seconds
[2021-10-29 18:20:00,808] {processor.py:163} INFO - Started process (PID=426) to work on /home/airflow/.local/lib/python3.6/site-packages/airflow/example_dags/example_nested_branch_dag.py
[2021-10-29 18:20:00,809] {processor.py:620} INFO - Processing file /home/airflow/.local/lib/python3.6/site-packages/airflow/example_dags/example_nested_branch_dag.py for tasks to queue
[2021-10-29 18:20:00,810] {logging_mixin.py:109} INFO - [2021-10-29 18:20:00,810] {dagbag.py:500} INFO - Filling up the DagBag from /home/airflow/.local/lib/python3.6/site-packages/airflow/example_dags/example_nested_branch_dag.py
[2021-10-29 18:20:00,831] {processor.py:632} INFO - DAG(s) dict_keys(['example_nested_branch_dag']) retrieved from /home/airflow/.local/lib/python3.6/site-packages/airflow/example_dags/example_nested_branch_dag.py
[2021-10-29 18:20:00,839] {logging_mixin.py:109} INFO - [2021-10-29 18:20:00,839] {dag.py:2389} INFO - Sync 1 DAGs
[2021-10-29 18:20:00,853] {logging_mixin.py:109} INFO - [2021-10-29 18:20:00,853] {dag.py:2914} INFO - Setting next_dagrun for example_nested_branch_dag to 2021-10-28 00:00:00+00:00
[2021-10-29 18:20:00,861] {processor.py:171} INFO - Processing /home/airflow/.local/lib/python3.6/site-packages/airflow/example_dags/example_nested_branch_dag.py took 0.054 seconds
[2021-10-29 18:20:31,114] {processor.py:163} INFO - Started process (PID=481) to work on /home/airflow/.local/lib/python3.6/site-packages/airflow/example_dags/example_nested_branch_dag.py
[2021-10-29 18:20:31,115] {processor.py:620} INFO - Processing file /home/airflow/.local/lib/python3.6/site-packages/airflow/example_dags/example_nested_branch_dag.py for tasks to queue
[2021-10-29 18:20:31,116] {logging_mixin.py:109} INFO - [2021-10-29 18:20:31,115] {dagbag.py:500} INFO - Filling up the DagBag from /home/airflow/.local/lib/python3.6/site-packages/airflow/example_dags/example_nested_branch_dag.py
[2021-10-29 18:20:31,138] {processor.py:632} INFO - DAG(s) dict_keys(['example_nested_branch_dag']) retrieved from /home/airflow/.local/lib/python3.6/site-packages/airflow/example_dags/example_nested_branch_dag.py
[2021-10-29 18:20:31,147] {logging_mixin.py:109} INFO - [2021-10-29 18:20:31,147] {dag.py:2389} INFO - Sync 1 DAGs
[2021-10-29 18:20:31,162] {logging_mixin.py:109} INFO - [2021-10-29 18:20:31,162] {dag.py:2914} INFO - Setting next_dagrun for example_nested_branch_dag to 2021-10-28 00:00:00+00:00
[2021-10-29 18:20:31,168] {processor.py:171} INFO - Processing /home/airflow/.local/lib/python3.6/site-packages/airflow/example_dags/example_nested_branch_dag.py took 0.056 seconds
[2021-10-29 18:21:01,327] {processor.py:163} INFO - Started process (PID=544) to work on /home/airflow/.local/lib/python3.6/site-packages/airflow/example_dags/example_nested_branch_dag.py
[2021-10-29 18:21:01,328] {processor.py:620} INFO - Processing file /home/airflow/.local/lib/python3.6/site-packages/airflow/example_dags/example_nested_branch_dag.py for tasks to queue
[2021-10-29 18:21:01,328] {logging_mixin.py:109} INFO - [2021-10-29 18:21:01,328] {dagbag.py:500} INFO - Filling up the DagBag from /home/airflow/.local/lib/python3.6/site-packages/airflow/example_dags/example_nested_branch_dag.py
[2021-10-29 18:21:01,348] {processor.py:632} INFO - DAG(s) dict_keys(['example_nested_branch_dag']) retrieved from /home/airflow/.local/lib/python3.6/site-packages/airflow/example_dags/example_nested_branch_dag.py
[2021-10-29 18:21:01,356] {logging_mixin.py:109} INFO - [2021-10-29 18:21:01,355] {dag.py:2389} INFO - Sync 1 DAGs
[2021-10-29 18:21:01,368] {logging_mixin.py:109} INFO - [2021-10-29 18:21:01,368] {dag.py:2914} INFO - Setting next_dagrun for example_nested_branch_dag to 2021-10-28 00:00:00+00:00
[2021-10-29 18:21:01,375] {processor.py:171} INFO - Processing /home/airflow/.local/lib/python3.6/site-packages/airflow/example_dags/example_nested_branch_dag.py took 0.050 seconds
[2021-10-29 18:21:31,573] {processor.py:163} INFO - Started process (PID=598) to work on /home/airflow/.local/lib/python3.6/site-packages/airflow/example_dags/example_nested_branch_dag.py
[2021-10-29 18:21:31,573] {processor.py:620} INFO - Processing file /home/airflow/.local/lib/python3.6/site-packages/airflow/example_dags/example_nested_branch_dag.py for tasks to queue
[2021-10-29 18:21:31,574] {logging_mixin.py:109} INFO - [2021-10-29 18:21:31,574] {dagbag.py:500} INFO - Filling up the DagBag from /home/airflow/.local/lib/python3.6/site-packages/airflow/example_dags/example_nested_branch_dag.py
[2021-10-29 18:21:31,598] {processor.py:632} INFO - DAG(s) dict_keys(['example_nested_branch_dag']) retrieved from /home/airflow/.local/lib/python3.6/site-packages/airflow/example_dags/example_nested_branch_dag.py
[2021-10-29 18:21:31,607] {logging_mixin.py:109} INFO - [2021-10-29 18:21:31,607] {dag.py:2389} INFO - Sync 1 DAGs
[2021-10-29 18:21:31,624] {logging_mixin.py:109} INFO - [2021-10-29 18:21:31,624] {dag.py:2914} INFO - Setting next_dagrun for example_nested_branch_dag to 2021-10-28 00:00:00+00:00
[2021-10-29 18:21:31,634] {processor.py:171} INFO - Processing /home/airflow/.local/lib/python3.6/site-packages/airflow/example_dags/example_nested_branch_dag.py took 0.064 seconds
[2021-10-29 18:22:02,124] {processor.py:163} INFO - Started process (PID=661) to work on /home/airflow/.local/lib/python3.6/site-packages/airflow/example_dags/example_nested_branch_dag.py
[2021-10-29 18:22:02,125] {processor.py:620} INFO - Processing file /home/airflow/.local/lib/python3.6/site-packages/airflow/example_dags/example_nested_branch_dag.py for tasks to queue
[2021-10-29 18:22:02,126] {logging_mixin.py:109} INFO - [2021-10-29 18:22:02,125] {dagbag.py:500} INFO - Filling up the DagBag from /home/airflow/.local/lib/python3.6/site-packages/airflow/example_dags/example_nested_branch_dag.py
[2021-10-29 18:22:02,159] {processor.py:632} INFO - DAG(s) dict_keys(['example_nested_branch_dag']) retrieved from /home/airflow/.local/lib/python3.6/site-packages/airflow/example_dags/example_nested_branch_dag.py
[2021-10-29 18:22:02,173] {logging_mixin.py:109} INFO - [2021-10-29 18:22:02,173] {dag.py:2389} INFO - Sync 1 DAGs
[2021-10-29 18:22:02,194] {logging_mixin.py:109} INFO - [2021-10-29 18:22:02,194] {dag.py:2914} INFO - Setting next_dagrun for example_nested_branch_dag to 2021-10-28 00:00:00+00:00
[2021-10-29 18:22:02,204] {processor.py:171} INFO - Processing /home/airflow/.local/lib/python3.6/site-packages/airflow/example_dags/example_nested_branch_dag.py took 0.083 seconds
[2021-10-29 18:22:32,587] {processor.py:163} INFO - Started process (PID=714) to work on /home/airflow/.local/lib/python3.6/site-packages/airflow/example_dags/example_nested_branch_dag.py
[2021-10-29 18:22:32,589] {processor.py:620} INFO - Processing file /home/airflow/.local/lib/python3.6/site-packages/airflow/example_dags/example_nested_branch_dag.py for tasks to queue
[2021-10-29 18:22:32,591] {logging_mixin.py:109} INFO - [2021-10-29 18:22:32,591] {dagbag.py:500} INFO - Filling up the DagBag from /home/airflow/.local/lib/python3.6/site-packages/airflow/example_dags/example_nested_branch_dag.py
[2021-10-29 18:22:32,627] {processor.py:632} INFO - DAG(s) dict_keys(['example_nested_branch_dag']) retrieved from /home/airflow/.local/lib/python3.6/site-packages/airflow/example_dags/example_nested_branch_dag.py
[2021-10-29 18:22:32,639] {logging_mixin.py:109} INFO - [2021-10-29 18:22:32,639] {dag.py:2389} INFO - Sync 1 DAGs
[2021-10-29 18:22:32,658] {logging_mixin.py:109} INFO - [2021-10-29 18:22:32,658] {dag.py:2914} INFO - Setting next_dagrun for example_nested_branch_dag to 2021-10-28 00:00:00+00:00
[2021-10-29 18:22:32,667] {processor.py:171} INFO - Processing /home/airflow/.local/lib/python3.6/site-packages/airflow/example_dags/example_nested_branch_dag.py took 0.085 seconds
