[2021-10-29 18:18:55,412] {processor.py:163} INFO - Started process (PID=84) to work on /home/airflow/.local/lib/python3.6/site-packages/airflow/example_dags/example_branch_datetime_operator.py
[2021-10-29 18:18:55,413] {processor.py:620} INFO - Processing file /home/airflow/.local/lib/python3.6/site-packages/airflow/example_dags/example_branch_datetime_operator.py for tasks to queue
[2021-10-29 18:18:55,414] {logging_mixin.py:109} INFO - [2021-10-29 18:18:55,414] {dagbag.py:500} INFO - Filling up the DagBag from /home/airflow/.local/lib/python3.6/site-packages/airflow/example_dags/example_branch_datetime_operator.py
[2021-10-29 18:18:55,454] {processor.py:632} INFO - DAG(s) dict_keys(['example_branch_datetime_operator_2']) retrieved from /home/airflow/.local/lib/python3.6/site-packages/airflow/example_dags/example_branch_datetime_operator.py
[2021-10-29 18:18:57,822] {logging_mixin.py:109} INFO - [2021-10-29 18:18:57,821] {providers_manager.py:156} WARNING - Exception when importing 'airflow.providers.google.leveldb.hooks.leveldb.LevelDBHook' from 'apache-airflow-providers-google' package: No module named 'plyvel'
[2021-10-29 18:18:58,537] {logging_mixin.py:109} INFO - [2021-10-29 18:18:58,537] {providers_manager.py:156} WARNING - Exception when importing 'airflow.providers.google.leveldb.hooks.leveldb.LevelDBHook' from 'apache-airflow-providers-google' package: No module named 'plyvel'
[2021-10-29 18:18:58,569] {logging_mixin.py:109} INFO - [2021-10-29 18:18:58,569] {manager.py:496} INFO - Created Permission View: can read on DAG:example_branch_datetime_operator_2
[2021-10-29 18:18:58,583] {logging_mixin.py:109} INFO - [2021-10-29 18:18:58,583] {manager.py:496} INFO - Created Permission View: can edit on DAG:example_branch_datetime_operator_2
[2021-10-29 18:18:58,585] {logging_mixin.py:109} INFO - [2021-10-29 18:18:58,583] {dag.py:2389} INFO - Sync 1 DAGs
[2021-10-29 18:18:58,604] {logging_mixin.py:109} INFO - [2021-10-29 18:18:58,602] {dag.py:2408} INFO - Creating ORM DAG for example_branch_datetime_operator_2
[2021-10-29 18:18:58,617] {logging_mixin.py:109} INFO - [2021-10-29 18:18:58,617] {dag.py:2914} INFO - Setting next_dagrun for example_branch_datetime_operator_2 to 2021-10-28 00:00:00+00:00
[2021-10-29 18:18:58,636] {processor.py:171} INFO - Processing /home/airflow/.local/lib/python3.6/site-packages/airflow/example_dags/example_branch_datetime_operator.py took 3.229 seconds
[2021-10-29 18:19:29,454] {processor.py:163} INFO - Started process (PID=363) to work on /home/airflow/.local/lib/python3.6/site-packages/airflow/example_dags/example_branch_datetime_operator.py
[2021-10-29 18:19:29,457] {processor.py:620} INFO - Processing file /home/airflow/.local/lib/python3.6/site-packages/airflow/example_dags/example_branch_datetime_operator.py for tasks to queue
[2021-10-29 18:19:29,458] {logging_mixin.py:109} INFO - [2021-10-29 18:19:29,458] {dagbag.py:500} INFO - Filling up the DagBag from /home/airflow/.local/lib/python3.6/site-packages/airflow/example_dags/example_branch_datetime_operator.py
[2021-10-29 18:19:29,475] {processor.py:632} INFO - DAG(s) dict_keys(['example_branch_datetime_operator_2']) retrieved from /home/airflow/.local/lib/python3.6/site-packages/airflow/example_dags/example_branch_datetime_operator.py
[2021-10-29 18:19:29,483] {logging_mixin.py:109} INFO - [2021-10-29 18:19:29,483] {dag.py:2389} INFO - Sync 1 DAGs
[2021-10-29 18:19:29,495] {logging_mixin.py:109} INFO - [2021-10-29 18:19:29,495] {dag.py:2914} INFO - Setting next_dagrun for example_branch_datetime_operator_2 to 2021-10-28 00:00:00+00:00
[2021-10-29 18:19:29,502] {processor.py:171} INFO - Processing /home/airflow/.local/lib/python3.6/site-packages/airflow/example_dags/example_branch_datetime_operator.py took 0.049 seconds
[2021-10-29 18:19:59,772] {processor.py:163} INFO - Started process (PID=416) to work on /home/airflow/.local/lib/python3.6/site-packages/airflow/example_dags/example_branch_datetime_operator.py
[2021-10-29 18:19:59,777] {processor.py:620} INFO - Processing file /home/airflow/.local/lib/python3.6/site-packages/airflow/example_dags/example_branch_datetime_operator.py for tasks to queue
[2021-10-29 18:19:59,779] {logging_mixin.py:109} INFO - [2021-10-29 18:19:59,779] {dagbag.py:500} INFO - Filling up the DagBag from /home/airflow/.local/lib/python3.6/site-packages/airflow/example_dags/example_branch_datetime_operator.py
[2021-10-29 18:19:59,816] {processor.py:632} INFO - DAG(s) dict_keys(['example_branch_datetime_operator_2']) retrieved from /home/airflow/.local/lib/python3.6/site-packages/airflow/example_dags/example_branch_datetime_operator.py
[2021-10-29 18:19:59,825] {logging_mixin.py:109} INFO - [2021-10-29 18:19:59,824] {dag.py:2389} INFO - Sync 1 DAGs
[2021-10-29 18:19:59,839] {logging_mixin.py:109} INFO - [2021-10-29 18:19:59,839] {dag.py:2914} INFO - Setting next_dagrun for example_branch_datetime_operator_2 to 2021-10-28 00:00:00+00:00
[2021-10-29 18:19:59,846] {processor.py:171} INFO - Processing /home/airflow/.local/lib/python3.6/site-packages/airflow/example_dags/example_branch_datetime_operator.py took 0.082 seconds
[2021-10-29 18:20:30,083] {processor.py:163} INFO - Started process (PID=480) to work on /home/airflow/.local/lib/python3.6/site-packages/airflow/example_dags/example_branch_datetime_operator.py
[2021-10-29 18:20:30,084] {processor.py:620} INFO - Processing file /home/airflow/.local/lib/python3.6/site-packages/airflow/example_dags/example_branch_datetime_operator.py for tasks to queue
[2021-10-29 18:20:30,084] {logging_mixin.py:109} INFO - [2021-10-29 18:20:30,084] {dagbag.py:500} INFO - Filling up the DagBag from /home/airflow/.local/lib/python3.6/site-packages/airflow/example_dags/example_branch_datetime_operator.py
[2021-10-29 18:20:30,104] {processor.py:632} INFO - DAG(s) dict_keys(['example_branch_datetime_operator_2']) retrieved from /home/airflow/.local/lib/python3.6/site-packages/airflow/example_dags/example_branch_datetime_operator.py
[2021-10-29 18:20:30,112] {logging_mixin.py:109} INFO - [2021-10-29 18:20:30,112] {dag.py:2389} INFO - Sync 1 DAGs
[2021-10-29 18:20:30,125] {logging_mixin.py:109} INFO - [2021-10-29 18:20:30,125] {dag.py:2914} INFO - Setting next_dagrun for example_branch_datetime_operator_2 to 2021-10-28 00:00:00+00:00
[2021-10-29 18:20:30,131] {processor.py:171} INFO - Processing /home/airflow/.local/lib/python3.6/site-packages/airflow/example_dags/example_branch_datetime_operator.py took 0.051 seconds
[2021-10-29 18:21:00,278] {processor.py:163} INFO - Started process (PID=533) to work on /home/airflow/.local/lib/python3.6/site-packages/airflow/example_dags/example_branch_datetime_operator.py
[2021-10-29 18:21:00,281] {processor.py:620} INFO - Processing file /home/airflow/.local/lib/python3.6/site-packages/airflow/example_dags/example_branch_datetime_operator.py for tasks to queue
[2021-10-29 18:21:00,283] {logging_mixin.py:109} INFO - [2021-10-29 18:21:00,282] {dagbag.py:500} INFO - Filling up the DagBag from /home/airflow/.local/lib/python3.6/site-packages/airflow/example_dags/example_branch_datetime_operator.py
[2021-10-29 18:21:00,314] {processor.py:632} INFO - DAG(s) dict_keys(['example_branch_datetime_operator_2']) retrieved from /home/airflow/.local/lib/python3.6/site-packages/airflow/example_dags/example_branch_datetime_operator.py
[2021-10-29 18:21:00,322] {logging_mixin.py:109} INFO - [2021-10-29 18:21:00,322] {dag.py:2389} INFO - Sync 1 DAGs
[2021-10-29 18:21:00,337] {logging_mixin.py:109} INFO - [2021-10-29 18:21:00,337] {dag.py:2914} INFO - Setting next_dagrun for example_branch_datetime_operator_2 to 2021-10-28 00:00:00+00:00
[2021-10-29 18:21:00,344] {processor.py:171} INFO - Processing /home/airflow/.local/lib/python3.6/site-packages/airflow/example_dags/example_branch_datetime_operator.py took 0.074 seconds
[2021-10-29 18:21:30,568] {processor.py:163} INFO - Started process (PID=597) to work on /home/airflow/.local/lib/python3.6/site-packages/airflow/example_dags/example_branch_datetime_operator.py
[2021-10-29 18:21:30,572] {processor.py:620} INFO - Processing file /home/airflow/.local/lib/python3.6/site-packages/airflow/example_dags/example_branch_datetime_operator.py for tasks to queue
[2021-10-29 18:21:30,573] {logging_mixin.py:109} INFO - [2021-10-29 18:21:30,573] {dagbag.py:500} INFO - Filling up the DagBag from /home/airflow/.local/lib/python3.6/site-packages/airflow/example_dags/example_branch_datetime_operator.py
[2021-10-29 18:21:30,607] {processor.py:632} INFO - DAG(s) dict_keys(['example_branch_datetime_operator_2']) retrieved from /home/airflow/.local/lib/python3.6/site-packages/airflow/example_dags/example_branch_datetime_operator.py
[2021-10-29 18:21:30,615] {logging_mixin.py:109} INFO - [2021-10-29 18:21:30,615] {dag.py:2389} INFO - Sync 1 DAGs
[2021-10-29 18:21:30,629] {logging_mixin.py:109} INFO - [2021-10-29 18:21:30,629] {dag.py:2914} INFO - Setting next_dagrun for example_branch_datetime_operator_2 to 2021-10-28 00:00:00+00:00
[2021-10-29 18:21:30,636] {processor.py:171} INFO - Processing /home/airflow/.local/lib/python3.6/site-packages/airflow/example_dags/example_branch_datetime_operator.py took 0.077 seconds
[2021-10-29 18:22:01,057] {processor.py:163} INFO - Started process (PID=650) to work on /home/airflow/.local/lib/python3.6/site-packages/airflow/example_dags/example_branch_datetime_operator.py
[2021-10-29 18:22:01,058] {processor.py:620} INFO - Processing file /home/airflow/.local/lib/python3.6/site-packages/airflow/example_dags/example_branch_datetime_operator.py for tasks to queue
[2021-10-29 18:22:01,059] {logging_mixin.py:109} INFO - [2021-10-29 18:22:01,059] {dagbag.py:500} INFO - Filling up the DagBag from /home/airflow/.local/lib/python3.6/site-packages/airflow/example_dags/example_branch_datetime_operator.py
[2021-10-29 18:22:01,082] {processor.py:632} INFO - DAG(s) dict_keys(['example_branch_datetime_operator_2']) retrieved from /home/airflow/.local/lib/python3.6/site-packages/airflow/example_dags/example_branch_datetime_operator.py
[2021-10-29 18:22:01,091] {logging_mixin.py:109} INFO - [2021-10-29 18:22:01,091] {dag.py:2389} INFO - Sync 1 DAGs
[2021-10-29 18:22:01,106] {logging_mixin.py:109} INFO - [2021-10-29 18:22:01,106] {dag.py:2914} INFO - Setting next_dagrun for example_branch_datetime_operator_2 to 2021-10-28 00:00:00+00:00
[2021-10-29 18:22:01,121] {processor.py:171} INFO - Processing /home/airflow/.local/lib/python3.6/site-packages/airflow/example_dags/example_branch_datetime_operator.py took 0.066 seconds
[2021-10-29 18:22:31,544] {processor.py:163} INFO - Started process (PID=713) to work on /home/airflow/.local/lib/python3.6/site-packages/airflow/example_dags/example_branch_datetime_operator.py
[2021-10-29 18:22:31,550] {processor.py:620} INFO - Processing file /home/airflow/.local/lib/python3.6/site-packages/airflow/example_dags/example_branch_datetime_operator.py for tasks to queue
[2021-10-29 18:22:31,552] {logging_mixin.py:109} INFO - [2021-10-29 18:22:31,551] {dagbag.py:500} INFO - Filling up the DagBag from /home/airflow/.local/lib/python3.6/site-packages/airflow/example_dags/example_branch_datetime_operator.py
[2021-10-29 18:22:31,588] {processor.py:632} INFO - DAG(s) dict_keys(['example_branch_datetime_operator_2']) retrieved from /home/airflow/.local/lib/python3.6/site-packages/airflow/example_dags/example_branch_datetime_operator.py
[2021-10-29 18:22:31,596] {logging_mixin.py:109} INFO - [2021-10-29 18:22:31,596] {dag.py:2389} INFO - Sync 1 DAGs
[2021-10-29 18:22:31,609] {logging_mixin.py:109} INFO - [2021-10-29 18:22:31,609] {dag.py:2914} INFO - Setting next_dagrun for example_branch_datetime_operator_2 to 2021-10-28 00:00:00+00:00
[2021-10-29 18:22:31,623] {processor.py:171} INFO - Processing /home/airflow/.local/lib/python3.6/site-packages/airflow/example_dags/example_branch_datetime_operator.py took 0.088 seconds
