[2021-10-29 18:19:07,946] {processor.py:163} INFO - Started process (PID=192) to work on /home/airflow/.local/lib/python3.6/site-packages/airflow/example_dags/example_subdag_operator.py
[2021-10-29 18:19:07,947] {processor.py:620} INFO - Processing file /home/airflow/.local/lib/python3.6/site-packages/airflow/example_dags/example_subdag_operator.py for tasks to queue
[2021-10-29 18:19:07,947] {logging_mixin.py:109} INFO - [2021-10-29 18:19:07,947] {dagbag.py:500} INFO - Filling up the DagBag from /home/airflow/.local/lib/python3.6/site-packages/airflow/example_dags/example_subdag_operator.py
[2021-10-29 18:19:07,975] {processor.py:632} INFO - DAG(s) dict_keys(['example_subdag_operator.section-1', 'example_subdag_operator.section-2', 'example_subdag_operator']) retrieved from /home/airflow/.local/lib/python3.6/site-packages/airflow/example_dags/example_subdag_operator.py
[2021-10-29 18:19:09,206] {logging_mixin.py:109} INFO - [2021-10-29 18:19:09,206] {providers_manager.py:156} WARNING - Exception when importing 'airflow.providers.google.leveldb.hooks.leveldb.LevelDBHook' from 'apache-airflow-providers-google' package: No module named 'plyvel'
[2021-10-29 18:19:09,625] {logging_mixin.py:109} INFO - [2021-10-29 18:19:09,625] {providers_manager.py:156} WARNING - Exception when importing 'airflow.providers.google.leveldb.hooks.leveldb.LevelDBHook' from 'apache-airflow-providers-google' package: No module named 'plyvel'
[2021-10-29 18:19:09,645] {logging_mixin.py:109} INFO - [2021-10-29 18:19:09,645] {manager.py:496} INFO - Created Permission View: can read on DAG:example_subdag_operator
[2021-10-29 18:19:09,653] {logging_mixin.py:109} INFO - [2021-10-29 18:19:09,653] {manager.py:496} INFO - Created Permission View: can edit on DAG:example_subdag_operator
[2021-10-29 18:19:09,654] {logging_mixin.py:109} INFO - [2021-10-29 18:19:09,653] {dag.py:2389} INFO - Sync 3 DAGs
[2021-10-29 18:19:09,664] {logging_mixin.py:109} INFO - [2021-10-29 18:19:09,663] {dag.py:2408} INFO - Creating ORM DAG for example_subdag_operator
[2021-10-29 18:19:09,665] {logging_mixin.py:109} INFO - [2021-10-29 18:19:09,665] {dag.py:2408} INFO - Creating ORM DAG for example_subdag_operator.section-2
[2021-10-29 18:19:09,665] {logging_mixin.py:109} INFO - [2021-10-29 18:19:09,665] {dag.py:2408} INFO - Creating ORM DAG for example_subdag_operator.section-1
[2021-10-29 18:19:09,671] {logging_mixin.py:109} INFO - [2021-10-29 18:19:09,671] {dag.py:2914} INFO - Setting next_dagrun for example_subdag_operator to 2021-10-27T00:00:00+00:00
[2021-10-29 18:19:09,671] {logging_mixin.py:109} INFO - [2021-10-29 18:19:09,671] {dag.py:2914} INFO - Setting next_dagrun for example_subdag_operator.section-1 to None
[2021-10-29 18:19:09,671] {logging_mixin.py:109} INFO - [2021-10-29 18:19:09,671] {dag.py:2914} INFO - Setting next_dagrun for example_subdag_operator.section-2 to None
[2021-10-29 18:19:09,682] {logging_mixin.py:109} INFO - [2021-10-29 18:19:09,682] {dag.py:2389} INFO - Sync 2 DAGs
[2021-10-29 18:19:09,688] {logging_mixin.py:109} INFO - [2021-10-29 18:19:09,688] {dag.py:2914} INFO - Setting next_dagrun for example_subdag_operator.section-1 to None
[2021-10-29 18:19:09,688] {logging_mixin.py:109} INFO - [2021-10-29 18:19:09,688] {dag.py:2914} INFO - Setting next_dagrun for example_subdag_operator.section-2 to None
[2021-10-29 18:19:09,695] {processor.py:171} INFO - Processing /home/airflow/.local/lib/python3.6/site-packages/airflow/example_dags/example_subdag_operator.py took 1.752 seconds
[2021-10-29 18:19:39,941] {processor.py:163} INFO - Started process (PID=384) to work on /home/airflow/.local/lib/python3.6/site-packages/airflow/example_dags/example_subdag_operator.py
[2021-10-29 18:19:39,942] {processor.py:620} INFO - Processing file /home/airflow/.local/lib/python3.6/site-packages/airflow/example_dags/example_subdag_operator.py for tasks to queue
[2021-10-29 18:19:39,942] {logging_mixin.py:109} INFO - [2021-10-29 18:19:39,942] {dagbag.py:500} INFO - Filling up the DagBag from /home/airflow/.local/lib/python3.6/site-packages/airflow/example_dags/example_subdag_operator.py
[2021-10-29 18:19:39,967] {processor.py:632} INFO - DAG(s) dict_keys(['example_subdag_operator.section-1', 'example_subdag_operator.section-2', 'example_subdag_operator']) retrieved from /home/airflow/.local/lib/python3.6/site-packages/airflow/example_dags/example_subdag_operator.py
[2021-10-29 18:19:39,977] {logging_mixin.py:109} INFO - [2021-10-29 18:19:39,977] {dag.py:2389} INFO - Sync 3 DAGs
[2021-10-29 18:19:39,989] {logging_mixin.py:109} INFO - [2021-10-29 18:19:39,989] {dag.py:2914} INFO - Setting next_dagrun for example_subdag_operator to 2021-10-27T00:00:00+00:00
[2021-10-29 18:19:39,990] {logging_mixin.py:109} INFO - [2021-10-29 18:19:39,990] {dag.py:2914} INFO - Setting next_dagrun for example_subdag_operator.section-1 to None
[2021-10-29 18:19:39,990] {logging_mixin.py:109} INFO - [2021-10-29 18:19:39,990] {dag.py:2914} INFO - Setting next_dagrun for example_subdag_operator.section-2 to None
[2021-10-29 18:19:39,995] {logging_mixin.py:109} INFO - [2021-10-29 18:19:39,995] {dag.py:2389} INFO - Sync 2 DAGs
[2021-10-29 18:19:40,000] {logging_mixin.py:109} INFO - [2021-10-29 18:19:40,000] {dag.py:2914} INFO - Setting next_dagrun for example_subdag_operator.section-1 to None
[2021-10-29 18:19:40,000] {logging_mixin.py:109} INFO - [2021-10-29 18:19:40,000] {dag.py:2914} INFO - Setting next_dagrun for example_subdag_operator.section-2 to None
[2021-10-29 18:19:40,005] {processor.py:171} INFO - Processing /home/airflow/.local/lib/python3.6/site-packages/airflow/example_dags/example_subdag_operator.py took 0.066 seconds
[2021-10-29 18:20:10,231] {processor.py:163} INFO - Started process (PID=437) to work on /home/airflow/.local/lib/python3.6/site-packages/airflow/example_dags/example_subdag_operator.py
[2021-10-29 18:20:10,232] {processor.py:620} INFO - Processing file /home/airflow/.local/lib/python3.6/site-packages/airflow/example_dags/example_subdag_operator.py for tasks to queue
[2021-10-29 18:20:10,233] {logging_mixin.py:109} INFO - [2021-10-29 18:20:10,233] {dagbag.py:500} INFO - Filling up the DagBag from /home/airflow/.local/lib/python3.6/site-packages/airflow/example_dags/example_subdag_operator.py
[2021-10-29 18:20:10,263] {processor.py:632} INFO - DAG(s) dict_keys(['example_subdag_operator.section-1', 'example_subdag_operator.section-2', 'example_subdag_operator']) retrieved from /home/airflow/.local/lib/python3.6/site-packages/airflow/example_dags/example_subdag_operator.py
[2021-10-29 18:20:10,273] {logging_mixin.py:109} INFO - [2021-10-29 18:20:10,272] {dag.py:2389} INFO - Sync 3 DAGs
[2021-10-29 18:20:10,284] {logging_mixin.py:109} INFO - [2021-10-29 18:20:10,284] {dag.py:2914} INFO - Setting next_dagrun for example_subdag_operator to 2021-10-27T00:00:00+00:00
[2021-10-29 18:20:10,285] {logging_mixin.py:109} INFO - [2021-10-29 18:20:10,284] {dag.py:2914} INFO - Setting next_dagrun for example_subdag_operator.section-1 to None
[2021-10-29 18:20:10,285] {logging_mixin.py:109} INFO - [2021-10-29 18:20:10,285] {dag.py:2914} INFO - Setting next_dagrun for example_subdag_operator.section-2 to None
[2021-10-29 18:20:10,289] {logging_mixin.py:109} INFO - [2021-10-29 18:20:10,289] {dag.py:2389} INFO - Sync 2 DAGs
[2021-10-29 18:20:10,294] {logging_mixin.py:109} INFO - [2021-10-29 18:20:10,294] {dag.py:2914} INFO - Setting next_dagrun for example_subdag_operator.section-1 to None
[2021-10-29 18:20:10,294] {logging_mixin.py:109} INFO - [2021-10-29 18:20:10,294] {dag.py:2914} INFO - Setting next_dagrun for example_subdag_operator.section-2 to None
[2021-10-29 18:20:10,299] {processor.py:171} INFO - Processing /home/airflow/.local/lib/python3.6/site-packages/airflow/example_dags/example_subdag_operator.py took 0.071 seconds
[2021-10-29 18:20:40,473] {processor.py:163} INFO - Started process (PID=501) to work on /home/airflow/.local/lib/python3.6/site-packages/airflow/example_dags/example_subdag_operator.py
[2021-10-29 18:20:40,473] {processor.py:620} INFO - Processing file /home/airflow/.local/lib/python3.6/site-packages/airflow/example_dags/example_subdag_operator.py for tasks to queue
[2021-10-29 18:20:40,474] {logging_mixin.py:109} INFO - [2021-10-29 18:20:40,474] {dagbag.py:500} INFO - Filling up the DagBag from /home/airflow/.local/lib/python3.6/site-packages/airflow/example_dags/example_subdag_operator.py
[2021-10-29 18:20:40,503] {processor.py:632} INFO - DAG(s) dict_keys(['example_subdag_operator.section-1', 'example_subdag_operator.section-2', 'example_subdag_operator']) retrieved from /home/airflow/.local/lib/python3.6/site-packages/airflow/example_dags/example_subdag_operator.py
[2021-10-29 18:20:40,513] {logging_mixin.py:109} INFO - [2021-10-29 18:20:40,513] {dag.py:2389} INFO - Sync 3 DAGs
[2021-10-29 18:20:40,526] {logging_mixin.py:109} INFO - [2021-10-29 18:20:40,526] {dag.py:2914} INFO - Setting next_dagrun for example_subdag_operator to 2021-10-27T00:00:00+00:00
[2021-10-29 18:20:40,526] {logging_mixin.py:109} INFO - [2021-10-29 18:20:40,526] {dag.py:2914} INFO - Setting next_dagrun for example_subdag_operator.section-1 to None
[2021-10-29 18:20:40,526] {logging_mixin.py:109} INFO - [2021-10-29 18:20:40,526] {dag.py:2914} INFO - Setting next_dagrun for example_subdag_operator.section-2 to None
[2021-10-29 18:20:40,531] {logging_mixin.py:109} INFO - [2021-10-29 18:20:40,530] {dag.py:2389} INFO - Sync 2 DAGs
[2021-10-29 18:20:40,535] {logging_mixin.py:109} INFO - [2021-10-29 18:20:40,535] {dag.py:2914} INFO - Setting next_dagrun for example_subdag_operator.section-1 to None
[2021-10-29 18:20:40,536] {logging_mixin.py:109} INFO - [2021-10-29 18:20:40,536] {dag.py:2914} INFO - Setting next_dagrun for example_subdag_operator.section-2 to None
[2021-10-29 18:20:40,542] {processor.py:171} INFO - Processing /home/airflow/.local/lib/python3.6/site-packages/airflow/example_dags/example_subdag_operator.py took 0.072 seconds
[2021-10-29 18:21:10,654] {processor.py:163} INFO - Started process (PID=553) to work on /home/airflow/.local/lib/python3.6/site-packages/airflow/example_dags/example_subdag_operator.py
[2021-10-29 18:21:10,659] {processor.py:620} INFO - Processing file /home/airflow/.local/lib/python3.6/site-packages/airflow/example_dags/example_subdag_operator.py for tasks to queue
[2021-10-29 18:21:10,661] {logging_mixin.py:109} INFO - [2021-10-29 18:21:10,661] {dagbag.py:500} INFO - Filling up the DagBag from /home/airflow/.local/lib/python3.6/site-packages/airflow/example_dags/example_subdag_operator.py
[2021-10-29 18:21:10,704] {processor.py:632} INFO - DAG(s) dict_keys(['example_subdag_operator.section-1', 'example_subdag_operator.section-2', 'example_subdag_operator']) retrieved from /home/airflow/.local/lib/python3.6/site-packages/airflow/example_dags/example_subdag_operator.py
[2021-10-29 18:21:10,715] {logging_mixin.py:109} INFO - [2021-10-29 18:21:10,715] {dag.py:2389} INFO - Sync 3 DAGs
[2021-10-29 18:21:10,728] {logging_mixin.py:109} INFO - [2021-10-29 18:21:10,728] {dag.py:2914} INFO - Setting next_dagrun for example_subdag_operator to 2021-10-27T00:00:00+00:00
[2021-10-29 18:21:10,728] {logging_mixin.py:109} INFO - [2021-10-29 18:21:10,728] {dag.py:2914} INFO - Setting next_dagrun for example_subdag_operator.section-1 to None
[2021-10-29 18:21:10,728] {logging_mixin.py:109} INFO - [2021-10-29 18:21:10,728] {dag.py:2914} INFO - Setting next_dagrun for example_subdag_operator.section-2 to None
[2021-10-29 18:21:10,733] {logging_mixin.py:109} INFO - [2021-10-29 18:21:10,732] {dag.py:2389} INFO - Sync 2 DAGs
[2021-10-29 18:21:10,737] {logging_mixin.py:109} INFO - [2021-10-29 18:21:10,737] {dag.py:2914} INFO - Setting next_dagrun for example_subdag_operator.section-1 to None
[2021-10-29 18:21:10,738] {logging_mixin.py:109} INFO - [2021-10-29 18:21:10,738] {dag.py:2914} INFO - Setting next_dagrun for example_subdag_operator.section-2 to None
[2021-10-29 18:21:10,743] {processor.py:171} INFO - Processing /home/airflow/.local/lib/python3.6/site-packages/airflow/example_dags/example_subdag_operator.py took 0.096 seconds
[2021-10-29 18:21:41,053] {processor.py:163} INFO - Started process (PID=618) to work on /home/airflow/.local/lib/python3.6/site-packages/airflow/example_dags/example_subdag_operator.py
[2021-10-29 18:21:41,054] {processor.py:620} INFO - Processing file /home/airflow/.local/lib/python3.6/site-packages/airflow/example_dags/example_subdag_operator.py for tasks to queue
[2021-10-29 18:21:41,055] {logging_mixin.py:109} INFO - [2021-10-29 18:21:41,055] {dagbag.py:500} INFO - Filling up the DagBag from /home/airflow/.local/lib/python3.6/site-packages/airflow/example_dags/example_subdag_operator.py
[2021-10-29 18:21:41,098] {processor.py:632} INFO - DAG(s) dict_keys(['example_subdag_operator.section-1', 'example_subdag_operator.section-2', 'example_subdag_operator']) retrieved from /home/airflow/.local/lib/python3.6/site-packages/airflow/example_dags/example_subdag_operator.py
[2021-10-29 18:21:41,113] {logging_mixin.py:109} INFO - [2021-10-29 18:21:41,113] {dag.py:2389} INFO - Sync 3 DAGs
[2021-10-29 18:21:41,130] {logging_mixin.py:109} INFO - [2021-10-29 18:21:41,130] {dag.py:2914} INFO - Setting next_dagrun for example_subdag_operator to 2021-10-27T00:00:00+00:00
[2021-10-29 18:21:41,130] {logging_mixin.py:109} INFO - [2021-10-29 18:21:41,130] {dag.py:2914} INFO - Setting next_dagrun for example_subdag_operator.section-1 to None
[2021-10-29 18:21:41,131] {logging_mixin.py:109} INFO - [2021-10-29 18:21:41,131] {dag.py:2914} INFO - Setting next_dagrun for example_subdag_operator.section-2 to None
[2021-10-29 18:21:41,135] {logging_mixin.py:109} INFO - [2021-10-29 18:21:41,135] {dag.py:2389} INFO - Sync 2 DAGs
[2021-10-29 18:21:41,143] {logging_mixin.py:109} INFO - [2021-10-29 18:21:41,143] {dag.py:2914} INFO - Setting next_dagrun for example_subdag_operator.section-1 to None
[2021-10-29 18:21:41,143] {logging_mixin.py:109} INFO - [2021-10-29 18:21:41,143] {dag.py:2914} INFO - Setting next_dagrun for example_subdag_operator.section-2 to None
[2021-10-29 18:21:41,150] {processor.py:171} INFO - Processing /home/airflow/.local/lib/python3.6/site-packages/airflow/example_dags/example_subdag_operator.py took 0.101 seconds
[2021-10-29 18:22:11,540] {processor.py:163} INFO - Started process (PID=671) to work on /home/airflow/.local/lib/python3.6/site-packages/airflow/example_dags/example_subdag_operator.py
[2021-10-29 18:22:11,541] {processor.py:620} INFO - Processing file /home/airflow/.local/lib/python3.6/site-packages/airflow/example_dags/example_subdag_operator.py for tasks to queue
[2021-10-29 18:22:11,541] {logging_mixin.py:109} INFO - [2021-10-29 18:22:11,541] {dagbag.py:500} INFO - Filling up the DagBag from /home/airflow/.local/lib/python3.6/site-packages/airflow/example_dags/example_subdag_operator.py
[2021-10-29 18:22:11,568] {processor.py:632} INFO - DAG(s) dict_keys(['example_subdag_operator.section-1', 'example_subdag_operator.section-2', 'example_subdag_operator']) retrieved from /home/airflow/.local/lib/python3.6/site-packages/airflow/example_dags/example_subdag_operator.py
[2021-10-29 18:22:11,578] {logging_mixin.py:109} INFO - [2021-10-29 18:22:11,578] {dag.py:2389} INFO - Sync 3 DAGs
[2021-10-29 18:22:11,591] {logging_mixin.py:109} INFO - [2021-10-29 18:22:11,591] {dag.py:2914} INFO - Setting next_dagrun for example_subdag_operator to 2021-10-27T00:00:00+00:00
[2021-10-29 18:22:11,592] {logging_mixin.py:109} INFO - [2021-10-29 18:22:11,592] {dag.py:2914} INFO - Setting next_dagrun for example_subdag_operator.section-1 to None
[2021-10-29 18:22:11,592] {logging_mixin.py:109} INFO - [2021-10-29 18:22:11,592] {dag.py:2914} INFO - Setting next_dagrun for example_subdag_operator.section-2 to None
[2021-10-29 18:22:11,597] {logging_mixin.py:109} INFO - [2021-10-29 18:22:11,597] {dag.py:2389} INFO - Sync 2 DAGs
[2021-10-29 18:22:11,603] {logging_mixin.py:109} INFO - [2021-10-29 18:22:11,603] {dag.py:2914} INFO - Setting next_dagrun for example_subdag_operator.section-1 to None
[2021-10-29 18:22:11,603] {logging_mixin.py:109} INFO - [2021-10-29 18:22:11,603] {dag.py:2914} INFO - Setting next_dagrun for example_subdag_operator.section-2 to None
[2021-10-29 18:22:11,610] {processor.py:171} INFO - Processing /home/airflow/.local/lib/python3.6/site-packages/airflow/example_dags/example_subdag_operator.py took 0.072 seconds
