[2021-10-29 18:19:16,363] {processor.py:163} INFO - Started process (PID=284) to work on /home/airflow/.local/lib/python3.6/site-packages/airflow/example_dags/example_latest_only_with_trigger.py
[2021-10-29 18:19:16,364] {processor.py:620} INFO - Processing file /home/airflow/.local/lib/python3.6/site-packages/airflow/example_dags/example_latest_only_with_trigger.py for tasks to queue
[2021-10-29 18:19:16,364] {logging_mixin.py:109} INFO - [2021-10-29 18:19:16,364] {dagbag.py:500} INFO - Filling up the DagBag from /home/airflow/.local/lib/python3.6/site-packages/airflow/example_dags/example_latest_only_with_trigger.py
[2021-10-29 18:19:16,388] {processor.py:632} INFO - DAG(s) dict_keys(['latest_only_with_trigger']) retrieved from /home/airflow/.local/lib/python3.6/site-packages/airflow/example_dags/example_latest_only_with_trigger.py
[2021-10-29 18:19:17,785] {logging_mixin.py:109} INFO - [2021-10-29 18:19:17,785] {providers_manager.py:156} WARNING - Exception when importing 'airflow.providers.google.leveldb.hooks.leveldb.LevelDBHook' from 'apache-airflow-providers-google' package: No module named 'plyvel'
[2021-10-29 18:19:18,162] {logging_mixin.py:109} INFO - [2021-10-29 18:19:18,162] {providers_manager.py:156} WARNING - Exception when importing 'airflow.providers.google.leveldb.hooks.leveldb.LevelDBHook' from 'apache-airflow-providers-google' package: No module named 'plyvel'
[2021-10-29 18:19:18,186] {logging_mixin.py:109} INFO - [2021-10-29 18:19:18,186] {manager.py:496} INFO - Created Permission View: can read on DAG:latest_only_with_trigger
[2021-10-29 18:19:18,193] {logging_mixin.py:109} INFO - [2021-10-29 18:19:18,193] {manager.py:496} INFO - Created Permission View: can edit on DAG:latest_only_with_trigger
[2021-10-29 18:19:18,195] {logging_mixin.py:109} INFO - [2021-10-29 18:19:18,193] {dag.py:2389} INFO - Sync 1 DAGs
[2021-10-29 18:19:18,205] {logging_mixin.py:109} INFO - [2021-10-29 18:19:18,204] {dag.py:2408} INFO - Creating ORM DAG for latest_only_with_trigger
[2021-10-29 18:19:18,210] {logging_mixin.py:109} INFO - [2021-10-29 18:19:18,210] {dag.py:2914} INFO - Setting next_dagrun for latest_only_with_trigger to 2021-10-29T14:19:18.210450+00:00
[2021-10-29 18:19:18,222] {processor.py:171} INFO - Processing /home/airflow/.local/lib/python3.6/site-packages/airflow/example_dags/example_latest_only_with_trigger.py took 1.863 seconds
[2021-10-29 18:19:48,314] {processor.py:163} INFO - Started process (PID=393) to work on /home/airflow/.local/lib/python3.6/site-packages/airflow/example_dags/example_latest_only_with_trigger.py
[2021-10-29 18:19:48,316] {processor.py:620} INFO - Processing file /home/airflow/.local/lib/python3.6/site-packages/airflow/example_dags/example_latest_only_with_trigger.py for tasks to queue
[2021-10-29 18:19:48,316] {logging_mixin.py:109} INFO - [2021-10-29 18:19:48,316] {dagbag.py:500} INFO - Filling up the DagBag from /home/airflow/.local/lib/python3.6/site-packages/airflow/example_dags/example_latest_only_with_trigger.py
[2021-10-29 18:19:48,347] {processor.py:632} INFO - DAG(s) dict_keys(['latest_only_with_trigger']) retrieved from /home/airflow/.local/lib/python3.6/site-packages/airflow/example_dags/example_latest_only_with_trigger.py
[2021-10-29 18:19:48,356] {logging_mixin.py:109} INFO - [2021-10-29 18:19:48,356] {dag.py:2389} INFO - Sync 1 DAGs
[2021-10-29 18:19:48,370] {logging_mixin.py:109} INFO - [2021-10-29 18:19:48,370] {dag.py:2914} INFO - Setting next_dagrun for latest_only_with_trigger to 2021-10-29T14:19:48.370116+00:00
[2021-10-29 18:19:48,379] {processor.py:171} INFO - Processing /home/airflow/.local/lib/python3.6/site-packages/airflow/example_dags/example_latest_only_with_trigger.py took 0.069 seconds
[2021-10-29 18:20:18,569] {processor.py:163} INFO - Started process (PID=457) to work on /home/airflow/.local/lib/python3.6/site-packages/airflow/example_dags/example_latest_only_with_trigger.py
[2021-10-29 18:20:18,570] {processor.py:620} INFO - Processing file /home/airflow/.local/lib/python3.6/site-packages/airflow/example_dags/example_latest_only_with_trigger.py for tasks to queue
[2021-10-29 18:20:18,570] {logging_mixin.py:109} INFO - [2021-10-29 18:20:18,570] {dagbag.py:500} INFO - Filling up the DagBag from /home/airflow/.local/lib/python3.6/site-packages/airflow/example_dags/example_latest_only_with_trigger.py
[2021-10-29 18:20:18,589] {processor.py:632} INFO - DAG(s) dict_keys(['latest_only_with_trigger']) retrieved from /home/airflow/.local/lib/python3.6/site-packages/airflow/example_dags/example_latest_only_with_trigger.py
[2021-10-29 18:20:18,597] {logging_mixin.py:109} INFO - [2021-10-29 18:20:18,597] {dag.py:2389} INFO - Sync 1 DAGs
[2021-10-29 18:20:18,609] {logging_mixin.py:109} INFO - [2021-10-29 18:20:18,609] {dag.py:2914} INFO - Setting next_dagrun for latest_only_with_trigger to 2021-10-29T14:20:18.609309+00:00
[2021-10-29 18:20:18,616] {processor.py:171} INFO - Processing /home/airflow/.local/lib/python3.6/site-packages/airflow/example_dags/example_latest_only_with_trigger.py took 0.049 seconds
[2021-10-29 18:20:48,820] {processor.py:163} INFO - Started process (PID=520) to work on /home/airflow/.local/lib/python3.6/site-packages/airflow/example_dags/example_latest_only_with_trigger.py
[2021-10-29 18:20:48,823] {processor.py:620} INFO - Processing file /home/airflow/.local/lib/python3.6/site-packages/airflow/example_dags/example_latest_only_with_trigger.py for tasks to queue
[2021-10-29 18:20:48,824] {logging_mixin.py:109} INFO - [2021-10-29 18:20:48,824] {dagbag.py:500} INFO - Filling up the DagBag from /home/airflow/.local/lib/python3.6/site-packages/airflow/example_dags/example_latest_only_with_trigger.py
[2021-10-29 18:20:48,844] {processor.py:632} INFO - DAG(s) dict_keys(['latest_only_with_trigger']) retrieved from /home/airflow/.local/lib/python3.6/site-packages/airflow/example_dags/example_latest_only_with_trigger.py
[2021-10-29 18:20:48,855] {logging_mixin.py:109} INFO - [2021-10-29 18:20:48,855] {dag.py:2389} INFO - Sync 1 DAGs
[2021-10-29 18:20:48,870] {logging_mixin.py:109} INFO - [2021-10-29 18:20:48,870] {dag.py:2914} INFO - Setting next_dagrun for latest_only_with_trigger to 2021-10-29T14:20:48.870409+00:00
[2021-10-29 18:20:48,878] {processor.py:171} INFO - Processing /home/airflow/.local/lib/python3.6/site-packages/airflow/example_dags/example_latest_only_with_trigger.py took 0.060 seconds
[2021-10-29 18:21:19,211] {processor.py:163} INFO - Started process (PID=574) to work on /home/airflow/.local/lib/python3.6/site-packages/airflow/example_dags/example_latest_only_with_trigger.py
[2021-10-29 18:21:19,215] {processor.py:620} INFO - Processing file /home/airflow/.local/lib/python3.6/site-packages/airflow/example_dags/example_latest_only_with_trigger.py for tasks to queue
[2021-10-29 18:21:19,216] {logging_mixin.py:109} INFO - [2021-10-29 18:21:19,216] {dagbag.py:500} INFO - Filling up the DagBag from /home/airflow/.local/lib/python3.6/site-packages/airflow/example_dags/example_latest_only_with_trigger.py
[2021-10-29 18:21:19,246] {processor.py:632} INFO - DAG(s) dict_keys(['latest_only_with_trigger']) retrieved from /home/airflow/.local/lib/python3.6/site-packages/airflow/example_dags/example_latest_only_with_trigger.py
[2021-10-29 18:21:19,255] {logging_mixin.py:109} INFO - [2021-10-29 18:21:19,255] {dag.py:2389} INFO - Sync 1 DAGs
[2021-10-29 18:21:19,267] {logging_mixin.py:109} INFO - [2021-10-29 18:21:19,267] {dag.py:2914} INFO - Setting next_dagrun for latest_only_with_trigger to 2021-10-29T14:21:19.267268+00:00
[2021-10-29 18:21:19,274] {processor.py:171} INFO - Processing /home/airflow/.local/lib/python3.6/site-packages/airflow/example_dags/example_latest_only_with_trigger.py took 0.071 seconds
[2021-10-29 18:21:49,659] {processor.py:163} INFO - Started process (PID=637) to work on /home/airflow/.local/lib/python3.6/site-packages/airflow/example_dags/example_latest_only_with_trigger.py
[2021-10-29 18:21:49,660] {processor.py:620} INFO - Processing file /home/airflow/.local/lib/python3.6/site-packages/airflow/example_dags/example_latest_only_with_trigger.py for tasks to queue
[2021-10-29 18:21:49,661] {logging_mixin.py:109} INFO - [2021-10-29 18:21:49,660] {dagbag.py:500} INFO - Filling up the DagBag from /home/airflow/.local/lib/python3.6/site-packages/airflow/example_dags/example_latest_only_with_trigger.py
[2021-10-29 18:21:49,678] {processor.py:632} INFO - DAG(s) dict_keys(['latest_only_with_trigger']) retrieved from /home/airflow/.local/lib/python3.6/site-packages/airflow/example_dags/example_latest_only_with_trigger.py
[2021-10-29 18:21:49,687] {logging_mixin.py:109} INFO - [2021-10-29 18:21:49,687] {dag.py:2389} INFO - Sync 1 DAGs
[2021-10-29 18:21:49,699] {logging_mixin.py:109} INFO - [2021-10-29 18:21:49,699] {dag.py:2914} INFO - Setting next_dagrun for latest_only_with_trigger to 2021-10-29T14:21:49.699260+00:00
[2021-10-29 18:21:49,708] {processor.py:171} INFO - Processing /home/airflow/.local/lib/python3.6/site-packages/airflow/example_dags/example_latest_only_with_trigger.py took 0.051 seconds
[2021-10-29 18:22:20,153] {processor.py:163} INFO - Started process (PID=690) to work on /home/airflow/.local/lib/python3.6/site-packages/airflow/example_dags/example_latest_only_with_trigger.py
[2021-10-29 18:22:20,154] {processor.py:620} INFO - Processing file /home/airflow/.local/lib/python3.6/site-packages/airflow/example_dags/example_latest_only_with_trigger.py for tasks to queue
[2021-10-29 18:22:20,155] {logging_mixin.py:109} INFO - [2021-10-29 18:22:20,155] {dagbag.py:500} INFO - Filling up the DagBag from /home/airflow/.local/lib/python3.6/site-packages/airflow/example_dags/example_latest_only_with_trigger.py
[2021-10-29 18:22:20,177] {processor.py:632} INFO - DAG(s) dict_keys(['latest_only_with_trigger']) retrieved from /home/airflow/.local/lib/python3.6/site-packages/airflow/example_dags/example_latest_only_with_trigger.py
[2021-10-29 18:22:20,186] {logging_mixin.py:109} INFO - [2021-10-29 18:22:20,186] {dag.py:2389} INFO - Sync 1 DAGs
[2021-10-29 18:22:20,197] {logging_mixin.py:109} INFO - [2021-10-29 18:22:20,197] {dag.py:2914} INFO - Setting next_dagrun for latest_only_with_trigger to 2021-10-29T14:22:20.197628+00:00
[2021-10-29 18:22:20,205] {processor.py:171} INFO - Processing /home/airflow/.local/lib/python3.6/site-packages/airflow/example_dags/example_latest_only_with_trigger.py took 0.056 seconds
