[2021-10-29 18:19:11,455] {processor.py:163} INFO - Started process (PID=228) to work on /home/airflow/.local/lib/python3.6/site-packages/airflow/example_dags/example_task_group_decorator.py
[2021-10-29 18:19:11,455] {processor.py:620} INFO - Processing file /home/airflow/.local/lib/python3.6/site-packages/airflow/example_dags/example_task_group_decorator.py for tasks to queue
[2021-10-29 18:19:11,456] {logging_mixin.py:109} INFO - [2021-10-29 18:19:11,456] {dagbag.py:500} INFO - Filling up the DagBag from /home/airflow/.local/lib/python3.6/site-packages/airflow/example_dags/example_task_group_decorator.py
[2021-10-29 18:19:11,490] {processor.py:632} INFO - DAG(s) dict_keys(['example_task_group_decorator']) retrieved from /home/airflow/.local/lib/python3.6/site-packages/airflow/example_dags/example_task_group_decorator.py
[2021-10-29 18:19:12,743] {logging_mixin.py:109} INFO - [2021-10-29 18:19:12,743] {providers_manager.py:156} WARNING - Exception when importing 'airflow.providers.google.leveldb.hooks.leveldb.LevelDBHook' from 'apache-airflow-providers-google' package: No module named 'plyvel'
[2021-10-29 18:19:13,165] {logging_mixin.py:109} INFO - [2021-10-29 18:19:13,165] {providers_manager.py:156} WARNING - Exception when importing 'airflow.providers.google.leveldb.hooks.leveldb.LevelDBHook' from 'apache-airflow-providers-google' package: No module named 'plyvel'
[2021-10-29 18:19:13,185] {logging_mixin.py:109} INFO - [2021-10-29 18:19:13,185] {manager.py:496} INFO - Created Permission View: can read on DAG:example_task_group_decorator
[2021-10-29 18:19:13,192] {logging_mixin.py:109} INFO - [2021-10-29 18:19:13,192] {manager.py:496} INFO - Created Permission View: can edit on DAG:example_task_group_decorator
[2021-10-29 18:19:13,194] {logging_mixin.py:109} INFO - [2021-10-29 18:19:13,192] {dag.py:2389} INFO - Sync 1 DAGs
[2021-10-29 18:19:13,209] {logging_mixin.py:109} INFO - [2021-10-29 18:19:13,208] {dag.py:2408} INFO - Creating ORM DAG for example_task_group_decorator
[2021-10-29 18:19:13,216] {logging_mixin.py:109} INFO - [2021-10-29 18:19:13,216] {dag.py:2914} INFO - Setting next_dagrun for example_task_group_decorator to 2021-10-28T18:19:13.216565+00:00
[2021-10-29 18:19:13,228] {processor.py:171} INFO - Processing /home/airflow/.local/lib/python3.6/site-packages/airflow/example_dags/example_task_group_decorator.py took 1.776 seconds
[2021-10-29 18:19:44,092] {processor.py:163} INFO - Started process (PID=388) to work on /home/airflow/.local/lib/python3.6/site-packages/airflow/example_dags/example_task_group_decorator.py
[2021-10-29 18:19:44,095] {processor.py:620} INFO - Processing file /home/airflow/.local/lib/python3.6/site-packages/airflow/example_dags/example_task_group_decorator.py for tasks to queue
[2021-10-29 18:19:44,096] {logging_mixin.py:109} INFO - [2021-10-29 18:19:44,096] {dagbag.py:500} INFO - Filling up the DagBag from /home/airflow/.local/lib/python3.6/site-packages/airflow/example_dags/example_task_group_decorator.py
[2021-10-29 18:19:44,124] {processor.py:632} INFO - DAG(s) dict_keys(['example_task_group_decorator']) retrieved from /home/airflow/.local/lib/python3.6/site-packages/airflow/example_dags/example_task_group_decorator.py
[2021-10-29 18:19:44,283] {logging_mixin.py:109} INFO - [2021-10-29 18:19:44,283] {dag.py:2389} INFO - Sync 1 DAGs
[2021-10-29 18:19:44,293] {logging_mixin.py:109} INFO - [2021-10-29 18:19:44,293] {dag.py:2914} INFO - Setting next_dagrun for example_task_group_decorator to 2021-10-28T18:19:44.293294+00:00
[2021-10-29 18:19:44,301] {processor.py:171} INFO - Processing /home/airflow/.local/lib/python3.6/site-packages/airflow/example_dags/example_task_group_decorator.py took 0.210 seconds
[2021-10-29 18:20:14,425] {processor.py:163} INFO - Started process (PID=452) to work on /home/airflow/.local/lib/python3.6/site-packages/airflow/example_dags/example_task_group_decorator.py
[2021-10-29 18:20:14,429] {processor.py:620} INFO - Processing file /home/airflow/.local/lib/python3.6/site-packages/airflow/example_dags/example_task_group_decorator.py for tasks to queue
[2021-10-29 18:20:14,429] {logging_mixin.py:109} INFO - [2021-10-29 18:20:14,429] {dagbag.py:500} INFO - Filling up the DagBag from /home/airflow/.local/lib/python3.6/site-packages/airflow/example_dags/example_task_group_decorator.py
[2021-10-29 18:20:14,467] {processor.py:632} INFO - DAG(s) dict_keys(['example_task_group_decorator']) retrieved from /home/airflow/.local/lib/python3.6/site-packages/airflow/example_dags/example_task_group_decorator.py
[2021-10-29 18:20:14,634] {logging_mixin.py:109} INFO - [2021-10-29 18:20:14,633] {dag.py:2389} INFO - Sync 1 DAGs
[2021-10-29 18:20:14,643] {logging_mixin.py:109} INFO - [2021-10-29 18:20:14,643] {dag.py:2914} INFO - Setting next_dagrun for example_task_group_decorator to 2021-10-28T18:20:14.643713+00:00
[2021-10-29 18:20:14,651] {processor.py:171} INFO - Processing /home/airflow/.local/lib/python3.6/site-packages/airflow/example_dags/example_task_group_decorator.py took 0.229 seconds
[2021-10-29 18:20:44,672] {processor.py:163} INFO - Started process (PID=505) to work on /home/airflow/.local/lib/python3.6/site-packages/airflow/example_dags/example_task_group_decorator.py
[2021-10-29 18:20:44,675] {processor.py:620} INFO - Processing file /home/airflow/.local/lib/python3.6/site-packages/airflow/example_dags/example_task_group_decorator.py for tasks to queue
[2021-10-29 18:20:44,676] {logging_mixin.py:109} INFO - [2021-10-29 18:20:44,676] {dagbag.py:500} INFO - Filling up the DagBag from /home/airflow/.local/lib/python3.6/site-packages/airflow/example_dags/example_task_group_decorator.py
[2021-10-29 18:20:44,707] {processor.py:632} INFO - DAG(s) dict_keys(['example_task_group_decorator']) retrieved from /home/airflow/.local/lib/python3.6/site-packages/airflow/example_dags/example_task_group_decorator.py
[2021-10-29 18:20:44,892] {logging_mixin.py:109} INFO - [2021-10-29 18:20:44,892] {dag.py:2389} INFO - Sync 1 DAGs
[2021-10-29 18:20:44,906] {logging_mixin.py:109} INFO - [2021-10-29 18:20:44,906] {dag.py:2914} INFO - Setting next_dagrun for example_task_group_decorator to 2021-10-28T18:20:44.906463+00:00
[2021-10-29 18:20:44,918] {processor.py:171} INFO - Processing /home/airflow/.local/lib/python3.6/site-packages/airflow/example_dags/example_task_group_decorator.py took 0.248 seconds
[2021-10-29 18:21:15,064] {processor.py:163} INFO - Started process (PID=569) to work on /home/airflow/.local/lib/python3.6/site-packages/airflow/example_dags/example_task_group_decorator.py
[2021-10-29 18:21:15,067] {processor.py:620} INFO - Processing file /home/airflow/.local/lib/python3.6/site-packages/airflow/example_dags/example_task_group_decorator.py for tasks to queue
[2021-10-29 18:21:15,067] {logging_mixin.py:109} INFO - [2021-10-29 18:21:15,067] {dagbag.py:500} INFO - Filling up the DagBag from /home/airflow/.local/lib/python3.6/site-packages/airflow/example_dags/example_task_group_decorator.py
[2021-10-29 18:21:15,095] {processor.py:632} INFO - DAG(s) dict_keys(['example_task_group_decorator']) retrieved from /home/airflow/.local/lib/python3.6/site-packages/airflow/example_dags/example_task_group_decorator.py
[2021-10-29 18:21:15,270] {logging_mixin.py:109} INFO - [2021-10-29 18:21:15,270] {dag.py:2389} INFO - Sync 1 DAGs
[2021-10-29 18:21:15,282] {logging_mixin.py:109} INFO - [2021-10-29 18:21:15,282] {dag.py:2914} INFO - Setting next_dagrun for example_task_group_decorator to 2021-10-28T18:21:15.282389+00:00
[2021-10-29 18:21:15,292] {processor.py:171} INFO - Processing /home/airflow/.local/lib/python3.6/site-packages/airflow/example_dags/example_task_group_decorator.py took 0.230 seconds
[2021-10-29 18:21:45,313] {processor.py:163} INFO - Started process (PID=622) to work on /home/airflow/.local/lib/python3.6/site-packages/airflow/example_dags/example_task_group_decorator.py
[2021-10-29 18:21:45,314] {processor.py:620} INFO - Processing file /home/airflow/.local/lib/python3.6/site-packages/airflow/example_dags/example_task_group_decorator.py for tasks to queue
[2021-10-29 18:21:45,314] {logging_mixin.py:109} INFO - [2021-10-29 18:21:45,314] {dagbag.py:500} INFO - Filling up the DagBag from /home/airflow/.local/lib/python3.6/site-packages/airflow/example_dags/example_task_group_decorator.py
[2021-10-29 18:21:45,346] {processor.py:632} INFO - DAG(s) dict_keys(['example_task_group_decorator']) retrieved from /home/airflow/.local/lib/python3.6/site-packages/airflow/example_dags/example_task_group_decorator.py
[2021-10-29 18:21:45,517] {logging_mixin.py:109} INFO - [2021-10-29 18:21:45,517] {dag.py:2389} INFO - Sync 1 DAGs
[2021-10-29 18:21:45,528] {logging_mixin.py:109} INFO - [2021-10-29 18:21:45,528] {dag.py:2914} INFO - Setting next_dagrun for example_task_group_decorator to 2021-10-28T18:21:45.528129+00:00
[2021-10-29 18:21:45,537] {processor.py:171} INFO - Processing /home/airflow/.local/lib/python3.6/site-packages/airflow/example_dags/example_task_group_decorator.py took 0.226 seconds
[2021-10-29 18:22:15,732] {processor.py:163} INFO - Started process (PID=685) to work on /home/airflow/.local/lib/python3.6/site-packages/airflow/example_dags/example_task_group_decorator.py
[2021-10-29 18:22:15,736] {processor.py:620} INFO - Processing file /home/airflow/.local/lib/python3.6/site-packages/airflow/example_dags/example_task_group_decorator.py for tasks to queue
[2021-10-29 18:22:15,736] {logging_mixin.py:109} INFO - [2021-10-29 18:22:15,736] {dagbag.py:500} INFO - Filling up the DagBag from /home/airflow/.local/lib/python3.6/site-packages/airflow/example_dags/example_task_group_decorator.py
[2021-10-29 18:22:15,767] {processor.py:632} INFO - DAG(s) dict_keys(['example_task_group_decorator']) retrieved from /home/airflow/.local/lib/python3.6/site-packages/airflow/example_dags/example_task_group_decorator.py
[2021-10-29 18:22:15,985] {logging_mixin.py:109} INFO - [2021-10-29 18:22:15,985] {dag.py:2389} INFO - Sync 1 DAGs
[2021-10-29 18:22:16,004] {logging_mixin.py:109} INFO - [2021-10-29 18:22:16,004] {dag.py:2914} INFO - Setting next_dagrun for example_task_group_decorator to 2021-10-28T18:22:16.004024+00:00
[2021-10-29 18:22:16,017] {processor.py:171} INFO - Processing /home/airflow/.local/lib/python3.6/site-packages/airflow/example_dags/example_task_group_decorator.py took 0.286 seconds
