[2021-10-29 18:19:03,925] {processor.py:163} INFO - Started process (PID=148) to work on /home/airflow/.local/lib/python3.6/site-packages/airflow/example_dags/example_complex.py
[2021-10-29 18:19:03,926] {processor.py:620} INFO - Processing file /home/airflow/.local/lib/python3.6/site-packages/airflow/example_dags/example_complex.py for tasks to queue
[2021-10-29 18:19:03,926] {logging_mixin.py:109} INFO - [2021-10-29 18:19:03,926] {dagbag.py:500} INFO - Filling up the DagBag from /home/airflow/.local/lib/python3.6/site-packages/airflow/example_dags/example_complex.py
[2021-10-29 18:19:03,961] {processor.py:632} INFO - DAG(s) dict_keys(['example_complex']) retrieved from /home/airflow/.local/lib/python3.6/site-packages/airflow/example_dags/example_complex.py
[2021-10-29 18:19:05,359] {logging_mixin.py:109} INFO - [2021-10-29 18:19:05,359] {providers_manager.py:156} WARNING - Exception when importing 'airflow.providers.google.leveldb.hooks.leveldb.LevelDBHook' from 'apache-airflow-providers-google' package: No module named 'plyvel'
[2021-10-29 18:19:05,691] {logging_mixin.py:109} INFO - [2021-10-29 18:19:05,691] {providers_manager.py:156} WARNING - Exception when importing 'airflow.providers.google.leveldb.hooks.leveldb.LevelDBHook' from 'apache-airflow-providers-google' package: No module named 'plyvel'
[2021-10-29 18:19:05,713] {logging_mixin.py:109} INFO - [2021-10-29 18:19:05,713] {manager.py:496} INFO - Created Permission View: can read on DAG:example_complex
[2021-10-29 18:19:05,721] {logging_mixin.py:109} INFO - [2021-10-29 18:19:05,721] {manager.py:496} INFO - Created Permission View: can edit on DAG:example_complex
[2021-10-29 18:19:05,722] {logging_mixin.py:109} INFO - [2021-10-29 18:19:05,721] {dag.py:2389} INFO - Sync 1 DAGs
[2021-10-29 18:19:05,731] {logging_mixin.py:109} INFO - [2021-10-29 18:19:05,730] {dag.py:2408} INFO - Creating ORM DAG for example_complex
[2021-10-29 18:19:05,737] {logging_mixin.py:109} INFO - [2021-10-29 18:19:05,737] {dag.py:2914} INFO - Setting next_dagrun for example_complex to None
[2021-10-29 18:19:05,749] {processor.py:171} INFO - Processing /home/airflow/.local/lib/python3.6/site-packages/airflow/example_dags/example_complex.py took 1.828 seconds
[2021-10-29 18:19:35,836] {processor.py:163} INFO - Started process (PID=369) to work on /home/airflow/.local/lib/python3.6/site-packages/airflow/example_dags/example_complex.py
[2021-10-29 18:19:35,840] {processor.py:620} INFO - Processing file /home/airflow/.local/lib/python3.6/site-packages/airflow/example_dags/example_complex.py for tasks to queue
[2021-10-29 18:19:35,842] {logging_mixin.py:109} INFO - [2021-10-29 18:19:35,842] {dagbag.py:500} INFO - Filling up the DagBag from /home/airflow/.local/lib/python3.6/site-packages/airflow/example_dags/example_complex.py
[2021-10-29 18:19:35,886] {processor.py:632} INFO - DAG(s) dict_keys(['example_complex']) retrieved from /home/airflow/.local/lib/python3.6/site-packages/airflow/example_dags/example_complex.py
[2021-10-29 18:19:35,899] {logging_mixin.py:109} INFO - [2021-10-29 18:19:35,899] {dag.py:2389} INFO - Sync 1 DAGs
[2021-10-29 18:19:35,910] {logging_mixin.py:109} INFO - [2021-10-29 18:19:35,910] {dag.py:2914} INFO - Setting next_dagrun for example_complex to None
[2021-10-29 18:19:35,918] {processor.py:171} INFO - Processing /home/airflow/.local/lib/python3.6/site-packages/airflow/example_dags/example_complex.py took 0.090 seconds
[2021-10-29 18:20:06,041] {processor.py:163} INFO - Started process (PID=432) to work on /home/airflow/.local/lib/python3.6/site-packages/airflow/example_dags/example_complex.py
[2021-10-29 18:20:06,041] {processor.py:620} INFO - Processing file /home/airflow/.local/lib/python3.6/site-packages/airflow/example_dags/example_complex.py for tasks to queue
[2021-10-29 18:20:06,042] {logging_mixin.py:109} INFO - [2021-10-29 18:20:06,042] {dagbag.py:500} INFO - Filling up the DagBag from /home/airflow/.local/lib/python3.6/site-packages/airflow/example_dags/example_complex.py
[2021-10-29 18:20:06,069] {processor.py:632} INFO - DAG(s) dict_keys(['example_complex']) retrieved from /home/airflow/.local/lib/python3.6/site-packages/airflow/example_dags/example_complex.py
[2021-10-29 18:20:06,082] {logging_mixin.py:109} INFO - [2021-10-29 18:20:06,082] {dag.py:2389} INFO - Sync 1 DAGs
[2021-10-29 18:20:06,094] {logging_mixin.py:109} INFO - [2021-10-29 18:20:06,094] {dag.py:2914} INFO - Setting next_dagrun for example_complex to None
[2021-10-29 18:20:06,101] {processor.py:171} INFO - Processing /home/airflow/.local/lib/python3.6/site-packages/airflow/example_dags/example_complex.py took 0.062 seconds
[2021-10-29 18:20:36,382] {processor.py:163} INFO - Started process (PID=486) to work on /home/airflow/.local/lib/python3.6/site-packages/airflow/example_dags/example_complex.py
[2021-10-29 18:20:36,385] {processor.py:620} INFO - Processing file /home/airflow/.local/lib/python3.6/site-packages/airflow/example_dags/example_complex.py for tasks to queue
[2021-10-29 18:20:36,386] {logging_mixin.py:109} INFO - [2021-10-29 18:20:36,386] {dagbag.py:500} INFO - Filling up the DagBag from /home/airflow/.local/lib/python3.6/site-packages/airflow/example_dags/example_complex.py
[2021-10-29 18:20:36,448] {processor.py:632} INFO - DAG(s) dict_keys(['example_complex']) retrieved from /home/airflow/.local/lib/python3.6/site-packages/airflow/example_dags/example_complex.py
[2021-10-29 18:20:36,462] {logging_mixin.py:109} INFO - [2021-10-29 18:20:36,462] {dag.py:2389} INFO - Sync 1 DAGs
[2021-10-29 18:20:36,473] {logging_mixin.py:109} INFO - [2021-10-29 18:20:36,473] {dag.py:2914} INFO - Setting next_dagrun for example_complex to None
[2021-10-29 18:20:36,480] {processor.py:171} INFO - Processing /home/airflow/.local/lib/python3.6/site-packages/airflow/example_dags/example_complex.py took 0.106 seconds
[2021-10-29 18:21:06,569] {processor.py:163} INFO - Started process (PID=549) to work on /home/airflow/.local/lib/python3.6/site-packages/airflow/example_dags/example_complex.py
[2021-10-29 18:21:06,574] {processor.py:620} INFO - Processing file /home/airflow/.local/lib/python3.6/site-packages/airflow/example_dags/example_complex.py for tasks to queue
[2021-10-29 18:21:06,576] {logging_mixin.py:109} INFO - [2021-10-29 18:21:06,576] {dagbag.py:500} INFO - Filling up the DagBag from /home/airflow/.local/lib/python3.6/site-packages/airflow/example_dags/example_complex.py
[2021-10-29 18:21:06,625] {processor.py:632} INFO - DAG(s) dict_keys(['example_complex']) retrieved from /home/airflow/.local/lib/python3.6/site-packages/airflow/example_dags/example_complex.py
[2021-10-29 18:21:06,638] {logging_mixin.py:109} INFO - [2021-10-29 18:21:06,638] {dag.py:2389} INFO - Sync 1 DAGs
[2021-10-29 18:21:06,649] {logging_mixin.py:109} INFO - [2021-10-29 18:21:06,649] {dag.py:2914} INFO - Setting next_dagrun for example_complex to None
[2021-10-29 18:21:06,657] {processor.py:171} INFO - Processing /home/airflow/.local/lib/python3.6/site-packages/airflow/example_dags/example_complex.py took 0.095 seconds
[2021-10-29 18:21:36,791] {processor.py:163} INFO - Started process (PID=613) to work on /home/airflow/.local/lib/python3.6/site-packages/airflow/example_dags/example_complex.py
[2021-10-29 18:21:36,792] {processor.py:620} INFO - Processing file /home/airflow/.local/lib/python3.6/site-packages/airflow/example_dags/example_complex.py for tasks to queue
[2021-10-29 18:21:36,793] {logging_mixin.py:109} INFO - [2021-10-29 18:21:36,793] {dagbag.py:500} INFO - Filling up the DagBag from /home/airflow/.local/lib/python3.6/site-packages/airflow/example_dags/example_complex.py
[2021-10-29 18:21:36,832] {processor.py:632} INFO - DAG(s) dict_keys(['example_complex']) retrieved from /home/airflow/.local/lib/python3.6/site-packages/airflow/example_dags/example_complex.py
[2021-10-29 18:21:36,851] {logging_mixin.py:109} INFO - [2021-10-29 18:21:36,850] {dag.py:2389} INFO - Sync 1 DAGs
[2021-10-29 18:21:36,867] {logging_mixin.py:109} INFO - [2021-10-29 18:21:36,867] {dag.py:2914} INFO - Setting next_dagrun for example_complex to None
[2021-10-29 18:21:36,875] {processor.py:171} INFO - Processing /home/airflow/.local/lib/python3.6/site-packages/airflow/example_dags/example_complex.py took 0.087 seconds
[2021-10-29 18:22:07,376] {processor.py:163} INFO - Started process (PID=666) to work on /home/airflow/.local/lib/python3.6/site-packages/airflow/example_dags/example_complex.py
[2021-10-29 18:22:07,377] {processor.py:620} INFO - Processing file /home/airflow/.local/lib/python3.6/site-packages/airflow/example_dags/example_complex.py for tasks to queue
[2021-10-29 18:22:07,378] {logging_mixin.py:109} INFO - [2021-10-29 18:22:07,378] {dagbag.py:500} INFO - Filling up the DagBag from /home/airflow/.local/lib/python3.6/site-packages/airflow/example_dags/example_complex.py
[2021-10-29 18:22:07,413] {processor.py:632} INFO - DAG(s) dict_keys(['example_complex']) retrieved from /home/airflow/.local/lib/python3.6/site-packages/airflow/example_dags/example_complex.py
[2021-10-29 18:22:07,426] {logging_mixin.py:109} INFO - [2021-10-29 18:22:07,426] {dag.py:2389} INFO - Sync 1 DAGs
[2021-10-29 18:22:07,438] {logging_mixin.py:109} INFO - [2021-10-29 18:22:07,438] {dag.py:2914} INFO - Setting next_dagrun for example_complex to None
[2021-10-29 18:22:07,445] {processor.py:171} INFO - Processing /home/airflow/.local/lib/python3.6/site-packages/airflow/example_dags/example_complex.py took 0.073 seconds
