[2021-10-29 18:19:21,753] {processor.py:163} INFO - Started process (PID=338) to work on /home/airflow/.local/lib/python3.6/site-packages/airflow/example_dags/tutorial_taskflow_api_etl.py
[2021-10-29 18:19:21,754] {processor.py:620} INFO - Processing file /home/airflow/.local/lib/python3.6/site-packages/airflow/example_dags/tutorial_taskflow_api_etl.py for tasks to queue
[2021-10-29 18:19:21,755] {logging_mixin.py:109} INFO - [2021-10-29 18:19:21,755] {dagbag.py:500} INFO - Filling up the DagBag from /home/airflow/.local/lib/python3.6/site-packages/airflow/example_dags/tutorial_taskflow_api_etl.py
[2021-10-29 18:19:21,784] {processor.py:632} INFO - DAG(s) dict_keys(['tutorial_taskflow_api_etl']) retrieved from /home/airflow/.local/lib/python3.6/site-packages/airflow/example_dags/tutorial_taskflow_api_etl.py
[2021-10-29 18:19:23,008] {logging_mixin.py:109} INFO - [2021-10-29 18:19:23,008] {providers_manager.py:156} WARNING - Exception when importing 'airflow.providers.google.leveldb.hooks.leveldb.LevelDBHook' from 'apache-airflow-providers-google' package: No module named 'plyvel'
[2021-10-29 18:19:23,275] {logging_mixin.py:109} INFO - [2021-10-29 18:19:23,275] {providers_manager.py:156} WARNING - Exception when importing 'airflow.providers.google.leveldb.hooks.leveldb.LevelDBHook' from 'apache-airflow-providers-google' package: No module named 'plyvel'
[2021-10-29 18:19:23,296] {logging_mixin.py:109} INFO - [2021-10-29 18:19:23,296] {manager.py:496} INFO - Created Permission View: can read on DAG:tutorial_taskflow_api_etl
[2021-10-29 18:19:23,305] {logging_mixin.py:109} INFO - [2021-10-29 18:19:23,305] {manager.py:496} INFO - Created Permission View: can edit on DAG:tutorial_taskflow_api_etl
[2021-10-29 18:19:23,307] {logging_mixin.py:109} INFO - [2021-10-29 18:19:23,306] {dag.py:2389} INFO - Sync 1 DAGs
[2021-10-29 18:19:23,316] {logging_mixin.py:109} INFO - [2021-10-29 18:19:23,315] {dag.py:2408} INFO - Creating ORM DAG for tutorial_taskflow_api_etl
[2021-10-29 18:19:23,320] {logging_mixin.py:109} INFO - [2021-10-29 18:19:23,320] {dag.py:2914} INFO - Setting next_dagrun for tutorial_taskflow_api_etl to None
[2021-10-29 18:19:23,329] {processor.py:171} INFO - Processing /home/airflow/.local/lib/python3.6/site-packages/airflow/example_dags/tutorial_taskflow_api_etl.py took 1.578 seconds
[2021-10-29 18:19:53,634] {processor.py:163} INFO - Started process (PID=413) to work on /home/airflow/.local/lib/python3.6/site-packages/airflow/example_dags/tutorial_taskflow_api_etl.py
[2021-10-29 18:19:53,635] {processor.py:620} INFO - Processing file /home/airflow/.local/lib/python3.6/site-packages/airflow/example_dags/tutorial_taskflow_api_etl.py for tasks to queue
[2021-10-29 18:19:53,636] {logging_mixin.py:109} INFO - [2021-10-29 18:19:53,635] {dagbag.py:500} INFO - Filling up the DagBag from /home/airflow/.local/lib/python3.6/site-packages/airflow/example_dags/tutorial_taskflow_api_etl.py
[2021-10-29 18:19:53,658] {processor.py:632} INFO - DAG(s) dict_keys(['tutorial_taskflow_api_etl']) retrieved from /home/airflow/.local/lib/python3.6/site-packages/airflow/example_dags/tutorial_taskflow_api_etl.py
[2021-10-29 18:19:53,665] {logging_mixin.py:109} INFO - [2021-10-29 18:19:53,665] {dag.py:2389} INFO - Sync 1 DAGs
[2021-10-29 18:19:53,676] {logging_mixin.py:109} INFO - [2021-10-29 18:19:53,676] {dag.py:2914} INFO - Setting next_dagrun for tutorial_taskflow_api_etl to None
[2021-10-29 18:19:53,683] {processor.py:171} INFO - Processing /home/airflow/.local/lib/python3.6/site-packages/airflow/example_dags/tutorial_taskflow_api_etl.py took 0.051 seconds
[2021-10-29 18:20:23,968] {processor.py:163} INFO - Started process (PID=467) to work on /home/airflow/.local/lib/python3.6/site-packages/airflow/example_dags/tutorial_taskflow_api_etl.py
[2021-10-29 18:20:23,969] {processor.py:620} INFO - Processing file /home/airflow/.local/lib/python3.6/site-packages/airflow/example_dags/tutorial_taskflow_api_etl.py for tasks to queue
[2021-10-29 18:20:23,969] {logging_mixin.py:109} INFO - [2021-10-29 18:20:23,969] {dagbag.py:500} INFO - Filling up the DagBag from /home/airflow/.local/lib/python3.6/site-packages/airflow/example_dags/tutorial_taskflow_api_etl.py
[2021-10-29 18:20:23,992] {processor.py:632} INFO - DAG(s) dict_keys(['tutorial_taskflow_api_etl']) retrieved from /home/airflow/.local/lib/python3.6/site-packages/airflow/example_dags/tutorial_taskflow_api_etl.py
[2021-10-29 18:20:24,160] {logging_mixin.py:109} INFO - [2021-10-29 18:20:24,160] {dag.py:2389} INFO - Sync 1 DAGs
[2021-10-29 18:20:24,171] {logging_mixin.py:109} INFO - [2021-10-29 18:20:24,171] {dag.py:2914} INFO - Setting next_dagrun for tutorial_taskflow_api_etl to None
[2021-10-29 18:20:24,179] {processor.py:171} INFO - Processing /home/airflow/.local/lib/python3.6/site-packages/airflow/example_dags/tutorial_taskflow_api_etl.py took 0.213 seconds
[2021-10-29 18:20:54,232] {processor.py:163} INFO - Started process (PID=530) to work on /home/airflow/.local/lib/python3.6/site-packages/airflow/example_dags/tutorial_taskflow_api_etl.py
[2021-10-29 18:20:54,233] {processor.py:620} INFO - Processing file /home/airflow/.local/lib/python3.6/site-packages/airflow/example_dags/tutorial_taskflow_api_etl.py for tasks to queue
[2021-10-29 18:20:54,233] {logging_mixin.py:109} INFO - [2021-10-29 18:20:54,233] {dagbag.py:500} INFO - Filling up the DagBag from /home/airflow/.local/lib/python3.6/site-packages/airflow/example_dags/tutorial_taskflow_api_etl.py
[2021-10-29 18:20:54,255] {processor.py:632} INFO - DAG(s) dict_keys(['tutorial_taskflow_api_etl']) retrieved from /home/airflow/.local/lib/python3.6/site-packages/airflow/example_dags/tutorial_taskflow_api_etl.py
[2021-10-29 18:20:54,420] {logging_mixin.py:109} INFO - [2021-10-29 18:20:54,419] {dag.py:2389} INFO - Sync 1 DAGs
[2021-10-29 18:20:54,430] {logging_mixin.py:109} INFO - [2021-10-29 18:20:54,429] {dag.py:2914} INFO - Setting next_dagrun for tutorial_taskflow_api_etl to None
[2021-10-29 18:20:54,437] {processor.py:171} INFO - Processing /home/airflow/.local/lib/python3.6/site-packages/airflow/example_dags/tutorial_taskflow_api_etl.py took 0.207 seconds
[2021-10-29 18:21:24,461] {processor.py:163} INFO - Started process (PID=593) to work on /home/airflow/.local/lib/python3.6/site-packages/airflow/example_dags/tutorial_taskflow_api_etl.py
[2021-10-29 18:21:24,462] {processor.py:620} INFO - Processing file /home/airflow/.local/lib/python3.6/site-packages/airflow/example_dags/tutorial_taskflow_api_etl.py for tasks to queue
[2021-10-29 18:21:24,463] {logging_mixin.py:109} INFO - [2021-10-29 18:21:24,463] {dagbag.py:500} INFO - Filling up the DagBag from /home/airflow/.local/lib/python3.6/site-packages/airflow/example_dags/tutorial_taskflow_api_etl.py
[2021-10-29 18:21:24,486] {processor.py:632} INFO - DAG(s) dict_keys(['tutorial_taskflow_api_etl']) retrieved from /home/airflow/.local/lib/python3.6/site-packages/airflow/example_dags/tutorial_taskflow_api_etl.py
[2021-10-29 18:21:24,654] {logging_mixin.py:109} INFO - [2021-10-29 18:21:24,654] {dag.py:2389} INFO - Sync 1 DAGs
[2021-10-29 18:21:24,665] {logging_mixin.py:109} INFO - [2021-10-29 18:21:24,665] {dag.py:2914} INFO - Setting next_dagrun for tutorial_taskflow_api_etl to None
[2021-10-29 18:21:24,673] {processor.py:171} INFO - Processing /home/airflow/.local/lib/python3.6/site-packages/airflow/example_dags/tutorial_taskflow_api_etl.py took 0.213 seconds
[2021-10-29 18:21:55,019] {processor.py:163} INFO - Started process (PID=647) to work on /home/airflow/.local/lib/python3.6/site-packages/airflow/example_dags/tutorial_taskflow_api_etl.py
[2021-10-29 18:21:55,020] {processor.py:620} INFO - Processing file /home/airflow/.local/lib/python3.6/site-packages/airflow/example_dags/tutorial_taskflow_api_etl.py for tasks to queue
[2021-10-29 18:21:55,020] {logging_mixin.py:109} INFO - [2021-10-29 18:21:55,020] {dagbag.py:500} INFO - Filling up the DagBag from /home/airflow/.local/lib/python3.6/site-packages/airflow/example_dags/tutorial_taskflow_api_etl.py
[2021-10-29 18:21:55,048] {processor.py:632} INFO - DAG(s) dict_keys(['tutorial_taskflow_api_etl']) retrieved from /home/airflow/.local/lib/python3.6/site-packages/airflow/example_dags/tutorial_taskflow_api_etl.py
[2021-10-29 18:21:55,226] {logging_mixin.py:109} INFO - [2021-10-29 18:21:55,226] {dag.py:2389} INFO - Sync 1 DAGs
[2021-10-29 18:21:55,238] {logging_mixin.py:109} INFO - [2021-10-29 18:21:55,238] {dag.py:2914} INFO - Setting next_dagrun for tutorial_taskflow_api_etl to None
[2021-10-29 18:21:55,246] {processor.py:171} INFO - Processing /home/airflow/.local/lib/python3.6/site-packages/airflow/example_dags/tutorial_taskflow_api_etl.py took 0.230 seconds
[2021-10-29 18:22:25,476] {processor.py:163} INFO - Started process (PID=700) to work on /home/airflow/.local/lib/python3.6/site-packages/airflow/example_dags/tutorial_taskflow_api_etl.py
[2021-10-29 18:22:25,477] {processor.py:620} INFO - Processing file /home/airflow/.local/lib/python3.6/site-packages/airflow/example_dags/tutorial_taskflow_api_etl.py for tasks to queue
[2021-10-29 18:22:25,477] {logging_mixin.py:109} INFO - [2021-10-29 18:22:25,477] {dagbag.py:500} INFO - Filling up the DagBag from /home/airflow/.local/lib/python3.6/site-packages/airflow/example_dags/tutorial_taskflow_api_etl.py
[2021-10-29 18:22:25,501] {processor.py:632} INFO - DAG(s) dict_keys(['tutorial_taskflow_api_etl']) retrieved from /home/airflow/.local/lib/python3.6/site-packages/airflow/example_dags/tutorial_taskflow_api_etl.py
[2021-10-29 18:22:25,677] {logging_mixin.py:109} INFO - [2021-10-29 18:22:25,677] {dag.py:2389} INFO - Sync 1 DAGs
[2021-10-29 18:22:25,689] {logging_mixin.py:109} INFO - [2021-10-29 18:22:25,688] {dag.py:2914} INFO - Setting next_dagrun for tutorial_taskflow_api_etl to None
[2021-10-29 18:22:25,697] {processor.py:171} INFO - Processing /home/airflow/.local/lib/python3.6/site-packages/airflow/example_dags/tutorial_taskflow_api_etl.py took 0.223 seconds
