[2021-10-29 18:19:14,532] {processor.py:163} INFO - Started process (PID=266) to work on /home/airflow/.local/lib/python3.6/site-packages/airflow/example_dags/tutorial_etl_dag.py
[2021-10-29 18:19:14,533] {processor.py:620} INFO - Processing file /home/airflow/.local/lib/python3.6/site-packages/airflow/example_dags/tutorial_etl_dag.py for tasks to queue
[2021-10-29 18:19:14,534] {logging_mixin.py:109} INFO - [2021-10-29 18:19:14,533] {dagbag.py:500} INFO - Filling up the DagBag from /home/airflow/.local/lib/python3.6/site-packages/airflow/example_dags/tutorial_etl_dag.py
[2021-10-29 18:19:14,561] {processor.py:632} INFO - DAG(s) dict_keys(['tutorial_etl_dag']) retrieved from /home/airflow/.local/lib/python3.6/site-packages/airflow/example_dags/tutorial_etl_dag.py
[2021-10-29 18:19:15,911] {logging_mixin.py:109} INFO - [2021-10-29 18:19:15,911] {providers_manager.py:156} WARNING - Exception when importing 'airflow.providers.google.leveldb.hooks.leveldb.LevelDBHook' from 'apache-airflow-providers-google' package: No module named 'plyvel'
[2021-10-29 18:19:16,282] {logging_mixin.py:109} INFO - [2021-10-29 18:19:16,282] {providers_manager.py:156} WARNING - Exception when importing 'airflow.providers.google.leveldb.hooks.leveldb.LevelDBHook' from 'apache-airflow-providers-google' package: No module named 'plyvel'
[2021-10-29 18:19:16,305] {logging_mixin.py:109} INFO - [2021-10-29 18:19:16,305] {manager.py:496} INFO - Created Permission View: can read on DAG:tutorial_etl_dag
[2021-10-29 18:19:16,312] {logging_mixin.py:109} INFO - [2021-10-29 18:19:16,312] {manager.py:496} INFO - Created Permission View: can edit on DAG:tutorial_etl_dag
[2021-10-29 18:19:16,314] {logging_mixin.py:109} INFO - [2021-10-29 18:19:16,312] {dag.py:2389} INFO - Sync 1 DAGs
[2021-10-29 18:19:16,323] {logging_mixin.py:109} INFO - [2021-10-29 18:19:16,322] {dag.py:2408} INFO - Creating ORM DAG for tutorial_etl_dag
[2021-10-29 18:19:16,329] {logging_mixin.py:109} INFO - [2021-10-29 18:19:16,328] {dag.py:2914} INFO - Setting next_dagrun for tutorial_etl_dag to None
[2021-10-29 18:19:16,341] {processor.py:171} INFO - Processing /home/airflow/.local/lib/python3.6/site-packages/airflow/example_dags/tutorial_etl_dag.py took 1.812 seconds
[2021-10-29 18:19:47,199] {processor.py:163} INFO - Started process (PID=391) to work on /home/airflow/.local/lib/python3.6/site-packages/airflow/example_dags/tutorial_etl_dag.py
[2021-10-29 18:19:47,202] {processor.py:620} INFO - Processing file /home/airflow/.local/lib/python3.6/site-packages/airflow/example_dags/tutorial_etl_dag.py for tasks to queue
[2021-10-29 18:19:47,204] {logging_mixin.py:109} INFO - [2021-10-29 18:19:47,204] {dagbag.py:500} INFO - Filling up the DagBag from /home/airflow/.local/lib/python3.6/site-packages/airflow/example_dags/tutorial_etl_dag.py
[2021-10-29 18:19:47,234] {processor.py:632} INFO - DAG(s) dict_keys(['tutorial_etl_dag']) retrieved from /home/airflow/.local/lib/python3.6/site-packages/airflow/example_dags/tutorial_etl_dag.py
[2021-10-29 18:19:47,242] {logging_mixin.py:109} INFO - [2021-10-29 18:19:47,242] {dag.py:2389} INFO - Sync 1 DAGs
[2021-10-29 18:19:47,255] {logging_mixin.py:109} INFO - [2021-10-29 18:19:47,255] {dag.py:2914} INFO - Setting next_dagrun for tutorial_etl_dag to None
[2021-10-29 18:19:47,262] {processor.py:171} INFO - Processing /home/airflow/.local/lib/python3.6/site-packages/airflow/example_dags/tutorial_etl_dag.py took 0.070 seconds
[2021-10-29 18:20:17,505] {processor.py:163} INFO - Started process (PID=455) to work on /home/airflow/.local/lib/python3.6/site-packages/airflow/example_dags/tutorial_etl_dag.py
[2021-10-29 18:20:17,507] {processor.py:620} INFO - Processing file /home/airflow/.local/lib/python3.6/site-packages/airflow/example_dags/tutorial_etl_dag.py for tasks to queue
[2021-10-29 18:20:17,507] {logging_mixin.py:109} INFO - [2021-10-29 18:20:17,507] {dagbag.py:500} INFO - Filling up the DagBag from /home/airflow/.local/lib/python3.6/site-packages/airflow/example_dags/tutorial_etl_dag.py
[2021-10-29 18:20:17,529] {processor.py:632} INFO - DAG(s) dict_keys(['tutorial_etl_dag']) retrieved from /home/airflow/.local/lib/python3.6/site-packages/airflow/example_dags/tutorial_etl_dag.py
[2021-10-29 18:20:17,537] {logging_mixin.py:109} INFO - [2021-10-29 18:20:17,537] {dag.py:2389} INFO - Sync 1 DAGs
[2021-10-29 18:20:17,549] {logging_mixin.py:109} INFO - [2021-10-29 18:20:17,549] {dag.py:2914} INFO - Setting next_dagrun for tutorial_etl_dag to None
[2021-10-29 18:20:17,556] {processor.py:171} INFO - Processing /home/airflow/.local/lib/python3.6/site-packages/airflow/example_dags/tutorial_etl_dag.py took 0.053 seconds
[2021-10-29 18:20:47,772] {processor.py:163} INFO - Started process (PID=508) to work on /home/airflow/.local/lib/python3.6/site-packages/airflow/example_dags/tutorial_etl_dag.py
[2021-10-29 18:20:47,778] {processor.py:620} INFO - Processing file /home/airflow/.local/lib/python3.6/site-packages/airflow/example_dags/tutorial_etl_dag.py for tasks to queue
[2021-10-29 18:20:47,779] {logging_mixin.py:109} INFO - [2021-10-29 18:20:47,779] {dagbag.py:500} INFO - Filling up the DagBag from /home/airflow/.local/lib/python3.6/site-packages/airflow/example_dags/tutorial_etl_dag.py
[2021-10-29 18:20:47,808] {processor.py:632} INFO - DAG(s) dict_keys(['tutorial_etl_dag']) retrieved from /home/airflow/.local/lib/python3.6/site-packages/airflow/example_dags/tutorial_etl_dag.py
[2021-10-29 18:20:47,816] {logging_mixin.py:109} INFO - [2021-10-29 18:20:47,816] {dag.py:2389} INFO - Sync 1 DAGs
[2021-10-29 18:20:47,828] {logging_mixin.py:109} INFO - [2021-10-29 18:20:47,828] {dag.py:2914} INFO - Setting next_dagrun for tutorial_etl_dag to None
[2021-10-29 18:20:47,836] {processor.py:171} INFO - Processing /home/airflow/.local/lib/python3.6/site-packages/airflow/example_dags/tutorial_etl_dag.py took 0.072 seconds
[2021-10-29 18:21:18,112] {processor.py:163} INFO - Started process (PID=572) to work on /home/airflow/.local/lib/python3.6/site-packages/airflow/example_dags/tutorial_etl_dag.py
[2021-10-29 18:21:18,116] {processor.py:620} INFO - Processing file /home/airflow/.local/lib/python3.6/site-packages/airflow/example_dags/tutorial_etl_dag.py for tasks to queue
[2021-10-29 18:21:18,117] {logging_mixin.py:109} INFO - [2021-10-29 18:21:18,116] {dagbag.py:500} INFO - Filling up the DagBag from /home/airflow/.local/lib/python3.6/site-packages/airflow/example_dags/tutorial_etl_dag.py
[2021-10-29 18:21:18,146] {processor.py:632} INFO - DAG(s) dict_keys(['tutorial_etl_dag']) retrieved from /home/airflow/.local/lib/python3.6/site-packages/airflow/example_dags/tutorial_etl_dag.py
[2021-10-29 18:21:18,156] {logging_mixin.py:109} INFO - [2021-10-29 18:21:18,156] {dag.py:2389} INFO - Sync 1 DAGs
[2021-10-29 18:21:18,173] {logging_mixin.py:109} INFO - [2021-10-29 18:21:18,173] {dag.py:2914} INFO - Setting next_dagrun for tutorial_etl_dag to None
[2021-10-29 18:21:18,180] {processor.py:171} INFO - Processing /home/airflow/.local/lib/python3.6/site-packages/airflow/example_dags/tutorial_etl_dag.py took 0.077 seconds
[2021-10-29 18:21:48,580] {processor.py:163} INFO - Started process (PID=625) to work on /home/airflow/.local/lib/python3.6/site-packages/airflow/example_dags/tutorial_etl_dag.py
[2021-10-29 18:21:48,584] {processor.py:620} INFO - Processing file /home/airflow/.local/lib/python3.6/site-packages/airflow/example_dags/tutorial_etl_dag.py for tasks to queue
[2021-10-29 18:21:48,586] {logging_mixin.py:109} INFO - [2021-10-29 18:21:48,586] {dagbag.py:500} INFO - Filling up the DagBag from /home/airflow/.local/lib/python3.6/site-packages/airflow/example_dags/tutorial_etl_dag.py
[2021-10-29 18:21:48,619] {processor.py:632} INFO - DAG(s) dict_keys(['tutorial_etl_dag']) retrieved from /home/airflow/.local/lib/python3.6/site-packages/airflow/example_dags/tutorial_etl_dag.py
[2021-10-29 18:21:48,627] {logging_mixin.py:109} INFO - [2021-10-29 18:21:48,626] {dag.py:2389} INFO - Sync 1 DAGs
[2021-10-29 18:21:48,639] {logging_mixin.py:109} INFO - [2021-10-29 18:21:48,639] {dag.py:2914} INFO - Setting next_dagrun for tutorial_etl_dag to None
[2021-10-29 18:21:48,645] {processor.py:171} INFO - Processing /home/airflow/.local/lib/python3.6/site-packages/airflow/example_dags/tutorial_etl_dag.py took 0.075 seconds
[2021-10-29 18:22:19,039] {processor.py:163} INFO - Started process (PID=688) to work on /home/airflow/.local/lib/python3.6/site-packages/airflow/example_dags/tutorial_etl_dag.py
[2021-10-29 18:22:19,042] {processor.py:620} INFO - Processing file /home/airflow/.local/lib/python3.6/site-packages/airflow/example_dags/tutorial_etl_dag.py for tasks to queue
[2021-10-29 18:22:19,044] {logging_mixin.py:109} INFO - [2021-10-29 18:22:19,043] {dagbag.py:500} INFO - Filling up the DagBag from /home/airflow/.local/lib/python3.6/site-packages/airflow/example_dags/tutorial_etl_dag.py
[2021-10-29 18:22:19,075] {processor.py:632} INFO - DAG(s) dict_keys(['tutorial_etl_dag']) retrieved from /home/airflow/.local/lib/python3.6/site-packages/airflow/example_dags/tutorial_etl_dag.py
[2021-10-29 18:22:19,086] {logging_mixin.py:109} INFO - [2021-10-29 18:22:19,085] {dag.py:2389} INFO - Sync 1 DAGs
[2021-10-29 18:22:19,102] {logging_mixin.py:109} INFO - [2021-10-29 18:22:19,102] {dag.py:2914} INFO - Setting next_dagrun for tutorial_etl_dag to None
[2021-10-29 18:22:19,121] {processor.py:171} INFO - Processing /home/airflow/.local/lib/python3.6/site-packages/airflow/example_dags/tutorial_etl_dag.py took 0.091 seconds
