[2021-10-29 18:19:19,925] {processor.py:163} INFO - Started process (PID=320) to work on /home/airflow/.local/lib/python3.6/site-packages/airflow/example_dags/tutorial.py
[2021-10-29 18:19:19,926] {processor.py:620} INFO - Processing file /home/airflow/.local/lib/python3.6/site-packages/airflow/example_dags/tutorial.py for tasks to queue
[2021-10-29 18:19:19,927] {logging_mixin.py:109} INFO - [2021-10-29 18:19:19,926] {dagbag.py:500} INFO - Filling up the DagBag from /home/airflow/.local/lib/python3.6/site-packages/airflow/example_dags/tutorial.py
[2021-10-29 18:19:19,951] {processor.py:632} INFO - DAG(s) dict_keys(['tutorial']) retrieved from /home/airflow/.local/lib/python3.6/site-packages/airflow/example_dags/tutorial.py
[2021-10-29 18:19:21,298] {logging_mixin.py:109} INFO - [2021-10-29 18:19:21,298] {providers_manager.py:156} WARNING - Exception when importing 'airflow.providers.google.leveldb.hooks.leveldb.LevelDBHook' from 'apache-airflow-providers-google' package: No module named 'plyvel'
[2021-10-29 18:19:21,671] {logging_mixin.py:109} INFO - [2021-10-29 18:19:21,671] {providers_manager.py:156} WARNING - Exception when importing 'airflow.providers.google.leveldb.hooks.leveldb.LevelDBHook' from 'apache-airflow-providers-google' package: No module named 'plyvel'
[2021-10-29 18:19:21,694] {logging_mixin.py:109} INFO - [2021-10-29 18:19:21,693] {manager.py:496} INFO - Created Permission View: can read on DAG:tutorial
[2021-10-29 18:19:21,701] {logging_mixin.py:109} INFO - [2021-10-29 18:19:21,701] {manager.py:496} INFO - Created Permission View: can edit on DAG:tutorial
[2021-10-29 18:19:21,702] {logging_mixin.py:109} INFO - [2021-10-29 18:19:21,701] {dag.py:2389} INFO - Sync 1 DAGs
[2021-10-29 18:19:21,712] {logging_mixin.py:109} INFO - [2021-10-29 18:19:21,711] {dag.py:2408} INFO - Creating ORM DAG for tutorial
[2021-10-29 18:19:21,718] {logging_mixin.py:109} INFO - [2021-10-29 18:19:21,718] {dag.py:2914} INFO - Setting next_dagrun for tutorial to 2021-10-28T18:19:21.717892+00:00
[2021-10-29 18:19:21,730] {processor.py:171} INFO - Processing /home/airflow/.local/lib/python3.6/site-packages/airflow/example_dags/tutorial.py took 1.807 seconds
[2021-10-29 18:19:52,429] {processor.py:163} INFO - Started process (PID=407) to work on /home/airflow/.local/lib/python3.6/site-packages/airflow/example_dags/tutorial.py
[2021-10-29 18:19:52,431] {processor.py:620} INFO - Processing file /home/airflow/.local/lib/python3.6/site-packages/airflow/example_dags/tutorial.py for tasks to queue
[2021-10-29 18:19:52,433] {logging_mixin.py:109} INFO - [2021-10-29 18:19:52,432] {dagbag.py:500} INFO - Filling up the DagBag from /home/airflow/.local/lib/python3.6/site-packages/airflow/example_dags/tutorial.py
[2021-10-29 18:19:52,471] {processor.py:632} INFO - DAG(s) dict_keys(['tutorial']) retrieved from /home/airflow/.local/lib/python3.6/site-packages/airflow/example_dags/tutorial.py
[2021-10-29 18:19:52,479] {logging_mixin.py:109} INFO - [2021-10-29 18:19:52,479] {dag.py:2389} INFO - Sync 1 DAGs
[2021-10-29 18:19:52,490] {logging_mixin.py:109} INFO - [2021-10-29 18:19:52,490] {dag.py:2914} INFO - Setting next_dagrun for tutorial to 2021-10-28T18:19:52.490593+00:00
[2021-10-29 18:19:52,499] {processor.py:171} INFO - Processing /home/airflow/.local/lib/python3.6/site-packages/airflow/example_dags/tutorial.py took 0.077 seconds
[2021-10-29 18:20:22,744] {processor.py:163} INFO - Started process (PID=461) to work on /home/airflow/.local/lib/python3.6/site-packages/airflow/example_dags/tutorial.py
[2021-10-29 18:20:22,747] {processor.py:620} INFO - Processing file /home/airflow/.local/lib/python3.6/site-packages/airflow/example_dags/tutorial.py for tasks to queue
[2021-10-29 18:20:22,749] {logging_mixin.py:109} INFO - [2021-10-29 18:20:22,748] {dagbag.py:500} INFO - Filling up the DagBag from /home/airflow/.local/lib/python3.6/site-packages/airflow/example_dags/tutorial.py
[2021-10-29 18:20:22,786] {processor.py:632} INFO - DAG(s) dict_keys(['tutorial']) retrieved from /home/airflow/.local/lib/python3.6/site-packages/airflow/example_dags/tutorial.py
[2021-10-29 18:20:22,797] {logging_mixin.py:109} INFO - [2021-10-29 18:20:22,797] {dag.py:2389} INFO - Sync 1 DAGs
[2021-10-29 18:20:22,812] {logging_mixin.py:109} INFO - [2021-10-29 18:20:22,812] {dag.py:2914} INFO - Setting next_dagrun for tutorial to 2021-10-28T18:20:22.812184+00:00
[2021-10-29 18:20:22,820] {processor.py:171} INFO - Processing /home/airflow/.local/lib/python3.6/site-packages/airflow/example_dags/tutorial.py took 0.085 seconds
[2021-10-29 18:20:52,990] {processor.py:163} INFO - Started process (PID=524) to work on /home/airflow/.local/lib/python3.6/site-packages/airflow/example_dags/tutorial.py
[2021-10-29 18:20:52,994] {processor.py:620} INFO - Processing file /home/airflow/.local/lib/python3.6/site-packages/airflow/example_dags/tutorial.py for tasks to queue
[2021-10-29 18:20:52,996] {logging_mixin.py:109} INFO - [2021-10-29 18:20:52,995] {dagbag.py:500} INFO - Filling up the DagBag from /home/airflow/.local/lib/python3.6/site-packages/airflow/example_dags/tutorial.py
[2021-10-29 18:20:53,033] {processor.py:632} INFO - DAG(s) dict_keys(['tutorial']) retrieved from /home/airflow/.local/lib/python3.6/site-packages/airflow/example_dags/tutorial.py
[2021-10-29 18:20:53,044] {logging_mixin.py:109} INFO - [2021-10-29 18:20:53,044] {dag.py:2389} INFO - Sync 1 DAGs
[2021-10-29 18:20:53,059] {logging_mixin.py:109} INFO - [2021-10-29 18:20:53,059] {dag.py:2914} INFO - Setting next_dagrun for tutorial to 2021-10-28T18:20:53.059233+00:00
[2021-10-29 18:20:53,066] {processor.py:171} INFO - Processing /home/airflow/.local/lib/python3.6/site-packages/airflow/example_dags/tutorial.py took 0.083 seconds
[2021-10-29 18:21:23,302] {processor.py:163} INFO - Started process (PID=578) to work on /home/airflow/.local/lib/python3.6/site-packages/airflow/example_dags/tutorial.py
[2021-10-29 18:21:23,303] {processor.py:620} INFO - Processing file /home/airflow/.local/lib/python3.6/site-packages/airflow/example_dags/tutorial.py for tasks to queue
[2021-10-29 18:21:23,304] {logging_mixin.py:109} INFO - [2021-10-29 18:21:23,304] {dagbag.py:500} INFO - Filling up the DagBag from /home/airflow/.local/lib/python3.6/site-packages/airflow/example_dags/tutorial.py
[2021-10-29 18:21:23,328] {processor.py:632} INFO - DAG(s) dict_keys(['tutorial']) retrieved from /home/airflow/.local/lib/python3.6/site-packages/airflow/example_dags/tutorial.py
[2021-10-29 18:21:23,337] {logging_mixin.py:109} INFO - [2021-10-29 18:21:23,337] {dag.py:2389} INFO - Sync 1 DAGs
[2021-10-29 18:21:23,348] {logging_mixin.py:109} INFO - [2021-10-29 18:21:23,348] {dag.py:2914} INFO - Setting next_dagrun for tutorial to 2021-10-28T18:21:23.348549+00:00
[2021-10-29 18:21:23,355] {processor.py:171} INFO - Processing /home/airflow/.local/lib/python3.6/site-packages/airflow/example_dags/tutorial.py took 0.056 seconds
[2021-10-29 18:21:53,814] {processor.py:163} INFO - Started process (PID=641) to work on /home/airflow/.local/lib/python3.6/site-packages/airflow/example_dags/tutorial.py
[2021-10-29 18:21:53,815] {processor.py:620} INFO - Processing file /home/airflow/.local/lib/python3.6/site-packages/airflow/example_dags/tutorial.py for tasks to queue
[2021-10-29 18:21:53,815] {logging_mixin.py:109} INFO - [2021-10-29 18:21:53,815] {dagbag.py:500} INFO - Filling up the DagBag from /home/airflow/.local/lib/python3.6/site-packages/airflow/example_dags/tutorial.py
[2021-10-29 18:21:53,839] {processor.py:632} INFO - DAG(s) dict_keys(['tutorial']) retrieved from /home/airflow/.local/lib/python3.6/site-packages/airflow/example_dags/tutorial.py
[2021-10-29 18:21:53,847] {logging_mixin.py:109} INFO - [2021-10-29 18:21:53,847] {dag.py:2389} INFO - Sync 1 DAGs
[2021-10-29 18:21:53,858] {logging_mixin.py:109} INFO - [2021-10-29 18:21:53,858] {dag.py:2914} INFO - Setting next_dagrun for tutorial to 2021-10-28T18:21:53.858687+00:00
[2021-10-29 18:21:53,866] {processor.py:171} INFO - Processing /home/airflow/.local/lib/python3.6/site-packages/airflow/example_dags/tutorial.py took 0.055 seconds
[2021-10-29 18:22:24,300] {processor.py:163} INFO - Started process (PID=694) to work on /home/airflow/.local/lib/python3.6/site-packages/airflow/example_dags/tutorial.py
[2021-10-29 18:22:24,301] {processor.py:620} INFO - Processing file /home/airflow/.local/lib/python3.6/site-packages/airflow/example_dags/tutorial.py for tasks to queue
[2021-10-29 18:22:24,302] {logging_mixin.py:109} INFO - [2021-10-29 18:22:24,302] {dagbag.py:500} INFO - Filling up the DagBag from /home/airflow/.local/lib/python3.6/site-packages/airflow/example_dags/tutorial.py
[2021-10-29 18:22:24,325] {processor.py:632} INFO - DAG(s) dict_keys(['tutorial']) retrieved from /home/airflow/.local/lib/python3.6/site-packages/airflow/example_dags/tutorial.py
[2021-10-29 18:22:24,333] {logging_mixin.py:109} INFO - [2021-10-29 18:22:24,333] {dag.py:2389} INFO - Sync 1 DAGs
[2021-10-29 18:22:24,349] {logging_mixin.py:109} INFO - [2021-10-29 18:22:24,349] {dag.py:2914} INFO - Setting next_dagrun for tutorial to 2021-10-28T18:22:24.349317+00:00
[2021-10-29 18:22:24,358] {processor.py:171} INFO - Processing /home/airflow/.local/lib/python3.6/site-packages/airflow/example_dags/tutorial.py took 0.060 seconds
