[2021-10-29 18:50:58,902] {taskinstance.py:1035} INFO - Dependencies all met for <TaskInstance: example_bash.task_example_id_1 scheduled__2021-10-29T18:01:00+00:00 [queued]>
[2021-10-29 18:50:58,920] {taskinstance.py:1035} INFO - Dependencies all met for <TaskInstance: example_bash.task_example_id_1 scheduled__2021-10-29T18:01:00+00:00 [queued]>
[2021-10-29 18:50:58,920] {taskinstance.py:1241} INFO - 
--------------------------------------------------------------------------------
[2021-10-29 18:50:58,920] {taskinstance.py:1242} INFO - Starting attempt 1 of 1
[2021-10-29 18:50:58,921] {taskinstance.py:1243} INFO - 
--------------------------------------------------------------------------------
[2021-10-29 18:50:58,934] {taskinstance.py:1262} INFO - Executing <Task(BashOperator): task_example_id_1> on 2021-10-29 18:01:00+00:00
[2021-10-29 18:50:58,940] {standard_task_runner.py:76} INFO - Running: ['***', 'tasks', 'run', 'example_bash', 'task_example_id_1', 'scheduled__2021-10-29T18:01:00+00:00', '--job-id', '1239', '--raw', '--subdir', 'DAGS_FOLDER/example_bash.py', '--cfg-path', '/tmp/tmpzl07liy2', '--error-file', '/tmp/tmpeynwsq12']
[2021-10-29 18:50:58,941] {standard_task_runner.py:77} INFO - Job 1239: Subtask task_example_id_1
[2021-10-29 18:50:58,938] {standard_task_runner.py:52} INFO - Started process 4060 to run task
[2021-10-29 18:50:58,974] {logging_mixin.py:109} INFO - Running <TaskInstance: example_bash.task_example_id_1 scheduled__2021-10-29T18:01:00+00:00 [running]> on host 85d7243ef68d
[2021-10-29 18:50:59,046] {taskinstance.py:1414} INFO - Exporting the following env vars:
AIRFLOW_CTX_DAG_OWNER=***
AIRFLOW_CTX_DAG_ID=example_bash
AIRFLOW_CTX_TASK_ID=task_example_id_1
AIRFLOW_CTX_EXECUTION_DATE=2021-10-29T18:01:00+00:00
AIRFLOW_CTX_DAG_RUN_ID=scheduled__2021-10-29T18:01:00+00:00
[2021-10-29 18:50:59,047] {subprocess.py:62} INFO - Tmp dir root location: 
 /tmp
[2021-10-29 18:50:59,047] {subprocess.py:74} INFO - Running command: ['bash', '-c', 'echo "This is a bash test bro"']
[2021-10-29 18:50:59,056] {subprocess.py:85} INFO - Output:
[2021-10-29 18:50:59,057] {subprocess.py:89} INFO - This is a bash test bro
[2021-10-29 18:50:59,057] {subprocess.py:93} INFO - Command exited with return code 0
[2021-10-29 18:50:59,084] {taskinstance.py:1280} INFO - Marking task as SUCCESS. dag_id=example_bash, task_id=task_example_id_1, execution_date=20211029T180100, start_date=20211029T185058, end_date=20211029T185059
[2021-10-29 18:50:59,114] {local_task_job.py:154} INFO - Task exited with return code 0
[2021-10-29 18:50:59,149] {local_task_job.py:264} INFO - 1 downstream tasks scheduled from follow-on schedule check
